wall_time monotonic algo rtt_ms rtt_var_ms cwnd mss pacing_mbps ssthresh bytes_acked bytes_sent bytes_received segs_out segs_in unacked retrans_total
2025-12-08T01:54:28.093559 538296.671980893 bbr 123.445 61.722 10 1460 2.700000 65535 1 37 0 3 1 1 0
2025-12-08T01:54:28.601510 538297.180275720 bbr 103.768 3.408 104 1460 14.500000 65535 135818 198597 0 140 96 43 0
2025-12-08T01:54:29.126193 538297.705002613 bbr 102.888 2.197 102 1460 5.070000 50 473078 534397 0 370 327 42 0
2025-12-08T01:54:29.681228 538298.259694353 bbr 101.361 0.658 104 1460 6.340000 50 798658 861437 0 594 550 43 0
2025-12-08T01:54:30.195878 538298.774344409 bbr 106.547 3.594 106 1460 6.340000 50 1119858 1184097 0 815 770 44 0
2025-12-08T01:54:30.737988 538299.316444268 bbr 101.139 0.272 108 1460 6.340000 50 1443978 1506757 0 1036 992 43 0
2025-12-08T01:54:31.247567 538299.825988823 bbr 101.284 1.010 106 1460 6.340000 50 1760798 1822117 0 1252 1209 42 0
2025-12-08T01:54:31.756820 538300.335350963 bbr 100.683 0.220 106 1460 6.330000 50 2086378 2150617 0 1477 1432 44 0
2025-12-08T01:54:32.276333 538300.854753065 bbr 101.168 0.492 106 1460 6.340000 50 2413418 2476197 0 1700 1656 43 0
2025-12-08T01:54:32.785369 538301.363801335 bbr 101.105 0.640 106 1460 6.340000 50 2737538 2800317 0 1922 1878 43 0
2025-12-08T01:54:33.306698 538301.885335027 bbr 101.571 1.156 106 1460 6.330000 50 3064578 3125897 0 2145 2102 42 0
2025-12-08T01:54:33.824027 538302.402447123 bbr 101.173 0.456 106 1460 6.330000 50 3377018 3439797 0 2360 2316 43 0
2025-12-08T01:54:34.337339 538302.915840154 bbr 102.706 3.383 104 1460 6.330000 50 3706978 3766837 0 2584 2542 41 0
2025-12-08T01:54:34.859806 538303.438238205 bbr 103.202 3.560 106 1460 6.340000 50 4025258 4088037 0 2804 2760 43 0
2025-12-08T01:54:35.375453 538303.953958990 bbr 102.314 2.263 106 1460 6.340000 50 4362518 4422377 0 3033 2991 41 0
2025-12-08T01:54:35.904810 538304.483280552 bbr 101.464 0.800 106 1460 6.330000 50 4683718 4746497 0 3255 3211 43 0
2025-12-08T01:54:36.426746 538305.005445356 bbr 101.220 0.337 106 1460 6.320000 50 5016598 5079377 0 3483 3439 43 0
2025-12-08T01:54:36.969753 538305.548174534 bbr 100.667 0.203 104 1460 6.340000 50 5346558 5409337 0 3709 3665 43 0
2025-12-08T01:54:37.481535 538306.060056712 bbr 101.170 0.364 112 1460 6.340000 50 5658998 5723237 0 3924 3879 44 0
2025-12-08T01:54:37.994616 538306.573064413 bbr 101.626 1.588 112 1460 6.330000 50 5972898 6037137 0 4139 4094 44 0
2025-12-08T01:54:38.510578 538307.089006066 bbr 102.233 1.328 108 1460 6.330000 50 6301398 6361257 0 4361 4319 41 0
2025-12-08T01:54:39.025720 538307.604145524 bbr 101.830 1.259 110 1460 6.330000 50 6619678 6682457 0 4581 4537 43 0
2025-12-08T01:54:39.543751 538308.122225600 bbr 100.639 0.436 108 1460 6.340000 50 6946718 7008037 0 4804 4761 42 0
2025-12-08T01:54:40.054042 538308.632459428 bbr 100.603 0.132 106 1460 6.340000 50 7267918 7332157 0 5026 4981 44 0
2025-12-08T01:54:40.569562 538309.147984253 bbr 101.995 1.539 108 1460 6.340000 50 7590578 7650437 0 5244 5202 41 0
2025-12-08T01:54:41.090271 538309.668706368 bbr 101.513 1.735 108 1460 6.330000 50 7919078 7976017 0 5467 5427 39 0
2025-12-08T01:54:41.610673 538310.189094738 bbr 103.277 2.216 106 1460 6.330000 50 8240278 8297217 0 5687 5647 39 0
2025-12-08T01:54:42.124334 538310.702765883 bbr 103.334 2.175 108 1460 6.330000 50 8562938 8621337 0 5909 5868 40 0
2025-12-08T01:54:42.641758 538311.220188509 bbr 101.872 1.843 108 1460 6.330000 50 8885598 8942537 0 6129 6089 39 0
2025-12-08T01:54:43.161653 538311.740062511 bbr 100.605 0.492 110 1460 6.340000 50 9200958 9265197 0 6350 6305 44 0
2025-12-08T01:54:43.669082 538312.247511257 bbr 102.473 1.386 108 1460 6.340000 50 9525078 9583477 0 6568 6527 40 0
2025-12-08T01:54:44.183269 538312.761698892 bbr 103.363 3.251 108 1460 6.340000 50 9844818 9906137 0 6789 6746 42 0
2025-12-08T01:54:44.699985 538313.278420944 bbr 101.071 0.298 108 1460 6.330000 50 10163098 10225877 0 7008 6964 43 0
2025-12-08T01:54:45.216472 538313.794988624 bbr 100.843 0.133 106 1460 6.330000 50 10485758 10549997 0 7230 7185 44 0
2025-12-08T01:54:45.744549 538314.322967075 bbr 102.241 2.337 112 1460 6.330000 50 10820098 10875577 0 7453 7414 38 0
2025-12-08T01:54:46.256093 538314.834507669 bbr 100.820 0.205 108 1460 6.330000 50 11133998 11198237 0 7674 7629 44 0
2025-12-08T01:54:46.780542 538315.358978593 bbr 103.800 4.517 4 1460 5.070000 50 11401178 11407017 0 7817 7812 4 0
2025-12-08T01:54:47.292919 538315.871516837 bbr 101.128 0.222 108 1460 6.340000 50 11633318 11696097 0 8015 7971 43 0
2025-12-08T01:54:47.818098 538316.396711624 bbr 100.680 0.238 108 1460 6.330000 50 11958898 12021677 0 8238 8194 43 0
2025-12-08T01:54:48.335074 538316.913501213 bbr 100.611 0.159 106 1460 6.340000 50 12278638 12341417 0 8457 8413 43 0
2025-12-08T01:54:48.855223 538317.433785246 bbr 100.701 0.171 104 1460 6.350000 50 12611518 12675757 0 8686 8641 44 0
2025-12-08T01:54:49.370729 538317.949288481 bbr 100.451 0.154 106 1460 6.350000 50 12932718 12996957 0 8906 8861 44 0
2025-12-08T01:54:49.882469 538318.460890029 bbr 100.608 0.236 106 1460 6.340000 50 13253918 13318157 0 9126 9081 44 0
2025-12-08T01:54:50.394127 538318.973589851 bbr 100.859 0.307 106 1460 6.340000 50 13580958 13642277 0 9348 9305 42 0
2025-12-08T01:54:50.911258 538319.490785140 bbr 100.560 0.094 106 1460 6.340000 50 13910918 13975157 0 9576 9531 44 0
2025-12-08T01:54:51.432369 538320.010840800 bbr 100.466 0.074 106 1460 6.340000 50 14235038 14296357 0 9796 9753 42 0
2025-12-08T01:54:51.943178 538320.521969479 bbr 100.946 0.306 108 1460 6.340000 50 14582518 14645297 0 10035 9991 43 0
2025-12-08T01:54:52.513057 538321.091877242 bbr 101.628 0.438 118 1460 6.340000 50 14959198 15020517 0 10292 10249 42 0
2025-12-08T01:54:53.147531 538321.726234206 bbr 101.367 0.701 108 1460 6.320000 50 15312518 15373837 0 10534 10491 42 0
2025-12-08T01:54:53.706990 538322.285473392 bbr 101.290 0.468 110 1460 6.340000 50 15659998 15721317 0 10772 10729 42 0
2025-12-08T01:54:54.268745 538322.847292119 bbr 103.434 4.513 110 1460 6.340000 50 15995798 16048357 0 10996 10959 36 0
2025-12-08T01:54:54.807086 538323.385533730 bbr 100.440 0.094 120 1460 6.330000 50 16276118 16337437 0 11194 11151 42 0
2025-12-08T01:54:55.327046 538323.905517137 bbr 100.792 0.113 106 1460 6.340000 50 16594398 16658637 0 11414 11369 44 0
2025-12-08T01:54:55.848430 538324.426852272 bbr 100.925 0.180 116 1460 6.340000 50 16898078 16962317 0 11622 11577 44 0
2025-12-08T01:54:56.364126 538324.942604373 bbr 101.427 1.060 116 1460 6.340000 50 17229498 17292277 0 11848 11804 43 0
2025-12-08T01:54:56.888762 538325.467214787 bbr 100.745 0.242 118 1460 6.340000 50 17534638 17598877 0 12058 12013 44 0
2025-12-08T01:54:57.577464 538326.155961652 bbr 100.993 0.382 118 1460 6.330000 50 17924458 17988697 0 12325 12280 44 0
2025-12-08T01:54:58.102829 538326.681363678 bbr 101.932 1.650 104 1460 6.340000 50 18257338 18318657 0 12551 12508 42 0
