wall_time monotonic algo rtt_ms rtt_var_ms cwnd mss pacing_mbps ssthresh bytes_acked bytes_sent bytes_received segs_out segs_in unacked retrans_total
2025-12-08T02:03:22.442984 538831.021470791 bbr 211.075 23.757 11 1460 1.500000 65535 16098 24857 0 21 14 6 0
2025-12-08T02:03:23.017759 538831.596266124 bbr 200.688 0.234 67 1460 3.930000 65535 81798 144577 0 103 59 43 0
2025-12-08T02:03:23.527307 538832.105751969 bbr 201.019 0.586 134 1460 7.330000 65535 245318 308097 0 215 171 43 0
2025-12-08T02:03:24.035353 538832.613802869 bbr 200.661 0.246 106 1460 2.540000 50 404458 464317 0 322 280 41 0
2025-12-08T02:03:24.543973 538833.122397944 bbr 200.640 0.088 106 1460 3.170000 50 560678 623457 0 431 387 43 0
2025-12-08T02:03:25.055493 538833.633940893 bbr 200.799 0.155 106 1460 3.170000 50 721278 784057 0 541 497 43 0
2025-12-08T02:03:25.568902 538834.147406379 bbr 200.913 0.131 102 1460 3.170000 50 881878 944657 0 651 607 43 0
2025-12-08T02:03:26.082148 538834.660595546 bbr 200.995 0.178 102 1460 3.170000 50 1042478 1106717 0 762 717 44 0
2025-12-08T02:03:26.594761 538835.173204011 bbr 200.760 0.194 102 1460 3.170000 50 1203078 1267317 0 872 827 44 0
2025-12-08T02:03:27.109024 538835.687474352 bbr 200.881 0.148 104 1460 3.170000 50 1363678 1427917 0 982 937 44 0
2025-12-08T02:03:27.627454 538836.205898453 bbr 200.843 0.220 104 1460 3.170000 50 1525738 1589977 0 1093 1048 44 0
2025-12-08T02:03:28.138882 538836.717458941 bbr 201.115 0.256 104 1460 3.170000 50 1686338 1749117 0 1202 1158 43 0
2025-12-08T02:03:28.654384 538837.232792386 bbr 200.642 0.179 104 1460 3.170000 50 1848398 1912637 0 1314 1269 44 0
2025-12-08T02:03:29.160498 538837.738999833 bbr 200.806 0.063 104 1460 3.170000 50 2010458 2074697 0 1425 1380 44 0
2025-12-08T02:03:29.673742 538838.252160183 bbr 200.534 0.238 104 1460 3.170000 50 2169598 2233837 0 1534 1489 44 0
2025-12-08T02:03:30.181761 538838.760193461 bbr 201.029 0.282 104 1460 3.170000 50 2331658 2395897 0 1645 1600 44 0
2025-12-08T02:03:30.696264 538839.274721550 bbr 200.760 0.112 104 1460 3.170000 50 2490798 2555037 0 1754 1709 44 0
2025-12-08T02:03:31.213740 538839.792205956 bbr 200.839 0.185 104 1460 3.170000 50 2654318 2718557 0 1866 1821 44 0
2025-12-08T02:03:31.732427 538840.310856840 bbr 201.080 0.504 104 1460 3.170000 50 2822218 2884997 0 1980 1936 43 0
2025-12-08T02:03:32.253295 538840.831911660 bbr 203.385 3.026 104 1460 3.170000 50 2981358 3044137 0 2089 2045 43 0
2025-12-08T02:03:32.779839 538841.358396286 bbr 200.489 0.114 104 1460 3.170000 50 3147798 3210577 0 2203 2159 43 0
2025-12-08T02:03:33.290233 538841.868664990 bbr 200.639 0.246 104 1460 3.170000 50 3305478 3369717 0 2312 2267 44 0
2025-12-08T02:03:33.799344 538842.377835838 bbr 204.071 5.827 102 1460 2.540000 50 3378478 3419357 0 2346 2317 28 0
2025-12-08T02:03:34.320344 538842.898807329 bbr 200.701 0.083 102 1460 2.540000 50 3515718 3579957 0 2456 2411 44 0
2025-12-08T02:03:34.836737 538843.415189962 bbr 201.125 0.188 104 1460 3.170000 50 3679238 3742017 0 2567 2523 43 0
2025-12-08T02:03:35.354665 538843.933175122 bbr 201.118 0.311 102 1460 3.170000 50 3839838 3904077 0 2678 2633 44 0
2025-12-08T02:03:35.874986 538844.453464690 bbr 203.043 2.768 104 1460 3.170000 50 4004818 4067597 0 2790 2746 43 0
2025-12-08T02:03:36.391900 538844.970348885 bbr 201.790 0.998 104 1460 3.170000 50 4169798 4234037 0 2904 2859 44 0
2025-12-08T02:03:36.911727 538845.490241691 bbr 201.432 1.202 104 1460 3.170000 50 4327478 4391717 0 3012 2967 44 0
2025-12-08T02:03:37.467248 538846.045805647 bbr 200.812 0.283 104 1460 3.170000 50 4509978 4572757 0 3136 3092 43 0
2025-12-08T02:03:37.980973 538846.559510852 bbr 201.620 0.832 104 1460 3.170000 50 4663278 4726057 0 3241 3197 43 0
2025-12-08T02:03:38.500618 538847.079769763 bbr 201.501 0.864 104 1460 3.170000 50 4832638 4896877 0 3358 3313 44 0
2025-12-08T02:03:39.045892 538847.624489479 bbr 231.104 7.755 111 1460 3.170000 50 5003458 5051637 0 3464 3430 33 0
2025-12-08T02:03:39.637164 538848.216080579 bbr 200.885 0.445 114 1460 3.170000 50 5169898 5234137 0 3589 3544 44 0
2025-12-08T02:03:40.164500 538848.742922928 bbr 201.388 0.384 114 1460 3.170000 50 5334878 5399117 0 3702 3657 44 0
2025-12-08T02:03:40.678738 538849.257153354 bbr 202.170 1.949 108 1460 3.170000 50 5492558 5555337 0 3809 3765 43 0
2025-12-08T02:03:41.192765 538849.771776529 bbr 201.202 0.559 108 1460 3.170000 50 5663378 5726157 0 3926 3882 43 0
2025-12-08T02:03:41.741825 538850.320248190 bbr 200.764 0.226 108 1460 3.170000 50 5823978 5886757 0 4036 3992 43 0
2025-12-08T02:03:42.253282 538850.831831288 bbr 201.250 0.770 108 1460 3.170000 50 5991878 6053197 0 4150 4107 42 0
2025-12-08T02:03:42.778806 538851.357222884 bbr 200.992 0.706 106 1460 3.170000 50 6149558 6213797 0 4260 4215 44 0
2025-12-08T02:03:43.299161 538851.877800592 bbr 202.116 1.437 106 1460 3.170000 50 6327678 6391917 0 4382 4337 44 0
2025-12-08T02:03:43.852194 538852.430675397 bbr 201.127 0.567 106 1460 3.170000 50 6485358 6548137 0 4489 4445 43 0
2025-12-08T02:03:44.363391 538852.941813984 bbr 200.878 0.537 106 1460 3.170000 50 6651798 6716037 0 4604 4559 44 0
2025-12-08T02:03:44.881192 538853.459818361 bbr 200.784 0.645 106 1460 3.170000 50 6815318 6879557 0 4716 4671 44 0
2025-12-08T02:03:45.425472 538854.003887972 bbr 200.606 0.115 106 1460 3.170000 50 6984678 7048917 0 4832 4787 44 0
2025-12-08T02:03:45.940958 538854.519514105 bbr 201.265 0.266 106 1460 3.170000 50 7143818 7208057 0 4941 4896 44 0
2025-12-08T02:03:46.462126 538855.040689933 bbr 201.142 0.756 106 1460 3.170000 50 7307338 7370117 0 5052 5008 43 0
2025-12-08T02:03:46.979833 538855.558260430 bbr 201.392 0.879 106 1460 3.170000 50 7472318 7533637 0 5164 5121 42 0
2025-12-08T02:03:47.492755 538856.071163058 bbr 201.844 1.202 106 1460 3.170000 50 7629998 7694237 0 5274 5229 44 0
2025-12-08T02:03:48.012254 538856.590667795 bbr 202.517 2.781 106 1460 3.170000 50 7789138 7851917 0 5382 5338 43 0
2025-12-08T02:03:48.520691 538857.099229777 bbr 202.751 1.053 106 1460 3.170000 50 7951198 8015437 0 5494 5449 44 0
2025-12-08T02:03:49.036253 538857.614664806 bbr 201.417 1.467 106 1460 3.170000 50 8111798 8173117 0 5602 5559 42 0
2025-12-08T02:03:49.544612 538858.123023640 bbr 200.492 0.273 106 1460 3.170000 50 8272398 8336637 0 5714 5669 44 0
2025-12-08T02:03:50.051728 538858.630147768 bbr 200.609 0.508 106 1460 3.170000 50 8428618 8491397 0 5820 5776 43 0
2025-12-08T02:03:50.557872 538859.136284932 bbr 200.529 0.046 106 1460 3.170000 50 8596518 8657837 0 5934 5891 42 0
2025-12-08T02:03:51.069983 538859.648504571 bbr 200.791 0.148 106 1460 3.170000 50 8749818 8812597 0 6040 5996 43 0
2025-12-08T02:03:51.579720 538860.158156946 bbr 202.428 1.175 106 1460 3.170000 50 8919178 8981957 0 6156 6112 43 0
2025-12-08T02:03:52.103348 538860.681775476 bbr 201.041 0.364 106 1460 3.170000 50 9075398 9139637 0 6264 6219 44 0
