wall_time monotonic algo rtt_ms rtt_var_ms cwnd mss pacing_mbps ssthresh bytes_acked bytes_sent bytes_received segs_out segs_in unacked retrans_total
2025-12-08T00:26:29.817774 533018.396200230 bbr 10.399 0.088 118 1460 61.800000 76 2038198 2102437 0 1443 1406 44 0
2025-12-08T00:26:30.326303 533018.904813922 bbr 10.943 0.241 126 1460 61.700000 76 4044238 4108477 0 2817 2781 44 0
2025-12-08T00:26:30.840294 533019.418978793 bbr 10.658 0.056 128 1460 61.800000 76 6654718 6718957 0 4605 4570 44 0
2025-12-08T00:26:31.351428 533019.930013619 bbr 10.528 0.032 122 1460 61.600000 76 7219738 7219737 0 4949 4964 0 0
2025-12-08T00:26:31.873520 533020.452198964 bbr 10.376 0.049 45 1460 22.000000 76 7600798 7603717 0 5212 5300 2 0
2025-12-08T00:26:32.393496 533020.972163274 bbr 11.043 0.295 66 1460 33.400000 76 8386278 8386277 0 5748 5967 0 0
2025-12-08T00:26:32.909722 533021.491363323 bbr 10.964 0.536 100 1460 51.500000 76 9516318 9573257 0 6561 6896 39 0
2025-12-08T00:26:33.444239 533022.022879773 bbr 10.650 0.282 114 1460 60.800000 76 11110638 11110637 0 7614 8193 0 0
2025-12-08T00:26:33.955128 533022.533632639 bbr 10.409 0.134 104 1460 53.800000 76 12655318 12694737 0 8699 9481 27 0
2025-12-08T00:26:34.467095 533023.045635721 bbr 10.400 0.060 114 1460 60.200000 76 14297818 14347457 0 9831 10852 34 0
2025-12-08T00:26:34.975124 533023.553579743 bbr 10.525 0.107 118 1460 62.600000 76 15928638 15968057 0 10941 12176 27 0
2025-12-08T00:26:35.546568 533024.291170064 bbr 15.851 2.838 134 1460 58.300000 76 17790138 17854377 0 12233 13628 44 0
2025-12-08T00:26:36.375097 533024.953512307 bbr 10.286 0.025 120 1460 61.800000 76 20207898 20250237 0 13874 15474 29 0
2025-12-08T00:26:36.883888 533025.462313865 bbr 10.593 0.116 128 1460 62.300000 76 22418338 22482577 0 15403 17180 44 0
2025-12-08T00:26:37.393771 533025.972261516 bbr 11.088 0.129 136 1460 62.100000 76 24754338 24818577 0 17003 18903 44 0
2025-12-08T00:26:37.907068 533026.485557258 bbr 10.449 0.101 136 1460 64.300000 76 27313718 27370657 0 18751 20816 39 0
2025-12-08T00:26:38.421567 533027.000054885 bbr 10.637 0.097 120 1460 62.500000 76 29909598 29972377 0 20533 22920 43 0
2025-12-08T00:26:38.947057 533027.525504787 bbr 16.430 1.474 136 1460 63.600000 76 32181358 32245597 0 22090 24550 44 0
2025-12-08T00:26:39.456702 533028.035432091 bbr 10.728 0.440 140 1460 63.000000 76 34667738 34726137 0 23789 26442 40 0
2025-12-08T00:26:39.976087 533028.554537692 bbr 10.606 0.094 116 1460 61.900000 76 37139518 37177477 0 25468 28249 26 0
2025-12-08T00:26:40.486337 533029.064761207 bbr 10.347 0.042 120 1460 62.200000 76 39497418 39561657 0 27101 30104 44 0
2025-12-08T00:26:40.996574 533029.574999513 bbr 10.341 0.031 120 1460 61.600000 76 42036358 42099137 0 28839 31962 43 0
2025-12-08T00:26:41.516505 533030.094953818 bbr 11.527 1.057 122 1460 60.700000 76 44626398 44643917 0 30582 33893 12 0
2025-12-08T00:26:42.051549 533030.630224242 bbr 10.557 0.059 130 1460 62.000000 76 47160958 47220817 0 32347 35751 41 0
2025-12-08T00:26:42.583790 533031.162207588 bbr 10.322 0.028 120 1460 62.000000 76 49574338 49607917 0 33982 37619 23 0
2025-12-08T00:26:43.091668 533031.670185711 bbr 10.887 0.311 120 1460 62.800000 76 52127878 52177517 0 35742 39561 34 0
2025-12-08T00:26:43.606764 533032.185203718 bbr 12.312 0.215 120 1460 61.600000 76 54255098 54313497 0 37205 41113 40 0
2025-12-08T00:26:44.125041 533032.703460778 bbr 10.440 0.061 120 1460 62.000000 76 56337058 56395457 0 38631 42557 40 0
2025-12-08T00:26:44.640464 533033.219420347 bbr 10.475 0.092 134 1460 63.400000 76 58930018 58986957 0 40406 44534 39 0
2025-12-08T00:26:45.172140 533033.750554212 bbr 10.698 0.072 118 1460 61.100000 76 61185718 61242657 0 41951 46160 39 0
2025-12-08T00:26:45.687002 533034.265454831 bbr 11.136 0.468 132 1460 61.500000 76 63812258 63864817 0 43747 48125 36 0
2025-12-08T00:26:46.200184 533034.778608726 bbr 10.552 0.173 120 1460 61.900000 76 66357038 66403757 0 45486 50041 32 0
2025-12-08T00:26:46.726480 533035.305268064 bbr 10.940 0.644 128 1460 60.900000 76 68871158 68912037 0 47204 51920 28 0
2025-12-08T00:26:47.275636 533035.854049035 bbr 10.617 0.156 4 1460 50.000000 76 70785218 70791057 0 48491 53240 4 0
2025-12-08T00:26:47.784906 533036.363396545 bbr 10.290 0.015 118 1460 62.300000 76 73398618 73440957 0 50306 55031 29 0
2025-12-08T00:26:48.296225 533036.874642535 bbr 10.453 0.176 120 1460 62.500000 76 75962378 76026617 0 52077 56972 44 0
2025-12-08T00:26:48.805665 533037.384073429 bbr 11.782 0.690 118 1460 62.800000 76 78548038 78580157 0 53826 59004 22 0
2025-12-08T00:26:49.313735 533037.892143378 bbr 10.394 0.070 116 1460 62.200000 76 80971638 81021277 0 55498 60776 34 0
2025-12-08T00:26:49.825811 533038.404499597 bbr 10.442 0.196 128 1460 63.200000 76 83465318 83516417 0 57207 62780 35 0
2025-12-08T00:26:50.334721 533038.913131872 bbr 10.567 0.052 120 1460 61.600000 76 85935638 85999877 0 58908 64610 44 0
2025-12-08T00:26:50.847371 533039.425790426 bbr 11.378 0.174 136 1460 59.000000 76 88055558 88119797 0 60360 66106 44 0
2025-12-08T00:26:51.443935 533040.022551165 bbr 10.445 0.070 120 1460 64.500000 76 91150758 91210617 0 62477 68273 41 0
2025-12-08T00:26:51.961949 533040.540448586 bbr 10.918 0.322 118 1460 61.800000 76 93549538 93612317 0 64122 70217 43 0
2025-12-08T00:26:52.478859 533041.057297389 bbr 10.520 0.110 118 1460 62.300000 76 95559958 95567257 0 65461 71671 5 0
2025-12-08T00:26:52.987181 533041.565606872 bbr 10.588 0.288 120 1460 62.000000 76 98003998 98068237 0 67174 73409 44 0
2025-12-08T00:26:53.497116 533042.076280033 bbr 10.505 0.035 116 1460 62.300000 76 100475778 100538557 0 68866 75211 43 0
2025-12-08T00:26:54.014544 533042.592982897 bbr 11.799 0.351 120 1460 62.600000 76 102893538 102916897 0 70495 77138 16 0
2025-12-08T00:26:54.535710 533043.114297734 bbr 10.318 0.021 120 1460 62.100000 76 104893738 104957977 0 71893 78519 44 0
2025-12-08T00:26:55.047370 533043.625809421 bbr 10.834 0.296 124 1460 62.200000 76 107511518 107574297 0 73685 80463 43 0
2025-12-08T00:26:55.558383 533044.136799220 bbr 11.256 0.404 118 1460 63.400000 76 110111778 110176017 0 75467 82358 44 0
2025-12-08T00:26:56.077564 533044.655993897 bbr 11.499 0.430 118 1460 62.900000 76 112691598 112726637 0 77214 84444 24 0
2025-12-08T00:26:56.589100 533045.167515814 bbr 10.798 0.341 118 1460 63.700000 76 115300618 115338577 0 79003 86293 26 0
2025-12-08T00:26:57.098869 533045.677299713 bbr 10.987 0.514 118 1460 61.500000 76 117857078 117895037 0 80754 88346 26 0
2025-12-08T00:26:57.612272 533046.190739408 bbr 10.348 0.041 116 1460 63.000000 76 120439818 120480697 0 82525 90244 28 0
2025-12-08T00:26:58.120591 533046.699033747 bbr 10.500 0.178 122 1460 64.700000 76 122999198 123048837 0 84284 92284 34 0
2025-12-08T00:26:58.633192 533047.211609777 bbr 10.586 0.176 138 1460 60.400000 76 124558478 124622717 0 85362 93479 44 0
2025-12-08T00:26:59.141913 533047.720393944 bbr 10.410 0.095 136 1460 59.200000 76 127120778 127174797 0 87110 95234 37 0
