wall_time monotonic algo rtt_ms rtt_var_ms cwnd mss pacing_mbps ssthresh bytes_acked bytes_sent bytes_received segs_out segs_in unacked retrans_total
2025-12-08T01:18:59.187432 536167.765891202 bbr 122.008 61.004 10 1460 2.740000 65535 1 37 0 3 1 1 0
2025-12-08T01:18:59.695514 536168.273997619 bbr 100.995 0.509 99 1460 14.200000 65535 128518 191297 0 134 90 43 0
2025-12-08T01:19:00.210923 536168.789481799 bbr 101.021 1.115 110 1460 6.330000 50 430738 493517 0 341 297 43 0
2025-12-08T01:19:00.726682 536169.305148808 bbr 100.427 0.133 102 1460 6.340000 50 753398 816177 0 562 518 43 0
2025-12-08T01:19:01.236248 536169.814723986 bbr 100.635 0.269 110 1460 6.340000 50 1068758 1130077 0 777 734 42 0
2025-12-08T01:19:01.747581 536170.326020127 bbr 100.726 0.060 108 1460 6.330000 50 1389958 1451277 0 997 954 42 0
2025-12-08T01:19:02.257867 536170.836305539 bbr 100.473 0.038 106 1460 6.340000 50 1708238 1772477 0 1217 1172 44 0
2025-12-08T01:19:02.767943 536171.346383247 bbr 101.846 1.783 106 1460 6.340000 50 2030898 2092217 0 1436 1393 42 0
2025-12-08T01:19:03.289745 536171.868291833 bbr 102.542 1.946 106 1460 6.340000 50 2355018 2416337 0 1658 1615 42 0
2025-12-08T01:19:03.799679 536172.378293667 bbr 100.941 0.462 108 1460 6.340000 50 2676218 2738997 0 1879 1835 43 0
2025-12-08T01:19:04.327157 536172.907413060 bbr 100.877 0.362 108 1460 6.340000 50 3004718 3066037 0 2103 2060 42 0
2025-12-08T01:19:04.856112 536173.434595910 bbr 100.896 0.480 106 1460 6.340000 50 3328838 3393077 0 2327 2282 44 0
2025-12-08T01:19:05.370443 536173.949160606 bbr 169.488 19.044 35 1460 5.070000 50 3517178 3584337 0 2458 2447 44 2920
2025-12-08T01:19:05.942138 536174.520789030 bbr 100.607 0.193 110 1460 6.330000 50 3784358 3850057 0 2640 2594 43 2920
2025-12-08T01:19:06.467515 536175.045959505 bbr 100.623 0.114 106 1460 6.330000 50 4104098 4171257 0 2860 2813 44 2920
2025-12-08T01:19:06.980324 536175.558890109 bbr 100.664 0.449 106 1460 6.340000 50 4426758 4492457 0 3080 3034 43 2920
2025-12-08T01:19:07.488863 536176.067313973 bbr 100.591 0.127 108 1460 6.340000 50 4745038 4812197 0 3299 3252 44 2920
2025-12-08T01:19:08.004012 536176.582440240 bbr 100.434 0.070 108 1460 6.340000 50 5066238 5133397 0 3519 3472 44 2920
2025-12-08T01:19:08.514041 536177.092711898 bbr 100.936 0.359 108 1460 6.340000 50 5393278 5460437 0 3743 3696 44 2920
2025-12-08T01:19:09.044066 536177.624307696 bbr 103.214 3.195 108 1460 6.330000 50 5718858 5786017 0 3966 3919 44 2920
2025-12-08T01:19:09.559769 536178.138310776 bbr 100.602 0.157 110 1460 6.330000 50 6041518 6108677 0 4187 4140 44 2920
2025-12-08T01:19:10.074470 536178.652905177 bbr 100.627 0.072 110 1460 6.330000 50 6367098 6434257 0 4410 4363 44 2920
2025-12-08T01:19:10.591283 536179.169711699 bbr 100.463 0.131 110 1460 6.330000 50 6680998 6748157 0 4625 4578 44 2920
2025-12-08T01:19:11.098865 536179.677382744 bbr 100.592 0.030 110 1460 6.330000 50 7002198 7069357 0 4845 4798 44 2920
2025-12-08T01:19:11.609854 536180.188286679 bbr 100.720 0.496 112 1460 6.330000 50 7317558 7383257 0 5060 5014 43 2920
2025-12-08T01:19:12.124027 536180.702489337 bbr 100.888 0.086 112 1460 6.330000 50 7629998 7697157 0 5275 5228 44 2920
2025-12-08T01:19:12.636344 536181.214772993 bbr 100.674 0.037 112 1460 6.330000 50 7943898 8011057 0 5490 5443 44 2920
2025-12-08T01:19:13.149567 536181.727991380 bbr 104.751 1.966 4 1460 5.060000 50 8268018 8304517 0 5691 5665 23 2920
2025-12-08T01:19:13.657862 536182.236293535 bbr 100.962 0.762 108 1460 6.330000 50 8422778 8488477 0 5817 5771 43 2920
2025-12-08T01:19:14.167271 536182.745689042 bbr 100.422 0.069 106 1460 6.330000 50 8742518 8806757 0 6035 5990 42 2920
2025-12-08T01:19:14.675289 536183.253713452 bbr 100.989 0.933 106 1460 6.330000 50 9060798 9122117 0 6251 6208 40 2920
2025-12-08T01:19:15.184888 536183.763386495 bbr 102.168 1.716 110 1460 6.330000 50 9376158 9440397 0 6469 6424 42 2920
2025-12-08T01:19:15.695296 536184.273727648 bbr 102.455 2.044 110 1460 6.330000 50 9694438 9757217 0 6686 6642 41 2920
2025-12-08T01:19:16.205721 536184.784145466 bbr 103.521 2.936 108 1460 6.330000 50 10012718 10071117 0 6901 6860 38 2920
2025-12-08T01:19:16.718636 536185.297050023 bbr 106.576 2.693 110 1460 6.340000 50 10328078 10387937 0 7118 7076 39 2920
2025-12-08T01:19:17.241928 536185.820350947 bbr 102.789 1.953 112 1460 6.340000 50 10649278 10713517 0 7341 7296 42 2920
2025-12-08T01:19:17.755220 536186.333638913 bbr 107.201 2.765 108 1460 6.340000 50 10970478 11031797 0 7559 7516 40 2920
2025-12-08T01:19:18.286154 536186.864840046 bbr 101.184 0.971 112 1460 6.340000 50 11285838 11351537 0 7778 7732 43 2920
2025-12-08T01:19:18.801279 536187.379707229 bbr 100.724 0.054 110 1460 6.340000 50 11602658 11669817 0 7996 7949 44 2920
2025-12-08T01:19:19.325553 536187.903982756 bbr 102.280 2.835 110 1460 6.320000 50 11929698 11995397 0 8219 8173 43 2920
2025-12-08T01:19:19.843669 536188.422090537 bbr 100.807 0.234 108 1460 6.330000 50 12250898 12316597 0 8439 8393 43 2920
2025-12-08T01:19:20.351502 536188.929920739 bbr 100.908 0.587 106 1460 6.330000 50 12572098 12637797 0 8659 8613 43 2920
2025-12-08T01:19:20.862745 536189.441244328 bbr 105.179 3.356 108 1460 6.330000 50 12865558 12932717 0 8861 8814 44 2920
2025-12-08T01:19:21.442688 536190.021155152 bbr 100.593 0.178 116 1460 6.330000 50 13198438 13265597 0 9089 9042 44 2920
2025-12-08T01:19:21.958008 536190.536432241 bbr 100.816 0.407 104 1460 6.340000 50 13522558 13589717 0 9311 9264 44 2920
2025-12-08T01:19:22.470138 536191.048577602 bbr 100.682 0.174 106 1460 6.340000 50 13846678 13912377 0 9532 9486 43 2920
2025-12-08T01:19:22.987243 536191.565786983 bbr 100.978 0.525 110 1460 6.340000 50 14170798 14236497 0 9754 9708 43 2920
2025-12-08T01:19:23.507624 536192.086052133 bbr 100.875 0.209 108 1460 6.340000 50 14486158 14551857 0 9970 9924 43 2920
2025-12-08T01:19:24.018860 536192.597275805 bbr 101.097 0.670 106 1460 6.340000 50 14808818 14875977 0 10192 10145 44 2920
2025-12-08T01:19:24.531180 536193.109675744 bbr 101.520 1.415 104 1460 6.330000 50 15132938 15200097 0 10414 10367 44 2920
2025-12-08T01:19:25.050107 536193.628720127 bbr 101.304 1.426 103 1460 6.330000 50 15462898 15525677 0 10637 10593 41 2920
2025-12-08T01:19:25.566707 536194.145131148 bbr 101.652 1.525 108 1460 6.330000 50 15779718 15845417 0 10856 10810 43 2920
2025-12-08T01:19:26.077869 536194.656287237 bbr 100.800 0.122 108 1460 6.330000 50 16100918 16166617 0 11076 11030 43 2920
2025-12-08T01:19:26.588621 536195.167057500 bbr 100.641 0.073 106 1460 6.330000 50 16422118 16489277 0 11297 11250 44 2920
2025-12-08T01:19:27.102424 536195.680837825 bbr 100.607 0.063 106 1460 6.330000 50 16738938 16806097 0 11514 11467 44 2920
2025-12-08T01:19:27.612137 536196.190556193 bbr 100.619 0.081 108 1460 6.330000 50 17058678 17125837 0 11733 11686 44 2920
2025-12-08T01:19:28.121960 536196.700384100 bbr 100.721 0.056 108 1460 6.340000 50 17376958 17444117 0 11951 11904 44 2920
2025-12-08T01:19:28.637029 536197.215453481 bbr 100.673 0.089 108 1460 6.340000 50 17698158 17765317 0 12171 12124 44 2920
2025-12-08T01:19:29.148461 536197.726906895 bbr 100.709 0.156 104 1460 6.330000 50 18019358 18086517 0 12391 12344 44 2920
