wall_time monotonic algo rtt_ms rtt_var_ms cwnd mss pacing_mbps ssthresh bytes_acked bytes_sent bytes_received segs_out segs_in unacked retrans_total
2025-12-08T02:19:50.771833 539819.350350327 cubic 200.745 0.063 88 1460 10.200000 65535 9606838 9606837 1 6594 6592 0 0
2025-12-08T02:19:50.771833 539819.350350327 cubic 201.412 0.035 88 1460 10.200000 65535 9609758 9609757 1 6591 6590 0 0
2025-12-08T02:19:50.771833 539819.350350327 cubic 200.688 0.028 88 1460 6.150000 88 9606838 9606837 1 6594 6593 0 0
2025-12-08T02:19:50.771833 539819.350350327 cubic 201.120 0.168 88 1460 10.200000 65535 9564498 9564497 1 6564 6562 0 0
2025-12-08T02:19:51.278442 539819.856871294 cubic 200.745 0.063 88 1460 10.200000 65535 9606838 9606837 1 6594 6592 0 0
2025-12-08T02:19:51.278442 539819.856871294 cubic 201.412 0.035 88 1460 10.200000 65535 9609758 9609757 1 6591 6590 0 0
2025-12-08T02:19:51.278442 539819.856871294 cubic 200.688 0.028 88 1460 6.150000 88 9606838 9606837 1 6594 6593 0 0
2025-12-08T02:19:51.278442 539819.856871294 cubic 219.534 88.780 10 1460 1.060000 65535 38 41 1 7 5 1 0
2025-12-08T02:19:51.278442 539819.856871294 cubic 201.120 0.168 88 1460 10.200000 65535 9564498 9564497 1 6564 6562 0 0
2025-12-08T02:19:51.786127 539820.364630171 cubic 200.745 0.063 88 1460 10.200000 65535 9606838 9606837 1 6594 6592 0 0
2025-12-08T02:19:51.786127 539820.364630171 cubic 201.412 0.035 88 1460 10.200000 65535 9609758 9609757 1 6592 6591 0 0
2025-12-08T02:19:51.786127 539820.364630171 cubic 200.688 0.028 88 1460 6.150000 88 9606838 9606837 1 6594 6593 0 0
2025-12-08T02:19:51.786127 539820.364630171 cubic 215.067 57.668 10 1460 1.090000 65535 163 162 2 11 10 0 0
2025-12-08T02:19:51.786127 539820.364630171 cubic 201.120 0.168 88 1460 10.200000 65535 9564498 9564497 1 6564 6562 0 0
2025-12-08T02:19:52.296602 539820.875027076 cubic 200.745 0.063 88 1460 10.200000 65535 9606838 9606837 1 6594 6592 0 0
2025-12-08T02:19:52.296602 539820.875027076 cubic 201.412 0.035 88 1460 10.200000 65535 9609758 9609757 1 6592 6591 0 0
2025-12-08T02:19:52.296602 539820.875027076 cubic 206.274 11.961 20 1460 2.260000 65535 14638 43837 0 34 13 20 0
2025-12-08T02:19:52.296602 539820.875027076 cubic 200.688 0.028 88 1460 6.150000 88 9606838 9606837 1 6594 6593 0 0
2025-12-08T02:19:52.296602 539820.875027076 cubic 215.067 57.668 10 1460 1.090000 65535 163 162 4 14 13 0 0
2025-12-08T02:19:52.296602 539820.875027076 cubic 201.120 0.168 88 1460 10.200000 65535 9564498 9564497 1 6564 6562 0 0
2025-12-08T02:19:52.807414 539821.385845393 cubic 200.745 0.063 88 1460 10.200000 65535 9606838 9606837 1 6595 6593 0 0
2025-12-08T02:19:52.807414 539821.385845393 cubic 201.412 0.035 88 1460 10.200000 65535 9609758 9609757 1 6592 6591 0 0
2025-12-08T02:19:52.807414 539821.385845393 cubic 204.650 1.042 80 1460 9.130000 65535 102238 166477 0 118 73 44 0
2025-12-08T02:19:52.807414 539821.385845393 cubic 200.688 0.028 88 1460 6.150000 88 9606838 9606837 1 6594 6593 0 0
2025-12-08T02:19:52.807414 539821.385845393 cubic 215.067 57.668 10 1460 1.090000 65535 163 162 4 14 13 0 0
2025-12-08T02:19:52.807414 539821.385845393 cubic 201.120 0.168 88 1460 10.200000 65535 9564498 9564497 1 6564 6562 0 0
2025-12-08T02:19:53.317347 539821.895769460 cubic 200.745 0.063 88 1460 10.200000 65535 9606838 9606837 1 6595 6593 0 0
2025-12-08T02:19:53.317347 539821.895769460 cubic 201.412 0.035 88 1460 10.200000 65535 9609758 9609757 1 6592 6591 0 0
2025-12-08T02:19:53.317347 539821.895769460 cubic 204.718 3.885 88 1460 10.000000 65535 294958 359197 0 250 205 44 0
2025-12-08T02:19:53.317347 539821.895769460 cubic 200.688 0.028 88 1460 6.150000 88 9606838 9606837 1 6594 6593 0 0
2025-12-08T02:19:53.317347 539821.895769460 cubic 215.067 57.668 10 1460 1.090000 65535 163 162 4 14 13 0 0
2025-12-08T02:19:53.317347 539821.895769460 cubic 201.120 0.168 88 1460 10.200000 65535 9564498 9564497 1 6564 6562 0 0
2025-12-08T02:19:53.828119 539822.406581147 cubic 200.745 0.063 88 1460 10.200000 65535 9606838 9606837 1 6595 6593 0 0
2025-12-08T02:19:53.828119 539822.406581147 cubic 201.412 0.035 88 1460 10.200000 65535 9609758 9609757 1 6592 6591 0 0
2025-12-08T02:19:53.828119 539822.406581147 cubic 200.788 0.386 88 1460 10.200000 65535 423438 487677 0 338 293 44 0
2025-12-08T02:19:53.828119 539822.406581147 cubic 200.688 0.028 88 1460 6.150000 88 9606838 9606837 1 6594 6593 0 0
2025-12-08T02:19:53.828119 539822.406581147 cubic 215.067 57.668 10 1460 1.090000 65535 163 162 4 14 13 0 0
2025-12-08T02:19:53.828119 539822.406581147 cubic 201.120 0.168 88 1460 10.200000 65535 9564498 9564497 1 6564 6562 0 0
2025-12-08T02:19:54.342274 539822.920706483 cubic 200.745 0.063 88 1460 10.200000 65535 9606838 9606837 1 6595 6593 0 0
2025-12-08T02:19:54.342274 539822.920706483 cubic 201.412 0.035 88 1460 10.200000 65535 9609758 9609757 1 6592 6591 0 0
2025-12-08T02:19:54.342274 539822.920706483 cubic 200.646 0.265 88 1460 10.200000 65535 616158 680397 0 470 425 44 0
2025-12-08T02:19:54.342274 539822.920706483 cubic 200.688 0.028 88 1460 6.150000 88 9606838 9606837 1 6594 6593 0 0
2025-12-08T02:19:54.342274 539822.920706483 cubic 215.067 57.668 10 1460 1.090000 65535 163 162 4 14 13 0 0
2025-12-08T02:19:54.342274 539822.920706483 cubic 201.120 0.168 88 1460 10.200000 65535 9564498 9564497 1 6564 6562 0 0
2025-12-08T02:19:54.854838 539823.433314532 cubic 200.745 0.063 88 1460 10.200000 65535 9606838 9606837 1 6595 6593 0 0
2025-12-08T02:19:54.854838 539823.433314532 cubic 201.412 0.035 88 1460 10.200000 65535 9609758 9609757 1 6592 6591 0 0
2025-12-08T02:19:54.854838 539823.433314532 cubic 200.928 0.033 88 1460 10.200000 65535 744638 808877 0 558 513 44 0
2025-12-08T02:19:54.854838 539823.433314532 cubic 200.688 0.028 88 1460 6.150000 88 9606838 9606837 1 6594 6593 0 0
2025-12-08T02:19:54.854838 539823.433314532 cubic 215.067 57.668 10 1460 1.090000 65535 163 162 4 14 13 0 0
2025-12-08T02:19:54.854838 539823.433314532 cubic 201.120 0.168 88 1460 10.200000 65535 9564498 9564497 1 6564 6562 0 0
2025-12-08T02:19:55.362065 539823.940475390 cubic 200.745 0.063 88 1460 10.200000 65535 9606838 9606837 1 6595 6593 0 0
2025-12-08T02:19:55.362065 539823.940475390 cubic 201.412 0.035 88 1460 10.200000 65535 9609758 9609757 1 6593 6592 0 0
2025-12-08T02:19:55.362065 539823.940475390 cubic 201.160 0.086 88 1460 10.200000 65535 937358 1001597 0 690 645 44 0
2025-12-08T02:19:55.362065 539823.940475390 cubic 200.688 0.028 88 1460 6.150000 88 9606838 9606837 1 6594 6593 0 0
2025-12-08T02:19:55.362065 539823.940475390 cubic 215.067 57.668 10 1460 1.090000 65535 163 162 4 14 13 0 0
2025-12-08T02:19:55.362065 539823.940475390 cubic 201.120 0.168 88 1460 10.200000 65535 9564498 9564497 1 6564 6562 0 0
2025-12-08T02:19:55.868552 539824.446978623 cubic 200.745 0.063 88 1460 10.200000 65535 9606838 9606837 1 6595 6593 0 0
2025-12-08T02:19:55.868552 539824.446978623 cubic 201.412 0.035 88 1460 10.200000 65535 9609758 9609757 1 6593 6592 0 0
2025-12-08T02:19:55.868552 539824.446978623 cubic 200.903 0.139 88 1460 10.200000 65535 1077518 1141757 0 786 741 44 0
2025-12-08T02:19:55.868552 539824.446978623 cubic 200.688 0.028 88 1460 6.150000 88 9606838 9606837 1 6594 6593 0 0
2025-12-08T02:19:55.868552 539824.446978623 cubic 215.067 57.668 10 1460 1.090000 65535 163 162 4 14 13 0 0
2025-12-08T02:19:55.868552 539824.446978623 cubic 201.120 0.168 88 1460 10.200000 65535 9564498 9564497 1 6564 6562 0 0
2025-12-08T02:19:56.378819 539824.957247838 cubic 200.745 0.063 88 1460 10.200000 65535 9606838 9606837 1 6595 6593 0 0
2025-12-08T02:19:56.378819 539824.957247838 cubic 201.412 0.035 88 1460 10.200000 65535 9609758 9609757 1 6593 6592 0 0
2025-12-08T02:19:56.378819 539824.957247838 cubic 201.594 0.345 88 1460 10.200000 65535 1258558 1322797 0 910 865 44 0
2025-12-08T02:19:56.378819 539824.957247838 cubic 200.688 0.028 88 1460 6.150000 88 9606838 9606837 1 6594 6593 0 0
2025-12-08T02:19:56.378819 539824.957247838 cubic 215.067 57.668 10 1460 1.090000 65535 163 162 4 14 13 0 0
2025-12-08T02:19:56.378819 539824.957247838 cubic 201.120 0.168 88 1460 10.200000 65535 9564498 9564497 1 6564 6562 0 0
2025-12-08T02:19:56.890396 539825.468830587 cubic 200.745 0.063 88 1460 10.200000 65535 9606838 9606837 1 6595 6593 0 0
2025-12-08T02:19:56.890396 539825.468830587 cubic 201.412 0.035 88 1460 10.200000 65535 9609758 9609757 1 6593 6592 0 0
2025-12-08T02:19:56.890396 539825.468830587 cubic 203.691 0.527 88 1460 10.100000 65535 1451278 1515517 0 1042 997 44 0
2025-12-08T02:19:56.890396 539825.468830587 cubic 200.688 0.028 88 1460 6.150000 88 9606838 9606837 1 6594 6593 0 0
2025-12-08T02:19:56.890396 539825.468830587 cubic 215.067 57.668 10 1460 1.090000 65535 163 162 4 14 13 0 0
2025-12-08T02:19:56.890396 539825.468830587 cubic 201.120 0.168 88 1460 10.200000 65535 9564498 9564497 1 6564 6562 0 0
2025-12-08T02:19:57.403490 539825.981916868 cubic 200.745 0.063 88 1460 10.200000 65535 9606838 9606837 1 6595 6593 0 0
2025-12-08T02:19:57.403490 539825.981916868 cubic 201.412 0.035 88 1460 10.200000 65535 9609758 9609757 1 6593 6592 0 0
2025-12-08T02:19:57.403490 539825.981916868 cubic 201.649 0.345 88 1460 10.200000 65535 1579758 1643997 0 1130 1085 44 0
2025-12-08T02:19:57.403490 539825.981916868 cubic 200.688 0.028 88 1460 6.150000 88 9606838 9606837 1 6594 6593 0 0
2025-12-08T02:19:57.403490 539825.981916868 cubic 215.067 57.668 10 1460 1.090000 65535 163 162 4 14 13 0 0
2025-12-08T02:19:57.403490 539825.981916868 cubic 201.120 0.168 88 1460 10.200000 65535 9564498 9564497 1 6564 6562 0 0
2025-12-08T02:19:57.917712 539826.496138602 cubic 200.745 0.063 88 1460 10.200000 65535 9606838 9606837 1 6595 6593 0 0
2025-12-08T02:19:57.917712 539826.496138602 cubic 201.412 0.035 88 1460 10.200000 65535 9609758 9609757 1 6593 6592 0 0
2025-12-08T02:19:57.917712 539826.496138602 cubic 201.385 0.329 88 1460 10.200000 65535 1772478 1836717 0 1262 1217 44 0
2025-12-08T02:19:57.917712 539826.496138602 cubic 200.688 0.028 88 1460 6.150000 88 9606838 9606837 1 6594 6593 0 0
2025-12-08T02:19:57.917712 539826.496138602 cubic 215.067 57.668 10 1460 1.090000 65535 163 162 4 14 13 0 0
2025-12-08T02:19:57.917712 539826.496138602 cubic 201.120 0.168 88 1460 10.200000 65535 9564498 9564497 1 6564 6562 0 0
2025-12-08T02:19:58.430457 539827.008879086 cubic 200.745 0.063 88 1460 10.200000 65535 9606838 9606837 1 6595 6593 0 0
2025-12-08T02:19:58.430457 539827.008879086 cubic 201.412 0.035 88 1460 10.200000 65535 9609758 9609757 1 6593 6592 0 0
2025-12-08T02:19:58.430457 539827.008879086 cubic 201.163 0.201 88 1460 10.200000 65535 1900958 1965197 0 1350 1305 44 0
2025-12-08T02:19:58.430457 539827.008879086 cubic 200.688 0.028 88 1460 6.150000 88 9606838 9606837 1 6594 6593 0 0
2025-12-08T02:19:58.430457 539827.008879086 cubic 215.067 57.668 10 1460 1.090000 65535 163 162 4 14 13 0 0
2025-12-08T02:19:58.430457 539827.008879086 cubic 201.120 0.168 88 1460 10.200000 65535 9564498 9564497 1 6564 6562 0 0
2025-12-08T02:19:58.949313 539827.527737629 cubic 200.745 0.063 88 1460 10.200000 65535 9606838 9606837 1 6595 6593 0 0
2025-12-08T02:19:58.949313 539827.527737629 cubic 201.412 0.035 88 1460 10.200000 65535 9609758 9609757 1 6593 6592 0 0
2025-12-08T02:19:58.949313 539827.527737629 cubic 200.621 0.270 88 1460 10.200000 65535 2093678 2157917 0 1482 1437 44 0
2025-12-08T02:19:58.949313 539827.527737629 cubic 200.688 0.028 88 1460 6.150000 88 9606838 9606837 1 6594 6593 0 0
2025-12-08T02:19:58.949313 539827.527737629 cubic 215.067 57.668 10 1460 1.090000 65535 163 162 4 14 13 0 0
2025-12-08T02:19:58.949313 539827.527737629 cubic 201.120 0.168 88 1460 10.200000 65535 9564498 9564497 1 6564 6562 0 0
2025-12-08T02:19:59.473105 539828.051516314 cubic 200.745 0.063 88 1460 10.200000 65535 9606838 9606837 1 6595 6593 0 0
2025-12-08T02:19:59.473105 539828.051516314 cubic 201.412 0.035 88 1460 10.200000 65535 9609758 9609757 1 6593 6592 0 0
2025-12-08T02:19:59.473105 539828.051516314 cubic 201.061 0.148 88 1460 10.200000 65535 2222158 2286397 0 1570 1525 44 0
2025-12-08T02:19:59.473105 539828.051516314 cubic 200.688 0.028 88 1460 6.150000 88 9606838 9606837 1 6594 6593 0 0
2025-12-08T02:19:59.473105 539828.051516314 cubic 215.067 57.668 10 1460 1.090000 65535 163 162 4 14 13 0 0
2025-12-08T02:19:59.473105 539828.051516314 cubic 201.120 0.168 88 1460 10.200000 65535 9564498 9564497 1 6564 6562 0 0
2025-12-08T02:19:59.988282 539828.566711408 cubic 200.745 0.063 88 1460 10.200000 65535 9606838 9606837 1 6595 6593 0 0
2025-12-08T02:19:59.988282 539828.566711408 cubic 201.412 0.035 88 1460 10.200000 65535 9609758 9609757 1 6593 6592 0 0
2025-12-08T02:19:59.988282 539828.566711408 cubic 202.386 0.101 88 1460 10.200000 65535 2414878 2479117 0 1702 1657 44 0
2025-12-08T02:19:59.988282 539828.566711408 cubic 200.688 0.028 88 1460 6.150000 88 9606838 9606837 1 6594 6593 0 0
2025-12-08T02:19:59.988282 539828.566711408 cubic 215.067 57.668 10 1460 1.090000 65535 163 162 4 14 13 0 0
2025-12-08T02:19:59.988282 539828.566711408 cubic 201.120 0.168 88 1460 10.200000 65535 9564498 9564497 1 6564 6562 0 0
2025-12-08T02:20:00.517636 539829.096246814 cubic 200.745 0.063 88 1460 10.200000 65535 9606838 9606837 1 6595 6593 0 0
2025-12-08T02:20:00.517636 539829.096246814 cubic 201.412 0.035 88 1460 10.200000 65535 9609758 9609757 1 6593 6592 0 0
2025-12-08T02:20:00.517636 539829.096246814 cubic 200.412 0.143 88 1460 10.300000 65535 2587158 2651397 0 1820 1775 44 0
2025-12-08T02:20:00.517636 539829.096246814 cubic 200.688 0.028 88 1460 6.150000 88 9606838 9606837 1 6594 6593 0 0
2025-12-08T02:20:00.517636 539829.096246814 cubic 215.067 57.668 10 1460 1.090000 65535 163 162 4 14 13 0 0
2025-12-08T02:20:00.517636 539829.096246814 cubic 201.120 0.168 88 1460 10.200000 65535 9564498 9564497 1 6564 6562 0 0
2025-12-08T02:20:01.028839 539829.607253209 cubic 200.745 0.063 88 1460 10.200000 65535 9606838 9606837 1 6595 6593 0 0
2025-12-08T02:20:01.028839 539829.607253209 cubic 201.412 0.035 88 1460 10.200000 65535 9609758 9609757 1 6593 6592 0 0
2025-12-08T02:20:01.028839 539829.607253209 cubic 201.215 0.246 88 1460 10.200000 65535 2736078 2800317 0 1922 1877 44 0
2025-12-08T02:20:01.028839 539829.607253209 cubic 200.688 0.028 88 1460 6.150000 88 9606838 9606837 1 6594 6593 0 0
2025-12-08T02:20:01.028839 539829.607253209 cubic 215.067 57.668 10 1460 1.090000 65535 163 162 4 14 13 0 0
2025-12-08T02:20:01.028839 539829.607253209 cubic 201.120 0.168 88 1460 10.200000 65535 9564498 9564497 1 6564 6562 0 0
2025-12-08T02:20:01.538019 539830.116440481 cubic 200.745 0.063 88 1460 10.200000 65535 9606838 9606837 1 6595 6593 0 0
2025-12-08T02:20:01.538019 539830.116440481 cubic 201.412 0.035 88 1460 10.200000 65535 9609758 9609757 1 6593 6592 0 0
2025-12-08T02:20:01.538019 539830.116440481 cubic 203.795 1.041 88 1460 10.100000 65535 2928798 2993037 0 2054 2009 44 0
2025-12-08T02:20:01.538019 539830.116440481 cubic 200.688 0.028 88 1460 6.150000 88 9606838 9606837 1 6594 6593 0 0
2025-12-08T02:20:01.538019 539830.116440481 cubic 215.067 57.668 10 1460 1.090000 65535 163 162 4 14 13 0 0
2025-12-08T02:20:01.538019 539830.116440481 cubic 201.120 0.168 88 1460 10.200000 65535 9564498 9564497 1 6564 6562 0 0
2025-12-08T02:20:02.057700 539830.636116378 cubic 200.745 0.063 88 1460 10.200000 65535 9606838 9606837 1 6595 6593 0 0
2025-12-08T02:20:02.057700 539830.636116378 cubic 201.412 0.035 88 1460 10.200000 65535 9609758 9609757 1 6594 6592 0 0
2025-12-08T02:20:02.057700 539830.636116378 cubic 203.347 0.139 88 1460 10.100000 65535 3057278 3121517 0 2142 2097 44 0
2025-12-08T02:20:02.057700 539830.636116378 cubic 200.688 0.028 88 1460 6.150000 88 9606838 9606837 1 6594 6593 0 0
2025-12-08T02:20:02.057700 539830.636116378 cubic 215.067 57.668 10 1460 1.090000 65535 163 162 4 14 13 0 0
2025-12-08T02:20:02.057700 539830.636116378 cubic 201.120 0.168 88 1460 10.200000 65535 9564498 9564497 1 6564 6562 0 0
2025-12-08T02:20:02.568413 539831.146825889 cubic 200.745 0.063 88 1460 10.200000 65535 9606838 9606837 1 6595 6593 0 0
2025-12-08T02:20:02.568413 539831.146825889 cubic 201.412 0.035 88 1460 10.200000 65535 9609758 9609757 1 6594 6593 0 0
2025-12-08T02:20:02.568413 539831.146825889 cubic 206.253 0.340 88 1460 9.970000 65535 3249998 3314237 0 2274 2229 44 0
2025-12-08T02:20:02.568413 539831.146825889 cubic 200.688 0.028 88 1460 6.150000 88 9606838 9606837 1 6594 6593 0 0
2025-12-08T02:20:02.568413 539831.146825889 cubic 215.067 57.668 10 1460 1.090000 65535 163 162 4 14 13 0 0
2025-12-08T02:20:02.568413 539831.146825889 cubic 201.120 0.168 88 1460 10.200000 65535 9564498 9564497 1 6564 6562 0 0
2025-12-08T02:20:03.078870 539831.657280066 cubic 200.745 0.063 88 1460 10.200000 65535 9606838 9606837 1 6595 6593 0 0
2025-12-08T02:20:03.078870 539831.657280066 cubic 201.412 0.035 88 1460 10.200000 65535 9609758 9609757 1 6594 6593 0 0
2025-12-08T02:20:03.078870 539831.657280066 cubic 201.081 0.217 88 1460 10.200000 65535 3378478 3442717 0 2362 2317 44 0
2025-12-08T02:20:03.078870 539831.657280066 cubic 200.688 0.028 88 1460 6.150000 88 9606838 9606837 1 6594 6593 0 0
2025-12-08T02:20:03.078870 539831.657280066 cubic 215.067 57.668 10 1460 1.090000 65535 163 162 4 14 13 0 0
2025-12-08T02:20:03.078870 539831.657280066 cubic 201.120 0.168 88 1460 10.200000 65535 9564498 9564497 1 6564 6562 0 0
2025-12-08T02:20:03.586944 539832.165359123 cubic 200.745 0.063 88 1460 10.200000 65535 9606838 9606837 1 6595 6593 0 0
2025-12-08T02:20:03.586944 539832.165359123 cubic 201.412 0.035 88 1460 10.200000 65535 9609758 9609757 1 6594 6593 0 0
2025-12-08T02:20:03.586944 539832.165359123 cubic 201.766 0.093 88 1460 10.200000 65535 3571198 3635437 0 2494 2449 44 0
2025-12-08T02:20:03.586944 539832.165359123 cubic 200.688 0.028 88 1460 6.150000 88 9606838 9606837 1 6594 6593 0 0
2025-12-08T02:20:03.586944 539832.165359123 cubic 215.067 57.668 10 1460 1.090000 65535 163 162 4 14 13 0 0
2025-12-08T02:20:03.586944 539832.165359123 cubic 201.120 0.168 88 1460 10.200000 65535 9564498 9564497 1 6564 6562 0 0
2025-12-08T02:20:04.100348 539832.678772200 cubic 200.745 0.063 88 1460 10.200000 65535 9606838 9606837 1 6595 6593 0 0
2025-12-08T02:20:04.100348 539832.678772200 cubic 201.412 0.035 88 1460 10.200000 65535 9609758 9609757 1 6594 6593 0 0
2025-12-08T02:20:04.100348 539832.678772200 cubic 202.301 0.298 88 1460 10.200000 65535 3699678 3763917 0 2582 2537 44 0
2025-12-08T02:20:04.100348 539832.678772200 cubic 200.688 0.028 88 1460 6.150000 88 9606838 9606837 1 6594 6593 0 0
2025-12-08T02:20:04.100348 539832.678772200 cubic 215.067 57.668 10 1460 1.090000 65535 163 162 4 14 13 0 0
2025-12-08T02:20:04.100348 539832.678772200 cubic 201.120 0.168 88 1460 10.200000 65535 9564498 9564497 1 6564 6562 0 0
2025-12-08T02:20:04.611325 539833.189748240 cubic 200.745 0.063 88 1460 10.200000 65535 9606838 9606837 1 6595 6593 0 0
2025-12-08T02:20:04.611325 539833.189748240 cubic 201.412 0.035 88 1460 10.200000 65535 9609758 9609757 1 6594 6593 0 0
2025-12-08T02:20:04.611325 539833.189748240 cubic 200.834 0.195 88 1460 10.200000 65535 3892398 3956637 0 2714 2669 44 0
2025-12-08T02:20:04.611325 539833.189748240 cubic 200.688 0.028 88 1460 6.150000 88 9606838 9606837 1 6594 6593 0 0
2025-12-08T02:20:04.611325 539833.189748240 cubic 215.067 57.668 10 1460 1.090000 65535 163 162 4 14 13 0 0
2025-12-08T02:20:04.611325 539833.189748240 cubic 201.120 0.168 88 1460 10.200000 65535 9564498 9564497 1 6564 6562 0 0
2025-12-08T02:20:05.127186 539833.705614092 cubic 200.745 0.063 88 1460 10.200000 65535 9606838 9606837 1 6595 6593 0 0
2025-12-08T02:20:05.127186 539833.705614092 cubic 201.412 0.035 88 1460 10.200000 65535 9609758 9609757 1 6594 6593 0 0
2025-12-08T02:20:05.127186 539833.705614092 cubic 200.720 0.062 88 1460 10.200000 65535 4020878 4085117 0 2802 2757 44 0
2025-12-08T02:20:05.127186 539833.705614092 cubic 200.688 0.028 88 1460 6.150000 88 9606838 9606837 1 6594 6593 0 0
2025-12-08T02:20:05.127186 539833.705614092 cubic 215.067 57.668 10 1460 1.090000 65535 163 162 4 14 13 0 0
2025-12-08T02:20:05.127186 539833.705614092 cubic 201.120 0.168 88 1460 10.200000 65535 9564498 9564497 1 6564 6562 0 0
2025-12-08T02:20:05.639061 539834.217486748 cubic 200.745 0.063 88 1460 10.200000 65535 9606838 9606837 1 6595 6593 0 0
2025-12-08T02:20:05.639061 539834.217486748 cubic 201.412 0.035 88 1460 10.200000 65535 9609758 9609757 1 6594 6593 0 0
2025-12-08T02:20:05.639061 539834.217486748 cubic 200.950 0.748 88 1460 10.200000 65535 4213598 4277837 0 2934 2889 44 0
2025-12-08T02:20:05.639061 539834.217486748 cubic 200.688 0.028 88 1460 6.150000 88 9606838 9606837 1 6594 6593 0 0
2025-12-08T02:20:05.639061 539834.217486748 cubic 215.067 57.668 10 1460 1.090000 65535 163 162 4 14 13 0 0
2025-12-08T02:20:05.639061 539834.217486748 cubic 201.120 0.168 88 1460 10.200000 65535 9564498 9564497 1 6564 6562 0 0
2025-12-08T02:20:06.160708 539834.739178529 cubic 200.745 0.063 88 1460 10.200000 65535 9606838 9606837 1 6595 6593 0 0
2025-12-08T02:20:06.160708 539834.739178529 cubic 201.412 0.035 88 1460 10.200000 65535 9609758 9609757 1 6594 6593 0 0
2025-12-08T02:20:06.160708 539834.739178529 cubic 201.306 0.241 88 1460 10.200000 65535 4342078 4406317 0 3022 2977 44 0
2025-12-08T02:20:06.160708 539834.739178529 cubic 200.688 0.028 88 1460 6.150000 88 9606838 9606837 1 6594 6593 0 0
2025-12-08T02:20:06.160708 539834.739178529 cubic 215.067 57.668 10 1460 1.090000 65535 163 162 4 14 13 0 0
2025-12-08T02:20:06.160708 539834.739178529 cubic 201.120 0.168 88 1460 10.200000 65535 9564498 9564497 1 6564 6562 0 0
2025-12-08T02:20:06.676328 539835.254754498 cubic 200.745 0.063 88 1460 10.200000 65535 9606838 9606837 1 6595 6593 0 0
2025-12-08T02:20:06.676328 539835.254754498 cubic 201.412 0.035 88 1460 10.200000 65535 9609758 9609757 1 6594 6593 0 0
2025-12-08T02:20:06.676328 539835.254754498 cubic 201.477 0.160 88 1460 10.200000 65535 4534798 4599037 0 3154 3109 44 0
2025-12-08T02:20:06.676328 539835.254754498 cubic 200.688 0.028 88 1460 6.150000 88 9606838 9606837 1 6594 6593 0 0
2025-12-08T02:20:06.676328 539835.254754498 cubic 215.067 57.668 10 1460 1.090000 65535 163 162 4 14 13 0 0
2025-12-08T02:20:06.676328 539835.254754498 cubic 201.120 0.168 88 1460 10.200000 65535 9564498 9564497 1 6564 6562 0 0
2025-12-08T02:20:07.198483 539835.776901563 cubic 200.745 0.063 88 1460 10.200000 65535 9606838 9606837 1 6595 6593 0 0
2025-12-08T02:20:07.198483 539835.776901563 cubic 201.412 0.035 88 1460 10.200000 65535 9609758 9609757 1 6594 6593 0 0
2025-12-08T02:20:07.198483 539835.776901563 cubic 205.648 3.388 88 1460 10.000000 65535 4727518 4791757 0 3286 3241 44 0
2025-12-08T02:20:07.198483 539835.776901563 cubic 200.688 0.028 88 1460 6.150000 88 9606838 9606837 1 6594 6593 0 0
2025-12-08T02:20:07.198483 539835.776901563 cubic 215.067 57.668 10 1460 1.090000 65535 163 162 4 14 13 0 0
2025-12-08T02:20:07.198483 539835.776901563 cubic 201.120 0.168 88 1460 10.200000 65535 9564498 9564497 1 6564 6562 0 0
2025-12-08T02:20:07.716190 539836.294607392 cubic 200.745 0.063 88 1460 10.200000 65535 9606838 9606837 1 6595 6593 0 0
2025-12-08T02:20:07.716190 539836.294607392 cubic 201.412 0.035 88 1460 10.200000 65535 9609758 9609757 1 6594 6593 0 0
2025-12-08T02:20:07.716190 539836.294607392 cubic 201.645 0.453 88 1460 10.200000 65535 4855998 4920237 0 3374 3329 44 0
2025-12-08T02:20:07.716190 539836.294607392 cubic 200.688 0.028 88 1460 6.150000 88 9606838 9606837 1 6594 6593 0 0
2025-12-08T02:20:07.716190 539836.294607392 cubic 215.067 57.668 10 1460 1.090000 65535 163 162 4 14 13 0 0
2025-12-08T02:20:07.716190 539836.294607392 cubic 201.120 0.168 88 1460 10.200000 65535 9564498 9564497 1 6564 6562 0 0
2025-12-08T02:20:08.224750 539836.803315964 cubic 200.745 0.063 88 1460 10.200000 65535 9606838 9606837 1 6595 6593 0 0
2025-12-08T02:20:08.224750 539836.803315964 cubic 201.412 0.035 88 1460 10.200000 65535 9609758 9609757 1 6594 6593 0 0
2025-12-08T02:20:08.224750 539836.803315964 cubic 201.186 0.046 88 1460 10.200000 65535 5048718 5112957 0 3506 3461 44 0
2025-12-08T02:20:08.224750 539836.803315964 cubic 200.688 0.028 88 1460 6.150000 88 9606838 9606837 1 6594 6593 0 0
2025-12-08T02:20:08.224750 539836.803315964 cubic 215.067 57.668 10 1460 1.090000 65535 163 162 4 14 13 0 0
2025-12-08T02:20:08.224750 539836.803315964 cubic 201.120 0.168 88 1460 10.200000 65535 9564498 9564497 1 6564 6562 0 0
2025-12-08T02:20:08.746694 539837.325111062 cubic 200.745 0.063 88 1460 10.200000 65535 9606838 9606837 1 6595 6593 0 0
2025-12-08T02:20:08.746694 539837.325111062 cubic 201.412 0.035 88 1460 10.200000 65535 9609758 9609757 1 6594 6593 0 0
2025-12-08T02:20:08.746694 539837.325111062 cubic 204.087 0.600 88 1460 10.100000 65535 5177198 5241437 0 3594 3549 44 0
2025-12-08T02:20:08.746694 539837.325111062 cubic 200.688 0.028 88 1460 6.150000 88 9606838 9606837 1 6594 6593 0 0
2025-12-08T02:20:08.746694 539837.325111062 cubic 215.067 57.668 10 1460 1.090000 65535 163 162 4 14 13 0 0
2025-12-08T02:20:08.746694 539837.325111062 cubic 201.120 0.168 88 1460 10.200000 65535 9564498 9564497 1 6564 6562 0 0
2025-12-08T02:20:09.265598 539837.844245836 cubic 200.745 0.063 88 1460 10.200000 65535 9606838 9606837 1 6595 6593 0 0
2025-12-08T02:20:09.265598 539837.844245836 cubic 201.412 0.035 88 1460 10.200000 65535 9609758 9609757 1 6594 6593 0 0
2025-12-08T02:20:09.265598 539837.844245836 cubic 202.409 0.926 88 1460 10.200000 65535 5369918 5434157 0 3726 3681 44 0
2025-12-08T02:20:09.265598 539837.844245836 cubic 200.688 0.028 88 1460 6.150000 88 9606838 9606837 1 6594 6593 0 0
2025-12-08T02:20:09.265598 539837.844245836 cubic 215.067 57.668 10 1460 1.090000 65535 163 162 4 14 13 0 0
2025-12-08T02:20:09.265598 539837.844245836 cubic 201.120 0.168 88 1460 10.200000 65535 9564498 9564497 1 6565 6563 0 0
2025-12-08T02:20:09.791926 539838.370450077 cubic 200.745 0.063 88 1460 10.200000 65535 9606838 9606837 1 6595 6593 0 0
2025-12-08T02:20:09.791926 539838.370450077 cubic 201.412 0.035 88 1460 10.200000 65535 9609758 9609757 1 6594 6593 0 0
2025-12-08T02:20:09.791926 539838.370450077 cubic 201.094 0.421 88 1460 10.200000 65535 5524678 5588917 0 3832 3787 44 0
2025-12-08T02:20:09.791926 539838.370450077 cubic 200.688 0.028 88 1460 6.150000 88 9606838 9606837 1 6594 6593 0 0
2025-12-08T02:20:09.791926 539838.370450077 cubic 215.067 57.668 10 1460 1.090000 65535 163 162 4 14 13 0 0
2025-12-08T02:20:09.791926 539838.370450077 cubic 201.120 0.168 88 1460 10.200000 65535 9564498 9564497 1 6565 6563 0 0
2025-12-08T02:20:10.328254 539838.906676984 cubic 200.745 0.063 88 1460 10.200000 65535 9606838 9606837 1 6595 6593 0 0
2025-12-08T02:20:10.328254 539838.906676984 cubic 201.412 0.035 88 1460 10.200000 65535 9609758 9609757 1 6594 6593 0 0
2025-12-08T02:20:10.328254 539838.906676984 cubic 201.263 0.047 88 1460 10.200000 65535 5691118 5755357 0 3946 3901 44 0
2025-12-08T02:20:10.328254 539838.906676984 cubic 200.688 0.028 88 1460 6.150000 88 9606838 9606837 1 6594 6593 0 0
2025-12-08T02:20:10.328254 539838.906676984 cubic 215.067 57.668 10 1460 1.090000 65535 163 162 4 14 13 0 0
2025-12-08T02:20:10.328254 539838.906676984 cubic 201.120 0.168 88 1460 10.200000 65535 9564498 9564497 1 6565 6563 0 0
2025-12-08T02:20:10.840682 539839.419100859 cubic 200.745 0.063 88 1460 10.200000 65535 9606838 9606837 1 6595 6593 0 0
2025-12-08T02:20:10.840682 539839.419100859 cubic 201.412 0.035 88 1460 10.200000 65535 9609758 9609757 1 6594 6593 0 0
2025-12-08T02:20:10.840682 539839.419100859 cubic 201.637 0.621 88 1460 10.200000 65535 5883838 5948077 0 4078 4033 44 0
2025-12-08T02:20:10.840682 539839.419100859 cubic 200.688 0.028 88 1460 6.150000 88 9606838 9606837 1 6594 6593 0 0
2025-12-08T02:20:10.840682 539839.419100859 cubic 215.067 57.668 10 1460 1.090000 65535 163 162 4 14 13 0 0
2025-12-08T02:20:10.840682 539839.419100859 cubic 201.120 0.168 88 1460 10.200000 65535 9564498 9564497 1 6565 6563 0 0
2025-12-08T02:20:11.351656 539839.930080737 cubic 200.745 0.063 88 1460 10.200000 65535 9606838 9606837 1 6595 6593 0 0
2025-12-08T02:20:11.351656 539839.930080737 cubic 201.412 0.035 88 1460 10.200000 65535 9609758 9609757 1 6594 6593 0 0
2025-12-08T02:20:11.351656 539839.930080737 cubic 201.204 0.057 88 1460 10.200000 65535 6012318 6076557 0 4166 4121 44 0
2025-12-08T02:20:11.351656 539839.930080737 cubic 200.688 0.028 88 1460 6.150000 88 9606838 9606837 1 6594 6593 0 0
2025-12-08T02:20:11.351656 539839.930080737 cubic 215.067 57.668 10 1460 1.090000 65535 163 162 4 14 13 0 0
2025-12-08T02:20:11.351656 539839.930080737 cubic 201.120 0.168 88 1460 10.200000 65535 9564498 9564497 1 6565 6563 0 0
2025-12-08T02:20:11.863648 539840.442072525 cubic 200.745 0.063 88 1460 10.200000 65535 9606838 9606837 1 6595 6593 0 0
2025-12-08T02:20:11.863648 539840.442072525 cubic 201.412 0.035 88 1460 10.200000 65535 9609758 9609757 1 6594 6593 0 0
2025-12-08T02:20:11.863648 539840.442072525 cubic 201.147 0.109 88 1460 10.200000 65535 6205038 6269277 0 4298 4253 44 0
2025-12-08T02:20:11.863648 539840.442072525 cubic 200.688 0.028 88 1460 6.150000 88 9606838 9606837 1 6594 6593 0 0
2025-12-08T02:20:11.863648 539840.442072525 cubic 215.067 57.668 10 1460 1.090000 65535 163 162 4 14 13 0 0
2025-12-08T02:20:11.863648 539840.442072525 cubic 201.120 0.168 88 1460 10.200000 65535 9564498 9564497 1 6565 6563 0 0
2025-12-08T02:20:12.376923 539840.955340221 cubic 200.745 0.063 88 1460 10.200000 65535 9606838 9606837 1 6595 6593 0 0
2025-12-08T02:20:12.376923 539840.955340221 cubic 201.412 0.035 88 1460 10.200000 65535 9609758 9609757 1 6594 6593 0 0
2025-12-08T02:20:12.376923 539840.955340221 cubic 201.281 0.059 88 1460 10.200000 65535 6333518 6397757 0 4386 4341 44 0
2025-12-08T02:20:12.376923 539840.955340221 cubic 200.688 0.028 88 1460 6.150000 88 9606838 9606837 1 6594 6593 0 0
2025-12-08T02:20:12.376923 539840.955340221 cubic 215.067 57.668 10 1460 1.090000 65535 163 162 4 14 13 0 0
2025-12-08T02:20:12.376923 539840.955340221 cubic 201.120 0.168 88 1460 10.200000 65535 9564498 9564497 1 6565 6563 0 0
2025-12-08T02:20:12.888025 539841.466448507 cubic 200.745 0.063 88 1460 10.200000 65535 9606838 9606837 1 6595 6593 0 0
2025-12-08T02:20:12.888025 539841.466448507 cubic 201.412 0.035 88 1460 10.200000 65535 9609758 9609757 1 6594 6593 0 0
2025-12-08T02:20:12.888025 539841.466448507 cubic 201.321 0.035 88 1460 10.200000 65535 6526238 6590477 0 4518 4473 44 0
2025-12-08T02:20:12.888025 539841.466448507 cubic 200.688 0.028 88 1460 6.150000 88 9606838 9606837 1 6594 6593 0 0
2025-12-08T02:20:12.888025 539841.466448507 cubic 215.067 57.668 10 1460 1.090000 65535 163 162 4 14 13 0 0
2025-12-08T02:20:12.888025 539841.466448507 cubic 201.120 0.168 88 1460 10.200000 65535 9564498 9564497 1 6565 6563 0 0
2025-12-08T02:20:13.402996 539841.981415565 cubic 200.745 0.063 88 1460 10.200000 65535 9606838 9606837 1 6595 6593 0 0
2025-12-08T02:20:13.402996 539841.981415565 cubic 201.412 0.035 88 1460 10.200000 65535 9609758 9609757 1 6594 6593 0 0
2025-12-08T02:20:13.402996 539841.981415565 cubic 201.223 0.081 88 1460 10.200000 65535 6654718 6718957 0 4606 4561 44 0
2025-12-08T02:20:13.402996 539841.981415565 cubic 200.688 0.028 88 1460 6.150000 88 9606838 9606837 1 6594 6593 0 0
2025-12-08T02:20:13.402996 539841.981415565 cubic 215.067 57.668 10 1460 1.090000 65535 163 162 4 14 13 0 0
2025-12-08T02:20:13.402996 539841.981415565 cubic 201.120 0.168 88 1460 10.200000 65535 9564498 9564497 1 6565 6563 0 0
2025-12-08T02:20:13.914996 539842.493425675 cubic 200.745 0.063 88 1460 10.200000 65535 9606838 9606837 1 6595 6593 0 0
2025-12-08T02:20:13.914996 539842.493425675 cubic 201.412 0.035 88 1460 10.200000 65535 9609758 9609757 1 6594 6593 0 0
2025-12-08T02:20:13.914996 539842.493425675 cubic 201.456 0.581 88 1460 10.200000 65535 6847438 6911677 0 4738 4693 44 0
2025-12-08T02:20:13.914996 539842.493425675 cubic 200.688 0.028 88 1460 6.150000 88 9606838 9606837 1 6594 6593 0 0
2025-12-08T02:20:13.914996 539842.493425675 cubic 215.067 57.668 10 1460 1.090000 65535 163 162 4 14 13 0 0
2025-12-08T02:20:13.914996 539842.493425675 cubic 201.120 0.168 88 1460 10.200000 65535 9564498 9564497 1 6565 6563 0 0
2025-12-08T02:20:14.430706 539843.009155224 cubic 200.745 0.063 88 1460 10.200000 65535 9606838 9606837 1 6595 6593 0 0
2025-12-08T02:20:14.430706 539843.009155224 cubic 201.412 0.035 88 1460 10.200000 65535 9609758 9609757 1 6594 6593 0 0
2025-12-08T02:20:14.430706 539843.009155224 cubic 200.840 0.056 88 1460 10.200000 65535 6975918 7040157 0 4826 4781 44 0
2025-12-08T02:20:14.430706 539843.009155224 cubic 200.688 0.028 88 1460 6.150000 88 9606838 9606837 1 6594 6593 0 0
2025-12-08T02:20:14.430706 539843.009155224 cubic 215.067 57.668 10 1460 1.090000 65535 163 162 4 14 13 0 0
2025-12-08T02:20:14.430706 539843.009155224 cubic 201.120 0.168 88 1460 10.200000 65535 9564498 9564497 1 6565 6563 0 0
2025-12-08T02:20:14.947010 539843.525442645 cubic 200.745 0.063 88 1460 10.200000 65535 9606838 9606837 1 6595 6593 0 0
2025-12-08T02:20:14.947010 539843.525442645 cubic 201.412 0.035 88 1460 10.200000 65535 9609758 9609757 1 6594 6593 0 0
2025-12-08T02:20:14.947010 539843.525442645 cubic 202.134 0.396 88 1460 10.200000 65535 7168638 7232877 0 4958 4913 44 0
2025-12-08T02:20:14.947010 539843.525442645 cubic 200.688 0.028 88 1460 6.150000 88 9606838 9606837 1 6594 6593 0 0
2025-12-08T02:20:14.947010 539843.525442645 cubic 215.067 57.668 10 1460 1.090000 65535 163 162 4 14 13 0 0
2025-12-08T02:20:14.947010 539843.525442645 cubic 201.120 0.168 88 1460 10.200000 65535 9564498 9564497 1 6565 6563 0 0
2025-12-08T02:20:15.466285 539844.044712465 cubic 200.745 0.063 88 1460 10.200000 65535 9606838 9606837 1 6595 6593 0 0
2025-12-08T02:20:15.466285 539844.044712465 cubic 201.412 0.035 88 1460 10.200000 65535 9609758 9609757 1 6595 6594 0 0
2025-12-08T02:20:15.466285 539844.044712465 cubic 200.756 0.074 88 1460 10.200000 65535 7361358 7425597 0 5090 5045 44 0
2025-12-08T02:20:15.466285 539844.044712465 cubic 200.688 0.028 88 1460 6.150000 88 9606838 9606837 1 6594 6593 0 0
2025-12-08T02:20:15.466285 539844.044712465 cubic 215.067 57.668 10 1460 1.090000 65535 163 162 4 14 13 0 0
2025-12-08T02:20:15.466285 539844.044712465 cubic 201.120 0.168 88 1460 10.200000 65535 9564498 9564497 1 6565 6563 0 0
2025-12-08T02:20:15.981011 539844.559460886 cubic 200.745 0.063 88 1460 10.200000 65535 9606838 9606837 1 6595 6593 0 0
2025-12-08T02:20:15.981011 539844.559460886 cubic 201.412 0.035 88 1460 10.200000 65535 9609758 9609757 1 6595 6594 0 0
2025-12-08T02:20:15.981011 539844.559460886 cubic 202.003 0.108 88 1460 10.200000 65535 7489838 7554077 0 5178 5133 44 0
2025-12-08T02:20:15.981011 539844.559460886 cubic 200.688 0.028 88 1460 6.150000 88 9606838 9606837 1 6594 6593 0 0
2025-12-08T02:20:15.981011 539844.559460886 cubic 215.067 57.668 10 1460 1.090000 65535 163 162 4 14 13 0 0
2025-12-08T02:20:15.981011 539844.559460886 cubic 201.120 0.168 88 1460 10.200000 65535 9564498 9564497 1 6565 6563 0 0
2025-12-08T02:20:16.501887 539845.080315319 cubic 200.745 0.063 88 1460 10.200000 65535 9606838 9606837 1 6595 6593 0 0
2025-12-08T02:20:16.501887 539845.080315319 cubic 201.412 0.035 88 1460 10.200000 65535 9609758 9609757 1 6595 6594 0 0
2025-12-08T02:20:16.501887 539845.080315319 cubic 201.181 0.043 88 1460 10.200000 65535 7682558 7746797 0 5310 5265 44 0
2025-12-08T02:20:16.501887 539845.080315319 cubic 200.688 0.028 88 1460 6.150000 88 9606838 9606837 1 6594 6593 0 0
2025-12-08T02:20:16.501887 539845.080315319 cubic 215.067 57.668 10 1460 1.090000 65535 163 162 4 14 13 0 0
2025-12-08T02:20:16.501887 539845.080315319 cubic 201.120 0.168 88 1460 10.200000 65535 9564498 9564497 1 6565 6563 0 0
2025-12-08T02:20:17.017974 539845.596385146 cubic 200.745 0.063 88 1460 10.200000 65535 9606838 9606837 1 6595 6593 0 0
2025-12-08T02:20:17.017974 539845.596385146 cubic 201.412 0.035 88 1460 10.200000 65535 9609758 9609757 1 6595 6594 0 0
2025-12-08T02:20:17.017974 539845.596385146 cubic 201.039 0.050 88 1460 10.200000 65535 7811038 7875277 0 5398 5353 44 0
2025-12-08T02:20:17.017974 539845.596385146 cubic 200.688 0.028 88 1460 6.150000 88 9606838 9606837 1 6594 6593 0 0
2025-12-08T02:20:17.017974 539845.596385146 cubic 215.067 57.668 10 1460 1.090000 65535 163 162 4 14 13 0 0
2025-12-08T02:20:17.017974 539845.596385146 cubic 201.120 0.168 88 1460 10.200000 65535 9564498 9564497 1 6565 6563 0 0
2025-12-08T02:20:17.531334 539846.109746187 cubic 200.745 0.063 88 1460 10.200000 65535 9606838 9606837 1 6595 6593 0 0
2025-12-08T02:20:17.531334 539846.109746187 cubic 201.412 0.035 88 1460 10.200000 65535 9609758 9609757 1 6595 6594 0 0
2025-12-08T02:20:17.531334 539846.109746187 cubic 201.964 0.101 88 1460 10.200000 65535 8003758 8067997 0 5530 5485 44 0
2025-12-08T02:20:17.531334 539846.109746187 cubic 200.688 0.028 88 1460 6.150000 88 9606838 9606837 1 6594 6593 0 0
2025-12-08T02:20:17.531334 539846.109746187 cubic 215.067 57.668 10 1460 1.090000 65535 163 162 4 14 13 0 0
2025-12-08T02:20:17.531334 539846.109746187 cubic 201.120 0.168 88 1460 10.200000 65535 9564498 9564497 1 6565 6563 0 0
2025-12-08T02:20:18.087744 539846.666189549 cubic 200.745 0.063 88 1460 10.200000 65535 9606838 9606837 1 6595 6593 0 0
2025-12-08T02:20:18.087744 539846.666189549 cubic 201.412 0.035 88 1460 10.200000 65535 9609758 9609757 1 6595 6594 0 0
2025-12-08T02:20:18.087744 539846.666189549 cubic 203.722 1.054 88 1460 10.100000 65535 8196478 8260717 0 5662 5617 44 0
2025-12-08T02:20:18.087744 539846.666189549 cubic 200.688 0.028 88 1460 6.150000 88 9606838 9606837 1 6594 6593 0 0
2025-12-08T02:20:18.087744 539846.666189549 cubic 215.067 57.668 10 1460 1.090000 65535 163 162 4 14 13 0 0
2025-12-08T02:20:18.087744 539846.666189549 cubic 201.120 0.168 88 1460 10.200000 65535 9564498 9564497 1 6565 6563 0 0
2025-12-08T02:20:18.603221 539847.181649909 cubic 200.745 0.063 88 1460 10.200000 65535 9606838 9606837 1 6595 6593 0 0
2025-12-08T02:20:18.603221 539847.181649909 cubic 201.412 0.035 88 1460 10.200000 65535 9609758 9609757 1 6595 6594 0 0
2025-12-08T02:20:18.603221 539847.181649909 cubic 200.847 0.112 88 1460 10.200000 65535 8324958 8389197 0 5750 5705 44 0
2025-12-08T02:20:18.603221 539847.181649909 cubic 200.688 0.028 88 1460 6.150000 88 9606838 9606837 1 6594 6593 0 0
2025-12-08T02:20:18.603221 539847.181649909 cubic 215.067 57.668 10 1460 1.090000 65535 163 162 4 14 13 0 0
2025-12-08T02:20:18.603221 539847.181649909 cubic 201.120 0.168 88 1460 10.200000 65535 9564498 9564497 1 6565 6563 0 0
2025-12-08T02:20:19.123260 539847.701683333 cubic 200.745 0.063 88 1460 10.200000 65535 9606838 9606837 1 6595 6593 0 0
2025-12-08T02:20:19.123260 539847.701683333 cubic 201.412 0.035 88 1460 10.200000 65535 9609758 9609757 1 6595 6594 0 0
2025-12-08T02:20:19.123260 539847.701683333 cubic 201.701 0.136 88 1460 10.200000 65535 8517678 8581917 0 5882 5837 44 0
2025-12-08T02:20:19.123260 539847.701683333 cubic 200.688 0.028 88 1460 6.150000 88 9606838 9606837 1 6594 6593 0 0
2025-12-08T02:20:19.123260 539847.701683333 cubic 215.067 57.668 10 1460 1.090000 65535 163 162 4 14 13 0 0
2025-12-08T02:20:19.123260 539847.701683333 cubic 201.120 0.168 88 1460 10.200000 65535 9564498 9564497 1 6565 6563 0 0
2025-12-08T02:20:19.641322 539848.219925051 cubic 200.745 0.063 88 1460 10.200000 65535 9606838 9606837 1 6595 6593 0 0
2025-12-08T02:20:19.641322 539848.219925051 cubic 201.412 0.035 88 1460 10.200000 65535 9609758 9609757 1 6595 6594 0 0
2025-12-08T02:20:19.641322 539848.219925051 cubic 202.054 0.149 88 1460 10.200000 65535 8646158 8710397 0 5970 5925 44 0
2025-12-08T02:20:19.641322 539848.219925051 cubic 200.688 0.028 88 1460 6.150000 88 9606838 9606837 1 6594 6593 0 0
2025-12-08T02:20:19.641322 539848.219925051 cubic 215.067 57.668 10 1460 1.090000 65535 163 162 4 14 13 0 0
2025-12-08T02:20:19.641322 539848.219925051 cubic 201.120 0.168 88 1460 10.200000 65535 9564498 9564497 1 6565 6563 0 0
2025-12-08T02:20:20.164716 539848.743150996 cubic 200.745 0.063 88 1460 10.200000 65535 9606838 9606837 1 6595 6593 0 0
2025-12-08T02:20:20.164716 539848.743150996 cubic 201.412 0.035 88 1460 10.200000 65535 9609758 9609757 1 6595 6594 0 0
2025-12-08T02:20:20.164716 539848.743150996 cubic 201.568 0.064 88 1460 10.200000 65535 8838878 8903117 0 6102 6057 44 0
2025-12-08T02:20:20.164716 539848.743150996 cubic 200.688 0.028 88 1460 6.150000 88 9606838 9606837 1 6594 6593 0 0
2025-12-08T02:20:20.164716 539848.743150996 cubic 215.067 57.668 10 1460 1.090000 65535 163 162 4 14 13 0 0
2025-12-08T02:20:20.164716 539848.743150996 cubic 201.120 0.168 88 1460 10.200000 65535 9564498 9564497 1 6565 6563 0 0
2025-12-08T02:20:20.684812 539849.263234368 cubic 200.745 0.063 88 1460 10.200000 65535 9606838 9606837 1 6595 6593 0 0
2025-12-08T02:20:20.684812 539849.263234368 cubic 201.412 0.035 88 1460 10.200000 65535 9609758 9609757 1 6595 6594 0 0
2025-12-08T02:20:20.684812 539849.263234368 cubic 201.854 0.153 88 1460 10.200000 65535 8967358 9031597 0 6190 6145 44 0
2025-12-08T02:20:20.684812 539849.263234368 cubic 200.688 0.028 88 1460 6.150000 88 9606838 9606837 1 6594 6593 0 0
2025-12-08T02:20:20.684812 539849.263234368 cubic 215.067 57.668 10 1460 1.090000 65535 163 162 4 14 13 0 0
2025-12-08T02:20:20.684812 539849.263234368 cubic 201.120 0.168 88 1460 10.200000 65535 9564498 9564497 1 6565 6563 0 0
2025-12-08T02:20:21.203424 539849.781843952 cubic 200.745 0.063 88 1460 10.200000 65535 9606838 9606837 1 6595 6593 0 0
2025-12-08T02:20:21.203424 539849.781843952 cubic 201.412 0.035 88 1460 10.200000 65535 9609758 9609757 1 6595 6594 0 0
2025-12-08T02:20:21.203424 539849.781843952 cubic 201.708 0.413 88 1460 10.200000 65535 9160078 9224317 0 6322 6277 44 0
2025-12-08T02:20:21.203424 539849.781843952 cubic 200.688 0.028 88 1460 6.150000 88 9606838 9606837 1 6594 6593 0 0
2025-12-08T02:20:21.203424 539849.781843952 cubic 215.067 57.668 10 1460 1.090000 65535 163 162 4 14 13 0 0
2025-12-08T02:20:21.203424 539849.781843952 cubic 201.120 0.168 88 1460 10.200000 65535 9564498 9564497 1 6565 6563 0 0
2025-12-08T02:20:21.718912 539850.297338171 cubic 200.745 0.063 88 1460 10.200000 65535 9606838 9606837 1 6595 6593 0 0
2025-12-08T02:20:21.718912 539850.297338171 cubic 201.412 0.035 88 1460 10.200000 65535 9609758 9609757 1 6595 6594 0 0
2025-12-08T02:20:21.718912 539850.297338171 cubic 206.247 3.025 88 1460 9.970000 65535 9325058 9387837 0 6434 6390 43 0
2025-12-08T02:20:21.718912 539850.297338171 cubic 200.688 0.028 88 1460 6.150000 88 9606838 9606837 1 6594 6593 0 0
2025-12-08T02:20:21.718912 539850.297338171 cubic 215.067 57.668 10 1460 1.090000 65535 163 162 4 14 13 0 0
2025-12-08T02:20:21.718912 539850.297338171 cubic 201.120 0.168 88 1460 10.200000 65535 9564498 9564497 1 6565 6563 0 0
2025-12-08T02:20:22.242520 539850.820928103 cubic 200.745 0.063 88 1460 10.200000 65535 9606838 9606837 1 6595 6593 0 0
2025-12-08T02:20:22.242520 539850.820928103 cubic 201.412 0.035 88 1460 10.200000 65535 9609758 9609757 1 6595 6594 0 0
2025-12-08T02:20:22.242520 539850.820928103 cubic 200.807 0.097 88 1460 10.200000 65535 9481278 9545517 0 6542 6497 44 0
2025-12-08T02:20:22.242520 539850.820928103 cubic 200.688 0.028 88 1460 6.150000 88 9606838 9606837 1 6594 6593 0 0
2025-12-08T02:20:22.242520 539850.820928103 cubic 213.227 46.932 10 1460 1.100000 65535 164 163 4 15 14 0 0
2025-12-08T02:20:22.242520 539850.820928103 cubic 201.120 0.168 88 1460 10.200000 65535 9564498 9564497 1 6565 6563 0 0
