wall_time monotonic algo rtt_ms rtt_var_ms cwnd mss pacing_mbps ssthresh bytes_acked bytes_sent bytes_received segs_out segs_in unacked retrans_total
2025-12-08T01:57:13.578786 538462.157405986 cubic 101.440 0.170 124 1460 17.100000 124 17885038 17885037 1 12261 12259 0 0
2025-12-08T01:57:13.578786 538462.157405986 cubic 101.051 0.362 88 1460 12.200000 88 18651538 18651537 1 12788 12786 0 0
2025-12-08T01:57:13.578786 538462.157405986 cubic 101.023 0.021 63 1460 8.740000 61 18555178 18558097 1 12724 12721 0 2920
2025-12-08T01:57:14.086661 538462.665207999 cubic 101.440 0.170 124 1460 17.100000 124 17885038 17885037 1 12261 12259 0 0
2025-12-08T01:57:14.086661 538462.665207999 cubic 101.051 0.362 88 1460 12.200000 88 18651538 18651537 1 12788 12786 0 0
2025-12-08T01:57:14.086661 538462.665207999 cubic 101.023 0.021 63 1460 8.740000 61 18555178 18558097 1 12724 12721 0 2920
2025-12-08T01:57:14.086661 538462.665207999 cubic 119.322 40.817 10 1460 1.960000 65535 163 162 2 10 9 0 0
2025-12-08T01:57:14.605054 538463.183500589 cubic 101.440 0.170 124 1460 17.100000 124 17885038 17885037 1 12261 12259 0 0
2025-12-08T01:57:14.605054 538463.183500589 cubic 101.051 0.362 88 1460 12.200000 88 18651538 18651537 1 12788 12786 0 0
2025-12-08T01:57:14.605054 538463.183500589 cubic 101.023 0.021 63 1460 8.740000 61 18555178 18558097 1 12724 12721 0 2920
2025-12-08T01:57:14.605054 538463.183500589 cubic 119.322 40.817 10 1460 1.960000 65535 163 162 4 12 11 0 0
2025-12-08T01:57:14.605054 538463.183500589 cubic 102.969 0.086 80 1460 18.100000 65535 102238 166477 0 118 73 44 0
2025-12-08T01:57:15.117168 538463.695633946 cubic 101.440 0.170 124 1460 17.100000 124 17885038 17885037 1 12261 12259 0 0
2025-12-08T01:57:15.117168 538463.695633946 cubic 101.051 0.362 88 1460 12.200000 88 18651538 18651537 1 12788 12786 0 0
2025-12-08T01:57:15.117168 538463.695633946 cubic 101.023 0.021 63 1460 8.740000 61 18555178 18558097 1 12724 12721 0 2920
2025-12-08T01:57:15.117168 538463.695633946 cubic 119.322 40.817 10 1460 1.960000 65535 163 162 4 12 11 0 0
2025-12-08T01:57:15.117168 538463.695633946 cubic 102.427 0.112 88 1460 20.100000 65535 423438 487677 0 338 293 44 0
2025-12-08T01:57:15.634087 538464.212514392 cubic 101.440 0.170 124 1460 17.100000 124 17885038 17885037 1 12261 12259 0 0
2025-12-08T01:57:15.634087 538464.212514392 cubic 101.051 0.362 88 1460 12.200000 88 18651538 18651537 1 12788 12786 0 0
2025-12-08T01:57:15.634087 538464.212514392 cubic 101.023 0.021 63 1460 8.740000 61 18555178 18558097 1 12724 12721 0 2920
2025-12-08T01:57:15.634087 538464.212514392 cubic 119.322 40.817 10 1460 1.960000 65535 163 162 4 12 11 0 0
2025-12-08T01:57:15.634087 538464.212514392 cubic 101.274 0.034 88 1460 20.300000 65535 744638 808877 0 558 513 44 0
2025-12-08T01:57:16.141247 538464.719747538 cubic 101.440 0.170 124 1460 17.100000 124 17885038 17885037 1 12261 12259 0 0
2025-12-08T01:57:16.141247 538464.719747538 cubic 101.051 0.362 88 1460 12.200000 88 18651538 18651537 1 12788 12786 0 0
2025-12-08T01:57:16.141247 538464.719747538 cubic 101.023 0.021 63 1460 8.740000 61 18555178 18558097 1 12724 12721 0 2920
2025-12-08T01:57:16.141247 538464.719747538 cubic 119.322 40.817 10 1460 1.960000 65535 163 162 4 12 11 0 0
2025-12-08T01:57:16.141247 538464.719747538 cubic 100.670 0.054 88 1460 20.400000 65535 1065838 1130077 0 778 733 44 0
2025-12-08T01:57:16.657003 538465.235450044 cubic 101.440 0.170 124 1460 17.100000 124 17885038 17885037 1 12261 12259 0 0
2025-12-08T01:57:16.657003 538465.235450044 cubic 101.051 0.362 88 1460 12.200000 88 18651538 18651537 1 12788 12786 0 0
2025-12-08T01:57:16.657003 538465.235450044 cubic 101.023 0.021 63 1460 8.740000 61 18555178 18558097 1 12724 12721 0 2920
2025-12-08T01:57:16.657003 538465.235450044 cubic 119.322 40.817 10 1460 1.960000 65535 163 162 4 12 11 0 0
2025-12-08T01:57:16.657003 538465.235450044 cubic 100.642 0.146 88 1460 20.400000 65535 1387038 1451277 0 998 953 44 0
2025-12-08T01:57:17.166700 538465.745178607 cubic 101.440 0.170 124 1460 17.100000 124 17885038 17885037 1 12261 12259 0 0
2025-12-08T01:57:17.166700 538465.745178607 cubic 101.051 0.362 88 1460 12.200000 88 18651538 18651537 1 12788 12786 0 0
2025-12-08T01:57:17.166700 538465.745178607 cubic 101.023 0.021 63 1460 8.740000 61 18555178 18558097 1 12724 12721 0 2920
2025-12-08T01:57:17.166700 538465.745178607 cubic 119.322 40.817 10 1460 1.960000 65535 163 162 4 12 11 0 0
2025-12-08T01:57:17.166700 538465.745178607 cubic 100.873 0.379 88 1460 20.400000 65535 1706778 1771017 0 1217 1172 44 0
2025-12-08T01:57:17.676285 538466.254709048 cubic 101.440 0.170 124 1460 17.100000 124 17885038 17885037 1 12261 12259 0 0
2025-12-08T01:57:17.676285 538466.254709048 cubic 101.051 0.362 88 1460 12.200000 88 18651538 18651537 1 12788 12786 0 0
2025-12-08T01:57:17.676285 538466.254709048 cubic 101.023 0.021 63 1460 8.740000 61 18555178 18558097 1 12724 12721 0 2920
2025-12-08T01:57:17.676285 538466.254709048 cubic 119.322 40.817 10 1460 1.960000 65535 163 162 4 12 11 0 0
2025-12-08T01:57:17.676285 538466.254709048 cubic 101.005 0.105 88 1460 20.400000 65535 2027978 2092217 0 1437 1392 44 0
2025-12-08T01:57:18.187644 538466.766128373 cubic 101.440 0.170 124 1460 17.100000 124 17885038 17885037 1 12261 12259 0 0
2025-12-08T01:57:18.187644 538466.766128373 cubic 101.051 0.362 88 1460 12.200000 88 18651538 18651537 1 12788 12786 0 0
2025-12-08T01:57:18.187644 538466.766128373 cubic 101.023 0.021 63 1460 8.740000 61 18555178 18558097 1 12724 12721 0 2920
2025-12-08T01:57:18.187644 538466.766128373 cubic 119.322 40.817 10 1460 1.960000 65535 163 162 4 12 11 0 0
2025-12-08T01:57:18.187644 538466.766128373 cubic 101.058 0.175 88 1460 20.300000 65535 2349178 2413417 0 1657 1612 44 0
2025-12-08T01:57:18.703235 538467.281698672 cubic 101.440 0.170 124 1460 17.100000 124 17885038 17885037 1 12261 12259 0 0
2025-12-08T01:57:18.703235 538467.281698672 cubic 101.051 0.362 88 1460 12.200000 88 18651538 18651537 1 12788 12786 0 0
2025-12-08T01:57:18.703235 538467.281698672 cubic 101.023 0.021 63 1460 8.740000 61 18555178 18558097 1 12724 12721 0 2920
2025-12-08T01:57:18.703235 538467.281698672 cubic 119.322 40.817 10 1460 1.960000 65535 163 162 4 12 11 0 0
2025-12-08T01:57:18.703235 538467.281698672 cubic 101.719 0.171 88 1460 20.200000 65535 2670378 2734617 0 1877 1832 44 0
2025-12-08T01:57:19.215744 538467.794193147 cubic 101.440 0.170 124 1460 17.100000 124 17885038 17885037 1 12262 12260 0 0
2025-12-08T01:57:19.215744 538467.794193147 cubic 101.051 0.362 88 1460 12.200000 88 18651538 18651537 1 12788 12786 0 0
2025-12-08T01:57:19.215744 538467.794193147 cubic 101.023 0.021 63 1460 8.740000 61 18555178 18558097 1 12724 12721 0 2920
2025-12-08T01:57:19.215744 538467.794193147 cubic 119.322 40.817 10 1460 1.960000 65535 163 162 4 12 11 0 0
2025-12-08T01:57:19.215744 538467.794193147 cubic 101.339 0.058 88 1460 20.300000 65535 2991578 3055817 0 2097 2052 44 0
2025-12-08T01:57:19.732740 538468.311171755 cubic 101.440 0.170 124 1460 17.100000 124 17885038 17885037 1 12262 12260 0 0
2025-12-08T01:57:19.732740 538468.311171755 cubic 101.051 0.362 88 1460 12.200000 88 18651538 18651537 1 12788 12786 0 0
2025-12-08T01:57:19.732740 538468.311171755 cubic 101.023 0.021 63 1460 8.740000 61 18555178 18558097 1 12724 12721 0 2920
2025-12-08T01:57:19.732740 538468.311171755 cubic 119.322 40.817 10 1460 1.960000 65535 163 162 4 12 11 0 0
2025-12-08T01:57:19.732740 538468.311171755 cubic 101.489 0.123 88 1460 20.300000 65535 3314238 3378477 0 2318 2273 44 0
2025-12-08T01:57:20.257808 538468.836328270 cubic 101.440 0.170 124 1460 17.100000 124 17885038 17885037 1 12262 12260 0 0
2025-12-08T01:57:20.257808 538468.836328270 cubic 101.051 0.362 88 1460 12.200000 88 18651538 18651537 1 12788 12786 0 0
2025-12-08T01:57:20.257808 538468.836328270 cubic 101.023 0.021 63 1460 8.740000 61 18555178 18558097 1 12724 12721 0 2920
2025-12-08T01:57:20.257808 538468.836328270 cubic 119.322 40.817 10 1460 1.960000 65535 163 162 4 12 11 0 0
2025-12-08T01:57:20.257808 538468.836328270 cubic 102.313 0.170 88 1460 20.100000 65535 3679238 3743477 0 2568 2523 44 0
2025-12-08T01:57:20.775098 538469.353539249 cubic 101.440 0.170 124 1460 17.100000 124 17885038 17885037 1 12262 12260 0 0
2025-12-08T01:57:20.775098 538469.353539249 cubic 101.051 0.362 88 1460 12.200000 88 18651538 18651537 1 12788 12786 0 0
2025-12-08T01:57:20.775098 538469.353539249 cubic 101.023 0.021 63 1460 8.740000 61 18555178 18558097 1 12724 12721 0 2920
2025-12-08T01:57:20.775098 538469.353539249 cubic 119.322 40.817 10 1460 1.960000 65535 163 162 4 12 11 0 0
2025-12-08T01:57:20.775098 538469.353539249 cubic 101.855 0.223 88 1460 20.200000 65535 4019418 4083657 0 2801 2756 44 0
2025-12-08T01:57:21.286051 538469.864522705 cubic 101.440 0.170 124 1460 17.100000 124 17885038 17885037 1 12262 12260 0 0
2025-12-08T01:57:21.286051 538469.864522705 cubic 101.051 0.362 88 1460 12.200000 88 18651538 18651537 1 12788 12786 0 0
2025-12-08T01:57:21.286051 538469.864522705 cubic 101.023 0.021 63 1460 8.740000 61 18555178 18558097 1 12724 12721 0 2920
2025-12-08T01:57:21.286051 538469.864522705 cubic 119.322 40.817 10 1460 1.960000 65535 163 162 4 12 11 0 0
2025-12-08T01:57:21.286051 538469.864522705 cubic 102.032 0.182 88 1460 20.100000 65535 4340618 4404857 0 3021 2976 44 0
2025-12-08T01:57:21.801915 538470.380349956 cubic 101.440 0.170 124 1460 17.100000 124 17885038 17885037 1 12262 12260 0 0
2025-12-08T01:57:21.801915 538470.380349956 cubic 101.051 0.362 88 1460 12.200000 88 18651538 18651537 1 12788 12786 0 0
2025-12-08T01:57:21.801915 538470.380349956 cubic 101.023 0.021 63 1460 8.740000 61 18555178 18558097 1 12724 12721 0 2920
2025-12-08T01:57:21.801915 538470.380349956 cubic 119.322 40.817 10 1460 1.960000 65535 163 162 4 12 11 0 0
2025-12-08T01:57:21.801915 538470.380349956 cubic 101.462 0.248 88 1460 20.300000 65535 4661818 4726057 0 3241 3196 44 0
2025-12-08T01:57:22.321225 538470.899669941 cubic 101.440 0.170 124 1460 17.100000 124 17885038 17885037 1 12262 12260 0 0
2025-12-08T01:57:22.321225 538470.899669941 cubic 101.051 0.362 88 1460 12.200000 88 18651538 18651537 1 12788 12786 0 0
2025-12-08T01:57:22.321225 538470.899669941 cubic 101.023 0.021 63 1460 8.740000 61 18555178 18558097 1 12724 12721 0 2920
2025-12-08T01:57:22.321225 538470.899669941 cubic 119.322 40.817 10 1460 1.960000 65535 163 162 4 12 11 0 0
2025-12-08T01:57:22.321225 538470.899669941 cubic 101.393 0.345 88 1460 20.300000 65535 4983018 5047257 0 3461 3416 44 0
2025-12-08T01:57:22.836974 538471.415529025 cubic 101.440 0.170 124 1460 17.100000 124 17885038 17885037 1 12262 12260 0 0
2025-12-08T01:57:22.836974 538471.415529025 cubic 101.051 0.362 88 1460 12.200000 88 18651538 18651537 1 12788 12786 0 0
2025-12-08T01:57:22.836974 538471.415529025 cubic 101.023 0.021 63 1460 8.740000 61 18555178 18558097 1 12724 12721 0 2920
2025-12-08T01:57:22.836974 538471.415529025 cubic 119.322 40.817 10 1460 1.960000 65535 163 162 4 12 11 0 0
2025-12-08T01:57:22.836974 538471.415529025 cubic 101.066 0.086 88 1460 20.300000 65535 5304218 5368457 0 3681 3636 44 0
2025-12-08T01:57:23.352049 538471.930497164 cubic 101.440 0.170 124 1460 17.100000 124 17885038 17885037 1 12262 12260 0 0
2025-12-08T01:57:23.352049 538471.930497164 cubic 101.051 0.362 88 1460 12.200000 88 18651538 18651537 1 12788 12786 0 0
2025-12-08T01:57:23.352049 538471.930497164 cubic 101.023 0.021 63 1460 8.740000 61 18555178 18558097 1 12724 12721 0 2920
2025-12-08T01:57:23.352049 538471.930497164 cubic 119.322 40.817 10 1460 1.960000 65535 163 162 4 12 11 0 0
2025-12-08T01:57:23.352049 538471.930497164 cubic 101.199 0.294 88 1460 20.300000 65535 5625418 5689657 0 3901 3856 44 0
2025-12-08T01:57:23.860469 538472.438930327 cubic 101.440 0.170 124 1460 17.100000 124 17885038 17885037 1 12262 12260 0 0
2025-12-08T01:57:23.860469 538472.438930327 cubic 101.051 0.362 88 1460 12.200000 88 18651538 18651537 1 12788 12786 0 0
2025-12-08T01:57:23.860469 538472.438930327 cubic 101.023 0.021 63 1460 8.740000 61 18555178 18558097 1 12724 12721 0 2920
2025-12-08T01:57:23.860469 538472.438930327 cubic 119.322 40.817 10 1460 1.960000 65535 163 162 4 12 11 0 0
2025-12-08T01:57:23.860469 538472.438930327 cubic 101.378 0.398 88 1460 20.300000 65535 5946618 6010857 0 4121 4076 44 0
2025-12-08T01:57:24.371725 538472.950143528 cubic 101.440 0.170 124 1460 17.100000 124 17885038 17885037 1 12262 12260 0 0
2025-12-08T01:57:24.371725 538472.950143528 cubic 101.051 0.362 88 1460 12.200000 88 18651538 18651537 1 12788 12786 0 0
2025-12-08T01:57:24.371725 538472.950143528 cubic 101.023 0.021 63 1460 8.740000 61 18555178 18558097 1 12724 12721 0 2920
2025-12-08T01:57:24.371725 538472.950143528 cubic 119.322 40.817 10 1460 1.960000 65535 163 162 4 12 11 0 0
2025-12-08T01:57:24.371725 538472.950143528 cubic 102.206 0.058 88 1460 12.100000 88 6266358 6330597 0 4340 4295 44 0
2025-12-08T01:57:24.882225 538473.460676656 cubic 101.440 0.170 124 1460 17.100000 124 17885038 17885037 1 12262 12260 0 0
2025-12-08T01:57:24.882225 538473.460676656 cubic 101.051 0.362 88 1460 12.200000 88 18651538 18651537 1 12788 12786 0 0
2025-12-08T01:57:24.882225 538473.460676656 cubic 101.023 0.021 63 1460 8.740000 61 18555178 18558097 1 12724 12721 0 2920
2025-12-08T01:57:24.882225 538473.460676656 cubic 119.322 40.817 10 1460 1.960000 65535 163 162 4 12 11 0 0
2025-12-08T01:57:24.882225 538473.460676656 cubic 105.139 0.028 88 1460 11.700000 88 6587558 6651797 0 4560 4515 44 0
2025-12-08T01:57:25.403954 538473.982423099 cubic 101.440 0.170 124 1460 17.100000 124 17885038 17885037 1 12262 12260 0 0
2025-12-08T01:57:25.403954 538473.982423099 cubic 101.051 0.362 88 1460 12.200000 88 18651538 18651537 1 12788 12786 0 0
2025-12-08T01:57:25.403954 538473.982423099 cubic 101.023 0.021 63 1460 8.740000 61 18555178 18558097 1 12724 12721 0 2920
2025-12-08T01:57:25.403954 538473.982423099 cubic 119.322 40.817 10 1460 1.960000 65535 163 162 4 12 11 0 0
2025-12-08T01:57:25.403954 538473.982423099 cubic 103.507 0.645 88 1460 11.900000 88 6850358 6914597 0 4740 4695 44 0
2025-12-08T01:57:25.914068 538474.492510735 cubic 101.440 0.170 124 1460 17.100000 124 17885038 17885037 1 12262 12260 0 0
2025-12-08T01:57:25.914068 538474.492510735 cubic 101.051 0.362 88 1460 12.200000 88 18651538 18651537 1 12788 12786 0 0
2025-12-08T01:57:25.914068 538474.492510735 cubic 101.023 0.021 63 1460 8.740000 61 18555178 18558097 1 12724 12721 0 2920
2025-12-08T01:57:25.914068 538474.492510735 cubic 119.322 40.817 10 1460 1.960000 65535 163 162 4 12 11 0 0
2025-12-08T01:57:25.914068 538474.492510735 cubic 102.663 0.379 88 1460 12.000000 88 7173018 7237257 0 4961 4916 44 0
2025-12-08T01:57:26.423912 538475.002383623 cubic 101.440 0.170 124 1460 17.100000 124 17885038 17885037 1 12262 12260 0 0
2025-12-08T01:57:26.423912 538475.002383623 cubic 101.051 0.362 88 1460 12.200000 88 18651538 18651537 1 12788 12786 0 0
2025-12-08T01:57:26.423912 538475.002383623 cubic 101.023 0.021 63 1460 8.740000 61 18555178 18558097 1 12724 12721 0 2920
2025-12-08T01:57:26.423912 538475.002383623 cubic 119.322 40.817 10 1460 1.960000 65535 163 162 4 12 11 0 0
2025-12-08T01:57:26.423912 538475.002383623 cubic 107.247 1.785 88 1460 11.500000 88 7495678 7559917 0 5182 5137 44 0
2025-12-08T01:57:26.936070 538475.514630930 cubic 101.440 0.170 124 1460 17.100000 124 17885038 17885037 1 12262 12260 0 0
2025-12-08T01:57:26.936070 538475.514630930 cubic 101.051 0.362 88 1460 12.200000 88 18651538 18651537 1 12789 12786 0 0
2025-12-08T01:57:26.936070 538475.514630930 cubic 101.023 0.021 63 1460 8.740000 61 18555178 18558097 1 12724 12721 0 2920
2025-12-08T01:57:26.936070 538475.514630930 cubic 119.322 40.817 10 1460 1.960000 65535 163 162 4 12 11 0 0
2025-12-08T01:57:26.936070 538475.514630930 cubic 104.473 4.656 88 1460 11.800000 88 7816878 7881117 0 5402 5357 44 0
2025-12-08T01:57:27.461285 538476.039719817 cubic 101.440 0.170 124 1460 17.100000 124 17885038 17885037 1 12262 12260 0 0
2025-12-08T01:57:27.461285 538476.039719817 cubic 101.051 0.362 88 1460 12.200000 88 18651538 18651537 1 12789 12787 0 0
2025-12-08T01:57:27.461285 538476.039719817 cubic 101.023 0.021 63 1460 8.740000 61 18555178 18558097 1 12724 12721 0 2920
2025-12-08T01:57:27.461285 538476.039719817 cubic 119.322 40.817 10 1460 1.960000 65535 163 162 4 12 11 0 0
2025-12-08T01:57:27.461285 538476.039719817 cubic 101.585 0.599 88 1460 12.100000 88 8138078 8202317 0 5622 5577 44 0
2025-12-08T01:57:27.973374 538476.551801418 cubic 101.440 0.170 124 1460 17.100000 124 17885038 17885037 1 12262 12260 0 0
2025-12-08T01:57:27.973374 538476.551801418 cubic 101.051 0.362 88 1460 12.200000 88 18651538 18651537 1 12789 12787 0 0
2025-12-08T01:57:27.973374 538476.551801418 cubic 101.023 0.021 63 1460 8.740000 61 18555178 18558097 1 12724 12721 0 2920
2025-12-08T01:57:27.973374 538476.551801418 cubic 119.322 40.817 10 1460 1.960000 65535 163 162 4 12 11 0 0
2025-12-08T01:57:27.973374 538476.551801418 cubic 101.683 1.460 88 1460 12.100000 88 8459278 8523517 0 5842 5797 44 0
2025-12-08T01:57:28.488542 538477.066996925 cubic 101.440 0.170 124 1460 17.100000 124 17885038 17885037 1 12262 12260 0 0
2025-12-08T01:57:28.488542 538477.066996925 cubic 101.051 0.362 88 1460 12.200000 88 18651538 18651537 1 12789 12787 0 0
2025-12-08T01:57:28.488542 538477.066996925 cubic 101.023 0.021 63 1460 8.740000 61 18555178 18558097 1 12724 12721 0 2920
2025-12-08T01:57:28.488542 538477.066996925 cubic 119.322 40.817 10 1460 1.960000 65535 163 162 4 12 11 0 0
2025-12-08T01:57:28.488542 538477.066996925 cubic 103.519 2.728 88 1460 11.900000 88 8780478 8844717 0 6062 6017 44 0
2025-12-08T01:57:29.006114 538477.584544102 cubic 101.440 0.170 124 1460 17.100000 124 17885038 17885037 1 12262 12260 0 0
2025-12-08T01:57:29.006114 538477.584544102 cubic 101.051 0.362 88 1460 12.200000 88 18651538 18651537 1 12789 12787 0 0
2025-12-08T01:57:29.006114 538477.584544102 cubic 101.023 0.021 63 1460 8.740000 61 18555178 18558097 1 12724 12721 0 2920
2025-12-08T01:57:29.006114 538477.584544102 cubic 119.322 40.817 10 1460 1.960000 65535 163 162 4 12 11 0 0
2025-12-08T01:57:29.006114 538477.584544102 cubic 102.529 2.520 88 1460 12.000000 88 9101678 9165917 0 6282 6237 44 0
2025-12-08T01:57:29.513185 538478.091642910 cubic 101.440 0.170 124 1460 17.100000 124 17885038 17885037 1 12262 12260 0 0
2025-12-08T01:57:29.513185 538478.091642910 cubic 101.051 0.362 88 1460 12.200000 88 18651538 18651537 1 12789 12787 0 0
2025-12-08T01:57:29.513185 538478.091642910 cubic 101.023 0.021 63 1460 8.740000 61 18555178 18558097 1 12724 12721 0 2920
2025-12-08T01:57:29.513185 538478.091642910 cubic 119.322 40.817 10 1460 1.960000 65535 163 162 4 12 11 0 0
2025-12-08T01:57:29.513185 538478.091642910 cubic 103.775 0.073 88 1460 11.900000 88 9421418 9484197 0 6500 6456 43 0
2025-12-08T01:57:30.026367 538478.604820950 cubic 101.440 0.170 124 1460 17.100000 124 17885038 17885037 1 12262 12260 0 0
2025-12-08T01:57:30.026367 538478.604820950 cubic 101.051 0.362 88 1460 12.200000 88 18651538 18651537 1 12789 12787 0 0
2025-12-08T01:57:30.026367 538478.604820950 cubic 101.023 0.021 63 1460 8.740000 61 18555178 18558097 1 12724 12721 0 2920
2025-12-08T01:57:30.026367 538478.604820950 cubic 119.322 40.817 10 1460 1.960000 65535 163 162 4 12 11 0 0
2025-12-08T01:57:30.026367 538478.604820950 cubic 104.097 0.045 88 1460 11.800000 88 9736778 9799557 0 6716 6672 43 0
2025-12-08T01:57:30.538144 538479.116927632 cubic 101.440 0.170 124 1460 17.100000 124 17885038 17885037 1 12262 12260 0 0
2025-12-08T01:57:30.538144 538479.116927632 cubic 101.051 0.362 88 1460 12.200000 88 18651538 18651537 1 12789 12787 0 0
2025-12-08T01:57:30.538144 538479.116927632 cubic 101.023 0.021 63 1460 8.740000 61 18555178 18558097 1 12724 12721 0 2920
2025-12-08T01:57:30.538144 538479.116927632 cubic 119.322 40.817 10 1460 1.960000 65535 163 162 4 12 11 0 0
2025-12-08T01:57:30.538144 538479.116927632 cubic 102.624 1.356 88 1460 12.000000 88 10068198 10132437 0 6944 6899 44 0
2025-12-08T01:57:31.057025 538479.635470291 cubic 101.440 0.170 124 1460 17.100000 124 17885038 17885037 1 12262 12260 0 0
2025-12-08T01:57:31.057025 538479.635470291 cubic 101.051 0.362 88 1460 12.200000 88 18651538 18651537 1 12789 12787 0 0
2025-12-08T01:57:31.057025 538479.635470291 cubic 101.023 0.021 63 1460 8.740000 61 18555178 18558097 1 12724 12721 0 2920
2025-12-08T01:57:31.057025 538479.635470291 cubic 119.322 40.817 10 1460 1.960000 65535 163 162 4 12 11 0 0
2025-12-08T01:57:31.057025 538479.635470291 cubic 100.687 0.055 88 1460 12.200000 88 10389398 10453637 0 7164 7119 44 0
2025-12-08T01:57:31.566871 538480.146775320 cubic 101.440 0.170 124 1460 17.100000 124 17885038 17885037 1 12262 12260 0 0
2025-12-08T01:57:31.566871 538480.146775320 cubic 101.051 0.362 88 1460 12.200000 88 18651538 18651537 1 12789 12787 0 0
2025-12-08T01:57:31.566871 538480.146775320 cubic 101.023 0.021 63 1460 8.740000 61 18555178 18558097 1 12724 12721 0 2920
2025-12-08T01:57:31.566871 538480.146775320 cubic 119.322 40.817 10 1460 1.960000 65535 163 162 4 12 11 0 0
2025-12-08T01:57:31.566871 538480.146775320 cubic 102.195 0.772 88 1460 12.100000 88 10710598 10774837 0 7384 7339 44 0
2025-12-08T01:57:32.099153 538480.677568027 cubic 101.440 0.170 124 1460 17.100000 124 17885038 17885037 1 12262 12260 0 0
2025-12-08T01:57:32.099153 538480.677568027 cubic 101.051 0.362 88 1460 12.200000 88 18651538 18651537 1 12789 12787 0 0
2025-12-08T01:57:32.099153 538480.677568027 cubic 101.023 0.021 63 1460 8.740000 61 18555178 18558097 1 12724 12721 0 2920
2025-12-08T01:57:32.099153 538480.677568027 cubic 119.322 40.817 10 1460 1.960000 65535 163 162 4 12 11 0 0
2025-12-08T01:57:32.099153 538480.677568027 cubic 100.906 0.097 88 1460 12.200000 88 11031798 11096037 0 7604 7559 44 0
2025-12-08T01:57:32.609249 538481.187662199 cubic 101.440 0.170 124 1460 17.100000 124 17885038 17885037 1 12262 12260 0 0
2025-12-08T01:57:32.609249 538481.187662199 cubic 101.051 0.362 88 1460 12.200000 88 18651538 18651537 1 12789 12787 0 0
2025-12-08T01:57:32.609249 538481.187662199 cubic 101.023 0.021 63 1460 8.740000 61 18555178 18558097 1 12724 12721 0 2920
2025-12-08T01:57:32.609249 538481.187662199 cubic 119.322 40.817 10 1460 1.960000 65535 163 162 4 12 11 0 0
2025-12-08T01:57:32.609249 538481.187662199 cubic 100.748 0.037 88 1460 12.200000 88 11363218 11427457 0 7831 7786 44 0
2025-12-08T01:57:33.118428 538481.697001968 cubic 101.440 0.170 124 1460 17.100000 124 17885038 17885037 1 12262 12260 0 0
2025-12-08T01:57:33.118428 538481.697001968 cubic 101.051 0.362 88 1460 12.200000 88 18651538 18651537 1 12789 12787 0 0
2025-12-08T01:57:33.118428 538481.697001968 cubic 101.023 0.021 63 1460 8.740000 61 18555178 18558097 1 12724 12721 0 2920
2025-12-08T01:57:33.118428 538481.697001968 cubic 119.322 40.817 10 1460 1.960000 65535 163 162 4 12 11 0 0
2025-12-08T01:57:33.118428 538481.697001968 cubic 101.513 0.173 88 1460 12.200000 88 11684418 11748657 0 8051 8006 44 0
2025-12-08T01:57:33.628887 538482.207318469 cubic 101.440 0.170 124 1460 17.100000 124 17885038 17885037 1 12262 12260 0 0
2025-12-08T01:57:33.628887 538482.207318469 cubic 101.051 0.362 88 1460 12.200000 88 18651538 18651537 1 12789 12787 0 0
2025-12-08T01:57:33.628887 538482.207318469 cubic 101.023 0.021 63 1460 8.740000 61 18555178 18558097 1 12724 12721 0 2920
2025-12-08T01:57:33.628887 538482.207318469 cubic 119.322 40.817 10 1460 1.960000 65535 163 162 4 12 11 0 0
2025-12-08T01:57:33.628887 538482.207318469 cubic 102.193 0.513 88 1460 12.100000 88 12005618 12069857 0 8271 8226 44 0
2025-12-08T01:57:34.138352 538482.716792277 cubic 101.440 0.170 124 1460 17.100000 124 17885038 17885037 1 12262 12260 0 0
2025-12-08T01:57:34.138352 538482.716792277 cubic 101.051 0.362 88 1460 12.200000 88 18651538 18651537 1 12789 12787 0 0
2025-12-08T01:57:34.138352 538482.716792277 cubic 101.023 0.021 63 1460 8.740000 61 18555178 18558097 1 12724 12721 0 2920
2025-12-08T01:57:34.138352 538482.716792277 cubic 119.322 40.817 10 1460 1.960000 65535 163 162 4 12 11 0 0
2025-12-08T01:57:34.138352 538482.716792277 cubic 101.856 0.329 88 1460 12.100000 88 12326818 12391057 0 8491 8446 44 0
2025-12-08T01:57:34.658872 538483.238296718 cubic 101.440 0.170 124 1460 17.100000 124 17885038 17885037 1 12262 12260 0 0
2025-12-08T01:57:34.658872 538483.238296718 cubic 101.051 0.362 88 1460 12.200000 88 18651538 18651537 1 12789 12787 0 0
2025-12-08T01:57:34.658872 538483.238296718 cubic 101.023 0.021 63 1460 8.740000 61 18555178 18558097 1 12724 12721 0 2920
2025-12-08T01:57:34.658872 538483.238296718 cubic 119.322 40.817 10 1460 1.960000 65535 163 162 4 12 11 0 0
2025-12-08T01:57:34.658872 538483.238296718 cubic 102.657 1.361 88 1460 12.000000 88 12653858 12716637 0 8714 8670 43 0
2025-12-08T01:57:35.203092 538483.781506427 cubic 101.440 0.170 124 1460 17.100000 124 17885038 17885037 1 12262 12260 0 0
2025-12-08T01:57:35.203092 538483.781506427 cubic 101.051 0.362 88 1460 12.200000 88 18651538 18651537 1 12789 12787 0 0
2025-12-08T01:57:35.203092 538483.781506427 cubic 101.023 0.021 63 1460 8.740000 61 18555178 18558097 1 12724 12721 0 2920
2025-12-08T01:57:35.203092 538483.781506427 cubic 119.322 40.817 10 1460 1.960000 65535 163 162 4 12 11 0 0
2025-12-08T01:57:35.203092 538483.781506427 cubic 101.394 0.330 88 1460 12.200000 88 12973598 13037837 0 8934 8889 44 0
2025-12-08T01:57:35.715643 538484.294057099 cubic 101.440 0.170 124 1460 17.100000 124 17885038 17885037 1 12262 12260 0 0
2025-12-08T01:57:35.715643 538484.294057099 cubic 101.051 0.362 88 1460 12.200000 88 18651538 18651537 1 12789 12787 0 0
2025-12-08T01:57:35.715643 538484.294057099 cubic 101.023 0.021 63 1460 8.740000 61 18555178 18558097 1 12724 12721 0 2920
2025-12-08T01:57:35.715643 538484.294057099 cubic 119.322 40.817 10 1460 1.960000 65535 163 162 4 12 11 0 0
2025-12-08T01:57:35.715643 538484.294057099 cubic 101.188 0.246 88 1460 12.200000 88 13296258 13360497 0 9155 9110 44 0
2025-12-08T01:57:36.227135 538484.805545330 cubic 101.440 0.170 124 1460 17.100000 124 17885038 17885037 1 12262 12260 0 0
2025-12-08T01:57:36.227135 538484.805545330 cubic 101.051 0.362 88 1460 12.200000 88 18651538 18651537 1 12789 12787 0 0
2025-12-08T01:57:36.227135 538484.805545330 cubic 101.023 0.021 63 1460 8.740000 61 18555178 18558097 1 12724 12721 0 2920
2025-12-08T01:57:36.227135 538484.805545330 cubic 119.322 40.817 10 1460 1.960000 65535 163 162 4 12 11 0 0
2025-12-08T01:57:36.227135 538484.805545330 cubic 100.770 0.121 88 1460 12.200000 88 13617458 13681697 0 9375 9330 44 0
2025-12-08T01:57:36.737066 538485.315491086 cubic 101.440 0.170 124 1460 17.100000 124 17885038 17885037 1 12262 12260 0 0
2025-12-08T01:57:36.737066 538485.315491086 cubic 101.051 0.362 88 1460 12.200000 88 18651538 18651537 1 12789 12787 0 0
2025-12-08T01:57:36.737066 538485.315491086 cubic 101.023 0.021 63 1460 8.740000 61 18555178 18558097 1 12724 12721 0 2920
2025-12-08T01:57:36.737066 538485.315491086 cubic 119.322 40.817 10 1460 1.960000 65535 163 162 4 12 11 0 0
2025-12-08T01:57:36.737066 538485.315491086 cubic 102.761 0.451 88 1460 12.000000 88 13966398 14030637 0 9614 9569 44 0
2025-12-08T01:57:37.250608 538485.829032200 cubic 101.440 0.170 124 1460 17.100000 124 17885038 17885037 1 12262 12260 0 0
2025-12-08T01:57:37.250608 538485.829032200 cubic 101.051 0.362 88 1460 12.200000 88 18651538 18651537 1 12789 12787 0 0
2025-12-08T01:57:37.250608 538485.829032200 cubic 101.023 0.021 63 1460 8.740000 61 18555178 18558097 1 12724 12721 0 2920
2025-12-08T01:57:37.250608 538485.829032200 cubic 119.322 40.817 10 1460 1.960000 65535 163 162 4 12 11 0 0
2025-12-08T01:57:37.250608 538485.829032200 cubic 100.453 0.145 88 1460 12.300000 88 14287598 14351837 0 9834 9789 44 0
2025-12-08T01:57:37.761677 538486.340100270 cubic 101.440 0.170 124 1460 17.100000 124 17885038 17885037 1 12262 12260 0 0
2025-12-08T01:57:37.761677 538486.340100270 cubic 101.051 0.362 88 1460 12.200000 88 18651538 18651537 1 12789 12787 0 0
2025-12-08T01:57:37.761677 538486.340100270 cubic 101.023 0.021 63 1460 8.740000 61 18555178 18558097 1 12724 12721 0 2920
2025-12-08T01:57:37.761677 538486.340100270 cubic 119.322 40.817 10 1460 1.960000 65535 163 162 4 12 11 0 0
2025-12-08T01:57:37.761677 538486.340100270 cubic 101.570 0.043 88 1460 12.100000 88 14629238 14693477 0 10068 10023 44 0
2025-12-08T01:57:38.275473 538486.853968544 cubic 101.440 0.170 124 1460 17.100000 124 17885038 17885037 1 12262 12260 0 0
2025-12-08T01:57:38.275473 538486.853968544 cubic 101.051 0.362 88 1460 12.200000 88 18651538 18651537 1 12789 12787 0 0
2025-12-08T01:57:38.275473 538486.853968544 cubic 101.023 0.021 63 1460 8.740000 61 18555178 18558097 1 12724 12721 0 2920
2025-12-08T01:57:38.275473 538486.853968544 cubic 119.322 40.817 10 1460 1.960000 65535 163 162 4 12 11 0 0
2025-12-08T01:57:38.275473 538486.853968544 cubic 101.415 0.517 88 1460 12.200000 88 14950438 15014677 0 10288 10243 44 0
2025-12-08T01:57:38.789662 538487.368077606 cubic 101.440 0.170 124 1460 17.100000 124 17885038 17885037 1 12262 12260 0 0
2025-12-08T01:57:38.789662 538487.368077606 cubic 101.051 0.362 88 1460 12.200000 88 18651538 18651537 1 12789 12787 0 0
2025-12-08T01:57:38.789662 538487.368077606 cubic 101.023 0.021 63 1460 8.740000 61 18555178 18558097 1 12724 12721 0 2920
2025-12-08T01:57:38.789662 538487.368077606 cubic 119.322 40.817 10 1460 1.960000 65535 163 162 4 12 11 0 0
2025-12-08T01:57:38.789662 538487.368077606 cubic 100.866 0.631 88 1460 12.200000 88 15271638 15335877 0 10508 10463 44 0
2025-12-08T01:57:39.302456 538487.880880355 cubic 101.440 0.170 124 1460 17.100000 124 17885038 17885037 1 12262 12260 0 0
2025-12-08T01:57:39.302456 538487.880880355 cubic 101.051 0.362 88 1460 12.200000 88 18651538 18651537 1 12789 12787 0 0
2025-12-08T01:57:39.302456 538487.880880355 cubic 101.023 0.021 63 1460 8.740000 61 18555178 18558097 1 12724 12721 0 2920
2025-12-08T01:57:39.302456 538487.880880355 cubic 119.322 40.817 10 1460 1.960000 65535 163 162 4 12 11 0 0
2025-12-08T01:57:39.302456 538487.880880355 cubic 101.182 0.146 88 1460 12.200000 88 15603058 15667297 0 10735 10690 44 0
2025-12-08T01:57:39.812205 538488.390635154 cubic 101.440 0.170 124 1460 17.100000 124 17885038 17885037 1 12262 12260 0 0
2025-12-08T01:57:39.812205 538488.390635154 cubic 101.051 0.362 88 1460 12.200000 88 18651538 18651537 1 12789 12787 0 0
2025-12-08T01:57:39.812205 538488.390635154 cubic 101.023 0.021 63 1460 8.740000 61 18555178 18558097 1 12724 12721 0 2920
2025-12-08T01:57:39.812205 538488.390635154 cubic 119.322 40.817 10 1460 1.960000 65535 163 162 4 12 11 0 0
2025-12-08T01:57:39.812205 538488.390635154 cubic 105.645 1.814 88 1460 11.700000 88 15928638 15991417 0 10957 10913 43 0
2025-12-08T01:57:40.326303 538488.904726507 cubic 101.440 0.170 124 1460 17.100000 124 17885038 17885037 1 12262 12260 0 0
2025-12-08T01:57:40.326303 538488.904726507 cubic 101.051 0.362 88 1460 12.200000 88 18651538 18651537 1 12789 12787 0 0
2025-12-08T01:57:40.326303 538488.904726507 cubic 101.023 0.021 63 1460 8.740000 61 18555178 18558097 1 12724 12721 0 2920
2025-12-08T01:57:40.326303 538488.904726507 cubic 119.322 40.817 10 1460 1.960000 65535 163 162 4 12 11 0 0
2025-12-08T01:57:40.326303 538488.904726507 cubic 100.561 0.075 88 1460 12.300000 88 16248378 16312617 0 11177 11132 44 0
2025-12-08T01:57:40.835141 538489.413573070 cubic 101.440 0.170 124 1460 17.100000 124 17885038 17885037 1 12262 12260 0 0
2025-12-08T01:57:40.835141 538489.413573070 cubic 101.051 0.362 88 1460 12.200000 88 18651538 18651537 1 12789 12787 0 0
2025-12-08T01:57:40.835141 538489.413573070 cubic 101.023 0.021 63 1460 8.740000 61 18555178 18558097 1 12724 12721 0 2920
2025-12-08T01:57:40.835141 538489.413573070 cubic 119.322 40.817 10 1460 1.960000 65535 163 162 4 12 11 0 0
2025-12-08T01:57:40.835141 538489.413573070 cubic 100.591 0.164 88 1460 12.300000 88 16568118 16632357 0 11396 11351 44 0
2025-12-08T01:57:41.349233 538489.927654339 cubic 101.440 0.170 124 1460 17.100000 124 17885038 17885037 1 12262 12260 0 0
2025-12-08T01:57:41.349233 538489.927654339 cubic 101.051 0.362 88 1460 12.200000 88 18651538 18651537 1 12789 12787 0 0
2025-12-08T01:57:41.349233 538489.927654339 cubic 101.023 0.021 63 1460 8.740000 61 18555178 18558097 1 12724 12721 0 2920
2025-12-08T01:57:41.349233 538489.927654339 cubic 119.322 40.817 10 1460 1.960000 65535 163 162 4 12 11 0 0
2025-12-08T01:57:41.349233 538489.927654339 cubic 100.976 0.176 88 1460 12.200000 88 16887858 16952097 0 11615 11570 44 0
2025-12-08T01:57:41.865384 538490.443828531 cubic 101.440 0.170 124 1460 17.100000 124 17885038 17885037 1 12262 12260 0 0
2025-12-08T01:57:41.865384 538490.443828531 cubic 101.051 0.362 88 1460 12.200000 88 18651538 18651537 1 12789 12787 0 0
2025-12-08T01:57:41.865384 538490.443828531 cubic 101.023 0.021 63 1460 8.740000 61 18555178 18558097 1 12724 12721 0 2920
2025-12-08T01:57:41.865384 538490.443828531 cubic 119.322 40.817 10 1460 1.960000 65535 163 162 4 12 11 0 0
2025-12-08T01:57:41.865384 538490.443828531 cubic 102.669 0.255 88 1460 12.000000 88 17209058 17273297 0 11835 11790 44 0
2025-12-08T01:57:42.379887 538490.958324626 cubic 101.440 0.170 124 1460 17.100000 124 17885038 17885037 1 12262 12260 0 0
2025-12-08T01:57:42.379887 538490.958324626 cubic 101.051 0.362 88 1460 12.200000 88 18651538 18651537 1 12789 12787 0 0
2025-12-08T01:57:42.379887 538490.958324626 cubic 101.023 0.021 63 1460 8.740000 61 18555178 18558097 1 12724 12721 0 2920
2025-12-08T01:57:42.379887 538490.958324626 cubic 119.322 40.817 10 1460 1.960000 65535 163 162 4 12 11 0 0
2025-12-08T01:57:42.379887 538490.958324626 cubic 101.470 0.364 88 1460 12.200000 88 17530258 17594497 0 12055 12010 44 0
2025-12-08T01:57:42.897774 538491.476263789 cubic 101.440 0.170 124 1460 17.100000 124 17885038 17885037 1 12262 12260 0 0
2025-12-08T01:57:42.897774 538491.476263789 cubic 101.051 0.362 88 1460 12.200000 88 18651538 18651537 1 12789 12787 0 0
2025-12-08T01:57:42.897774 538491.476263789 cubic 101.023 0.021 63 1460 8.740000 61 18555178 18558097 1 12724 12721 0 2920
2025-12-08T01:57:42.897774 538491.476263789 cubic 119.322 40.817 10 1460 1.960000 65535 163 162 4 12 11 0 0
2025-12-08T01:57:42.897774 538491.476263789 cubic 101.696 1.734 88 1460 12.100000 88 17852918 17917157 0 12276 12231 44 0
2025-12-08T01:57:43.414043 538491.992491354 cubic 101.440 0.170 124 1460 17.100000 124 17885038 17885037 1 12262 12260 0 0
2025-12-08T01:57:43.414043 538491.992491354 cubic 101.051 0.362 88 1460 12.200000 88 18651538 18651537 1 12789 12787 0 0
2025-12-08T01:57:43.414043 538491.992491354 cubic 101.023 0.021 63 1460 8.740000 61 18555178 18558097 1 12724 12721 0 2920
2025-12-08T01:57:43.414043 538491.992491354 cubic 119.322 40.817 10 1460 1.960000 65535 163 162 4 12 11 0 0
2025-12-08T01:57:43.414043 538491.992491354 cubic 101.725 0.130 88 1460 12.100000 88 18174118 18238357 0 12496 12451 44 0
2025-12-08T01:57:43.929474 538492.507904766 cubic 101.440 0.170 124 1460 17.100000 124 17885038 17885037 1 12262 12260 0 0
2025-12-08T01:57:43.929474 538492.507904766 cubic 101.051 0.362 88 1460 12.200000 88 18651538 18651537 1 12789 12787 0 0
2025-12-08T01:57:43.929474 538492.507904766 cubic 101.023 0.021 63 1460 8.740000 61 18555178 18558097 1 12724 12721 0 2920
2025-12-08T01:57:43.929474 538492.507904766 cubic 119.322 40.817 10 1460 1.960000 65535 163 162 4 12 11 0 0
2025-12-08T01:57:43.929474 538492.507904766 cubic 102.280 1.121 88 1460 12.100000 88 18496778 18561017 0 12717 12672 44 0
2025-12-08T01:57:44.450450 538493.028861420 cubic 101.440 0.170 124 1460 17.100000 124 17885038 17885037 1 12262 12260 0 0
2025-12-08T01:57:44.450450 538493.028861420 cubic 101.051 0.362 88 1460 12.200000 88 18651538 18651537 1 12789 12787 0 0
2025-12-08T01:57:44.450450 538493.028861420 cubic 101.023 0.021 63 1460 8.740000 61 18555178 18558097 1 12724 12721 0 2920
2025-12-08T01:57:44.450450 538493.028861420 cubic 115.237 30.030 10 1460 2.030000 65535 168 451 5 17 15 1 0
2025-12-08T01:57:44.450450 538493.028861420 cubic 102.808 1.870 88 1460 12.000000 88 18817978 18869077 1 12930 12894 35 0
