wall_time monotonic algo rtt_ms rtt_var_ms cwnd mss pacing_mbps ssthresh bytes_acked bytes_sent bytes_received segs_out segs_in unacked retrans_total
2025-12-08T02:31:13.557902 540502.136398425 cubic 200.777 0.049 88 1460 6.140000 88 9533838 9533837 1 6544 6542 0 0
2025-12-08T02:31:13.557902 540502.136398425 cubic 201.154 0.380 47 1460 3.270000 44 9170298 9176137 1 6299 6294 0 5840
2025-12-08T02:31:13.557902 540502.136398425 cubic 200.689 0.082 61 1460 4.260000 61 9443318 9446237 1 6479 6476 0 2920
2025-12-08T02:31:14.065823 540502.644276499 cubic 200.777 0.049 88 1460 6.140000 88 9533838 9533837 1 6544 6542 0 0
2025-12-08T02:31:14.065823 540502.644276499 cubic 201.154 0.380 47 1460 3.270000 44 9170298 9176137 1 6299 6294 0 5840
2025-12-08T02:31:14.065823 540502.644276499 cubic 231.536 97.002 10 1460 1.010000 65535 38 41 1 7 5 1 0
2025-12-08T02:31:14.065823 540502.644276499 cubic 200.689 0.082 61 1460 4.260000 61 9443318 9446237 1 6479 6476 0 2920
2025-12-08T02:31:14.580900 540503.159352448 cubic 200.777 0.049 88 1460 6.140000 88 9533838 9533837 1 6544 6542 0 0
2025-12-08T02:31:14.580900 540503.159352448 cubic 225.550 112.775 10 1460 1.030000 65535 1 37 0 3 1 1 0
2025-12-08T02:31:14.580900 540503.159352448 cubic 201.154 0.380 47 1460 3.270000 44 9170298 9176137 1 6299 6294 0 5840
2025-12-08T02:31:14.580900 540503.159352448 cubic 224.386 66.931 10 1460 1.040000 65535 163 162 2 10 9 0 0
2025-12-08T02:31:14.580900 540503.159352448 cubic 200.689 0.082 61 1460 4.260000 61 9443318 9446237 1 6480 6477 0 2920
2025-12-08T02:31:15.094894 540503.673329084 cubic 200.777 0.049 88 1460 6.140000 88 9533838 9533837 1 6544 6542 0 0
2025-12-08T02:31:15.094894 540503.673329084 cubic 207.166 13.508 20 1460 2.260000 65535 14638 43837 0 34 13 20 0
2025-12-08T02:31:15.094894 540503.673329084 cubic 201.154 0.380 47 1460 3.270000 44 9170298 9176137 1 6299 6294 0 5840
2025-12-08T02:31:15.094894 540503.673329084 cubic 224.386 66.931 10 1460 1.040000 65535 163 162 4 13 12 0 0
2025-12-08T02:31:15.094894 540503.673329084 cubic 200.689 0.082 61 1460 4.260000 61 9443318 9446237 1 6480 6477 0 2920
2025-12-08T02:31:15.602579 540504.181014112 cubic 200.777 0.049 88 1460 6.140000 88 9533838 9533837 1 6544 6542 0 0
2025-12-08T02:31:15.602579 540504.181014112 cubic 203.672 0.610 80 1460 9.180000 65535 102238 166477 0 118 73 44 0
2025-12-08T02:31:15.602579 540504.181014112 cubic 201.154 0.380 47 1460 3.270000 44 9170298 9176137 1 6299 6294 0 5840
2025-12-08T02:31:15.602579 540504.181014112 cubic 224.386 66.931 10 1460 1.040000 65535 163 162 4 13 12 0 0
2025-12-08T02:31:15.602579 540504.181014112 cubic 200.689 0.082 61 1460 4.260000 61 9443318 9446237 1 6480 6477 0 2920
2025-12-08T02:31:16.114199 540504.692720053 cubic 200.777 0.049 88 1460 6.140000 88 9533838 9533837 1 6544 6542 0 0
2025-12-08T02:31:16.114199 540504.692720053 cubic 204.650 0.878 88 1460 10.000000 65535 294958 359197 0 250 205 44 0
2025-12-08T02:31:16.114199 540504.692720053 cubic 201.154 0.380 47 1460 3.270000 44 9170298 9176137 1 6299 6294 0 5840
2025-12-08T02:31:16.114199 540504.692720053 cubic 224.386 66.931 10 1460 1.040000 65535 163 162 4 13 12 0 0
2025-12-08T02:31:16.114199 540504.692720053 cubic 200.689 0.082 61 1460 4.260000 61 9443318 9446237 1 6480 6477 0 2920
2025-12-08T02:31:16.632850 540505.211332429 cubic 200.777 0.049 88 1460 6.140000 88 9533838 9533837 1 6544 6542 0 0
2025-12-08T02:31:16.632850 540505.211332429 cubic 200.682 0.195 88 1460 10.200000 65535 423438 487677 0 338 293 44 0
2025-12-08T02:31:16.632850 540505.211332429 cubic 201.154 0.380 47 1460 3.270000 44 9170298 9176137 1 6300 6294 0 5840
2025-12-08T02:31:16.632850 540505.211332429 cubic 224.386 66.931 10 1460 1.040000 65535 163 162 4 13 12 0 0
2025-12-08T02:31:16.632850 540505.211332429 cubic 200.689 0.082 61 1460 4.260000 61 9443318 9446237 1 6480 6477 0 2920
2025-12-08T02:31:17.153004 540505.731590588 cubic 200.777 0.049 88 1460 6.140000 88 9533838 9533837 1 6544 6542 0 0
2025-12-08T02:31:17.153004 540505.731590588 cubic 202.951 0.589 88 1460 10.100000 65535 613238 677477 0 468 423 44 0
2025-12-08T02:31:17.153004 540505.731590588 cubic 201.154 0.380 47 1460 3.270000 44 9170298 9176137 1 6300 6295 0 5840
2025-12-08T02:31:17.153004 540505.731590588 cubic 224.386 66.931 10 1460 1.040000 65535 163 162 4 13 12 0 0
2025-12-08T02:31:17.153004 540505.731590588 cubic 200.689 0.082 61 1460 4.260000 61 9443318 9446237 1 6480 6477 0 2920
2025-12-08T02:31:17.673229 540506.251649662 cubic 200.777 0.049 88 1460 6.140000 88 9533838 9533837 1 6544 6542 0 0
2025-12-08T02:31:17.673229 540506.251649662 cubic 200.518 0.094 88 1460 10.300000 65535 770918 835157 0 576 531 44 0
2025-12-08T02:31:17.673229 540506.251649662 cubic 201.154 0.380 47 1460 3.270000 44 9170298 9176137 1 6300 6295 0 5840
2025-12-08T02:31:17.673229 540506.251649662 cubic 224.386 66.931 10 1460 1.040000 65535 163 162 4 13 12 0 0
2025-12-08T02:31:17.673229 540506.251649662 cubic 200.689 0.082 61 1460 4.260000 61 9443318 9446237 1 6480 6477 0 2920
2025-12-08T02:31:18.180917 540506.759374303 cubic 200.777 0.049 88 1460 6.140000 88 9533838 9533837 1 6544 6542 0 0
2025-12-08T02:31:18.180917 540506.759374303 cubic 201.546 0.040 88 1460 10.200000 65535 934438 998677 0 688 643 44 0
2025-12-08T02:31:18.180917 540506.759374303 cubic 201.154 0.380 47 1460 3.270000 44 9170298 9176137 1 6300 6295 0 5840
2025-12-08T02:31:18.180917 540506.759374303 cubic 224.386 66.931 10 1460 1.040000 65535 163 162 4 13 12 0 0
2025-12-08T02:31:18.180917 540506.759374303 cubic 200.689 0.082 61 1460 4.260000 61 9443318 9446237 1 6481 6477 0 2920
2025-12-08T02:31:18.694162 540507.272596382 cubic 200.777 0.049 88 1460 6.140000 88 9533838 9533837 1 6544 6542 0 0
2025-12-08T02:31:18.694162 540507.272596382 cubic 200.695 0.101 88 1460 10.200000 65535 1127158 1191397 0 820 775 44 0
2025-12-08T02:31:18.694162 540507.272596382 cubic 201.154 0.380 47 1460 3.270000 44 9170298 9176137 1 6300 6295 0 5840
2025-12-08T02:31:18.694162 540507.272596382 cubic 224.386 66.931 10 1460 1.040000 65535 163 162 4 13 12 0 0
2025-12-08T02:31:18.694162 540507.272596382 cubic 200.689 0.082 61 1460 4.260000 61 9443318 9446237 1 6481 6478 0 2920
2025-12-08T02:31:19.204169 540507.782614044 cubic 200.777 0.049 88 1460 6.140000 88 9533838 9533837 1 6544 6542 0 0
2025-12-08T02:31:19.204169 540507.782614044 cubic 201.274 0.060 88 1460 10.200000 65535 1255638 1319877 0 908 863 44 0
2025-12-08T02:31:19.204169 540507.782614044 cubic 201.154 0.380 47 1460 3.270000 44 9170298 9176137 1 6300 6295 0 5840
2025-12-08T02:31:19.204169 540507.782614044 cubic 224.386 66.931 10 1460 1.040000 65535 163 162 4 13 12 0 0
2025-12-08T02:31:19.204169 540507.782614044 cubic 200.689 0.082 61 1460 4.260000 61 9443318 9446237 1 6481 6478 0 2920
2025-12-08T02:31:19.718105 540508.296547349 cubic 200.777 0.049 88 1460 6.140000 88 9533838 9533837 1 6544 6542 0 0
2025-12-08T02:31:19.718105 540508.296547349 cubic 206.703 3.020 88 1460 9.950000 65535 1448358 1512597 0 1040 995 44 0
2025-12-08T02:31:19.718105 540508.296547349 cubic 201.154 0.380 47 1460 3.270000 44 9170298 9176137 1 6300 6295 0 5840
2025-12-08T02:31:19.718105 540508.296547349 cubic 224.386 66.931 10 1460 1.040000 65535 163 162 4 13 12 0 0
2025-12-08T02:31:19.718105 540508.296547349 cubic 200.689 0.082 61 1460 4.260000 61 9443318 9446237 1 6481 6478 0 2920
2025-12-08T02:31:20.228118 540508.806619760 cubic 200.777 0.049 88 1460 6.140000 88 9533838 9533837 1 6544 6542 0 0
2025-12-08T02:31:20.228118 540508.806619760 cubic 202.583 1.293 88 1460 10.100000 65535 1576838 1641077 0 1128 1083 44 0
2025-12-08T02:31:20.228118 540508.806619760 cubic 201.154 0.380 47 1460 3.270000 44 9170298 9176137 1 6300 6295 0 5840
2025-12-08T02:31:20.228118 540508.806619760 cubic 224.386 66.931 10 1460 1.040000 65535 163 162 4 13 12 0 0
2025-12-08T02:31:20.228118 540508.806619760 cubic 200.689 0.082 61 1460 4.260000 61 9443318 9446237 1 6481 6478 0 2920
2025-12-08T02:31:20.748398 540509.326919117 cubic 200.777 0.049 88 1460 6.140000 88 9533838 9533837 1 6544 6542 0 0
2025-12-08T02:31:20.748398 540509.326919117 cubic 200.527 0.074 88 1460 10.300000 65535 1769558 1833797 0 1260 1215 44 0
2025-12-08T02:31:20.748398 540509.326919117 cubic 201.154 0.380 47 1460 3.270000 44 9170298 9176137 1 6300 6295 0 5840
2025-12-08T02:31:20.748398 540509.326919117 cubic 224.386 66.931 10 1460 1.040000 65535 163 162 4 13 12 0 0
2025-12-08T02:31:20.748398 540509.326919117 cubic 200.689 0.082 61 1460 4.260000 61 9443318 9446237 1 6481 6478 0 2920
2025-12-08T02:31:21.269688 540509.848228114 cubic 200.777 0.049 88 1460 6.140000 88 9533838 9533837 1 6544 6542 0 0
2025-12-08T02:31:21.269688 540509.848228114 cubic 207.593 3.143 88 1460 9.900000 65535 1898038 1962277 0 1348 1303 44 0
2025-12-08T02:31:21.269688 540509.848228114 cubic 201.154 0.380 47 1460 3.270000 44 9170298 9176137 1 6300 6295 0 5840
2025-12-08T02:31:21.269688 540509.848228114 cubic 224.386 66.931 10 1460 1.040000 65535 163 162 4 13 12 0 0
2025-12-08T02:31:21.269688 540509.848228114 cubic 200.689 0.082 61 1460 4.260000 61 9443318 9446237 1 6481 6478 0 2920
2025-12-08T02:31:21.788446 540510.366899980 cubic 200.777 0.049 88 1460 6.140000 88 9533838 9533837 1 6544 6542 0 0
2025-12-08T02:31:21.788446 540510.366899980 cubic 200.589 0.276 88 1460 10.200000 65535 2090758 2154997 0 1480 1435 44 0
2025-12-08T02:31:21.788446 540510.366899980 cubic 201.154 0.380 47 1460 3.270000 44 9170298 9176137 1 6300 6295 0 5840
2025-12-08T02:31:21.788446 540510.366899980 cubic 224.386 66.931 10 1460 1.040000 65535 163 162 4 13 12 0 0
2025-12-08T02:31:21.788446 540510.366899980 cubic 200.689 0.082 61 1460 4.260000 61 9443318 9446237 1 6481 6478 0 2920
2025-12-08T02:31:22.300784 540510.879215365 cubic 200.777 0.049 88 1460 6.140000 88 9533838 9533837 1 6544 6542 0 0
2025-12-08T02:31:22.300784 540510.879215365 cubic 201.828 0.299 88 1460 10.200000 65535 2246978 2311217 0 1587 1542 44 0
2025-12-08T02:31:22.300784 540510.879215365 cubic 201.154 0.380 47 1460 3.270000 44 9170298 9176137 1 6300 6295 0 5840
2025-12-08T02:31:22.300784 540510.879215365 cubic 224.386 66.931 10 1460 1.040000 65535 163 162 4 13 12 0 0
2025-12-08T02:31:22.300784 540510.879215365 cubic 200.689 0.082 61 1460 4.260000 61 9443318 9446237 1 6481 6478 0 2920
2025-12-08T02:31:22.814728 540511.393182321 cubic 200.777 0.049 88 1460 6.140000 88 9533838 9533837 1 6544 6542 0 0
2025-12-08T02:31:22.814728 540511.393182321 cubic 216.522 0.575 88 1460 9.490000 65535 2411958 2476197 0 1700 1655 44 0
2025-12-08T02:31:22.814728 540511.393182321 cubic 201.154 0.380 47 1460 3.270000 44 9170298 9176137 1 6300 6295 0 5840
2025-12-08T02:31:22.814728 540511.393182321 cubic 224.386 66.931 10 1460 1.040000 65535 163 162 4 13 12 0 0
2025-12-08T02:31:22.814728 540511.393182321 cubic 200.689 0.082 61 1460 4.260000 61 9443318 9446237 1 6481 6478 0 2920
2025-12-08T02:31:23.330659 540511.909346080 cubic 200.777 0.049 88 1460 6.140000 88 9533838 9533837 1 6544 6542 0 0
2025-12-08T02:31:23.330659 540511.909346080 cubic 202.228 2.127 88 1460 10.200000 65535 2566718 2629497 0 1805 1761 43 0
2025-12-08T02:31:23.330659 540511.909346080 cubic 201.154 0.380 47 1460 3.270000 44 9170298 9176137 1 6300 6295 0 5840
2025-12-08T02:31:23.330659 540511.909346080 cubic 224.386 66.931 10 1460 1.040000 65535 163 162 4 13 12 0 0
2025-12-08T02:31:23.330659 540511.909346080 cubic 200.689 0.082 61 1460 4.260000 61 9443318 9446237 1 6481 6478 0 2920
2025-12-08T02:31:23.861057 540512.439496034 cubic 200.777 0.049 88 1460 6.140000 88 9533838 9533837 1 6544 6542 0 0
2025-12-08T02:31:23.861057 540512.439496034 cubic 200.564 0.142 88 1460 10.200000 65535 2733158 2797397 0 1920 1875 44 0
2025-12-08T02:31:23.861057 540512.439496034 cubic 201.154 0.380 47 1460 3.270000 44 9170298 9176137 1 6300 6295 0 5840
2025-12-08T02:31:23.861057 540512.439496034 cubic 224.386 66.931 10 1460 1.040000 65535 163 162 4 13 12 0 0
2025-12-08T02:31:23.861057 540512.439496034 cubic 200.689 0.082 61 1460 4.260000 61 9443318 9446237 1 6481 6478 0 2920
2025-12-08T02:31:24.370883 540512.949344349 cubic 200.777 0.049 88 1460 6.140000 88 9533838 9533837 1 6544 6542 0 0
2025-12-08T02:31:24.370883 540512.949344349 cubic 206.064 0.945 88 1460 9.980000 65535 2925878 2990117 0 2052 2007 44 0
2025-12-08T02:31:24.370883 540512.949344349 cubic 201.154 0.380 47 1460 3.270000 44 9170298 9176137 1 6300 6295 0 5840
2025-12-08T02:31:24.370883 540512.949344349 cubic 224.386 66.931 10 1460 1.040000 65535 163 162 4 13 12 0 0
2025-12-08T02:31:24.370883 540512.949344349 cubic 200.689 0.082 61 1460 4.260000 61 9443318 9446237 1 6481 6478 0 2920
2025-12-08T02:31:24.902683 540513.481136791 cubic 200.777 0.049 88 1460 6.140000 88 9533838 9533837 1 6544 6542 0 0
2025-12-08T02:31:24.902683 540513.481136791 cubic 201.199 0.241 88 1460 10.200000 65535 3054358 3118597 0 2140 2095 44 0
2025-12-08T02:31:24.902683 540513.481136791 cubic 201.154 0.380 47 1460 3.270000 44 9170298 9176137 1 6300 6295 0 5840
2025-12-08T02:31:24.902683 540513.481136791 cubic 224.386 66.931 10 1460 1.040000 65535 163 162 4 13 12 0 0
2025-12-08T02:31:24.902683 540513.481136791 cubic 200.689 0.082 61 1460 4.260000 61 9443318 9446237 1 6481 6478 0 2920
2025-12-08T02:31:25.418679 540513.997128065 cubic 200.777 0.049 88 1460 6.140000 88 9533838 9533837 1 6544 6542 0 0
2025-12-08T02:31:25.418679 540513.997128065 cubic 202.450 0.218 88 1460 10.200000 65535 3247078 3311317 0 2272 2227 44 0
2025-12-08T02:31:25.418679 540513.997128065 cubic 201.154 0.380 47 1460 3.270000 44 9170298 9176137 1 6300 6295 0 5840
2025-12-08T02:31:25.418679 540513.997128065 cubic 224.386 66.931 10 1460 1.040000 65535 163 162 4 13 12 0 0
2025-12-08T02:31:25.418679 540513.997128065 cubic 200.689 0.082 61 1460 4.260000 61 9443318 9446237 1 6482 6479 0 2920
2025-12-08T02:31:25.934272 540514.512731006 cubic 200.777 0.049 88 1460 6.140000 88 9533838 9533837 1 6544 6542 0 0
2025-12-08T02:31:25.934272 540514.512731006 cubic 202.204 0.877 88 1460 10.200000 65535 3387238 3451477 0 2368 2323 44 0
2025-12-08T02:31:25.934272 540514.512731006 cubic 201.154 0.380 47 1460 3.270000 44 9170298 9176137 1 6300 6295 0 5840
2025-12-08T02:31:25.934272 540514.512731006 cubic 224.386 66.931 10 1460 1.040000 65535 163 162 4 13 12 0 0
2025-12-08T02:31:25.934272 540514.512731006 cubic 200.689 0.082 61 1460 4.260000 61 9443318 9446237 1 6482 6479 0 2920
2025-12-08T02:31:26.447178 540515.025623864 cubic 200.777 0.049 88 1460 6.140000 88 9533838 9533837 1 6544 6542 0 0
2025-12-08T02:31:26.447178 540515.025623864 cubic 202.026 0.084 88 1460 10.200000 65535 3568278 3632517 0 2492 2447 44 0
2025-12-08T02:31:26.447178 540515.025623864 cubic 201.154 0.380 47 1460 3.270000 44 9170298 9176137 1 6300 6295 0 5840
2025-12-08T02:31:26.447178 540515.025623864 cubic 224.386 66.931 10 1460 1.040000 65535 163 162 4 13 12 0 0
2025-12-08T02:31:26.447178 540515.025623864 cubic 200.689 0.082 61 1460 4.260000 61 9443318 9446237 1 6482 6479 0 2920
2025-12-08T02:31:26.957342 540515.535791225 cubic 200.777 0.049 88 1460 6.140000 88 9533838 9533837 1 6544 6542 0 0
2025-12-08T02:31:26.957342 540515.535791225 cubic 200.879 0.326 88 1460 10.200000 65535 3721578 3785817 0 2597 2552 44 0
2025-12-08T02:31:26.957342 540515.535791225 cubic 201.154 0.380 47 1460 3.270000 44 9170298 9176137 1 6300 6295 0 5840
2025-12-08T02:31:26.957342 540515.535791225 cubic 224.386 66.931 10 1460 1.040000 65535 163 162 4 13 12 0 0
2025-12-08T02:31:26.957342 540515.535791225 cubic 200.689 0.082 61 1460 4.260000 61 9443318 9446237 1 6482 6479 0 2920
2025-12-08T02:31:27.470519 540516.048975633 cubic 200.777 0.049 88 1460 6.140000 88 9533838 9533837 1 6544 6542 0 0
2025-12-08T02:31:27.470519 540516.048975633 cubic 201.245 0.424 88 1460 10.200000 65535 3889478 3953717 0 2712 2667 44 0
2025-12-08T02:31:27.470519 540516.048975633 cubic 201.154 0.380 47 1460 3.270000 44 9170298 9176137 1 6300 6295 0 5840
2025-12-08T02:31:27.470519 540516.048975633 cubic 224.386 66.931 10 1460 1.040000 65535 163 162 4 13 12 0 0
2025-12-08T02:31:27.470519 540516.048975633 cubic 200.689 0.082 61 1460 4.260000 61 9443318 9446237 1 6482 6479 0 2920
2025-12-08T02:31:27.985862 540516.564309600 cubic 200.777 0.049 88 1460 6.140000 88 9533838 9533837 1 6544 6542 0 0
2025-12-08T02:31:27.985862 540516.564309600 cubic 200.943 0.132 88 1460 10.200000 65535 4042778 4107017 0 2817 2772 44 0
2025-12-08T02:31:27.985862 540516.564309600 cubic 201.154 0.380 47 1460 3.270000 44 9170298 9176137 1 6300 6295 0 5840
2025-12-08T02:31:27.985862 540516.564309600 cubic 224.386 66.931 10 1460 1.040000 65535 163 162 4 13 12 0 0
2025-12-08T02:31:27.985862 540516.564309600 cubic 200.689 0.082 61 1460 4.260000 61 9443318 9446237 1 6482 6479 0 2920
2025-12-08T02:31:28.499526 540517.077986078 cubic 200.777 0.049 88 1460 6.140000 88 9533838 9533837 1 6544 6542 0 0
2025-12-08T02:31:28.499526 540517.077986078 cubic 201.010 0.250 88 1460 10.200000 65535 4210678 4274917 0 2932 2887 44 0
2025-12-08T02:31:28.499526 540517.077986078 cubic 201.154 0.380 47 1460 3.270000 44 9170298 9176137 1 6300 6295 0 5840
2025-12-08T02:31:28.499526 540517.077986078 cubic 224.386 66.931 10 1460 1.040000 65535 163 162 4 13 12 0 0
2025-12-08T02:31:28.499526 540517.077986078 cubic 200.689 0.082 61 1460 4.260000 61 9443318 9446237 1 6482 6479 0 2920
2025-12-08T02:31:29.020229 540517.598729709 cubic 200.777 0.049 88 1460 6.140000 88 9533838 9533837 1 6544 6542 0 0
2025-12-08T02:31:29.020229 540517.598729709 cubic 200.584 0.143 88 1460 10.200000 65535 4388798 4453037 0 3054 3009 44 0
2025-12-08T02:31:29.020229 540517.598729709 cubic 201.154 0.380 47 1460 3.270000 44 9170298 9176137 1 6300 6295 0 5840
2025-12-08T02:31:29.020229 540517.598729709 cubic 224.386 66.931 10 1460 1.040000 65535 163 162 4 13 12 0 0
2025-12-08T02:31:29.020229 540517.598729709 cubic 200.689 0.082 61 1460 4.260000 61 9443318 9446237 1 6482 6479 0 2920
2025-12-08T02:31:29.530136 540518.108560560 cubic 200.777 0.049 88 1460 6.140000 88 9533838 9533837 1 6544 6542 0 0
2025-12-08T02:31:29.530136 540518.108560560 cubic 200.991 0.242 88 1460 10.200000 65535 4531878 4596117 0 3152 3107 44 0
2025-12-08T02:31:29.530136 540518.108560560 cubic 201.154 0.380 47 1460 3.270000 44 9170298 9176137 1 6300 6295 0 5840
2025-12-08T02:31:29.530136 540518.108560560 cubic 224.386 66.931 10 1460 1.040000 65535 163 162 4 13 12 0 0
2025-12-08T02:31:29.530136 540518.108560560 cubic 200.689 0.082 61 1460 4.260000 61 9443318 9446237 1 6482 6479 0 2920
2025-12-08T02:31:30.067162 540518.647540549 cubic 200.777 0.049 88 1460 6.140000 88 9533838 9533837 1 6544 6542 0 0
2025-12-08T02:31:30.067162 540518.647540549 cubic 256.840 3.219 88 1460 4.800000 88 4724598 4788837 0 3284 3239 44 0
2025-12-08T02:31:30.067162 540518.647540549 cubic 201.154 0.380 47 1460 3.270000 44 9170298 9176137 1 6300 6295 0 5840
2025-12-08T02:31:30.067162 540518.647540549 cubic 224.386 66.931 10 1460 1.040000 65535 163 162 4 13 12 0 0
2025-12-08T02:31:30.067162 540518.647540549 cubic 200.689 0.082 61 1460 4.260000 61 9443318 9446237 1 6482 6479 0 2920
2025-12-08T02:31:30.710357 540519.288896838 cubic 200.777 0.049 88 1460 6.140000 88 9533838 9533837 1 6544 6542 0 0
2025-12-08T02:31:30.710357 540519.288896838 cubic 201.409 0.226 88 1460 6.120000 88 4917318 4981557 0 3416 3371 44 0
2025-12-08T02:31:30.710357 540519.288896838 cubic 201.154 0.380 47 1460 3.270000 44 9170298 9176137 1 6300 6295 0 5840
2025-12-08T02:31:30.710357 540519.288896838 cubic 224.386 66.931 10 1460 1.040000 65535 163 162 4 13 12 0 0
2025-12-08T02:31:30.710357 540519.288896838 cubic 200.689 0.082 61 1460 4.260000 61 9443318 9446237 1 6482 6479 0 2920
2025-12-08T02:31:31.226656 540519.805114663 cubic 200.777 0.049 88 1460 6.140000 88 9533838 9533837 1 6544 6542 0 0
2025-12-08T02:31:31.226656 540519.805114663 cubic 201.150 0.825 88 1460 6.130000 88 5047258 5111497 0 3505 3460 44 0
2025-12-08T02:31:31.226656 540519.805114663 cubic 201.154 0.380 47 1460 3.270000 44 9170298 9176137 1 6300 6295 0 5840
2025-12-08T02:31:31.226656 540519.805114663 cubic 224.386 66.931 10 1460 1.040000 65535 163 162 4 13 12 0 0
2025-12-08T02:31:31.226656 540519.805114663 cubic 200.689 0.082 61 1460 4.260000 61 9443318 9446237 1 6482 6479 0 2920
2025-12-08T02:31:31.740832 540520.319287916 cubic 200.777 0.049 88 1460 6.140000 88 9533838 9533837 1 6544 6542 0 0
2025-12-08T02:31:31.740832 540520.319287916 cubic 201.836 0.430 88 1460 6.110000 88 5238518 5302757 0 3636 3591 44 0
2025-12-08T02:31:31.740832 540520.319287916 cubic 201.154 0.380 47 1460 3.270000 44 9170298 9176137 1 6300 6295 0 5840
2025-12-08T02:31:31.740832 540520.319287916 cubic 224.386 66.931 10 1460 1.040000 65535 163 162 4 13 12 0 0
2025-12-08T02:31:31.740832 540520.319287916 cubic 200.689 0.082 61 1460 4.260000 61 9443318 9446237 1 6482 6479 0 2920
2025-12-08T02:31:32.257111 540520.835563316 cubic 200.777 0.049 88 1460 6.140000 88 9533838 9533837 1 6544 6542 0 0
2025-12-08T02:31:32.257111 540520.835563316 cubic 201.109 0.176 88 1460 6.130000 88 5381598 5445837 0 3734 3689 44 0
2025-12-08T02:31:32.257111 540520.835563316 cubic 201.154 0.380 47 1460 3.270000 44 9170298 9176137 1 6300 6295 0 5840
2025-12-08T02:31:32.257111 540520.835563316 cubic 224.386 66.931 10 1460 1.040000 65535 163 162 4 13 12 0 0
2025-12-08T02:31:32.257111 540520.835563316 cubic 200.689 0.082 61 1460 4.260000 61 9443318 9446237 1 6482 6479 0 2920
2025-12-08T02:31:32.772889 540521.351329688 cubic 200.777 0.049 88 1460 6.140000 88 9533838 9533837 1 6544 6542 0 0
2025-12-08T02:31:32.772889 540521.351329688 cubic 201.790 0.246 88 1460 6.110000 88 5559718 5623957 0 3856 3811 44 0
2025-12-08T02:31:32.772889 540521.351329688 cubic 201.154 0.380 47 1460 3.270000 44 9170298 9176137 1 6300 6295 0 5840
2025-12-08T02:31:32.772889 540521.351329688 cubic 224.386 66.931 10 1460 1.040000 65535 163 162 4 13 12 0 0
2025-12-08T02:31:32.772889 540521.351329688 cubic 200.689 0.082 61 1460 4.260000 61 9443318 9446237 1 6482 6479 0 2920
2025-12-08T02:31:33.288800 540521.867313910 cubic 200.777 0.049 88 1460 6.140000 88 9533838 9533837 1 6544 6542 0 0
2025-12-08T02:31:33.288800 540521.867313910 cubic 201.608 0.127 88 1460 6.120000 88 5704258 5768497 0 3955 3910 44 0
2025-12-08T02:31:33.288800 540521.867313910 cubic 201.154 0.380 47 1460 3.270000 44 9170298 9176137 1 6300 6295 0 5840
2025-12-08T02:31:33.288800 540521.867313910 cubic 224.386 66.931 10 1460 1.040000 65535 163 162 4 13 12 0 0
2025-12-08T02:31:33.288800 540521.867313910 cubic 200.689 0.082 61 1460 4.260000 61 9443318 9446237 1 6482 6479 0 2920
2025-12-08T02:31:33.800634 540522.379076754 cubic 200.777 0.049 88 1460 6.140000 88 9533838 9533837 1 6544 6542 0 0
2025-12-08T02:31:33.800634 540522.379076754 cubic 201.005 0.189 88 1460 6.140000 88 5880918 5945157 0 4076 4031 44 0
2025-12-08T02:31:33.800634 540522.379076754 cubic 201.154 0.380 47 1460 3.270000 44 9170298 9176137 1 6300 6295 0 5840
2025-12-08T02:31:33.800634 540522.379076754 cubic 224.386 66.931 10 1460 1.040000 65535 163 162 4 13 12 0 0
2025-12-08T02:31:33.800634 540522.379076754 cubic 200.689 0.082 61 1460 4.260000 61 9443318 9446237 1 6482 6479 0 2920
2025-12-08T02:31:34.312686 540522.891141648 cubic 200.777 0.049 88 1460 6.140000 88 9533838 9533837 1 6544 6542 0 0
2025-12-08T02:31:34.312686 540522.891141648 cubic 203.177 0.493 88 1460 6.070000 88 6053198 6117437 0 4194 4149 44 0
2025-12-08T02:31:34.312686 540522.891141648 cubic 201.154 0.380 47 1460 3.270000 44 9170298 9176137 1 6300 6295 0 5840
2025-12-08T02:31:34.312686 540522.891141648 cubic 224.386 66.931 10 1460 1.040000 65535 163 162 4 13 12 0 0
2025-12-08T02:31:34.312686 540522.891141648 cubic 200.689 0.082 61 1460 4.260000 61 9443318 9446237 1 6482 6479 0 2920
2025-12-08T02:31:34.829961 540523.408408604 cubic 200.777 0.049 88 1460 6.140000 88 9533838 9533837 1 6544 6542 0 0
2025-12-08T02:31:34.829961 540523.408408604 cubic 202.491 0.530 88 1460 6.090000 88 6203578 6267817 0 4297 4252 44 0
2025-12-08T02:31:34.829961 540523.408408604 cubic 201.154 0.380 47 1460 3.270000 44 9170298 9176137 1 6300 6295 0 5840
2025-12-08T02:31:34.829961 540523.408408604 cubic 224.386 66.931 10 1460 1.040000 65535 163 162 4 13 12 0 0
2025-12-08T02:31:34.829961 540523.408408604 cubic 200.689 0.082 61 1460 4.260000 61 9443318 9446237 1 6482 6479 0 2920
2025-12-08T02:31:35.345002 540523.923465257 cubic 200.777 0.049 88 1460 6.140000 88 9533838 9533837 1 6544 6542 0 0
2025-12-08T02:31:35.345002 540523.923465257 cubic 201.371 0.445 88 1460 6.130000 88 6394838 6457617 0 4427 4383 43 0
2025-12-08T02:31:35.345002 540523.923465257 cubic 201.154 0.380 47 1460 3.270000 44 9170298 9176137 1 6300 6295 0 5840
2025-12-08T02:31:35.345002 540523.923465257 cubic 224.386 66.931 10 1460 1.040000 65535 163 162 4 13 12 0 0
2025-12-08T02:31:35.345002 540523.923465257 cubic 200.689 0.082 61 1460 4.260000 61 9443318 9446237 1 6482 6479 0 2920
2025-12-08T02:31:35.860571 540524.439027354 cubic 200.777 0.049 88 1460 6.140000 88 9533838 9533837 1 6544 6542 0 0
2025-12-08T02:31:35.860571 540524.439027354 cubic 201.112 0.526 88 1460 6.130000 88 6523318 6586097 0 4515 4471 43 0
2025-12-08T02:31:35.860571 540524.439027354 cubic 201.154 0.380 47 1460 3.270000 44 9170298 9176137 1 6300 6295 0 5840
2025-12-08T02:31:35.860571 540524.439027354 cubic 224.386 66.931 10 1460 1.040000 65535 163 162 4 13 12 0 0
2025-12-08T02:31:35.860571 540524.439027354 cubic 200.689 0.082 61 1460 4.260000 61 9443318 9446237 1 6482 6479 0 2920
2025-12-08T02:31:36.372791 540524.951239854 cubic 200.777 0.049 88 1460 6.140000 88 9533838 9533837 1 6544 6542 0 0
2025-12-08T02:31:36.372791 540524.951239854 cubic 201.487 0.158 88 1460 6.120000 88 6713118 6777357 0 4646 4601 44 0
2025-12-08T02:31:36.372791 540524.951239854 cubic 201.154 0.380 47 1460 3.270000 44 9170298 9176137 1 6300 6295 0 5840
2025-12-08T02:31:36.372791 540524.951239854 cubic 224.386 66.931 10 1460 1.040000 65535 163 162 4 13 12 0 0
2025-12-08T02:31:36.372791 540524.951239854 cubic 200.689 0.082 61 1460 4.260000 61 9443318 9446237 1 6482 6479 0 2920
2025-12-08T02:31:36.887368 540525.465826556 cubic 200.777 0.049 88 1460 6.140000 88 9533838 9533837 1 6544 6542 0 0
2025-12-08T02:31:36.887368 540525.465826556 cubic 201.048 0.253 88 1460 6.130000 88 6859118 6923357 0 4746 4701 44 0
2025-12-08T02:31:36.887368 540525.465826556 cubic 201.154 0.380 47 1460 3.270000 44 9170298 9176137 1 6300 6295 0 5840
2025-12-08T02:31:36.887368 540525.465826556 cubic 224.386 66.931 10 1460 1.040000 65535 163 162 4 13 12 0 0
2025-12-08T02:31:36.887368 540525.465826556 cubic 200.689 0.082 61 1460 4.260000 61 9443318 9446237 1 6482 6479 0 2920
2025-12-08T02:31:37.403595 540525.982161567 cubic 200.777 0.049 88 1460 6.140000 88 9533838 9533837 1 6544 6542 0 0
2025-12-08T02:31:37.403595 540525.982161567 cubic 201.503 0.549 88 1460 6.120000 88 7034318 7098557 0 4866 4821 44 0
2025-12-08T02:31:37.403595 540525.982161567 cubic 201.154 0.380 47 1460 3.270000 44 9170298 9176137 1 6300 6295 0 5840
2025-12-08T02:31:37.403595 540525.982161567 cubic 224.386 66.931 10 1460 1.040000 65535 163 162 4 13 12 0 0
2025-12-08T02:31:37.403595 540525.982161567 cubic 200.689 0.082 61 1460 4.260000 61 9443318 9446237 1 6482 6479 0 2920
2025-12-08T02:31:37.915031 540526.493487744 cubic 200.777 0.049 88 1460 6.140000 88 9533838 9533837 1 6544 6542 0 0
2025-12-08T02:31:37.915031 540526.493487744 cubic 201.267 0.388 88 1460 6.130000 88 7180318 7244557 0 4966 4921 44 0
2025-12-08T02:31:37.915031 540526.493487744 cubic 201.154 0.380 47 1460 3.270000 44 9170298 9176137 1 6300 6295 0 5840
2025-12-08T02:31:37.915031 540526.493487744 cubic 224.386 66.931 10 1460 1.040000 65535 163 162 4 13 12 0 0
2025-12-08T02:31:37.915031 540526.493487744 cubic 200.689 0.082 61 1460 4.260000 61 9443318 9446237 1 6482 6479 0 2920
2025-12-08T02:31:38.430266 540527.008725206 cubic 200.777 0.049 88 1460 6.140000 88 9533838 9533837 1 6544 6542 0 0
2025-12-08T02:31:38.430266 540527.008725206 cubic 201.526 0.067 88 1460 6.120000 88 7355518 7418297 0 5085 5041 43 0
2025-12-08T02:31:38.430266 540527.008725206 cubic 201.154 0.380 47 1460 3.270000 44 9170298 9176137 1 6300 6295 0 5840
2025-12-08T02:31:38.430266 540527.008725206 cubic 224.386 66.931 10 1460 1.040000 65535 163 162 4 13 12 0 0
2025-12-08T02:31:38.430266 540527.008725206 cubic 200.689 0.082 61 1460 4.260000 61 9443318 9446237 1 6483 6480 0 2920
2025-12-08T02:31:38.946110 540527.524523190 cubic 200.777 0.049 88 1460 6.140000 88 9533838 9533837 1 6544 6542 0 0
2025-12-08T02:31:38.946110 540527.524523190 cubic 204.439 2.170 88 1460 6.030000 88 7501518 7565757 0 5186 5141 44 0
2025-12-08T02:31:38.946110 540527.524523190 cubic 201.154 0.380 47 1460 3.270000 44 9170298 9176137 1 6300 6295 0 5840
2025-12-08T02:31:38.946110 540527.524523190 cubic 224.386 66.931 10 1460 1.040000 65535 163 162 4 13 12 0 0
2025-12-08T02:31:38.946110 540527.524523190 cubic 200.689 0.082 61 1460 4.260000 61 9443318 9446237 1 6483 6480 0 2920
2025-12-08T02:31:39.453013 540528.031495836 cubic 200.777 0.049 88 1460 6.140000 88 9533838 9533837 1 6544 6542 0 0
2025-12-08T02:31:39.453013 540528.031495836 cubic 201.245 0.135 88 1460 6.130000 88 7675258 7739497 0 5305 5260 44 0
2025-12-08T02:31:39.453013 540528.031495836 cubic 201.154 0.380 47 1460 3.270000 44 9170298 9176137 1 6300 6295 0 5840
2025-12-08T02:31:39.453013 540528.031495836 cubic 224.386 66.931 10 1460 1.040000 65535 163 162 4 13 12 0 0
2025-12-08T02:31:39.453013 540528.031495836 cubic 200.689 0.082 61 1460 4.260000 61 9443318 9446237 1 6483 6480 0 2920
2025-12-08T02:31:39.962056 540528.540491263 cubic 200.777 0.049 88 1460 6.140000 88 9533838 9533837 1 6544 6542 0 0
2025-12-08T02:31:39.962056 540528.540491263 cubic 201.120 0.207 88 1460 6.130000 88 7830018 7894257 0 5411 5366 44 0
2025-12-08T02:31:39.962056 540528.540491263 cubic 201.154 0.380 47 1460 3.270000 44 9170298 9176137 1 6300 6295 0 5840
2025-12-08T02:31:39.962056 540528.540491263 cubic 224.386 66.931 10 1460 1.040000 65535 163 162 4 13 12 0 0
2025-12-08T02:31:39.962056 540528.540491263 cubic 200.689 0.082 61 1460 4.260000 61 9443318 9446237 1 6483 6480 0 2920
2025-12-08T02:31:40.478216 540529.056681910 cubic 200.777 0.049 88 1460 6.140000 88 9533838 9533837 1 6544 6542 0 0
2025-12-08T02:31:40.478216 540529.056681910 cubic 201.626 0.304 88 1460 6.120000 88 7997918 8062157 0 5526 5481 44 0
2025-12-08T02:31:40.478216 540529.056681910 cubic 201.154 0.380 47 1460 3.270000 44 9170298 9176137 1 6300 6295 0 5840
2025-12-08T02:31:40.478216 540529.056681910 cubic 224.386 66.931 10 1460 1.040000 65535 163 162 4 13 12 0 0
2025-12-08T02:31:40.478216 540529.056681910 cubic 200.689 0.082 61 1460 4.260000 61 9443318 9446237 1 6483 6480 0 2920
2025-12-08T02:31:40.993294 540529.571787091 cubic 200.777 0.049 88 1460 6.140000 88 9533838 9533837 1 6544 6542 0 0
2025-12-08T02:31:40.993294 540529.571787091 cubic 200.506 0.029 88 1460 6.150000 88 8189178 8253417 0 5657 5612 44 0
2025-12-08T02:31:40.993294 540529.571787091 cubic 201.154 0.380 47 1460 3.270000 44 9170298 9176137 1 6300 6295 0 5840
2025-12-08T02:31:40.993294 540529.571787091 cubic 224.386 66.931 10 1460 1.040000 65535 163 162 4 13 12 0 0
2025-12-08T02:31:40.993294 540529.571787091 cubic 200.689 0.082 61 1460 4.260000 61 9443318 9446237 1 6483 6480 0 2920
2025-12-08T02:31:41.503741 540530.082166407 cubic 200.777 0.049 88 1460 6.140000 88 9533838 9533837 1 6544 6542 0 0
2025-12-08T02:31:41.503741 540530.082166407 cubic 201.334 1.371 88 1460 6.130000 88 8319118 8383357 0 5746 5701 44 0
2025-12-08T02:31:41.503741 540530.082166407 cubic 201.154 0.380 47 1460 3.270000 44 9170298 9176137 1 6300 6295 0 5840
2025-12-08T02:31:41.503741 540530.082166407 cubic 224.386 66.931 10 1460 1.040000 65535 163 162 4 13 12 0 0
2025-12-08T02:31:41.503741 540530.082166407 cubic 200.689 0.082 61 1460 4.260000 61 9443318 9446237 1 6483 6480 0 2920
2025-12-08T02:31:42.014396 540530.592967219 cubic 200.777 0.049 88 1460 6.140000 88 9533838 9533837 1 6544 6542 0 0
2025-12-08T02:31:42.014396 540530.592967219 cubic 201.494 0.201 88 1460 6.120000 88 8510378 8574617 0 5877 5832 44 0
2025-12-08T02:31:42.014396 540530.592967219 cubic 201.154 0.380 47 1460 3.270000 44 9170298 9176137 1 6300 6295 0 5840
2025-12-08T02:31:42.014396 540530.592967219 cubic 224.386 66.931 10 1460 1.040000 65535 163 162 4 13 12 0 0
2025-12-08T02:31:42.014396 540530.592967219 cubic 200.689 0.082 61 1460 4.260000 61 9443318 9446237 1 6483 6480 0 2920
2025-12-08T02:31:42.526963 540531.105453639 cubic 200.777 0.049 88 1460 6.140000 88 9533838 9533837 1 6544 6542 0 0
2025-12-08T02:31:42.526963 540531.105453639 cubic 202.110 0.632 88 1460 6.100000 88 8640318 8704557 0 5966 5921 44 0
2025-12-08T02:31:42.526963 540531.105453639 cubic 201.154 0.380 47 1460 3.270000 44 9170298 9176137 1 6300 6295 0 5840
2025-12-08T02:31:42.526963 540531.105453639 cubic 224.386 66.931 10 1460 1.040000 65535 163 162 4 13 12 0 0
2025-12-08T02:31:42.526963 540531.105453639 cubic 200.689 0.082 61 1460 4.260000 61 9443318 9446237 1 6483 6480 0 2920
2025-12-08T02:31:43.040786 540531.619210421 cubic 200.777 0.049 88 1460 6.140000 88 9533838 9533837 1 6544 6542 0 0
2025-12-08T02:31:43.040786 540531.619210421 cubic 201.369 0.619 88 1460 6.130000 88 8828658 8892897 0 6095 6050 44 0
2025-12-08T02:31:43.040786 540531.619210421 cubic 201.154 0.380 47 1460 3.270000 44 9170298 9176137 1 6300 6295 0 5840
2025-12-08T02:31:43.040786 540531.619210421 cubic 224.386 66.931 10 1460 1.040000 65535 163 162 4 13 12 0 0
2025-12-08T02:31:43.040786 540531.619210421 cubic 200.689 0.082 61 1460 4.260000 61 9443318 9446237 1 6483 6480 0 2920
2025-12-08T02:31:43.550904 540532.129412712 cubic 200.777 0.049 88 1460 6.140000 88 9533838 9533837 1 6544 6542 0 0
2025-12-08T02:31:43.550904 540532.129412712 cubic 202.755 0.536 88 1460 6.080000 88 8979038 9043277 0 6198 6154 44 0
2025-12-08T02:31:43.550904 540532.129412712 cubic 201.154 0.380 47 1460 3.270000 44 9170298 9176137 1 6300 6295 0 5840
2025-12-08T02:31:43.550904 540532.129412712 cubic 224.386 66.931 10 1460 1.040000 65535 163 162 4 13 12 0 0
2025-12-08T02:31:43.550904 540532.129412712 cubic 200.689 0.082 61 1460 4.260000 61 9443318 9446237 1 6483 6480 0 2920
2025-12-08T02:31:44.072397 540532.650831205 cubic 200.777 0.049 88 1460 6.140000 88 9533838 9533837 1 6544 6542 0 0
2025-12-08T02:31:44.072397 540532.650831205 cubic 201.447 0.963 88 1460 6.120000 88 9120658 9184897 0 6295 6251 44 0
2025-12-08T02:31:44.072397 540532.650831205 cubic 201.154 0.380 47 1460 3.270000 44 9170298 9176137 1 6300 6295 0 5840
2025-12-08T02:31:44.072397 540532.650831205 cubic 224.386 66.931 10 1460 1.040000 65535 163 162 4 13 12 0 0
2025-12-08T02:31:44.072397 540532.650831205 cubic 200.689 0.082 61 1460 4.260000 61 9443318 9446237 1 6483 6480 0 2920
2025-12-08T02:31:44.582303 540533.161076864 cubic 200.777 0.049 88 1460 6.140000 88 9533838 9533837 1 6544 6542 0 0
2025-12-08T02:31:44.582303 540533.161076864 cubic 201.526 0.289 88 1460 6.120000 88 9301698 9365937 0 6419 6375 44 0
2025-12-08T02:31:44.582303 540533.161076864 cubic 201.154 0.380 47 1460 3.270000 44 9170298 9176137 1 6300 6295 0 5840
2025-12-08T02:31:44.582303 540533.161076864 cubic 224.386 66.931 10 1460 1.040000 65535 163 162 4 13 12 0 0
2025-12-08T02:31:44.582303 540533.161076864 cubic 200.689 0.082 61 1460 4.260000 61 9443318 9446237 1 6483 6480 0 2920
2025-12-08T02:31:45.103253 540533.681669654 cubic 200.777 0.049 88 1460 6.140000 88 9533838 9533837 1 6544 6542 0 0
2025-12-08T02:31:45.103253 540533.681669654 cubic 201.154 0.380 47 1460 3.270000 44 9170298 9176137 1 6300 6295 0 5840
2025-12-08T02:31:45.103253 540533.681669654 cubic 221.451 56.069 10 1460 1.050000 65535 164 167 5 16 14 1 0
2025-12-08T02:31:45.103253 540533.681669654 cubic 200.689 0.082 61 1460 4.260000 61 9443318 9446237 1 6483 6480 0 2920
