wall_time monotonic algo rtt_ms rtt_var_ms cwnd mss pacing_mbps ssthresh bytes_acked bytes_sent bytes_received segs_out segs_in unacked retrans_total
2025-12-08T01:00:21.799720 535050.378129102 cubic 51.768 0.322 40 1460 18.000000 65535 43838 102237 0 73 32 40 0
2025-12-08T01:00:21.799720 535050.378129102 cubic 70.393 31.552 10 1460 3.320000 65535 163 162 4 9 8 0 0
2025-12-08T01:00:22.306214 535050.884667677 cubic 51.972 0.203 89 1460 40.000000 65535 680398 744637 0 513 468 44 0
2025-12-08T01:00:22.306214 535050.884667677 cubic 70.393 31.552 10 1460 3.320000 65535 163 162 4 9 8 0 0
2025-12-08T01:00:22.817640 535051.396088503 cubic 50.753 0.125 89 1460 41.000000 65535 1322798 1387037 0 953 908 44 0
2025-12-08T01:00:22.817640 535051.396088503 cubic 70.393 31.552 10 1460 3.320000 65535 163 162 4 9 8 0 0
2025-12-08T01:00:23.330231 535051.908703890 cubic 50.389 0.063 89 1460 41.300000 65535 1941838 2006077 0 1377 1332 44 0
2025-12-08T01:00:23.330231 535051.908703890 cubic 70.393 31.552 10 1460 3.320000 65535 163 162 4 9 8 0 0
2025-12-08T01:00:23.839146 535052.417568669 cubic 50.622 0.296 89 1460 41.100000 65535 2569638 2633877 0 1807 1762 44 0
2025-12-08T01:00:23.839146 535052.417568669 cubic 70.393 31.552 10 1460 3.320000 65535 163 162 4 9 8 0 0
2025-12-08T01:00:24.350668 535052.929136609 cubic 51.475 0.167 89 1460 40.400000 65535 3187218 3251457 0 2230 2185 44 0
2025-12-08T01:00:24.350668 535052.929136609 cubic 70.393 31.552 10 1460 3.320000 65535 163 162 4 9 8 0 0
2025-12-08T01:00:24.864819 535053.443264423 cubic 50.614 0.302 89 1460 41.100000 65535 3848598 3911377 0 2682 2638 43 0
2025-12-08T01:00:24.864819 535053.443264423 cubic 70.393 31.552 10 1460 3.320000 65535 163 162 4 9 8 0 0
2025-12-08T01:00:25.379375 535053.957794143 cubic 50.359 0.056 89 1460 41.300000 65535 4472018 4536257 0 3110 3065 44 0
2025-12-08T01:00:25.379375 535053.957794143 cubic 70.393 31.552 10 1460 3.320000 65535 163 162 4 9 8 0 0
2025-12-08T01:00:25.884476 535054.462887264 cubic 52.980 1.156 89 1460 39.200000 65535 5114418 5178657 0 3550 3505 44 0
2025-12-08T01:00:25.884476 535054.462887264 cubic 70.393 31.552 10 1460 3.320000 65535 163 162 4 9 8 0 0
2025-12-08T01:00:26.390766 535054.969187779 cubic 52.313 0.228 89 1460 39.700000 65535 5755358 5819597 0 3989 3944 44 0
2025-12-08T01:00:26.390766 535054.969187779 cubic 70.393 31.552 10 1460 3.320000 65535 163 162 4 9 8 0 0
2025-12-08T01:00:26.904570 535055.482997671 cubic 53.278 0.372 89 1460 39.000000 65535 6397758 6461997 0 4429 4384 44 0
2025-12-08T01:00:26.904570 535055.482997671 cubic 70.393 31.552 10 1460 3.320000 65535 163 162 4 9 8 0 0
2025-12-08T01:00:27.415874 535055.994297933 cubic 51.524 0.653 89 1460 40.400000 65535 7040158 7104397 0 4869 4824 44 0
2025-12-08T01:00:27.415874 535055.994297933 cubic 70.393 31.552 10 1460 3.320000 65535 163 162 4 9 8 0 0
2025-12-08T01:00:27.931202 535056.509626003 cubic 54.031 1.640 89 1460 38.500000 65535 7682558 7746797 0 5309 5264 44 0
2025-12-08T01:00:27.931202 535056.509626003 cubic 70.393 31.552 10 1460 3.320000 65535 163 162 4 9 8 0 0
2025-12-08T01:00:28.443215 535057.021677330 cubic 52.878 1.663 89 1460 39.300000 65535 8324958 8389197 0 5749 5704 44 0
2025-12-08T01:00:28.443215 535057.021677330 cubic 70.393 31.552 10 1460 3.320000 65535 163 162 4 9 8 0 0
2025-12-08T01:00:28.963665 535057.542112479 cubic 61.216 0.998 89 1460 34.000000 65535 8965898 9030137 0 6188 6143 44 0
2025-12-08T01:00:28.963665 535057.542112479 cubic 70.393 31.552 10 1460 3.320000 65535 163 162 4 9 8 0 0
2025-12-08T01:00:29.485140 535058.063568981 cubic 50.410 0.086 89 1460 41.200000 65535 9590778 9655017 0 6616 6571 44 0
2025-12-08T01:00:29.485140 535058.063568981 cubic 70.393 31.552 10 1460 3.320000 65535 163 162 4 9 8 0 0
2025-12-08T01:00:29.995968 535058.574419864 cubic 60.344 0.579 89 1460 34.500000 65535 10231718 10295957 0 7055 7010 44 0
2025-12-08T01:00:29.995968 535058.574419864 cubic 70.393 31.552 10 1460 3.320000 65535 163 162 4 9 8 0 0
2025-12-08T01:00:30.515741 535059.094201971 cubic 52.905 0.380 89 1460 39.300000 65535 10847838 10912077 0 7477 7432 44 0
2025-12-08T01:00:30.515741 535059.094201971 cubic 70.393 31.552 10 1460 3.320000 65535 163 162 4 9 8 0 0
2025-12-08T01:00:31.039033 535059.617471021 cubic 53.555 1.579 89 1460 38.800000 65535 11472718 11536957 0 7905 7860 44 0
2025-12-08T01:00:31.039033 535059.617471021 cubic 70.393 31.552 10 1460 3.320000 65535 163 162 4 9 8 0 0
2025-12-08T01:00:31.561179 535060.139596376 cubic 50.669 0.111 89 1460 24.600000 89 12109278 12173517 0 8341 8296 44 0
2025-12-08T01:00:31.561179 535060.139596376 cubic 70.393 31.552 10 1460 3.320000 65535 163 162 4 9 8 0 0
2025-12-08T01:00:32.071185 535060.649608886 cubic 51.084 0.136 89 1460 24.400000 89 12751678 12815917 0 8781 8736 44 0
2025-12-08T01:00:32.071185 535060.649608886 cubic 70.393 31.552 10 1460 3.320000 65535 163 162 4 9 8 0 0
2025-12-08T01:00:32.584094 535061.162519054 cubic 50.784 0.381 89 1460 24.600000 89 13395538 13459777 0 9222 9177 44 0
2025-12-08T01:00:32.584094 535061.162519054 cubic 70.393 31.552 10 1460 3.320000 65535 163 162 4 9 8 0 0
2025-12-08T01:00:33.112528 535061.690963799 cubic 51.351 0.242 89 1460 24.300000 89 14042318 14106557 0 9665 9620 44 0
2025-12-08T01:00:33.112528 535061.690963799 cubic 70.393 31.552 10 1460 3.320000 65535 163 162 4 9 8 0 0
2025-12-08T01:00:33.624941 535062.203363720 cubic 51.380 1.348 89 1460 24.300000 89 14684718 14748957 0 10105 10060 44 0
2025-12-08T01:00:33.624941 535062.203363720 cubic 70.393 31.552 10 1460 3.320000 65535 163 162 4 9 8 0 0
2025-12-08T01:00:34.136071 535062.714491577 cubic 56.118 2.198 89 1460 22.200000 89 15338798 15403037 0 10553 10508 44 0
2025-12-08T01:00:34.136071 535062.714491577 cubic 70.393 31.552 10 1460 3.320000 65535 163 162 4 9 8 0 0
2025-12-08T01:00:34.655870 535063.234289121 cubic 51.759 1.447 89 1460 24.100000 89 15994338 16058577 0 11002 10957 44 0
2025-12-08T01:00:34.655870 535063.234289121 cubic 70.393 31.552 10 1460 3.320000 65535 163 162 4 9 8 0 0
2025-12-08T01:00:35.171559 535063.749997397 cubic 50.664 0.176 89 1460 24.600000 89 16623598 16687837 0 11433 11388 44 0
2025-12-08T01:00:35.171559 535063.749997397 cubic 70.393 31.552 10 1460 3.320000 65535 163 162 4 9 8 0 0
2025-12-08T01:00:35.681816 535064.260279217 cubic 61.584 2.691 89 1460 20.300000 89 17249938 17314177 0 11862 11817 44 0
2025-12-08T01:00:35.681816 535064.260279217 cubic 70.393 31.552 10 1460 3.320000 65535 163 162 4 9 8 0 0
2025-12-08T01:00:36.199859 535064.778328617 cubic 57.023 0.886 89 1460 21.900000 89 17918618 17981397 0 12319 12275 43 0
2025-12-08T01:00:36.199859 535064.778328617 cubic 70.393 31.552 10 1460 3.320000 65535 163 162 4 9 8 0 0
2025-12-08T01:00:36.725361 535065.303788100 cubic 55.049 1.852 89 1460 22.700000 89 18559558 18622337 0 12758 12714 43 0
2025-12-08T01:00:36.725361 535065.303788100 cubic 70.393 31.552 10 1460 3.320000 65535 163 162 4 9 8 0 0
2025-12-08T01:00:37.247555 535065.825994842 cubic 60.025 1.184 89 1460 20.800000 89 19199038 19263277 0 13197 13152 44 0
2025-12-08T01:00:37.247555 535065.825994842 cubic 70.393 31.552 10 1460 3.320000 65535 163 162 4 9 8 0 0
2025-12-08T01:00:37.769741 535066.348167957 cubic 50.854 0.173 89 1460 24.500000 89 19815158 19879397 0 13619 13574 44 0
2025-12-08T01:00:37.769741 535066.348167957 cubic 70.393 31.552 10 1460 3.320000 65535 163 162 4 9 8 0 0
2025-12-08T01:00:38.285732 535066.864176171 cubic 50.742 0.256 89 1460 24.600000 89 20454638 20518877 0 14057 14012 44 0
2025-12-08T01:00:38.285732 535066.864176171 cubic 70.393 31.552 10 1460 3.320000 65535 163 162 4 9 8 0 0
2025-12-08T01:00:38.796436 535067.374854594 cubic 51.375 0.101 89 1460 24.300000 89 21097038 21161277 0 14497 14452 44 0
2025-12-08T01:00:38.796436 535067.374854594 cubic 70.393 31.552 10 1460 3.320000 65535 163 162 4 9 8 0 0
2025-12-08T01:00:39.305836 535067.884295535 cubic 51.278 0.194 89 1460 24.300000 89 21739438 21803677 0 14937 14892 44 0
2025-12-08T01:00:39.305836 535067.884295535 cubic 70.393 31.552 10 1460 3.320000 65535 163 162 4 9 8 0 0
2025-12-08T01:00:39.825976 535068.404436381 cubic 51.031 0.018 89 1460 24.400000 89 22381838 22446077 0 15377 15332 44 0
2025-12-08T01:00:39.825976 535068.404436381 cubic 70.393 31.552 10 1460 3.320000 65535 163 162 4 9 8 0 0
2025-12-08T01:00:40.342524 535068.920954867 cubic 53.211 0.324 89 1460 23.400000 89 23024238 23088477 0 15817 15772 44 0
2025-12-08T01:00:40.342524 535068.920954867 cubic 70.393 31.552 10 1460 3.320000 65535 163 162 4 9 8 0 0
2025-12-08T01:00:40.858663 535069.437093858 cubic 50.387 0.033 89 1460 24.800000 89 23666638 23730877 0 16257 16212 44 0
2025-12-08T01:00:40.858663 535069.437093858 cubic 70.393 31.552 10 1460 3.320000 65535 163 162 4 9 8 0 0
2025-12-08T01:00:41.371591 535069.950032939 cubic 51.901 0.192 89 1460 24.000000 89 24309038 24373277 0 16697 16652 44 0
2025-12-08T01:00:41.371591 535069.950032939 cubic 70.393 31.552 10 1460 3.320000 65535 163 162 4 9 8 0 0
2025-12-08T01:00:41.893816 535070.472246616 cubic 50.875 0.349 89 1460 24.500000 89 24951438 25015677 0 17137 17092 44 0
2025-12-08T01:00:41.893816 535070.472246616 cubic 70.393 31.552 10 1460 3.320000 65535 163 162 4 9 8 0 0
2025-12-08T01:00:42.410296 535070.988731008 cubic 50.733 0.111 89 1460 24.600000 89 25593838 25658077 0 17577 17532 44 0
2025-12-08T01:00:42.410296 535070.988731008 cubic 70.393 31.552 10 1460 3.320000 65535 163 162 4 9 8 0 0
2025-12-08T01:00:42.928764 535071.507181909 cubic 50.516 0.053 89 1460 24.700000 89 26236238 26300477 0 18017 17972 44 0
2025-12-08T01:00:42.928764 535071.507181909 cubic 70.393 31.552 10 1460 3.320000 65535 163 162 4 9 8 0 0
2025-12-08T01:00:43.439844 535072.018289468 cubic 51.399 0.193 89 1460 24.300000 89 26878638 26942877 0 18457 18412 44 0
2025-12-08T01:00:43.439844 535072.018289468 cubic 70.393 31.552 10 1460 3.320000 65535 163 162 4 9 8 0 0
2025-12-08T01:00:43.954894 535072.533312920 cubic 51.694 0.090 89 1460 24.100000 89 27521038 27585277 0 18897 18852 44 0
2025-12-08T01:00:43.954894 535072.533312920 cubic 70.393 31.552 10 1460 3.320000 65535 163 162 4 9 8 0 0
2025-12-08T01:00:44.470182 535073.048633612 cubic 52.118 0.114 89 1460 23.900000 89 28163438 28227677 0 19337 19292 44 0
2025-12-08T01:00:44.470182 535073.048633612 cubic 70.393 31.552 10 1460 3.320000 65535 163 162 4 9 8 0 0
2025-12-08T01:00:44.985781 535073.564322757 cubic 50.920 0.101 89 1460 24.500000 89 28805838 28870077 0 19777 19732 44 0
2025-12-08T01:00:44.985781 535073.564322757 cubic 70.393 31.552 10 1460 3.320000 65535 163 162 4 9 8 0 0
2025-12-08T01:00:45.505683 535074.084110704 cubic 52.073 0.287 89 1460 24.000000 89 29448238 29512477 0 20217 20172 44 0
2025-12-08T01:00:45.505683 535074.084110704 cubic 70.393 31.552 10 1460 3.320000 65535 163 162 4 9 8 0 0
2025-12-08T01:00:46.021426 535074.599869634 cubic 50.582 0.069 89 1460 24.700000 89 30090638 30154877 0 20657 20612 44 0
2025-12-08T01:00:46.021426 535074.599869634 cubic 70.393 31.552 10 1460 3.320000 65535 163 162 4 9 8 0 0
2025-12-08T01:00:46.535565 535075.114066209 cubic 51.778 0.334 89 1460 24.100000 89 30733038 30797277 0 21097 21052 44 0
2025-12-08T01:00:46.535565 535075.114066209 cubic 70.393 31.552 10 1460 3.320000 65535 163 162 4 9 8 0 0
2025-12-08T01:00:47.058637 535075.637068139 cubic 51.716 1.049 89 1460 24.100000 89 31373978 31438217 0 21536 21491 44 0
2025-12-08T01:00:47.058637 535075.637068139 cubic 70.393 31.552 10 1460 3.320000 65535 163 162 4 9 8 0 0
2025-12-08T01:00:47.575795 535076.154421283 cubic 51.929 0.542 89 1460 24.000000 89 32016378 32080617 0 21976 21931 44 0
2025-12-08T01:00:47.575795 535076.154421283 cubic 70.393 31.552 10 1460 3.320000 65535 163 162 4 9 8 0 0
2025-12-08T01:00:48.091450 535076.670032830 cubic 50.197 0.010 89 1460 24.900000 89 32658778 32723017 0 22416 22371 44 0
2025-12-08T01:00:48.091450 535076.670032830 cubic 70.393 31.552 10 1460 3.320000 65535 163 162 4 9 8 0 0
2025-12-08T01:00:48.608528 535077.186966392 cubic 50.697 0.276 89 1460 24.600000 89 33299718 33363957 0 22855 22810 44 0
2025-12-08T01:00:48.608528 535077.186966392 cubic 70.393 31.552 10 1460 3.320000 65535 163 162 4 9 8 0 0
2025-12-08T01:00:49.123317 535077.701765405 cubic 51.325 0.309 89 1460 24.300000 89 33942118 34006357 0 23295 23250 44 0
2025-12-08T01:00:49.123317 535077.701765405 cubic 70.393 31.552 10 1460 3.320000 65535 163 162 4 9 8 0 0
2025-12-08T01:00:49.637285 535078.215785927 cubic 52.078 0.963 89 1460 24.000000 89 34584518 34648757 0 23735 23690 44 0
2025-12-08T01:00:49.637285 535078.215785927 cubic 70.393 31.552 10 1460 3.320000 65535 163 162 4 9 8 0 0
2025-12-08T01:00:50.155134 535078.733556969 cubic 50.708 0.182 89 1460 24.600000 89 35226918 35291157 0 24175 24130 44 0
2025-12-08T01:00:50.155134 535078.733556969 cubic 70.393 31.552 10 1460 3.320000 65535 163 162 4 9 8 0 0
2025-12-08T01:00:50.668852 535079.247319448 cubic 50.701 0.270 89 1460 24.600000 89 35869318 35933557 0 24615 24570 44 0
2025-12-08T01:00:50.668852 535079.247319448 cubic 70.393 31.552 10 1460 3.320000 65535 163 162 4 9 8 0 0
2025-12-08T01:00:51.187924 535079.766370756 cubic 51.512 0.473 89 1460 24.200000 89 36511718 36575957 0 25055 25010 44 0
2025-12-08T01:00:51.187924 535079.766370756 cubic 70.393 31.552 10 1460 3.320000 65535 163 162 4 9 8 0 0
2025-12-08T01:00:51.708370 535080.286864703 cubic 50.962 0.209 89 1460 24.500000 89 37154118 37218357 0 25495 25450 44 0
2025-12-08T01:00:51.708370 535080.286864703 cubic 67.903 28.643 10 1460 3.440000 65535 164 163 4 10 9 0 0
