wall_time monotonic algo rtt_ms rtt_var_ms cwnd mss pacing_mbps ssthresh bytes_acked bytes_sent bytes_received segs_out segs_in unacked retrans_total
2025-12-08T02:17:34.839092 539683.417645009 cubic 226.545 93.746 10 1460 1.030000 65535 38 41 1 7 5 1 0
2025-12-08T02:17:35.361349 539683.939810794 cubic 220.544 63.101 10 1460 1.060000 65535 163 162 2 11 10 0 0
2025-12-08T02:17:35.882455 539684.460896328 cubic 210.037 17.294 20 1460 2.220000 65535 14638 43837 0 34 13 20 0
2025-12-08T02:17:35.882455 539684.460896328 cubic 220.544 63.101 10 1460 1.060000 65535 163 162 4 14 13 0 0
2025-12-08T02:17:36.394181 539684.972685626 cubic 205.448 1.029 80 1460 9.100000 65535 102238 166477 0 118 73 44 0
2025-12-08T02:17:36.394181 539684.972685626 cubic 220.544 63.101 10 1460 1.060000 65535 163 162 4 14 13 0 0
2025-12-08T02:17:36.917541 539685.496172148 cubic 201.982 0.128 88 1460 10.200000 65535 294958 359197 0 250 205 44 0
2025-12-08T02:17:36.917541 539685.496172148 cubic 220.544 63.101 10 1460 1.060000 65535 163 162 4 14 13 0 0
2025-12-08T02:17:37.435449 539686.014157467 cubic 204.105 1.033 88 1460 10.100000 65535 423438 487677 0 338 293 44 0
2025-12-08T02:17:37.435449 539686.014157467 cubic 220.544 63.101 10 1460 1.060000 65535 163 162 4 14 13 0 0
2025-12-08T02:17:37.958889 539686.537336940 cubic 201.369 0.108 88 1460 10.200000 65535 616158 680397 0 470 425 44 0
2025-12-08T02:17:37.958889 539686.537336940 cubic 220.544 63.101 10 1460 1.060000 65535 163 162 4 14 13 0 0
2025-12-08T02:17:38.475172 539687.053588505 cubic 200.236 0.009 88 1460 10.300000 65535 805958 870197 0 600 555 44 0
2025-12-08T02:17:38.475172 539687.053588505 cubic 220.544 63.101 10 1460 1.060000 65535 163 162 4 14 13 0 0
2025-12-08T02:17:38.983369 539687.561821252 cubic 201.534 0.249 88 1460 10.200000 65535 937358 1001597 0 690 645 44 0
2025-12-08T02:17:38.983369 539687.561821252 cubic 220.544 63.101 10 1460 1.060000 65535 163 162 4 14 13 0 0
2025-12-08T02:17:39.497807 539688.076223937 cubic 200.734 0.118 88 1460 10.200000 65535 1130078 1194317 0 822 777 44 0
2025-12-08T02:17:39.497807 539688.076223937 cubic 220.544 63.101 10 1460 1.060000 65535 163 162 4 14 13 0 0
2025-12-08T02:17:40.006352 539688.584778593 cubic 202.653 0.151 88 1460 10.100000 65535 1258558 1322797 0 910 865 44 0
2025-12-08T02:17:40.006352 539688.584778593 cubic 220.544 63.101 10 1460 1.060000 65535 163 162 4 14 13 0 0
2025-12-08T02:17:40.519189 539689.097620982 cubic 202.119 0.214 88 1460 10.200000 65535 1451278 1515517 0 1042 997 44 0
2025-12-08T02:17:40.519189 539689.097620982 cubic 220.544 63.101 10 1460 1.060000 65535 163 162 4 14 13 0 0
2025-12-08T02:17:41.034020 539689.612462659 cubic 201.076 0.260 88 1460 10.200000 65535 1579758 1643997 0 1130 1085 44 0
2025-12-08T02:17:41.034020 539689.612462659 cubic 220.544 63.101 10 1460 1.060000 65535 163 162 4 14 13 0 0
2025-12-08T02:17:41.555252 539690.133677605 cubic 201.351 0.144 88 1460 10.200000 65535 1772478 1836717 0 1262 1217 44 0
2025-12-08T02:17:41.555252 539690.133677605 cubic 220.544 63.101 10 1460 1.060000 65535 163 162 4 14 13 0 0
2025-12-08T02:17:42.070220 539690.648650482 cubic 202.293 0.129 88 1460 10.200000 65535 1900958 1965197 0 1350 1305 44 0
2025-12-08T02:17:42.070220 539690.648650482 cubic 220.544 63.101 10 1460 1.060000 65535 163 162 4 14 13 0 0
2025-12-08T02:17:42.585913 539691.164368474 cubic 200.425 0.096 88 1460 10.300000 65535 2093678 2157917 0 1482 1437 44 0
2025-12-08T02:17:42.585913 539691.164368474 cubic 220.544 63.101 10 1460 1.060000 65535 163 162 4 14 13 0 0
2025-12-08T02:17:43.094743 539691.673175606 cubic 200.794 0.164 88 1460 10.200000 65535 2222158 2286397 0 1570 1525 44 0
2025-12-08T02:17:43.094743 539691.673175606 cubic 220.544 63.101 10 1460 1.060000 65535 163 162 4 14 13 0 0
2025-12-08T02:17:43.611647 539692.190109714 cubic 202.412 0.171 88 1460 10.200000 65535 2414878 2479117 0 1702 1657 44 0
2025-12-08T02:17:43.611647 539692.190109714 cubic 220.544 63.101 10 1460 1.060000 65535 163 162 4 14 13 0 0
2025-12-08T02:17:44.132890 539692.711318394 cubic 201.344 0.879 88 1460 10.200000 65535 2607598 2671837 0 1834 1789 44 0
2025-12-08T02:17:44.132890 539692.711318394 cubic 220.544 63.101 10 1460 1.060000 65535 163 162 4 14 13 0 0
2025-12-08T02:17:44.648084 539693.226513831 cubic 201.158 0.100 88 1460 10.200000 65535 2736078 2800317 0 1922 1877 44 0
2025-12-08T02:17:44.648084 539693.226513831 cubic 220.544 63.101 10 1460 1.060000 65535 163 162 4 14 13 0 0
2025-12-08T02:17:45.162319 539693.740823352 cubic 201.347 0.329 88 1460 10.200000 65535 2928798 2993037 0 2054 2009 44 0
2025-12-08T02:17:45.162319 539693.740823352 cubic 220.544 63.101 10 1460 1.060000 65535 163 162 4 14 13 0 0
2025-12-08T02:17:45.691352 539694.269779834 cubic 200.579 0.092 88 1460 10.200000 65535 3057278 3121517 0 2142 2097 44 0
2025-12-08T02:17:45.691352 539694.269779834 cubic 220.544 63.101 10 1460 1.060000 65535 163 162 4 14 13 0 0
2025-12-08T02:17:46.211251 539694.789670418 cubic 202.162 0.103 88 1460 10.200000 65535 3249998 3314237 0 2274 2229 44 0
2025-12-08T02:17:46.211251 539694.789670418 cubic 220.544 63.101 10 1460 1.060000 65535 163 162 4 14 13 0 0
2025-12-08T02:17:46.727670 539695.306091963 cubic 200.867 0.146 88 1460 10.200000 65535 3378478 3442717 0 2362 2317 44 0
2025-12-08T02:17:46.727670 539695.306091963 cubic 220.544 63.101 10 1460 1.060000 65535 163 162 4 14 13 0 0
2025-12-08T02:17:47.251649 539695.830086237 cubic 200.907 0.137 88 1460 10.200000 65535 3571198 3635437 0 2494 2449 44 0
2025-12-08T02:17:47.251649 539695.830086237 cubic 220.544 63.101 10 1460 1.060000 65535 163 162 4 14 13 0 0
2025-12-08T02:17:47.765990 539696.344409195 cubic 202.246 0.520 88 1460 10.200000 65535 3763918 3828157 0 2626 2581 44 0
2025-12-08T02:17:47.765990 539696.344409195 cubic 220.544 63.101 10 1460 1.060000 65535 163 162 4 14 13 0 0
2025-12-08T02:17:48.279885 539696.858301568 cubic 200.739 0.134 88 1460 10.200000 65535 3892398 3956637 0 2714 2669 44 0
2025-12-08T02:17:48.279885 539696.858301568 cubic 220.544 63.101 10 1460 1.060000 65535 163 162 4 14 13 0 0
2025-12-08T02:17:48.792439 539697.370853148 cubic 201.556 0.445 88 1460 10.200000 65535 4085118 4149357 0 2846 2801 44 0
2025-12-08T02:17:48.792439 539697.370853148 cubic 220.544 63.101 10 1460 1.060000 65535 163 162 4 14 13 0 0
2025-12-08T02:17:49.305695 539697.884118681 cubic 200.480 0.027 88 1460 10.300000 65535 4213598 4277837 0 2934 2889 44 0
2025-12-08T02:17:49.305695 539697.884118681 cubic 220.544 63.101 10 1460 1.060000 65535 163 162 4 14 13 0 0
2025-12-08T02:17:49.812577 539698.391098642 cubic 201.135 0.082 88 1460 10.200000 65535 4406318 4470557 0 3066 3021 44 0
2025-12-08T02:17:49.812577 539698.391098642 cubic 220.544 63.101 10 1460 1.060000 65535 163 162 4 14 13 0 0
2025-12-08T02:17:50.329708 539698.908148075 cubic 202.156 0.185 88 1460 10.200000 65535 4534798 4599037 0 3154 3109 44 0
2025-12-08T02:17:50.329708 539698.908148075 cubic 220.544 63.101 10 1460 1.060000 65535 163 162 4 14 13 0 0
2025-12-08T02:17:50.847280 539699.425693963 cubic 201.168 0.353 88 1460 10.200000 65535 4727518 4791757 0 3286 3241 44 0
2025-12-08T02:17:50.847280 539699.425693963 cubic 220.544 63.101 10 1460 1.060000 65535 163 162 4 14 13 0 0
2025-12-08T02:17:51.362554 539699.940999725 cubic 203.216 1.325 88 1460 10.100000 65535 4920238 4984477 0 3418 3373 44 0
2025-12-08T02:17:51.362554 539699.940999725 cubic 220.544 63.101 10 1460 1.060000 65535 163 162 4 14 13 0 0
2025-12-08T02:17:51.889695 539700.468117875 cubic 201.088 0.067 88 1460 10.200000 65535 5048718 5112957 0 3506 3461 44 0
2025-12-08T02:17:51.889695 539700.468117875 cubic 220.544 63.101 10 1460 1.060000 65535 163 162 4 14 13 0 0
2025-12-08T02:17:52.406609 539700.985020418 cubic 201.395 0.101 88 1460 10.200000 65535 5241438 5305677 0 3638 3593 44 0
2025-12-08T02:17:52.406609 539700.985020418 cubic 220.544 63.101 10 1460 1.060000 65535 163 162 4 14 13 0 0
2025-12-08T02:17:52.921776 539701.500208504 cubic 201.744 0.094 88 1460 10.200000 65535 5369918 5434157 0 3726 3681 44 0
2025-12-08T02:17:52.921776 539701.500208504 cubic 220.544 63.101 10 1460 1.060000 65535 163 162 4 14 13 0 0
2025-12-08T02:17:53.433664 539702.012084718 cubic 202.424 0.439 88 1460 10.200000 65535 5562638 5626877 0 3858 3813 44 0
2025-12-08T02:17:53.433664 539702.012084718 cubic 220.544 63.101 10 1460 1.060000 65535 163 162 4 14 13 0 0
2025-12-08T02:17:53.943746 539702.522183434 cubic 201.070 0.131 88 1460 10.200000 65535 5691118 5755357 0 3946 3901 44 0
2025-12-08T02:17:53.943746 539702.522183434 cubic 220.544 63.101 10 1460 1.060000 65535 163 162 4 14 13 0 0
2025-12-08T02:17:54.459651 539703.038099046 cubic 200.861 0.367 88 1460 10.200000 65535 5883838 5948077 0 4078 4033 44 0
2025-12-08T02:17:54.459651 539703.038099046 cubic 220.544 63.101 10 1460 1.060000 65535 163 162 4 14 13 0 0
2025-12-08T02:17:54.985119 539703.563610135 cubic 201.635 0.282 88 1460 10.200000 65535 6012318 6076557 0 4166 4121 44 0
2025-12-08T02:17:54.985119 539703.563610135 cubic 220.544 63.101 10 1460 1.060000 65535 163 162 4 14 13 0 0
2025-12-08T02:17:55.500174 539704.078609076 cubic 201.356 0.173 88 1460 10.200000 65535 6205038 6269277 0 4298 4253 44 0
2025-12-08T02:17:55.500174 539704.078609076 cubic 220.544 63.101 10 1460 1.060000 65535 163 162 4 14 13 0 0
2025-12-08T02:17:56.020978 539704.599403377 cubic 201.475 0.182 88 1460 10.200000 65535 6333518 6397757 0 4386 4341 44 0
2025-12-08T02:17:56.020978 539704.599403377 cubic 220.544 63.101 10 1460 1.060000 65535 163 162 4 14 13 0 0
2025-12-08T02:17:56.535017 539705.113452853 cubic 201.289 0.094 88 1460 10.200000 65535 6523318 6587557 0 4516 4471 44 0
2025-12-08T02:17:56.535017 539705.113452853 cubic 220.544 63.101 10 1460 1.060000 65535 163 162 4 14 13 0 0
2025-12-08T02:17:57.054653 539705.633074524 cubic 201.749 0.102 88 1460 10.200000 65535 6716038 6780277 0 4648 4603 44 0
2025-12-08T02:17:57.054653 539705.633074524 cubic 220.544 63.101 10 1460 1.060000 65535 163 162 4 14 13 0 0
2025-12-08T02:17:57.570471 539706.148913239 cubic 201.942 0.769 88 1460 10.200000 65535 6844518 6908757 0 4736 4691 44 0
2025-12-08T02:17:57.570471 539706.148913239 cubic 220.544 63.101 10 1460 1.060000 65535 163 162 4 14 13 0 0
2025-12-08T02:17:58.087700 539706.666123492 cubic 202.079 0.138 88 1460 10.200000 65535 7037238 7101477 0 4868 4823 44 0
2025-12-08T02:17:58.087700 539706.666123492 cubic 220.544 63.101 10 1460 1.060000 65535 163 162 4 14 13 0 0
2025-12-08T02:17:58.603398 539707.181824283 cubic 201.718 0.145 88 1460 10.200000 65535 7165718 7229957 0 4956 4911 44 0
2025-12-08T02:17:58.603398 539707.181824283 cubic 220.544 63.101 10 1460 1.060000 65535 163 162 4 14 13 0 0
2025-12-08T02:17:59.120513 539707.698940195 cubic 202.039 0.099 88 1460 10.200000 65535 7358438 7422677 0 5088 5043 44 0
2025-12-08T02:17:59.120513 539707.698940195 cubic 220.544 63.101 10 1460 1.060000 65535 163 162 4 14 13 0 0
2025-12-08T02:17:59.637815 539708.216257142 cubic 201.469 0.124 88 1460 10.200000 65535 7486918 7551157 0 5176 5131 44 0
2025-12-08T02:17:59.637815 539708.216257142 cubic 220.544 63.101 10 1460 1.060000 65535 163 162 4 14 13 0 0
2025-12-08T02:18:00.159893 539708.738942407 cubic 201.553 0.166 88 1460 10.200000 65535 7679638 7743877 0 5308 5263 44 0
2025-12-08T02:18:00.159893 539708.738942407 cubic 220.544 63.101 10 1460 1.060000 65535 163 162 4 14 13 0 0
2025-12-08T02:18:00.694886 539709.273300388 cubic 201.654 0.104 88 1460 10.200000 65535 7872358 7936597 0 5440 5395 44 0
2025-12-08T02:18:00.694886 539709.273300388 cubic 220.544 63.101 10 1460 1.060000 65535 163 162 4 14 13 0 0
2025-12-08T02:18:01.205297 539709.783799842 cubic 201.169 0.100 88 1460 10.200000 65535 8000838 8065077 0 5528 5483 44 0
2025-12-08T02:18:01.205297 539709.783799842 cubic 220.544 63.101 10 1460 1.060000 65535 163 162 4 14 13 0 0
2025-12-08T02:18:01.718943 539710.297382492 cubic 201.615 0.154 88 1460 10.200000 65535 8193558 8257797 0 5660 5615 44 0
2025-12-08T02:18:01.718943 539710.297382492 cubic 220.544 63.101 10 1460 1.060000 65535 163 162 4 14 13 0 0
2025-12-08T02:18:02.232361 539710.810773764 cubic 201.645 0.124 88 1460 10.200000 65535 8322038 8386277 0 5748 5703 44 0
2025-12-08T02:18:02.232361 539710.810773764 cubic 220.544 63.101 10 1460 1.060000 65535 163 162 4 14 13 0 0
2025-12-08T02:18:02.744828 539711.323250868 cubic 201.320 0.281 88 1460 10.200000 65535 8514758 8578997 0 5880 5835 44 0
2025-12-08T02:18:02.744828 539711.323250868 cubic 220.544 63.101 10 1460 1.060000 65535 163 162 4 14 13 0 0
2025-12-08T02:18:03.257837 539711.836270383 cubic 202.034 0.215 88 1460 10.200000 65535 8643238 8707477 0 5968 5923 44 0
2025-12-08T02:18:03.257837 539711.836270383 cubic 220.544 63.101 10 1460 1.060000 65535 163 162 4 14 13 0 0
2025-12-08T02:18:03.773202 539712.351631056 cubic 214.589 0.998 88 1460 9.580000 65535 8835958 8900197 0 6100 6055 44 0
2025-12-08T02:18:03.773202 539712.351631056 cubic 220.544 63.101 10 1460 1.060000 65535 163 162 4 14 13 0 0
2025-12-08T02:18:04.288856 539712.867291766 cubic 203.420 0.945 88 1460 10.100000 65535 8992178 9054957 0 6206 6162 43 0
2025-12-08T02:18:04.288856 539712.867291766 cubic 220.544 63.101 10 1460 1.060000 65535 163 162 4 14 13 0 0
2025-12-08T02:18:04.809486 539713.387920418 cubic 201.346 0.059 88 1460 10.200000 65535 9157158 9221397 0 6320 6275 44 0
2025-12-08T02:18:04.809486 539713.387920418 cubic 220.544 63.101 10 1460 1.060000 65535 163 162 4 14 13 0 0
2025-12-08T02:18:05.328866 539713.907289903 cubic 203.115 0.907 88 1460 10.100000 65535 9349878 9414117 0 6452 6407 44 0
2025-12-08T02:18:05.328866 539713.907289903 cubic 220.544 63.101 10 1460 1.060000 65535 163 162 4 14 13 0 0
2025-12-08T02:18:05.844749 539714.423156976 cubic 200.919 0.183 88 1460 10.200000 65535 9478358 9542597 1 6541 6496 44 0
2025-12-08T02:18:05.844749 539714.423156976 cubic 218.040 52.334 10 1460 1.070000 65535 164 167 5 17 15 1 0
