wall_time monotonic algo rtt_ms rtt_var_ms cwnd mss pacing_mbps ssthresh bytes_acked bytes_sent bytes_received segs_out segs_in unacked retrans_total
2025-12-08T01:23:58.328497 536466.907822592 cubic 210.754 105.377 10 1460 1.100000 65535 1 37 0 3 1 1 0
2025-12-08T01:23:58.870634 536467.449359048 cubic 175.141 97.287 10 1460 1.330000 65535 163 162 2 9 8 0 0
2025-12-08T01:23:59.439605 536468.018602003 cubic 175.141 97.287 10 1460 1.330000 65535 163 162 4 12 11 0 0
2025-12-08T01:23:59.439605 536468.018602003 cubic 110.485 2.906 40 1460 8.460000 65535 43838 102237 0 74 33 40 0
2025-12-08T01:23:59.988204 536468.566635322 cubic 175.141 97.287 10 1460 1.330000 65535 163 162 4 12 11 0 0
2025-12-08T01:23:59.988204 536468.566635322 cubic 104.514 1.236 89 1460 19.900000 65535 341678 404457 0 281 237 43 0
2025-12-08T01:24:00.515512 536469.094387068 cubic 175.141 97.287 10 1460 1.330000 65535 163 162 4 12 11 0 0
2025-12-08T01:24:00.515512 536469.094387068 cubic 102.039 1.059 89 1460 12.200000 89 676018 738797 0 510 466 43 0
2025-12-08T01:24:01.079519 536469.658164971 cubic 175.141 97.287 10 1460 1.330000 65535 163 162 4 12 11 0 0
2025-12-08T01:24:01.079519 536469.658164971 cubic 103.186 4.547 89 1460 12.100000 89 1005978 1070217 0 737 692 44 0
2025-12-08T01:24:01.635460 536470.213920793 cubic 175.141 97.287 10 1460 1.330000 65535 163 162 4 12 11 0 0
2025-12-08T01:24:01.635460 536470.213920793 cubic 100.830 0.368 89 1460 12.400000 89 1334478 1398717 0 962 917 44 0
2025-12-08T01:24:02.149833 536470.728240863 cubic 175.141 97.287 10 1460 1.330000 65535 163 162 4 12 11 0 0
2025-12-08T01:24:02.149833 536470.728240863 cubic 100.775 0.139 89 1460 12.400000 89 1664438 1728677 0 1188 1143 44 0
2025-12-08T01:24:02.664773 536471.243378208 cubic 175.141 97.287 10 1460 1.330000 65535 163 162 4 12 11 0 0
2025-12-08T01:24:02.664773 536471.243378208 cubic 101.139 0.341 89 1460 12.300000 89 1984178 2048417 0 1407 1362 44 0
2025-12-08T01:24:03.179600 536471.758083811 cubic 175.141 97.287 10 1460 1.330000 65535 163 162 4 12 11 0 0
2025-12-08T01:24:03.179600 536471.758083811 cubic 103.203 0.760 89 1460 12.100000 89 2327278 2391517 0 1642 1597 44 0
2025-12-08T01:24:03.732194 536472.310603576 cubic 175.141 97.287 10 1460 1.330000 65535 163 162 4 12 11 0 0
2025-12-08T01:24:03.732194 536472.310603576 cubic 100.649 0.474 89 1460 12.400000 89 2649938 2714177 0 1863 1818 44 0
2025-12-08T01:24:04.245833 536472.824334783 cubic 175.141 97.287 10 1460 1.330000 65535 163 162 4 12 11 0 0
2025-12-08T01:24:04.245833 536472.824334783 cubic 100.615 0.194 89 1460 12.400000 89 2974058 3038297 0 2085 2040 44 0
2025-12-08T01:24:04.760728 536473.339183133 cubic 175.141 97.287 10 1460 1.330000 65535 163 162 4 12 11 0 0
2025-12-08T01:24:04.760728 536473.339183133 cubic 101.792 1.397 89 1460 12.300000 89 3304018 3368257 0 2311 2266 44 0
2025-12-08T01:24:05.278451 536473.856871048 cubic 175.141 97.287 10 1460 1.330000 65535 163 162 4 12 11 0 0
2025-12-08T01:24:05.278451 536473.856871048 cubic 101.105 0.790 89 1460 12.300000 89 3626678 3690917 0 2532 2487 44 0
2025-12-08T01:24:05.789919 536474.368387635 cubic 175.141 97.287 10 1460 1.330000 65535 163 162 4 12 11 0 0
2025-12-08T01:24:05.789919 536474.368387635 cubic 104.472 2.973 89 1460 11.900000 89 3944958 4007737 0 2749 2705 43 0
2025-12-08T01:24:06.301136 536474.879559229 cubic 175.141 97.287 10 1460 1.330000 65535 163 162 4 12 11 0 0
2025-12-08T01:24:06.301136 536474.879559229 cubic 100.933 0.583 89 1460 12.400000 89 4263238 4327477 0 2968 2923 44 0
2025-12-08T01:24:06.811159 536475.389698636 cubic 175.141 97.287 10 1460 1.330000 65535 163 162 4 12 11 0 0
2025-12-08T01:24:06.811159 536475.389698636 cubic 102.061 1.409 89 1460 12.200000 89 4582978 4645757 0 3186 3142 43 0
2025-12-08T01:24:07.325132 536475.903664295 cubic 175.141 97.287 10 1460 1.330000 65535 163 162 4 12 11 0 0
2025-12-08T01:24:07.325132 536475.903664295 cubic 102.102 1.432 89 1460 12.200000 89 4907098 4969877 0 3408 3364 43 0
2025-12-08T01:24:07.841101 536476.420147777 cubic 175.141 97.287 10 1460 1.330000 65535 163 162 4 12 11 0 0
2025-12-08T01:24:07.841101 536476.420147777 cubic 101.319 0.387 89 1460 12.300000 89 5225378 5289617 0 3627 3582 44 0
2025-12-08T01:24:08.365146 536476.943857647 cubic 175.141 97.287 10 1460 1.330000 65535 163 162 4 12 11 0 0
2025-12-08T01:24:08.365146 536476.943857647 cubic 119.532 1.715 89 1460 10.400000 89 5609358 5672137 0 3889 3845 43 0
2025-12-08T01:24:09.013940 536477.593071787 cubic 175.141 97.287 10 1460 1.330000 65535 163 162 4 12 11 0 0
2025-12-08T01:24:09.013940 536477.593071787 cubic 102.208 1.428 89 1460 12.200000 89 5950998 6013777 0 4123 4079 43 0
2025-12-08T01:24:09.547741 536478.126163209 cubic 175.141 97.287 10 1460 1.330000 65535 163 162 4 12 11 0 0
2025-12-08T01:24:09.547741 536478.126163209 cubic 100.557 0.068 89 1460 12.400000 89 6276578 6339357 0 4346 4302 43 0
2025-12-08T01:24:10.060282 536478.638709898 cubic 175.141 97.287 10 1460 1.330000 65535 163 162 4 12 11 0 0
2025-12-08T01:24:10.060282 536478.638709898 cubic 100.720 0.235 89 1460 12.400000 89 6600698 6664937 0 4569 4524 44 0
2025-12-08T01:24:10.573245 536479.151674577 cubic 175.141 97.287 10 1460 1.330000 65535 163 162 4 12 11 0 0
2025-12-08T01:24:10.573245 536479.151674577 cubic 101.331 0.480 89 1460 12.300000 89 6921898 6984677 0 4788 4744 43 0
2025-12-08T01:24:11.087279 536479.665773024 cubic 175.141 97.287 10 1460 1.330000 65535 163 162 4 12 11 0 0
2025-12-08T01:24:11.087279 536479.665773024 cubic 101.842 1.638 89 1460 12.200000 89 7240178 7302957 0 5006 4962 43 0
2025-12-08T01:24:11.598493 536480.176913534 cubic 175.141 97.287 10 1460 1.330000 65535 163 162 4 12 11 0 0
2025-12-08T01:24:11.598493 536480.176913534 cubic 101.063 0.582 89 1460 12.300000 89 7567218 7629997 0 5230 5186 43 0
2025-12-08T01:24:12.112043 536480.690472867 cubic 175.141 97.287 10 1460 1.330000 65535 163 162 4 12 11 0 0
2025-12-08T01:24:12.112043 536480.690472867 cubic 100.907 0.833 89 1460 12.400000 89 7881118 7945357 0 5446 5401 44 0
2025-12-08T01:24:12.626581 536481.205022429 cubic 175.141 97.287 10 1460 1.330000 65535 163 162 4 12 11 0 0
2025-12-08T01:24:12.626581 536481.205022429 cubic 101.126 0.622 89 1460 12.300000 89 8177498 8241737 0 5649 5604 44 0
2025-12-08T01:24:13.140016 536481.718439599 cubic 175.141 97.287 10 1460 1.330000 65535 163 162 4 12 11 0 0
2025-12-08T01:24:13.140016 536481.718439599 cubic 102.814 1.791 89 1460 12.100000 89 8495778 8558557 0 5866 5822 43 0
2025-12-08T01:24:13.653258 536482.231688688 cubic 175.141 97.287 10 1460 1.330000 65535 163 162 4 12 11 0 0
2025-12-08T01:24:13.653258 536482.231688688 cubic 100.598 0.197 89 1460 12.400000 89 8824278 8888517 0 6092 6047 44 0
2025-12-08T01:24:14.165565 536482.744167377 cubic 175.141 97.287 10 1460 1.330000 65535 163 162 4 12 11 0 0
2025-12-08T01:24:14.165565 536482.744167377 cubic 101.020 0.512 89 1460 12.300000 89 9146938 9211177 0 6313 6268 44 0
2025-12-08T01:24:14.673224 536483.251650338 cubic 175.141 97.287 10 1460 1.330000 65535 163 162 4 12 11 0 0
2025-12-08T01:24:14.673224 536483.251650338 cubic 101.202 1.068 89 1460 12.300000 89 9459378 9523617 0 6527 6482 44 0
2025-12-08T01:24:15.184871 536483.763291877 cubic 175.141 97.287 10 1460 1.330000 65535 163 162 4 12 11 0 0
2025-12-08T01:24:15.184871 536483.763291877 cubic 101.727 1.975 89 1460 12.300000 89 9782038 9844817 0 6747 6703 43 0
2025-12-08T01:24:15.696679 536484.275106454 cubic 175.141 97.287 10 1460 1.330000 65535 163 162 4 12 11 0 0
2025-12-08T01:24:15.696679 536484.275106454 cubic 101.587 0.846 89 1460 12.300000 89 10103238 10167477 0 6968 6923 44 0
2025-12-08T01:24:16.215114 536484.793524476 cubic 175.141 97.287 10 1460 1.330000 65535 163 162 4 12 11 0 0
2025-12-08T01:24:16.215114 536484.793524476 cubic 100.931 0.488 89 1460 12.400000 89 10424438 10488677 0 7188 7143 44 0
2025-12-08T01:24:16.732062 536485.310497194 cubic 175.141 97.287 10 1460 1.330000 65535 163 162 4 12 11 0 0
2025-12-08T01:24:16.732062 536485.310497194 cubic 101.653 1.465 89 1460 12.300000 89 10767538 10830317 0 7422 7378 43 0
2025-12-08T01:24:17.255652 536485.834141729 cubic 175.141 97.287 10 1460 1.330000 65535 163 162 4 12 11 0 0
2025-12-08T01:24:17.255652 536485.834141729 cubic 104.061 2.318 89 1460 12.000000 89 11097498 11160277 0 7648 7604 43 0
2025-12-08T01:24:17.797808 536486.376222834 cubic 175.141 97.287 10 1460 1.330000 65535 163 162 4 12 11 0 0
2025-12-08T01:24:17.797808 536486.376222834 cubic 101.255 0.534 89 1460 12.300000 89 11417238 11481477 0 7868 7823 44 0
2025-12-08T01:24:18.309336 536486.887752750 cubic 175.141 97.287 10 1460 1.330000 65535 163 162 4 12 11 0 0
2025-12-08T01:24:18.309336 536486.887752750 cubic 100.887 0.426 89 1460 12.400000 89 11742818 11807057 0 8091 8046 44 0
2025-12-08T01:24:18.820799 536487.399262999 cubic 175.141 97.287 10 1460 1.330000 65535 163 162 4 12 11 0 0
2025-12-08T01:24:18.820799 536487.399262999 cubic 101.669 1.076 89 1460 12.300000 89 12065478 12129717 0 8312 8267 44 0
2025-12-08T01:24:19.340035 536487.918539126 cubic 175.141 97.287 10 1460 1.330000 65535 163 162 4 12 11 0 0
2025-12-08T01:24:19.340035 536487.918539126 cubic 103.177 3.209 89 1460 12.100000 89 12391058 12455297 0 8535 8490 44 0
2025-12-08T01:24:19.857902 536488.436328243 cubic 175.141 97.287 10 1460 1.330000 65535 163 162 4 12 11 0 0
2025-12-08T01:24:19.857902 536488.436328243 cubic 101.567 0.755 89 1460 12.300000 89 12716638 12780877 0 8758 8713 44 0
2025-12-08T01:24:20.372152 536488.950580892 cubic 175.141 97.287 10 1460 1.330000 65535 163 162 4 12 11 0 0
2025-12-08T01:24:20.372152 536488.950580892 cubic 101.046 0.195 89 1460 12.300000 89 13037838 13100617 0 8977 8933 43 0
2025-12-08T01:24:20.886571 536489.464999205 cubic 175.141 97.287 10 1460 1.330000 65535 163 162 4 12 11 0 0
2025-12-08T01:24:20.886571 536489.464999205 cubic 101.267 0.938 89 1460 12.300000 89 13354658 13418897 0 9195 9150 44 0
2025-12-08T01:24:21.403802 536489.982219666 cubic 175.141 97.287 10 1460 1.330000 65535 163 162 4 12 11 0 0
2025-12-08T01:24:21.403802 536489.982219666 cubic 103.037 2.860 89 1460 12.100000 89 13674398 13738637 0 9414 9369 44 0
2025-12-08T01:24:21.917853 536490.496281236 cubic 175.141 97.287 10 1460 1.330000 65535 163 162 4 12 11 0 0
2025-12-08T01:24:21.917853 536490.496281236 cubic 104.917 1.352 89 1460 11.900000 89 13998518 14062757 0 9636 9591 44 0
2025-12-08T01:24:22.437428 536491.015851272 cubic 175.141 97.287 10 1460 1.330000 65535 163 162 4 12 11 0 0
2025-12-08T01:24:22.437428 536491.015851272 cubic 101.377 0.977 89 1460 12.300000 89 14335778 14400017 0 9867 9822 44 0
2025-12-08T01:24:22.962985 536491.541403141 cubic 175.141 97.287 10 1460 1.330000 65535 163 162 4 12 11 0 0
2025-12-08T01:24:22.962985 536491.541403141 cubic 102.693 2.277 89 1460 12.100000 89 14675958 14740197 0 10100 10055 44 0
2025-12-08T01:24:23.540541 536492.119474526 cubic 175.141 97.287 10 1460 1.330000 65535 163 162 4 12 11 0 0
2025-12-08T01:24:23.540541 536492.119474526 cubic 103.009 1.048 89 1460 12.100000 89 15023438 15087677 0 10338 10293 44 0
2025-12-08T01:24:24.075993 536492.654418571 cubic 175.141 97.287 10 1460 1.330000 65535 163 162 4 12 11 0 0
2025-12-08T01:24:24.075993 536492.654418571 cubic 100.637 0.215 89 1460 12.400000 89 15349018 15413257 0 10561 10516 44 0
2025-12-08T01:24:24.588593 536493.167009837 cubic 175.141 97.287 10 1460 1.330000 65535 163 162 4 12 11 0 0
2025-12-08T01:24:24.588593 536493.167009837 cubic 101.030 0.381 89 1460 12.300000 89 15676058 15740297 0 10785 10740 44 0
2025-12-08T01:24:25.100713 536493.679564354 cubic 175.141 97.287 10 1460 1.330000 65535 163 162 4 12 11 0 0
2025-12-08T01:24:25.100713 536493.679564354 cubic 101.012 0.731 89 1460 12.300000 89 16008938 16071717 0 11012 10968 43 0
2025-12-08T01:24:25.617748 536494.196166786 cubic 175.141 97.287 10 1460 1.330000 65535 163 162 4 12 11 0 0
2025-12-08T01:24:25.617748 536494.196166786 cubic 101.721 0.509 89 1460 12.300000 89 16330138 16392917 0 11232 11188 43 0
2025-12-08T01:24:26.128905 536494.707357165 cubic 175.141 97.287 10 1460 1.330000 65535 163 162 4 12 11 0 0
2025-12-08T01:24:26.128905 536494.707357165 cubic 101.077 0.478 89 1460 12.300000 89 16654258 16718497 0 11455 11410 44 0
2025-12-08T01:24:26.644252 536495.222675456 cubic 175.141 97.287 10 1460 1.330000 65535 163 162 4 12 11 0 0
2025-12-08T01:24:26.644252 536495.222675456 cubic 101.296 1.152 89 1460 12.300000 89 16981298 17045537 0 11679 11634 44 0
2025-12-08T01:24:27.157353 536495.735782794 cubic 175.141 97.287 10 1460 1.330000 65535 163 162 4 12 11 0 0
2025-12-08T01:24:27.157353 536495.735782794 cubic 100.846 0.262 89 1460 12.400000 89 17301038 17365277 0 11898 11853 44 0
2025-12-08T01:24:27.669148 536496.247596785 cubic 175.141 97.287 10 1460 1.330000 65535 163 162 4 12 11 0 0
2025-12-08T01:24:27.669148 536496.247596785 cubic 101.031 0.417 89 1460 12.300000 89 17622238 17686477 0 12118 12073 44 0
2025-12-08T01:24:28.181400 536496.759822058 cubic 175.141 97.287 10 1460 1.330000 65535 163 162 4 12 11 0 0
2025-12-08T01:24:28.181400 536496.759822058 cubic 101.479 0.507 89 1460 12.300000 89 17946358 18009137 0 12339 12295 43 0
2025-12-08T01:24:28.700236 536497.279427842 cubic 175.141 97.287 10 1460 1.330000 65535 163 162 4 12 11 0 0
2025-12-08T01:24:28.700236 536497.279427842 cubic 100.785 0.279 89 1460 12.400000 89 18264638 18328877 0 12558 12513 44 0
2025-12-08T01:24:29.211782 536497.790216936 cubic 175.141 97.287 10 1460 1.330000 65535 163 163 4 13 11 1 0
2025-12-08T01:24:29.211782 536497.790216936 cubic 101.729 0.448 89 1460 12.300000 89 18585838 18650077 0 12778 12733 44 0
