wall_time monotonic algo rtt_ms rtt_var_ms cwnd mss pacing_mbps ssthresh bytes_acked bytes_sent bytes_received segs_out segs_in unacked retrans_total
2025-12-08T01:22:18.830866 536367.409285897 cubic 119.361 41.173 10 1460 1.960000 65535 163 162 2 10 9 0 0
2025-12-08T01:22:19.339232 536367.917770794 cubic 111.806 3.757 66 1460 13.800000 65535 81798 144577 0 103 59 43 0
2025-12-08T01:22:19.339232 536367.917770794 cubic 119.361 41.173 10 1460 1.960000 65535 163 162 4 12 11 0 0
2025-12-08T01:22:19.848070 536368.426496185 cubic 100.451 0.191 89 1460 20.700000 65535 398618 461397 0 320 276 43 0
2025-12-08T01:22:19.848070 536368.426496185 cubic 119.361 41.173 10 1460 1.960000 65535 163 162 4 12 11 0 0
2025-12-08T01:22:20.355746 536368.934373678 cubic 106.019 2.191 89 1460 19.600000 65535 703758 766537 0 529 485 43 0
2025-12-08T01:22:20.355746 536368.934373678 cubic 119.361 41.173 10 1460 1.960000 65535 163 162 4 12 11 0 0
2025-12-08T01:22:20.869480 536369.448117172 cubic 100.839 0.269 89 1460 20.600000 65535 1026418 1089197 0 750 706 43 0
2025-12-08T01:22:20.869480 536369.448117172 cubic 119.361 41.173 10 1460 1.960000 65535 163 162 4 12 11 0 0
2025-12-08T01:22:21.387174 536369.965783708 cubic 101.630 0.854 89 1460 20.500000 65535 1343238 1407477 0 968 923 44 0
2025-12-08T01:22:21.387174 536369.965783708 cubic 119.361 41.173 10 1460 1.960000 65535 163 162 4 12 11 0 0
2025-12-08T01:22:21.913220 536370.491673530 cubic 101.278 0.349 89 1460 20.500000 65535 1664438 1727217 0 1187 1143 43 0
2025-12-08T01:22:21.913220 536370.491673530 cubic 119.361 41.173 10 1460 1.960000 65535 163 162 4 12 11 0 0
2025-12-08T01:22:22.424358 536371.002946033 cubic 100.709 0.394 89 1460 20.600000 65535 1985638 2048417 0 1407 1363 43 0
2025-12-08T01:22:22.424358 536371.002946033 cubic 119.361 41.173 10 1460 1.960000 65535 163 162 4 12 11 0 0
2025-12-08T01:22:22.936231 536371.514704568 cubic 101.595 0.625 89 1460 20.500000 65535 2309758 2373997 0 1630 1585 44 0
2025-12-08T01:22:22.936231 536371.514704568 cubic 119.361 41.173 10 1460 1.960000 65535 163 162 4 12 11 0 0
2025-12-08T01:22:23.451841 536372.030297897 cubic 100.867 0.257 89 1460 20.600000 65535 2626578 2689357 0 1846 1802 43 0
2025-12-08T01:22:23.451841 536372.030297897 cubic 119.361 41.173 10 1460 1.960000 65535 163 162 4 12 11 0 0
2025-12-08T01:22:23.965960 536372.544414049 cubic 101.078 0.599 89 1460 20.600000 65535 2943398 3007637 0 2064 2019 44 0
2025-12-08T01:22:23.965960 536372.544414049 cubic 119.361 41.173 10 1460 1.960000 65535 163 162 4 12 11 0 0
2025-12-08T01:22:24.480663 536373.059264476 cubic 101.261 0.627 89 1460 20.500000 65535 3276278 3339057 0 2291 2247 43 0
2025-12-08T01:22:24.480663 536373.059264476 cubic 119.361 41.173 10 1460 1.960000 65535 163 162 4 12 11 0 0
2025-12-08T01:22:25.000976 536373.579438125 cubic 100.799 0.117 89 1460 20.600000 65535 3597478 3661717 0 2512 2467 44 0
2025-12-08T01:22:25.000976 536373.579438125 cubic 119.361 41.173 10 1460 1.960000 65535 163 162 4 12 11 0 0
2025-12-08T01:22:25.519982 536374.098422341 cubic 100.929 0.193 89 1460 20.600000 65535 3923058 3985837 0 2734 2690 43 0
2025-12-08T01:22:25.519982 536374.098422341 cubic 119.361 41.173 10 1460 1.960000 65535 163 162 4 12 11 0 0
2025-12-08T01:22:26.034968 536374.613430348 cubic 101.438 0.529 89 1460 20.500000 65535 4242798 4307037 0 2954 2909 44 0
2025-12-08T01:22:26.034968 536374.613430348 cubic 119.361 41.173 10 1460 1.960000 65535 163 162 4 12 11 0 0
2025-12-08T01:22:26.544528 536375.123071092 cubic 100.655 0.329 89 1460 20.700000 65535 4568378 4632617 0 3177 3132 44 0
2025-12-08T01:22:26.544528 536375.123071092 cubic 119.361 41.173 10 1460 1.960000 65535 163 162 4 12 11 0 0
2025-12-08T01:22:27.056010 536375.634450217 cubic 102.874 0.890 89 1460 20.200000 65535 4889578 4952357 0 3396 3352 43 0
2025-12-08T01:22:27.056010 536375.634450217 cubic 119.361 41.173 10 1460 1.960000 65535 163 162 4 12 11 0 0
2025-12-08T01:22:27.566495 536376.145001109 cubic 100.961 0.561 89 1460 20.600000 65535 5206398 5269177 0 3613 3569 43 0
2025-12-08T01:22:27.566495 536376.145001109 cubic 119.361 41.173 10 1460 1.960000 65535 163 162 4 12 11 0 0
2025-12-08T01:22:28.080607 536376.659047844 cubic 103.227 0.928 89 1460 20.100000 65535 5526138 5590377 0 3833 3788 44 0
2025-12-08T01:22:28.080607 536376.659047844 cubic 119.361 41.173 10 1460 1.960000 65535 163 162 4 12 11 0 0
2025-12-08T01:22:28.594214 536377.172783626 cubic 101.121 0.099 89 1460 20.600000 65535 5845878 5908657 0 4051 4007 43 0
2025-12-08T01:22:28.594214 536377.172783626 cubic 119.361 41.173 10 1460 1.960000 65535 163 162 4 12 11 0 0
2025-12-08T01:22:29.107355 536377.685803924 cubic 101.212 0.756 89 1460 20.500000 65535 6167078 6229857 0 4271 4227 43 0
2025-12-08T01:22:29.107355 536377.685803924 cubic 119.361 41.173 10 1460 1.960000 65535 163 162 4 12 11 0 0
2025-12-08T01:22:29.620577 536378.199025509 cubic 101.155 0.558 89 1460 20.600000 65535 6488278 6551057 0 4491 4447 43 0
2025-12-08T01:22:29.620577 536378.199025509 cubic 119.361 41.173 10 1460 1.960000 65535 163 162 4 12 11 0 0
2025-12-08T01:22:30.132548 536378.710998870 cubic 100.777 0.178 89 1460 20.600000 65535 6813858 6876637 0 4714 4670 43 0
2025-12-08T01:22:30.132548 536378.710998870 cubic 119.361 41.173 10 1460 1.960000 65535 163 162 4 12 11 0 0
2025-12-08T01:22:30.663617 536379.242425488 cubic 115.009 1.461 89 1460 18.100000 65535 7145278 7209517 0 4942 4897 44 0
2025-12-08T01:22:30.663617 536379.242425488 cubic 119.361 41.173 10 1460 1.960000 65535 163 162 4 12 11 0 0
2025-12-08T01:22:31.199595 536379.778064059 cubic 100.881 0.499 89 1460 20.600000 65535 7476698 7540937 0 5169 5124 44 0
2025-12-08T01:22:31.199595 536379.778064059 cubic 119.361 41.173 10 1460 1.960000 65535 163 162 4 12 11 0 0
2025-12-08T01:22:31.711568 536380.290209083 cubic 100.857 0.246 89 1460 20.600000 65535 7808118 7872357 0 5396 5351 44 0
2025-12-08T01:22:31.711568 536380.290209083 cubic 119.361 41.173 10 1460 1.960000 65535 163 162 4 12 11 0 0
2025-12-08T01:22:32.226405 536380.805032216 cubic 112.690 4.260 89 1460 18.400000 65535 8123478 8187717 0 5612 5567 44 0
2025-12-08T01:22:32.226405 536380.805032216 cubic 119.361 41.173 10 1460 1.960000 65535 163 162 4 12 11 0 0
2025-12-08T01:22:32.769859 536381.348996112 cubic 105.783 1.884 89 1460 19.700000 65535 8447598 8511837 0 5834 5789 44 0
2025-12-08T01:22:32.769859 536381.348996112 cubic 119.361 41.173 10 1460 1.960000 65535 163 162 4 12 11 0 0
2025-12-08T01:22:33.283731 536381.862182654 cubic 100.779 0.225 89 1460 20.600000 65535 8773178 8835957 0 6056 6012 43 0
2025-12-08T01:22:33.283731 536381.862182654 cubic 119.361 41.173 10 1460 1.960000 65535 163 162 4 12 11 0 0
2025-12-08T01:22:33.800597 536382.379095993 cubic 100.362 0.061 89 1460 20.700000 65535 9098758 9161537 0 6279 6235 43 0
2025-12-08T01:22:33.800597 536382.379095993 cubic 119.361 41.173 10 1460 1.960000 65535 163 162 4 12 11 0 0
2025-12-08T01:22:34.310866 536382.889304556 cubic 100.671 0.189 89 1460 20.700000 65535 9424338 9487117 0 6502 6458 43 0
2025-12-08T01:22:34.310866 536382.889304556 cubic 119.361 41.173 10 1460 1.960000 65535 163 162 4 12 11 0 0
2025-12-08T01:22:34.820299 536383.398915590 cubic 100.669 0.404 89 1460 20.700000 65535 9746998 9811237 0 6724 6679 44 0
2025-12-08T01:22:34.820299 536383.398915590 cubic 119.361 41.173 10 1460 1.960000 65535 163 162 4 12 11 0 0
2025-12-08T01:22:35.332005 536383.910556872 cubic 101.199 0.880 89 1460 20.500000 65535 10068198 10132437 0 6944 6899 44 0
2025-12-08T01:22:35.332005 536383.910556872 cubic 119.361 41.173 10 1460 1.960000 65535 163 162 4 12 11 0 0
2025-12-08T01:22:35.849851 536384.428284110 cubic 102.709 1.047 89 1460 20.200000 65535 10393778 10456557 0 7166 7122 43 0
2025-12-08T01:22:35.849851 536384.428284110 cubic 119.361 41.173 10 1460 1.960000 65535 163 162 4 12 11 0 0
2025-12-08T01:22:36.363329 536384.941809103 cubic 101.061 0.647 89 1460 20.600000 65535 10712058 10776297 0 7385 7340 44 0
2025-12-08T01:22:36.363329 536384.941809103 cubic 119.361 41.173 10 1460 1.960000 65535 163 162 4 12 11 0 0
2025-12-08T01:22:36.883014 536385.461979164 cubic 101.560 1.087 89 1460 20.500000 65535 11036178 11100417 0 7607 7562 44 0
2025-12-08T01:22:36.883014 536385.461979164 cubic 119.361 41.173 10 1460 1.960000 65535 163 162 4 12 11 0 0
2025-12-08T01:22:37.418765 536385.997467944 cubic 100.900 0.193 89 1460 20.600000 65535 11376358 11440597 0 7840 7795 44 0
2025-12-08T01:22:37.418765 536385.997467944 cubic 119.361 41.173 10 1460 1.960000 65535 163 162 4 12 11 0 0
2025-12-08T01:22:37.939819 536386.518359531 cubic 101.097 0.511 89 1460 20.600000 65535 11706318 11770557 0 8066 8021 44 0
2025-12-08T01:22:37.939819 536386.518359531 cubic 119.361 41.173 10 1460 1.960000 65535 163 162 4 12 11 0 0
2025-12-08T01:22:38.458429 536387.036863460 cubic 100.791 0.141 89 1460 20.600000 65535 12023138 12085917 0 8282 8238 43 0
2025-12-08T01:22:38.458429 536387.036863460 cubic 119.361 41.173 10 1460 1.960000 65535 163 162 4 12 11 0 0
2025-12-08T01:22:38.974483 536387.553067103 cubic 100.908 0.258 89 1460 20.600000 65535 12351638 12415877 0 8508 8463 44 0
2025-12-08T01:22:38.974483 536387.553067103 cubic 119.361 41.173 10 1460 1.960000 65535 163 162 4 12 11 0 0
2025-12-08T01:22:39.506149 536388.084827003 cubic 180.632 17.331 17 1460 5.690000 62 12702038 12767737 0 8749 8731 44 1460
2025-12-08T01:22:39.506149 536388.084827003 cubic 119.361 41.173 10 1460 1.960000 65535 163 162 4 12 11 0 0
2025-12-08T01:22:40.230678 536388.809290807 cubic 100.711 0.210 63 1460 8.770000 62 13030538 13094777 0 8973 8928 43 1460
2025-12-08T01:22:40.230678 536388.809290807 cubic 119.361 41.173 10 1460 1.960000 65535 163 162 4 12 11 0 0
2025-12-08T01:22:40.749903 536389.328546303 cubic 101.229 0.706 63 1460 8.720000 62 13361958 13426197 0 9200 9155 43 1460
2025-12-08T01:22:40.749903 536389.328546303 cubic 119.361 41.173 10 1460 1.960000 65535 163 162 4 12 11 0 0
2025-12-08T01:22:41.271015 536389.849465179 cubic 102.465 0.412 63 1460 8.620000 62 13688998 13753237 0 9424 9379 43 1460
2025-12-08T01:22:41.271015 536389.849465179 cubic 119.361 41.173 10 1460 1.960000 65535 163 162 4 12 11 0 0
2025-12-08T01:22:41.852738 536390.432465834 cubic 153.870 7.054 45 1460 4.100000 44 13884638 13951797 0 9560 9513 43 4380
2025-12-08T01:22:41.852738 536390.432465834 cubic 119.361 41.173 10 1460 1.960000 65535 163 162 4 12 11 0 0
2025-12-08T01:22:42.403584 536390.982031649 cubic 101.330 1.059 46 1460 6.360000 44 14213138 14280297 0 9785 9738 43 4380
2025-12-08T01:22:42.403584 536390.982031649 cubic 119.361 41.173 10 1460 1.960000 65535 163 162 4 12 11 0 0
2025-12-08T01:22:42.931736 536391.510328120 cubic 101.144 0.630 46 1460 6.370000 44 14535798 14604417 0 10007 9959 44 4380
2025-12-08T01:22:42.931736 536391.510328120 cubic 119.361 41.173 10 1460 1.960000 65535 163 162 4 12 11 0 0
2025-12-08T01:22:43.445580 536392.024059272 cubic 101.165 0.873 46 1460 6.370000 44 14854078 14922697 0 10225 10177 44 4380
2025-12-08T01:22:43.445580 536392.024059272 cubic 119.361 41.173 10 1460 1.960000 65535 163 162 4 12 11 0 0
2025-12-08T01:22:43.961664 536392.540083668 cubic 100.877 0.261 46 1460 6.390000 44 15175278 15243897 0 10445 10397 44 4380
2025-12-08T01:22:43.961664 536392.540083668 cubic 119.361 41.173 10 1460 1.960000 65535 163 162 4 12 11 0 0
2025-12-08T01:22:44.469591 536393.048054566 cubic 101.984 1.118 46 1460 6.320000 44 15496478 15565097 0 10665 10617 44 4380
2025-12-08T01:22:44.469591 536393.048054566 cubic 119.361 41.173 10 1460 1.960000 65535 163 162 4 12 11 0 0
2025-12-08T01:22:44.987454 536393.565879214 cubic 102.013 1.359 46 1460 6.320000 44 15826438 15895057 0 10891 10843 44 4380
2025-12-08T01:22:44.987454 536393.565879214 cubic 119.361 41.173 10 1460 1.960000 65535 163 162 4 12 11 0 0
2025-12-08T01:22:45.513587 536394.092113686 cubic 103.414 0.867 46 1460 6.230000 44 16178298 16246917 0 11132 11084 44 4380
2025-12-08T01:22:45.513587 536394.092113686 cubic 119.361 41.173 10 1460 1.960000 65535 163 162 4 12 11 0 0
2025-12-08T01:22:46.062506 536394.640932641 cubic 101.965 0.716 46 1460 6.320000 44 16499498 16568117 0 11352 11304 44 4380
2025-12-08T01:22:46.062506 536394.640932641 cubic 119.361 41.173 10 1460 1.960000 65535 163 162 4 12 11 0 0
2025-12-08T01:22:46.579619 536395.158092428 cubic 100.647 0.263 46 1460 6.410000 44 16826538 16895157 0 11576 11528 44 4380
2025-12-08T01:22:46.579619 536395.158092428 cubic 119.361 41.173 10 1460 1.960000 65535 163 162 4 12 11 0 0
2025-12-08T01:22:47.089140 536395.667551169 cubic 100.816 0.275 46 1460 6.400000 44 17147738 17216357 0 11796 11748 44 4380
2025-12-08T01:22:47.089140 536395.667551169 cubic 119.361 41.173 10 1460 1.960000 65535 163 162 4 12 11 0 0
2025-12-08T01:22:47.601677 536396.180124469 cubic 100.719 0.153 46 1460 6.400000 44 17467478 17534637 0 12014 11967 43 4380
2025-12-08T01:22:47.601677 536396.180124469 cubic 119.361 41.173 10 1460 1.960000 65535 163 162 4 12 11 0 0
2025-12-08T01:22:48.115179 536396.693597041 cubic 103.675 4.484 46 1460 6.220000 44 17785758 17854377 0 12233 12185 44 4380
2025-12-08T01:22:48.115179 536396.693597041 cubic 119.361 41.173 10 1460 1.960000 65535 163 162 4 12 11 0 0
2025-12-08T01:22:48.632884 536397.211379564 cubic 100.917 0.273 46 1460 6.390000 44 18118638 18185797 0 12460 12413 43 4380
2025-12-08T01:22:48.632884 536397.211379564 cubic 119.361 41.173 10 1460 1.960000 65535 163 162 4 12 11 0 0
2025-12-08T01:22:49.157016 536397.735436122 cubic 117.019 35.562 10 1460 2.000000 65535 164 167 5 15 13 1 0
