wall_time monotonic algo rtt_ms rtt_var_ms cwnd mss pacing_mbps ssthresh bytes_acked bytes_sent bytes_received segs_out segs_in unacked retrans_total
2025-12-08T00:39:00.347534 533768.926422364 cubic 81.054 40.621 10 1460 2.880000 65535 38 37 0 3 2 0 0
2025-12-08T00:39:00.863549 533769.441958622 cubic 59.915 3.472 40 1460 15.600000 65535 43838 102237 0 73 32 40 0
2025-12-08T00:39:00.863549 533769.441958622 cubic 73.901 35.243 10 1460 3.160000 65535 163 162 4 9 8 0 0
2025-12-08T00:39:01.369815 533769.948260708 cubic 60.062 1.298 89 1460 20.800000 89 643898 706677 0 487 443 43 0
2025-12-08T00:39:01.369815 533769.948260708 cubic 73.901 35.243 10 1460 3.160000 65535 163 162 4 9 8 0 0
2025-12-08T00:39:01.891668 533770.470163053 cubic 57.043 2.359 89 1460 21.900000 89 1233738 1296517 0 891 847 43 0
2025-12-08T00:39:01.891668 533770.470163053 cubic 73.901 35.243 10 1460 3.160000 65535 163 162 4 9 8 0 0
2025-12-08T00:39:02.404130 533770.982596398 cubic 52.384 0.612 89 1460 23.800000 89 1816278 1880517 0 1291 1246 44 0
2025-12-08T00:39:02.404130 533770.982596398 cubic 73.901 35.243 10 1460 3.160000 65535 163 162 4 9 8 0 0
2025-12-08T00:39:02.913226 533771.491638458 cubic 53.252 1.644 89 1460 23.400000 89 2403198 2465977 0 1692 1648 43 0
2025-12-08T00:39:02.913226 533771.491638458 cubic 73.901 35.243 10 1460 3.160000 65535 163 162 4 9 8 0 0
2025-12-08T00:39:03.431960 533772.010649592 cubic 56.467 2.521 89 1460 22.100000 89 3026618 3089397 0 2119 2075 43 0
2025-12-08T00:39:03.431960 533772.010649592 cubic 73.901 35.243 10 1460 3.160000 65535 163 162 4 9 8 0 0
2025-12-08T00:39:03.967947 533772.546403373 cubic 53.159 1.183 89 1460 23.500000 89 3647118 3709897 0 2544 2500 43 0
2025-12-08T00:39:03.967947 533772.546403373 cubic 73.901 35.243 10 1460 3.160000 65535 163 162 4 9 8 0 0
2025-12-08T00:39:04.483025 533773.061600569 cubic 56.381 1.080 89 1460 22.100000 89 4274918 4337697 0 2974 2930 43 0
2025-12-08T00:39:04.483025 533773.061600569 cubic 73.901 35.243 10 1460 3.160000 65535 163 162 4 9 8 0 0
2025-12-08T00:39:05.035933 533773.614576819 cubic 104.264 1.797 1 1460 0.000000 62 4712918 4723137 0 3238 3233 4 4380
2025-12-08T00:39:05.035933 533773.614576819 cubic 73.901 35.243 10 1460 3.160000 65535 163 162 4 9 8 0 0
2025-12-08T00:39:05.603312 533774.181822116 cubic 52.387 0.327 63 1460 16.900000 62 5216618 5283777 0 3622 3575 43 4380
2025-12-08T00:39:05.603312 533774.181822116 cubic 73.901 35.243 10 1460 3.160000 65535 163 162 4 9 8 0 0
2025-12-08T00:39:06.123082 533774.701503365 cubic 53.471 0.860 63 1460 16.500000 62 5810838 5877997 0 4029 3982 43 4380
2025-12-08T00:39:06.123082 533774.701503365 cubic 73.901 35.243 10 1460 3.160000 65535 163 162 4 9 8 0 0
2025-12-08T00:39:06.635442 533775.214036012 cubic 72.343 3.125 63 1460 12.200000 62 6374398 6443017 0 4416 4368 44 4380
2025-12-08T00:39:06.635442 533775.214036012 cubic 73.901 35.243 10 1460 3.160000 65535 163 162 4 9 8 0 0
2025-12-08T00:39:07.226149 533775.804933028 cubic 57.703 0.909 63 1460 15.300000 62 6980298 7047457 0 4830 4783 43 4380
2025-12-08T00:39:07.226149 533775.804933028 cubic 73.901 35.243 10 1460 3.160000 65535 163 162 4 9 8 0 0
2025-12-08T00:39:07.767991 533776.346520377 cubic 63.959 2.047 63 1460 13.800000 62 7532178 7600797 0 5209 5161 44 4380
2025-12-08T00:39:07.767991 533776.346520377 cubic 73.901 35.243 10 1460 3.160000 65535 163 162 4 9 8 0 0
2025-12-08T00:39:08.560932 533777.141206991 cubic 60.665 2.182 32 1460 7.390000 30 7957038 8011057 0 5490 5452 31 8760
2025-12-08T00:39:08.560932 533777.141206991 cubic 73.901 35.243 10 1460 3.160000 65535 163 162 4 9 8 0 0
2025-12-08T00:39:09.394463 533777.974686845 cubic 51.622 1.405 36 1460 9.770000 30 8476798 8536657 0 5850 5808 35 8760
2025-12-08T00:39:09.394463 533777.974686845 cubic 73.901 35.243 10 1460 3.160000 65535 163 162 4 9 8 0 0
2025-12-08T00:39:10.020150 533778.598759795 cubic 52.829 0.723 42 1460 11.100000 30 9041818 9111897 0 6244 6195 42 8760
2025-12-08T00:39:10.020150 533778.598759795 cubic 73.901 35.243 10 1460 3.160000 65535 163 162 4 9 8 0 0
2025-12-08T00:39:10.540585 533779.119052084 cubic 54.992 0.737 45 1460 11.500000 30 9662318 9733857 0 6670 6620 43 8760
2025-12-08T00:39:10.540585 533779.119052084 cubic 73.901 35.243 10 1460 3.160000 65535 163 162 4 9 8 0 0
2025-12-08T00:39:11.093167 533779.671713195 cubic 53.864 1.472 33 1460 8.590000 31 9963078 10022937 0 6868 6826 33 11680
2025-12-08T00:39:11.093167 533779.671713195 cubic 73.901 35.243 10 1460 3.160000 65535 163 162 4 9 8 0 0
2025-12-08T00:39:11.608545 533780.187513646 cubic 105.374 30.498 28 1460 3.720000 28 10580658 10634677 0 7287 7249 28 13140
2025-12-08T00:39:11.608545 533780.187513646 cubic 73.901 35.243 10 1460 3.160000 65535 163 162 4 9 8 0 0
2025-12-08T00:39:12.449963 533781.028585858 cubic 51.031 0.235 32 1460 8.790000 28 11001138 11060997 0 7579 7537 32 13140
2025-12-08T00:39:12.449963 533781.028585858 cubic 73.901 35.243 10 1460 3.160000 65535 163 162 4 9 8 0 0
2025-12-08T00:39:12.965018 533781.543441628 cubic 50.954 0.701 38 1460 10.500000 28 11494618 11561777 0 7922 7875 37 13140
2025-12-08T00:39:12.965018 533781.543441628 cubic 73.901 35.243 10 1460 3.160000 65535 163 162 4 9 8 0 0
2025-12-08T00:39:13.485560 533782.064396617 cubic 51.385 0.546 42 1460 11.500000 28 12033358 12106357 0 8295 8244 41 13140
2025-12-08T00:39:13.485560 533782.064396617 cubic 73.901 35.243 10 1460 3.160000 65535 163 162 4 9 8 0 0
2025-12-08T00:39:14.043032 533782.621487705 cubic 54.874 1.430 45 1460 11.500000 28 12669918 12747297 0 8734 8680 44 13140
2025-12-08T00:39:14.043032 533782.621487705 cubic 73.901 35.243 10 1460 3.160000 65535 163 162 4 9 8 0 0
2025-12-08T00:39:14.560361 533783.138888457 cubic 52.499 0.547 45 1460 12.000000 28 13291878 13367797 0 9159 9106 43 13140
2025-12-08T00:39:14.560361 533783.138888457 cubic 73.901 35.243 10 1460 3.160000 65535 163 162 4 9 8 0 0
2025-12-08T00:39:15.083158 533783.661579154 cubic 52.573 0.637 45 1460 12.000000 28 13900698 13976617 0 9576 9523 43 13140
2025-12-08T00:39:15.083158 533783.661579154 cubic 73.901 35.243 10 1460 3.160000 65535 163 162 4 9 8 0 0
2025-12-08T00:39:15.597463 533784.175888739 cubic 52.874 0.982 45 1460 11.900000 28 14516818 14592737 0 9998 9945 43 13140
2025-12-08T00:39:15.597463 533784.175888739 cubic 73.901 35.243 10 1460 3.160000 65535 163 162 4 9 8 0 0
2025-12-08T00:39:16.107438 533784.686406923 cubic 52.332 0.533 45 1460 12.100000 28 15141698 15217617 0 10426 10373 43 13140
2025-12-08T00:39:16.107438 533784.686406923 cubic 73.901 35.243 10 1460 3.160000 65535 163 162 4 9 8 0 0
2025-12-08T00:39:16.638409 533785.216956545 cubic 56.478 1.787 45 1460 11.200000 28 15759278 15836657 0 10850 10796 44 13140
2025-12-08T00:39:16.638409 533785.216956545 cubic 73.901 35.243 10 1460 3.160000 65535 163 162 4 9 8 0 0
2025-12-08T00:39:17.151564 533785.730004375 cubic 52.631 0.331 45 1460 12.000000 28 16362258 16438177 0 11262 11209 43 13140
2025-12-08T00:39:17.151564 533785.730004375 cubic 73.901 35.243 10 1460 3.160000 65535 163 162 4 9 8 0 0
2025-12-08T00:39:17.672641 533786.251241869 cubic 53.056 0.716 45 1460 11.900000 28 17009038 17084957 0 11705 11652 43 13140
2025-12-08T00:39:17.672641 533786.251241869 cubic 73.901 35.243 10 1460 3.160000 65535 163 162 4 9 8 0 0
2025-12-08T00:39:18.202820 533786.781234260 cubic 52.521 0.658 45 1460 12.000000 28 17619318 17695237 0 12123 12070 43 13140
2025-12-08T00:39:18.202820 533786.781234260 cubic 73.901 35.243 10 1460 3.160000 65535 163 162 4 9 8 0 0
2025-12-08T00:39:18.716093 533787.294512047 cubic 52.448 1.114 45 1460 12.000000 28 18226678 18304057 0 12540 12486 44 13140
2025-12-08T00:39:18.716093 533787.294512047 cubic 73.901 35.243 10 1460 3.160000 65535 163 162 4 9 8 0 0
2025-12-08T00:39:19.227303 533787.805730389 cubic 52.569 0.922 45 1460 12.000000 28 18836958 18914337 0 12958 12904 44 13140
2025-12-08T00:39:19.227303 533787.805730389 cubic 73.901 35.243 10 1460 3.160000 65535 163 162 4 9 8 0 0
2025-12-08T00:39:19.738492 533788.316994398 cubic 53.871 2.549 45 1460 11.700000 28 19437018 19512937 0 13368 13315 43 13140
2025-12-08T00:39:19.738492 533788.316994398 cubic 73.901 35.243 10 1460 3.160000 65535 163 162 4 9 8 0 0
2025-12-08T00:39:20.249400 533788.827897460 cubic 52.423 0.559 45 1460 12.000000 28 20038538 20114457 0 13780 13727 43 13140
2025-12-08T00:39:20.249400 533788.827897460 cubic 73.901 35.243 10 1460 3.160000 65535 163 162 4 9 8 0 0
2025-12-08T00:39:20.762626 533789.341047381 cubic 53.375 0.587 45 1460 11.800000 28 20660498 20736417 0 14206 14153 43 13140
2025-12-08T00:39:20.762626 533789.341047381 cubic 73.901 35.243 10 1460 3.160000 65535 163 162 4 9 8 0 0
2025-12-08T00:39:21.279052 533789.857486718 cubic 52.428 0.364 45 1460 12.000000 28 21276618 21352537 0 14628 14575 43 13140
2025-12-08T00:39:21.279052 533789.857486718 cubic 73.901 35.243 10 1460 3.160000 65535 163 162 4 9 8 0 0
2025-12-08T00:39:21.795821 533790.374296838 cubic 52.697 1.113 45 1460 12.000000 28 21888358 21965737 0 15048 14994 44 13140
2025-12-08T00:39:21.795821 533790.374296838 cubic 73.901 35.243 10 1460 3.160000 65535 163 162 4 9 8 0 0
2025-12-08T00:39:22.311069 533790.889477461 cubic 52.067 0.310 45 1460 12.100000 28 22494258 22570177 0 15462 15409 43 13140
2025-12-08T00:39:22.311069 533790.889477461 cubic 73.901 35.243 10 1460 3.160000 65535 163 162 4 9 8 0 0
2025-12-08T00:39:22.820935 533791.399365390 cubic 52.830 1.063 45 1460 11.900000 28 23108918 23186297 0 15884 15830 44 13140
2025-12-08T00:39:22.820935 533791.399365390 cubic 73.901 35.243 10 1460 3.160000 65535 163 162 4 9 8 0 0
2025-12-08T00:39:23.332837 533791.911331516 cubic 52.280 0.428 45 1460 12.100000 28 23707518 23783437 0 16293 16240 43 13140
2025-12-08T00:39:23.332837 533791.911331516 cubic 73.901 35.243 10 1460 3.160000 65535 163 162 4 9 8 0 0
2025-12-08T00:39:23.845330 533792.423813463 cubic 53.336 1.517 45 1460 11.800000 28 24329478 24406857 0 16720 16666 44 13140
2025-12-08T00:39:23.845330 533792.423813463 cubic 73.901 35.243 10 1460 3.160000 65535 163 162 4 9 8 0 0
2025-12-08T00:39:24.359418 533792.937840289 cubic 53.894 1.131 45 1460 11.700000 28 24944138 25021517 0 17141 17087 44 13140
2025-12-08T00:39:24.359418 533792.937840289 cubic 73.901 35.243 10 1460 3.160000 65535 163 162 4 9 8 0 0
2025-12-08T00:39:24.879628 533793.458060621 cubic 52.962 0.275 45 1460 11.900000 28 25554418 25630337 0 17558 17505 43 13140
2025-12-08T00:39:24.879628 533793.458060621 cubic 73.901 35.243 10 1460 3.160000 65535 163 162 4 9 8 0 0
2025-12-08T00:39:25.401959 533793.980598019 cubic 52.349 0.552 45 1460 12.000000 28 26179298 26255217 0 17986 17933 43 13140
2025-12-08T00:39:25.401959 533793.980598019 cubic 73.901 35.243 10 1460 3.160000 65535 163 162 4 9 8 0 0
2025-12-08T00:39:25.918357 533794.496789542 cubic 53.388 1.475 45 1460 11.800000 28 26783738 26859657 0 18400 18347 43 13140
2025-12-08T00:39:25.918357 533794.496789542 cubic 73.901 35.243 10 1460 3.160000 65535 163 162 4 9 8 0 0
2025-12-08T00:39:26.432482 533795.010913330 cubic 52.407 0.619 45 1460 12.000000 28 27392558 27468477 0 18817 18764 43 13140
2025-12-08T00:39:26.432482 533795.010913330 cubic 73.901 35.243 10 1460 3.160000 65535 163 162 4 9 8 0 0
2025-12-08T00:39:26.943544 533795.521974906 cubic 54.480 0.582 45 1460 11.600000 28 27980938 28056857 0 19220 19167 43 13140
2025-12-08T00:39:26.943544 533795.521974906 cubic 73.901 35.243 10 1460 3.160000 65535 163 162 4 9 8 0 0
2025-12-08T00:39:27.458413 533796.037276332 cubic 53.012 0.762 45 1460 11.900000 28 28597058 28672977 0 19642 19589 43 13140
2025-12-08T00:39:27.458413 533796.037276332 cubic 73.901 35.243 10 1460 3.160000 65535 163 162 4 9 8 0 0
2025-12-08T00:39:27.977212 533796.555621430 cubic 52.267 0.543 45 1460 12.100000 28 29207338 29283257 0 20060 20007 43 13140
2025-12-08T00:39:27.977212 533796.555621430 cubic 73.901 35.243 10 1460 3.160000 65535 163 162 4 9 8 0 0
2025-12-08T00:39:28.488400 533797.066826966 cubic 52.344 0.555 45 1460 12.000000 28 29816158 29892077 0 20477 20424 43 13140
2025-12-08T00:39:28.488400 533797.066826966 cubic 73.901 35.243 10 1460 3.160000 65535 163 162 4 9 8 0 0
2025-12-08T00:39:29.000896 533797.579411466 cubic 52.317 0.380 45 1460 12.100000 28 30411838 30487757 0 20885 20832 43 13140
2025-12-08T00:39:29.000896 533797.579411466 cubic 73.901 35.243 10 1460 3.160000 65535 163 162 4 9 8 0 0
2025-12-08T00:39:29.516028 533798.094444531 cubic 52.436 0.517 45 1460 12.000000 28 31022118 31099497 0 21304 21250 44 13140
2025-12-08T00:39:29.516028 533798.094444531 cubic 73.901 35.243 10 1460 3.160000 65535 163 162 4 9 8 0 0
2025-12-08T00:39:30.028448 533798.606883246 cubic 56.135 0.172 45 1460 11.200000 28 31614878 31690797 0 21709 21656 43 13140
2025-12-08T00:39:30.028448 533798.606883246 cubic 73.901 35.243 10 1460 3.160000 65535 163 162 4 9 8 0 0
2025-12-08T00:39:30.542502 533799.120913756 cubic 52.336 0.673 45 1460 12.100000 28 32226618 32303997 0 22129 22075 44 13140
2025-12-08T00:39:30.542502 533799.120913756 cubic 73.901 35.243 10 1460 3.160000 65535 163 162 4 9 8 0 0
