wall_time monotonic algo rtt_ms rtt_var_ms cwnd mss pacing_mbps ssthresh bytes_acked bytes_sent bytes_received segs_out segs_in unacked retrans_total
2025-12-08T01:46:07.749348 537796.327835011 cubic 101.225 0.196 88 1460 20.300000 65535 18942078 18942077 1 12987 12985 0 0
2025-12-08T01:46:07.749348 537796.327835011 cubic 100.866 0.180 88 1460 20.400000 65535 18939158 18939157 1 12986 12984 0 0
2025-12-08T01:46:07.749348 537796.327835011 cubic 101.428 0.368 88 1460 12.200000 88 18807758 18807757 1 12894 12892 0 0
2025-12-08T01:46:08.257275 537796.835799945 cubic 101.225 0.196 88 1460 20.300000 65535 18942078 18942077 1 12987 12985 0 0
2025-12-08T01:46:08.257275 537796.835799945 cubic 100.866 0.180 88 1460 20.400000 65535 18939158 18939157 1 12986 12984 0 0
2025-12-08T01:46:08.257275 537796.835799945 cubic 115.012 34.831 10 1460 2.030000 65535 163 162 2 9 8 0 0
2025-12-08T01:46:08.257275 537796.835799945 cubic 101.428 0.368 88 1460 12.200000 88 18807758 18807757 1 12894 12892 0 0
2025-12-08T01:46:08.779022 537797.357506464 cubic 101.225 0.196 88 1460 20.300000 65535 18942078 18942077 1 12987 12985 0 0
2025-12-08T01:46:08.779022 537797.357506464 cubic 102.027 0.413 80 1460 18.300000 65535 102238 166477 0 118 73 44 0
2025-12-08T01:46:08.779022 537797.357506464 cubic 100.866 0.180 88 1460 20.400000 65535 18939158 18939157 1 12986 12984 0 0
2025-12-08T01:46:08.779022 537797.357506464 cubic 115.012 34.831 10 1460 2.030000 65535 163 162 4 11 10 0 0
2025-12-08T01:46:08.779022 537797.357506464 cubic 101.428 0.368 88 1460 12.200000 88 18807758 18807757 1 12894 12892 0 0
2025-12-08T01:46:09.288874 537797.867425783 cubic 101.225 0.196 88 1460 20.300000 65535 18942078 18942077 1 12987 12985 0 0
2025-12-08T01:46:09.288874 537797.867425783 cubic 102.038 0.411 88 1460 20.100000 65535 423438 487677 0 338 293 44 0
2025-12-08T01:46:09.288874 537797.867425783 cubic 100.866 0.180 88 1460 20.400000 65535 18939158 18939157 1 12986 12984 0 0
2025-12-08T01:46:09.288874 537797.867425783 cubic 115.012 34.831 10 1460 2.030000 65535 163 162 4 11 10 0 0
2025-12-08T01:46:09.288874 537797.867425783 cubic 101.428 0.368 88 1460 12.200000 88 18807758 18807757 1 12894 12892 0 0
2025-12-08T01:46:09.802496 537798.380930881 cubic 101.225 0.196 88 1460 20.300000 65535 18942078 18942077 1 12987 12985 0 0
2025-12-08T01:46:09.802496 537798.380930881 cubic 100.613 0.214 88 1460 20.400000 65535 744638 808877 0 558 513 44 0
2025-12-08T01:46:09.802496 537798.380930881 cubic 100.866 0.180 88 1460 20.400000 65535 18939158 18939157 1 12986 12984 0 0
2025-12-08T01:46:09.802496 537798.380930881 cubic 115.012 34.831 10 1460 2.030000 65535 163 162 4 11 10 0 0
2025-12-08T01:46:09.802496 537798.380930881 cubic 101.428 0.368 88 1460 12.200000 88 18807758 18807757 1 12894 12892 0 0
2025-12-08T01:46:10.310325 537798.888795769 cubic 101.225 0.196 88 1460 20.300000 65535 18942078 18942077 1 12987 12985 0 0
2025-12-08T01:46:10.310325 537798.888795769 cubic 104.215 0.400 88 1460 19.700000 65535 1065838 1130077 0 778 733 44 0
2025-12-08T01:46:10.310325 537798.888795769 cubic 100.866 0.180 88 1460 20.400000 65535 18939158 18939157 1 12986 12984 0 0
2025-12-08T01:46:10.310325 537798.888795769 cubic 115.012 34.831 10 1460 2.030000 65535 163 162 4 11 10 0 0
2025-12-08T01:46:10.310325 537798.888795769 cubic 101.428 0.368 88 1460 12.200000 88 18807758 18807757 1 12894 12892 0 0
2025-12-08T01:46:10.824859 537799.403438723 cubic 101.225 0.196 88 1460 20.300000 65535 18942078 18942077 1 12987 12985 0 0
2025-12-08T01:46:10.824859 537799.403438723 cubic 102.705 0.285 88 1460 20.000000 65535 1387038 1451277 0 998 953 44 0
2025-12-08T01:46:10.824859 537799.403438723 cubic 100.866 0.180 88 1460 20.400000 65535 18939158 18939157 1 12986 12984 0 0
2025-12-08T01:46:10.824859 537799.403438723 cubic 115.012 34.831 10 1460 2.030000 65535 163 162 4 11 10 0 0
2025-12-08T01:46:10.824859 537799.403438723 cubic 101.428 0.368 88 1460 12.200000 88 18807758 18807757 1 12894 12892 0 0
2025-12-08T01:46:11.339341 537799.917801304 cubic 101.225 0.196 88 1460 20.300000 65535 18942078 18942077 1 12987 12985 0 0
2025-12-08T01:46:11.339341 537799.917801304 cubic 105.695 1.577 88 1460 19.400000 65535 1708238 1772477 0 1218 1173 44 0
2025-12-08T01:46:11.339341 537799.917801304 cubic 100.866 0.180 88 1460 20.400000 65535 18939158 18939157 1 12986 12984 0 0
2025-12-08T01:46:11.339341 537799.917801304 cubic 115.012 34.831 10 1460 2.030000 65535 163 162 4 11 10 0 0
2025-12-08T01:46:11.339341 537799.917801304 cubic 101.428 0.368 88 1460 12.200000 88 18807758 18807757 1 12894 12892 0 0
2025-12-08T01:46:11.852616 537800.431034235 cubic 101.225 0.196 88 1460 20.300000 65535 18942078 18942077 1 12987 12985 0 0
2025-12-08T01:46:11.852616 537800.431034235 cubic 100.500 0.246 88 1460 20.500000 65535 2029438 2093677 0 1438 1393 44 0
2025-12-08T01:46:11.852616 537800.431034235 cubic 100.866 0.180 88 1460 20.400000 65535 18939158 18939157 1 12986 12984 0 0
2025-12-08T01:46:11.852616 537800.431034235 cubic 115.012 34.831 10 1460 2.030000 65535 163 162 4 11 10 0 0
2025-12-08T01:46:11.852616 537800.431034235 cubic 101.428 0.368 88 1460 12.200000 88 18807758 18807757 1 12894 12892 0 0
2025-12-08T01:46:12.357946 537800.936364990 cubic 101.225 0.196 88 1460 20.300000 65535 18942078 18942077 1 12987 12985 0 0
2025-12-08T01:46:12.357946 537800.936364990 cubic 101.548 0.068 88 1460 20.200000 65535 2350638 2414877 0 1658 1613 44 0
2025-12-08T01:46:12.357946 537800.936364990 cubic 100.866 0.180 88 1460 20.400000 65535 18939158 18939157 1 12986 12984 0 0
2025-12-08T01:46:12.357946 537800.936364990 cubic 115.012 34.831 10 1460 2.030000 65535 163 162 4 11 10 0 0
2025-12-08T01:46:12.357946 537800.936364990 cubic 101.428 0.368 88 1460 12.200000 88 18807758 18807757 1 12894 12892 0 0
2025-12-08T01:46:12.868792 537801.447225496 cubic 101.225 0.196 88 1460 20.300000 65535 18942078 18942077 1 12987 12985 0 0
2025-12-08T01:46:12.868792 537801.447225496 cubic 101.835 0.093 88 1460 20.200000 65535 2671838 2736077 0 1878 1833 44 0
2025-12-08T01:46:12.868792 537801.447225496 cubic 100.866 0.180 88 1460 20.400000 65535 18939158 18939157 1 12986 12984 0 0
2025-12-08T01:46:12.868792 537801.447225496 cubic 115.012 34.831 10 1460 2.030000 65535 163 162 4 11 10 0 0
2025-12-08T01:46:12.868792 537801.447225496 cubic 101.428 0.368 88 1460 12.200000 88 18807758 18807757 1 12894 12892 0 0
2025-12-08T01:46:13.382324 537801.960771168 cubic 101.225 0.196 88 1460 20.300000 65535 18942078 18942077 1 12987 12985 0 0
2025-12-08T01:46:13.382324 537801.960771168 cubic 101.995 0.241 88 1460 20.200000 65535 2993038 3057277 0 2098 2053 44 0
2025-12-08T01:46:13.382324 537801.960771168 cubic 100.866 0.180 88 1460 20.400000 65535 18939158 18939157 1 12986 12984 0 0
2025-12-08T01:46:13.382324 537801.960771168 cubic 115.012 34.831 10 1460 2.030000 65535 163 162 4 11 10 0 0
2025-12-08T01:46:13.382324 537801.960771168 cubic 101.428 0.368 88 1460 12.200000 88 18807758 18807757 1 12895 12893 0 0
2025-12-08T01:46:13.893638 537802.472084998 cubic 101.225 0.196 88 1460 20.300000 65535 18942078 18942077 1 12987 12985 0 0
2025-12-08T01:46:13.893638 537802.472084998 cubic 101.378 0.685 88 1460 20.300000 65535 3314238 3378477 0 2318 2273 44 0
2025-12-08T01:46:13.893638 537802.472084998 cubic 100.866 0.180 88 1460 20.400000 65535 18939158 18939157 1 12986 12984 0 0
2025-12-08T01:46:13.893638 537802.472084998 cubic 115.012 34.831 10 1460 2.030000 65535 163 162 4 11 10 0 0
2025-12-08T01:46:13.893638 537802.472084998 cubic 101.428 0.368 88 1460 12.200000 88 18807758 18807757 1 12895 12893 0 0
2025-12-08T01:46:14.406098 537802.984544143 cubic 101.225 0.196 88 1460 20.300000 65535 18942078 18942077 1 12987 12985 0 0
2025-12-08T01:46:14.406098 537802.984544143 cubic 101.951 0.334 88 1460 20.200000 65535 3635438 3699677 0 2538 2493 44 0
2025-12-08T01:46:14.406098 537802.984544143 cubic 100.866 0.180 88 1460 20.400000 65535 18939158 18939157 1 12986 12984 0 0
2025-12-08T01:46:14.406098 537802.984544143 cubic 115.012 34.831 10 1460 2.030000 65535 163 162 4 11 10 0 0
2025-12-08T01:46:14.406098 537802.984544143 cubic 101.428 0.368 88 1460 12.200000 88 18807758 18807757 1 12895 12893 0 0
2025-12-08T01:46:14.917105 537803.495532976 cubic 101.225 0.196 88 1460 20.300000 65535 18942078 18942077 1 12987 12985 0 0
2025-12-08T01:46:14.917105 537803.495532976 cubic 101.624 0.311 88 1460 20.200000 65535 3956638 4020877 0 2758 2713 44 0
2025-12-08T01:46:14.917105 537803.495532976 cubic 100.866 0.180 88 1460 20.400000 65535 18939158 18939157 1 12986 12984 0 0
2025-12-08T01:46:14.917105 537803.495532976 cubic 115.012 34.831 10 1460 2.030000 65535 163 162 4 11 10 0 0
2025-12-08T01:46:14.917105 537803.495532976 cubic 101.428 0.368 88 1460 12.200000 88 18807758 18807757 1 12895 12893 0 0
2025-12-08T01:46:15.427696 537804.006129146 cubic 101.225 0.196 88 1460 20.300000 65535 18942078 18942077 1 12987 12985 0 0
2025-12-08T01:46:15.427696 537804.006129146 cubic 102.275 0.475 88 1460 20.100000 65535 4277838 4342077 0 2978 2933 44 0
2025-12-08T01:46:15.427696 537804.006129146 cubic 100.866 0.180 88 1460 20.400000 65535 18939158 18939157 1 12986 12984 0 0
2025-12-08T01:46:15.427696 537804.006129146 cubic 115.012 34.831 10 1460 2.030000 65535 163 162 4 11 10 0 0
2025-12-08T01:46:15.427696 537804.006129146 cubic 101.428 0.368 88 1460 12.200000 88 18807758 18807757 1 12895 12893 0 0
2025-12-08T01:46:15.937717 537804.516148908 cubic 101.225 0.196 88 1460 20.300000 65535 18942078 18942077 1 12987 12985 0 0
2025-12-08T01:46:15.937717 537804.516148908 cubic 102.741 0.194 88 1460 20.000000 65535 4599038 4663277 0 3198 3153 44 0
2025-12-08T01:46:15.937717 537804.516148908 cubic 100.866 0.180 88 1460 20.400000 65535 18939158 18939157 1 12986 12984 0 0
2025-12-08T01:46:15.937717 537804.516148908 cubic 115.012 34.831 10 1460 2.030000 65535 163 162 4 11 10 0 0
2025-12-08T01:46:15.937717 537804.516148908 cubic 101.428 0.368 88 1460 12.200000 88 18807758 18807757 1 12895 12893 0 0
2025-12-08T01:46:16.449596 537805.028030140 cubic 101.225 0.196 88 1460 20.300000 65535 18942078 18942077 1 12987 12985 0 0
2025-12-08T01:46:16.449596 537805.028030140 cubic 102.214 0.233 88 1460 20.100000 65535 4920238 4984477 0 3418 3373 44 0
2025-12-08T01:46:16.449596 537805.028030140 cubic 100.866 0.180 88 1460 20.400000 65535 18939158 18939157 1 12986 12984 0 0
2025-12-08T01:46:16.449596 537805.028030140 cubic 115.012 34.831 10 1460 2.030000 65535 163 162 4 11 10 0 0
2025-12-08T01:46:16.449596 537805.028030140 cubic 101.428 0.368 88 1460 12.200000 88 18807758 18807757 1 12895 12893 0 0
2025-12-08T01:46:16.958701 537805.537129288 cubic 101.225 0.196 88 1460 20.300000 65535 18942078 18942077 1 12987 12985 0 0
2025-12-08T01:46:16.958701 537805.537129288 cubic 102.516 0.203 88 1460 20.100000 65535 5241438 5305677 0 3638 3593 44 0
2025-12-08T01:46:16.958701 537805.537129288 cubic 100.866 0.180 88 1460 20.400000 65535 18939158 18939157 1 12986 12984 0 0
2025-12-08T01:46:16.958701 537805.537129288 cubic 115.012 34.831 10 1460 2.030000 65535 163 162 4 11 10 0 0
2025-12-08T01:46:16.958701 537805.537129288 cubic 101.428 0.368 88 1460 12.200000 88 18807758 18807757 1 12895 12893 0 0
2025-12-08T01:46:17.475222 537806.053662115 cubic 101.225 0.196 88 1460 20.300000 65535 18942078 18942077 1 12987 12985 0 0
2025-12-08T01:46:17.475222 537806.053662115 cubic 101.577 0.587 88 1460 20.200000 65535 5562638 5626877 0 3858 3813 44 0
2025-12-08T01:46:17.475222 537806.053662115 cubic 100.866 0.180 88 1460 20.400000 65535 18939158 18939157 1 12986 12984 0 0
2025-12-08T01:46:17.475222 537806.053662115 cubic 115.012 34.831 10 1460 2.030000 65535 163 162 4 11 10 0 0
2025-12-08T01:46:17.475222 537806.053662115 cubic 101.428 0.368 88 1460 12.200000 88 18807758 18807757 1 12895 12893 0 0
2025-12-08T01:46:17.989475 537806.567947476 cubic 101.225 0.196 88 1460 20.300000 65535 18942078 18942077 1 12987 12985 0 0
2025-12-08T01:46:17.989475 537806.567947476 cubic 106.685 0.199 88 1460 19.300000 65535 5929098 5991877 0 4108 4064 43 0
2025-12-08T01:46:17.989475 537806.567947476 cubic 100.866 0.180 88 1460 20.400000 65535 18939158 18939157 1 12986 12984 0 0
2025-12-08T01:46:17.989475 537806.567947476 cubic 115.012 34.831 10 1460 2.030000 65535 163 162 4 11 10 0 0
2025-12-08T01:46:17.989475 537806.567947476 cubic 101.428 0.368 88 1460 12.200000 88 18807758 18807757 1 12895 12893 0 0
2025-12-08T01:46:18.514161 537807.092642762 cubic 101.225 0.196 88 1460 20.300000 65535 18942078 18942077 1 12987 12985 0 0
2025-12-08T01:46:18.514161 537807.092642762 cubic 106.212 0.816 88 1460 19.400000 65535 6266358 6330597 0 4340 4295 44 0
2025-12-08T01:46:18.514161 537807.092642762 cubic 100.866 0.180 88 1460 20.400000 65535 18939158 18939157 1 12986 12984 0 0
2025-12-08T01:46:18.514161 537807.092642762 cubic 115.012 34.831 10 1460 2.030000 65535 163 162 4 11 10 0 0
2025-12-08T01:46:18.514161 537807.092642762 cubic 101.428 0.368 88 1460 12.200000 88 18807758 18807757 1 12895 12893 0 0
2025-12-08T01:46:19.032280 537807.610726772 cubic 101.225 0.196 88 1460 20.300000 65535 18942078 18942077 1 12987 12985 0 0
2025-12-08T01:46:19.032280 537807.610726772 cubic 106.861 0.662 88 1460 19.200000 65535 6587558 6651797 0 4560 4515 44 0
2025-12-08T01:46:19.032280 537807.610726772 cubic 100.866 0.180 88 1460 20.400000 65535 18939158 18939157 1 12986 12984 0 0
2025-12-08T01:46:19.032280 537807.610726772 cubic 115.012 34.831 10 1460 2.030000 65535 163 162 4 11 10 0 0
2025-12-08T01:46:19.032280 537807.610726772 cubic 101.428 0.368 88 1460 12.200000 88 18807758 18807757 1 12895 12893 0 0
2025-12-08T01:46:19.551094 537808.129535519 cubic 101.225 0.196 88 1460 20.300000 65535 18942078 18942077 1 12987 12985 0 0
2025-12-08T01:46:19.551094 537808.129535519 cubic 106.060 5.447 88 1460 19.400000 65535 6908758 6972997 0 4780 4735 44 0
2025-12-08T01:46:19.551094 537808.129535519 cubic 100.866 0.180 88 1460 20.400000 65535 18939158 18939157 1 12986 12984 0 0
2025-12-08T01:46:19.551094 537808.129535519 cubic 115.012 34.831 10 1460 2.030000 65535 163 162 4 11 10 0 0
2025-12-08T01:46:19.551094 537808.129535519 cubic 101.428 0.368 88 1460 12.200000 88 18807758 18807757 1 12895 12893 0 0
2025-12-08T01:46:20.066632 537808.645070440 cubic 101.225 0.196 88 1460 20.300000 65535 18942078 18942077 1 12987 12985 0 0
2025-12-08T01:46:20.066632 537808.645070440 cubic 101.581 0.274 88 1460 20.200000 65535 7229958 7294197 0 5000 4955 44 0
2025-12-08T01:46:20.066632 537808.645070440 cubic 100.866 0.180 88 1460 20.400000 65535 18939158 18939157 1 12986 12984 0 0
2025-12-08T01:46:20.066632 537808.645070440 cubic 115.012 34.831 10 1460 2.030000 65535 163 162 4 11 10 0 0
2025-12-08T01:46:20.066632 537808.645070440 cubic 101.428 0.368 88 1460 12.200000 88 18807758 18807757 1 12895 12893 0 0
2025-12-08T01:46:20.585229 537809.163685229 cubic 101.225 0.196 88 1460 20.300000 65535 18942078 18942077 1 12987 12985 0 0
2025-12-08T01:46:20.585229 537809.163685229 cubic 100.899 0.547 88 1460 20.400000 65535 7551158 7615397 0 5220 5175 44 0
2025-12-08T01:46:20.585229 537809.163685229 cubic 100.866 0.180 88 1460 20.400000 65535 18939158 18939157 1 12986 12984 0 0
2025-12-08T01:46:20.585229 537809.163685229 cubic 115.012 34.831 10 1460 2.030000 65535 163 162 4 11 10 0 0
2025-12-08T01:46:20.585229 537809.163685229 cubic 101.428 0.368 88 1460 12.200000 88 18807758 18807757 1 12895 12893 0 0
2025-12-08T01:46:21.099826 537809.678279953 cubic 101.225 0.196 88 1460 20.300000 65535 18942078 18942077 1 12987 12985 0 0
2025-12-08T01:46:21.099826 537809.678279953 cubic 100.905 0.496 88 1460 20.400000 65535 7872358 7936597 0 5440 5395 44 0
2025-12-08T01:46:21.099826 537809.678279953 cubic 100.866 0.180 88 1460 20.400000 65535 18939158 18939157 1 12986 12984 0 0
2025-12-08T01:46:21.099826 537809.678279953 cubic 115.012 34.831 10 1460 2.030000 65535 163 162 4 11 10 0 0
2025-12-08T01:46:21.099826 537809.678279953 cubic 101.428 0.368 88 1460 12.200000 88 18807758 18807757 1 12895 12893 0 0
2025-12-08T01:46:21.612312 537810.190738916 cubic 101.225 0.196 88 1460 20.300000 65535 18942078 18942077 1 12988 12986 0 0
2025-12-08T01:46:21.612312 537810.190738916 cubic 101.281 0.136 88 1460 20.300000 65535 8193558 8257797 0 5660 5615 44 0
2025-12-08T01:46:21.612312 537810.190738916 cubic 100.866 0.180 88 1460 20.400000 65535 18939158 18939157 1 12986 12984 0 0
2025-12-08T01:46:21.612312 537810.190738916 cubic 115.012 34.831 10 1460 2.030000 65535 163 162 4 11 10 0 0
2025-12-08T01:46:21.612312 537810.190738916 cubic 101.428 0.368 88 1460 12.200000 88 18807758 18807757 1 12895 12893 0 0
2025-12-08T01:46:22.134292 537810.712721152 cubic 101.225 0.196 88 1460 20.300000 65535 18942078 18942077 1 12988 12986 0 0
2025-12-08T01:46:22.134292 537810.712721152 cubic 101.241 0.136 88 1460 20.300000 65535 8514758 8578997 0 5880 5835 44 0
2025-12-08T01:46:22.134292 537810.712721152 cubic 100.866 0.180 88 1460 20.400000 65535 18939158 18939157 1 12986 12984 0 0
2025-12-08T01:46:22.134292 537810.712721152 cubic 115.012 34.831 10 1460 2.030000 65535 163 162 4 11 10 0 0
2025-12-08T01:46:22.134292 537810.712721152 cubic 101.428 0.368 88 1460 12.200000 88 18807758 18807757 1 12895 12893 0 0
2025-12-08T01:46:22.650435 537811.228869933 cubic 101.225 0.196 88 1460 20.300000 65535 18942078 18942077 1 12988 12986 0 0
2025-12-08T01:46:22.650435 537811.228869933 cubic 101.076 0.263 88 1460 20.300000 65535 8859318 8923557 0 6116 6071 44 0
2025-12-08T01:46:22.650435 537811.228869933 cubic 100.866 0.180 88 1460 20.400000 65535 18939158 18939157 1 12986 12984 0 0
2025-12-08T01:46:22.650435 537811.228869933 cubic 115.012 34.831 10 1460 2.030000 65535 163 162 4 11 10 0 0
2025-12-08T01:46:22.650435 537811.228869933 cubic 101.428 0.368 88 1460 12.200000 88 18807758 18807757 1 12895 12893 0 0
2025-12-08T01:46:23.168124 537811.746555439 cubic 101.225 0.196 88 1460 20.300000 65535 18942078 18942077 1 12988 12986 0 0
2025-12-08T01:46:23.168124 537811.746555439 cubic 103.442 0.457 88 1460 19.900000 65535 9180518 9244757 0 6336 6291 44 0
2025-12-08T01:46:23.168124 537811.746555439 cubic 100.866 0.180 88 1460 20.400000 65535 18939158 18939157 1 12986 12984 0 0
2025-12-08T01:46:23.168124 537811.746555439 cubic 115.012 34.831 10 1460 2.030000 65535 163 162 4 11 10 0 0
2025-12-08T01:46:23.168124 537811.746555439 cubic 101.428 0.368 88 1460 12.200000 88 18807758 18807757 1 12895 12893 0 0
2025-12-08T01:46:23.681710 537812.260152047 cubic 101.225 0.196 88 1460 20.300000 65535 18942078 18942077 1 12988 12986 0 0
2025-12-08T01:46:23.681710 537812.260152047 cubic 104.223 1.106 88 1460 19.700000 65535 9501718 9565957 0 6556 6511 44 0
2025-12-08T01:46:23.681710 537812.260152047 cubic 100.866 0.180 88 1460 20.400000 65535 18939158 18939157 1 12986 12984 0 0
2025-12-08T01:46:23.681710 537812.260152047 cubic 115.012 34.831 10 1460 2.030000 65535 163 162 4 11 10 0 0
2025-12-08T01:46:23.681710 537812.260152047 cubic 101.428 0.368 88 1460 12.200000 88 18807758 18807757 1 12895 12893 0 0
2025-12-08T01:46:24.197703 537812.776134119 cubic 101.225 0.196 88 1460 20.300000 65535 18942078 18942077 1 12988 12986 0 0
2025-12-08T01:46:24.197703 537812.776134119 cubic 106.133 0.811 88 1460 19.400000 65535 9856498 9919277 0 6798 6754 43 0
2025-12-08T01:46:24.197703 537812.776134119 cubic 100.866 0.180 88 1460 20.400000 65535 18939158 18939157 1 12986 12984 0 0
2025-12-08T01:46:24.197703 537812.776134119 cubic 115.012 34.831 10 1460 2.030000 65535 163 162 4 11 10 0 0
2025-12-08T01:46:24.197703 537812.776134119 cubic 101.428 0.368 88 1460 12.200000 88 18807758 18807757 1 12895 12893 0 0
2025-12-08T01:46:24.711973 537813.290401673 cubic 101.225 0.196 88 1460 20.300000 65535 18942078 18942077 1 12988 12986 0 0
2025-12-08T01:46:24.711973 537813.290401673 cubic 109.904 0.043 88 1460 18.700000 65535 10183538 10246317 0 7022 6978 43 0
2025-12-08T01:46:24.711973 537813.290401673 cubic 100.866 0.180 88 1460 20.400000 65535 18939158 18939157 1 12986 12984 0 0
2025-12-08T01:46:24.711973 537813.290401673 cubic 115.012 34.831 10 1460 2.030000 65535 163 162 4 11 10 0 0
2025-12-08T01:46:24.711973 537813.290401673 cubic 101.428 0.368 88 1460 12.200000 88 18807758 18807757 1 12895 12893 0 0
2025-12-08T01:46:25.233333 537813.811778537 cubic 101.225 0.196 88 1460 20.300000 65535 18942078 18942077 1 12988 12986 0 0
2025-12-08T01:46:25.233333 537813.811778537 cubic 109.520 0.274 88 1460 18.800000 65535 10503278 10567517 0 7242 7197 44 0
2025-12-08T01:46:25.233333 537813.811778537 cubic 100.866 0.180 88 1460 20.400000 65535 18939158 18939157 1 12986 12984 0 0
2025-12-08T01:46:25.233333 537813.811778537 cubic 115.012 34.831 10 1460 2.030000 65535 163 162 4 11 10 0 0
2025-12-08T01:46:25.233333 537813.811778537 cubic 101.428 0.368 88 1460 12.200000 88 18807758 18807757 1 12895 12893 0 0
2025-12-08T01:46:25.749664 537814.328119308 cubic 101.225 0.196 88 1460 20.300000 65535 18942078 18942077 1 12988 12986 0 0
2025-12-08T01:46:25.749664 537814.328119308 cubic 107.014 0.653 88 1460 19.200000 65535 10824478 10888717 0 7462 7417 44 0
2025-12-08T01:46:25.749664 537814.328119308 cubic 100.866 0.180 88 1460 20.400000 65535 18939158 18939157 1 12986 12984 0 0
2025-12-08T01:46:25.749664 537814.328119308 cubic 115.012 34.831 10 1460 2.030000 65535 163 162 4 11 10 0 0
2025-12-08T01:46:25.749664 537814.328119308 cubic 101.428 0.368 88 1460 12.200000 88 18807758 18807757 1 12895 12893 0 0
2025-12-08T01:46:26.270829 537814.849260090 cubic 101.225 0.196 88 1460 20.300000 65535 18942078 18942077 1 12988 12986 0 0
2025-12-08T01:46:26.270829 537814.849260090 cubic 110.158 3.959 88 1460 18.700000 65535 11145678 11209917 0 7682 7637 44 0
2025-12-08T01:46:26.270829 537814.849260090 cubic 100.866 0.180 88 1460 20.400000 65535 18939158 18939157 1 12986 12984 0 0
2025-12-08T01:46:26.270829 537814.849260090 cubic 115.012 34.831 10 1460 2.030000 65535 163 162 4 11 10 0 0
2025-12-08T01:46:26.270829 537814.849260090 cubic 101.428 0.368 88 1460 12.200000 88 18807758 18807757 1 12895 12893 0 0
2025-12-08T01:46:26.782263 537815.360690682 cubic 101.225 0.196 88 1460 20.300000 65535 18942078 18942077 1 12988 12986 0 0
2025-12-08T01:46:26.782263 537815.360690682 cubic 100.539 0.098 88 1460 20.400000 65535 11466878 11531117 0 7902 7857 44 0
2025-12-08T01:46:26.782263 537815.360690682 cubic 100.866 0.180 88 1460 20.400000 65535 18939158 18939157 1 12986 12984 0 0
2025-12-08T01:46:26.782263 537815.360690682 cubic 115.012 34.831 10 1460 2.030000 65535 163 162 4 11 10 0 0
2025-12-08T01:46:26.782263 537815.360690682 cubic 101.428 0.368 88 1460 12.200000 88 18807758 18807757 1 12895 12893 0 0
2025-12-08T01:46:27.293934 537815.872518559 cubic 101.225 0.196 88 1460 20.300000 65535 18942078 18942077 1 12988 12986 0 0
2025-12-08T01:46:27.293934 537815.872518559 cubic 101.652 0.150 88 1460 20.200000 65535 11788078 11852317 0 8122 8077 44 0
2025-12-08T01:46:27.293934 537815.872518559 cubic 100.866 0.180 88 1460 20.400000 65535 18939158 18939157 1 12986 12984 0 0
2025-12-08T01:46:27.293934 537815.872518559 cubic 115.012 34.831 10 1460 2.030000 65535 163 162 4 11 10 0 0
2025-12-08T01:46:27.293934 537815.872518559 cubic 101.428 0.368 88 1460 12.200000 88 18807758 18807757 1 12895 12893 0 0
2025-12-08T01:46:27.812085 537816.390521343 cubic 101.225 0.196 88 1460 20.300000 65535 18942078 18942077 1 12988 12986 0 0
2025-12-08T01:46:27.812085 537816.390521343 cubic 108.652 5.335 88 1460 18.900000 65535 12109278 12172057 0 8341 8297 43 0
2025-12-08T01:46:27.812085 537816.390521343 cubic 100.866 0.180 88 1460 20.400000 65535 18939158 18939157 1 12986 12984 0 0
2025-12-08T01:46:27.812085 537816.390521343 cubic 115.012 34.831 10 1460 2.030000 65535 163 162 4 11 10 0 0
2025-12-08T01:46:27.812085 537816.390521343 cubic 101.428 0.368 88 1460 12.200000 88 18807758 18807757 1 12895 12893 0 0
2025-12-08T01:46:28.318624 537816.897054297 cubic 101.225 0.196 88 1460 20.300000 65535 18942078 18942077 1 12988 12986 0 0
2025-12-08T01:46:28.318624 537816.897054297 cubic 101.632 0.121 88 1460 20.200000 65535 12429018 12493257 0 8561 8516 44 0
2025-12-08T01:46:28.318624 537816.897054297 cubic 100.866 0.180 88 1460 20.400000 65535 18939158 18939157 1 12986 12984 0 0
2025-12-08T01:46:28.318624 537816.897054297 cubic 115.012 34.831 10 1460 2.030000 65535 163 162 4 11 10 0 0
2025-12-08T01:46:28.318624 537816.897054297 cubic 101.428 0.368 88 1460 12.200000 88 18807758 18807757 1 12895 12893 0 0
2025-12-08T01:46:28.835900 537817.414325882 cubic 101.225 0.196 88 1460 20.300000 65535 18942078 18942077 1 12988 12986 0 0
2025-12-08T01:46:28.835900 537817.414325882 cubic 101.318 0.095 88 1460 20.300000 65535 12750218 12814457 0 8781 8736 44 0
2025-12-08T01:46:28.835900 537817.414325882 cubic 100.866 0.180 88 1460 20.400000 65535 18939158 18939157 1 12986 12984 0 0
2025-12-08T01:46:28.835900 537817.414325882 cubic 115.012 34.831 10 1460 2.030000 65535 163 162 4 11 10 0 0
2025-12-08T01:46:28.835900 537817.414325882 cubic 101.428 0.368 88 1460 12.200000 88 18807758 18807757 1 12895 12893 0 0
2025-12-08T01:46:29.356305 537817.934960331 cubic 101.225 0.196 88 1460 20.300000 65535 18942078 18942077 1 12988 12986 0 0
2025-12-08T01:46:29.356305 537817.934960331 cubic 102.162 0.215 88 1460 20.100000 65535 13071418 13135657 0 9001 8956 44 0
2025-12-08T01:46:29.356305 537817.934960331 cubic 100.866 0.180 88 1460 20.400000 65535 18939158 18939157 1 12986 12984 0 0
2025-12-08T01:46:29.356305 537817.934960331 cubic 115.012 34.831 10 1460 2.030000 65535 163 162 4 11 10 0 0
2025-12-08T01:46:29.356305 537817.934960331 cubic 101.428 0.368 88 1460 12.200000 88 18807758 18807757 1 12895 12893 0 0
2025-12-08T01:46:29.869037 537818.447484192 cubic 101.225 0.196 88 1460 20.300000 65535 18942078 18942077 1 12988 12986 0 0
2025-12-08T01:46:29.869037 537818.447484192 cubic 102.140 2.016 88 1460 20.100000 65535 13394078 13458317 0 9222 9177 44 0
2025-12-08T01:46:29.869037 537818.447484192 cubic 100.866 0.180 88 1460 20.400000 65535 18939158 18939157 1 12986 12984 0 0
2025-12-08T01:46:29.869037 537818.447484192 cubic 115.012 34.831 10 1460 2.030000 65535 163 162 4 11 10 0 0
2025-12-08T01:46:29.869037 537818.447484192 cubic 101.428 0.368 88 1460 12.200000 88 18807758 18807757 1 12895 12893 0 0
2025-12-08T01:46:30.388422 537818.966851033 cubic 101.225 0.196 88 1460 20.300000 65535 18942078 18942077 1 12988 12986 0 0
2025-12-08T01:46:30.388422 537818.966851033 cubic 102.295 1.631 88 1460 20.100000 65535 13715278 13779517 0 9442 9397 44 0
2025-12-08T01:46:30.388422 537818.966851033 cubic 100.866 0.180 88 1460 20.400000 65535 18939158 18939157 1 12986 12984 0 0
2025-12-08T01:46:30.388422 537818.966851033 cubic 115.012 34.831 10 1460 2.030000 65535 163 162 4 11 10 0 0
2025-12-08T01:46:30.388422 537818.966851033 cubic 101.428 0.368 88 1460 12.200000 88 18807758 18807757 1 12895 12893 0 0
2025-12-08T01:46:30.904689 537819.483357500 cubic 101.225 0.196 88 1460 20.300000 65535 18942078 18942077 1 12988 12986 0 0
2025-12-08T01:46:30.904689 537819.483357500 cubic 103.386 2.605 88 1460 19.900000 65535 14036478 14100717 0 9662 9617 44 0
2025-12-08T01:46:30.904689 537819.483357500 cubic 100.866 0.180 88 1460 20.400000 65535 18939158 18939157 1 12986 12984 0 0
2025-12-08T01:46:30.904689 537819.483357500 cubic 115.012 34.831 10 1460 2.030000 65535 163 162 4 11 10 0 0
2025-12-08T01:46:30.904689 537819.483357500 cubic 101.428 0.368 88 1460 12.200000 88 18807758 18807757 1 12895 12893 0 0
2025-12-08T01:46:31.419824 537819.998550109 cubic 101.225 0.196 88 1460 20.300000 65535 18942078 18942077 1 12988 12986 0 0
2025-12-08T01:46:31.419824 537819.998550109 cubic 102.216 0.316 88 1460 12.100000 88 14357678 14421917 0 9882 9837 44 0
2025-12-08T01:46:31.419824 537819.998550109 cubic 100.866 0.180 88 1460 20.400000 65535 18939158 18939157 1 12986 12984 0 0
2025-12-08T01:46:31.419824 537819.998550109 cubic 115.012 34.831 10 1460 2.030000 65535 163 162 4 11 10 0 0
2025-12-08T01:46:31.419824 537819.998550109 cubic 101.428 0.368 88 1460 12.200000 88 18807758 18807757 1 12895 12893 0 0
2025-12-08T01:46:31.954594 537820.533001221 cubic 101.225 0.196 88 1460 20.300000 65535 18942078 18942077 1 12988 12986 0 0
2025-12-08T01:46:31.954594 537820.533001221 cubic 100.667 0.316 88 1460 12.300000 88 14678878 14743117 0 10102 10057 44 0
2025-12-08T01:46:31.954594 537820.533001221 cubic 100.866 0.180 88 1460 20.400000 65535 18939158 18939157 1 12986 12984 0 0
2025-12-08T01:46:31.954594 537820.533001221 cubic 115.012 34.831 10 1460 2.030000 65535 163 162 4 11 10 0 0
2025-12-08T01:46:31.954594 537820.533001221 cubic 101.428 0.368 88 1460 12.200000 88 18807758 18807757 1 12895 12893 0 0
2025-12-08T01:46:32.461741 537821.040163866 cubic 101.225 0.196 88 1460 20.300000 65535 18942078 18942077 1 12988 12986 0 0
2025-12-08T01:46:32.461741 537821.040163866 cubic 101.276 0.251 88 1460 12.200000 88 15000078 15064317 0 10322 10277 44 0
2025-12-08T01:46:32.461741 537821.040163866 cubic 100.866 0.180 88 1460 20.400000 65535 18939158 18939157 1 12986 12984 0 0
2025-12-08T01:46:32.461741 537821.040163866 cubic 115.012 34.831 10 1460 2.030000 65535 163 162 4 11 10 0 0
2025-12-08T01:46:32.461741 537821.040163866 cubic 101.428 0.368 88 1460 12.200000 88 18807758 18807757 1 12895 12893 0 0
2025-12-08T01:46:32.973005 537821.551428782 cubic 101.225 0.196 88 1460 20.300000 65535 18942078 18942077 1 12988 12986 0 0
2025-12-08T01:46:32.973005 537821.551428782 cubic 100.991 0.223 88 1460 12.200000 88 15321278 15385517 0 10542 10497 44 0
2025-12-08T01:46:32.973005 537821.551428782 cubic 100.866 0.180 88 1460 20.400000 65535 18939158 18939157 1 12986 12984 0 0
2025-12-08T01:46:32.973005 537821.551428782 cubic 115.012 34.831 10 1460 2.030000 65535 163 162 4 11 10 0 0
2025-12-08T01:46:32.973005 537821.551428782 cubic 101.428 0.368 88 1460 12.200000 88 18807758 18807757 1 12895 12893 0 0
2025-12-08T01:46:33.487118 537822.065535778 cubic 101.225 0.196 88 1460 20.300000 65535 18942078 18942077 1 12988 12986 0 0
2025-12-08T01:46:33.487118 537822.065535778 cubic 101.053 0.086 88 1460 12.200000 88 15642478 15706717 0 10762 10717 44 0
2025-12-08T01:46:33.487118 537822.065535778 cubic 100.866 0.180 88 1460 20.400000 65535 18939158 18939157 1 12986 12984 0 0
2025-12-08T01:46:33.487118 537822.065535778 cubic 115.012 34.831 10 1460 2.030000 65535 163 162 4 11 10 0 0
2025-12-08T01:46:33.487118 537822.065535778 cubic 101.428 0.368 88 1460 12.200000 88 18807758 18807757 1 12895 12893 0 0
2025-12-08T01:46:34.001013 537822.579440569 cubic 101.225 0.196 88 1460 20.300000 65535 18942078 18942077 1 12988 12986 0 0
2025-12-08T01:46:34.001013 537822.579440569 cubic 101.481 0.384 88 1460 12.200000 88 15987038 16051277 0 10998 10953 44 0
2025-12-08T01:46:34.001013 537822.579440569 cubic 100.866 0.180 88 1460 20.400000 65535 18939158 18939157 1 12986 12984 0 0
2025-12-08T01:46:34.001013 537822.579440569 cubic 115.012 34.831 10 1460 2.030000 65535 163 162 4 11 10 0 0
2025-12-08T01:46:34.001013 537822.579440569 cubic 101.428 0.368 88 1460 12.200000 88 18807758 18807757 1 12895 12893 0 0
2025-12-08T01:46:34.520580 537823.099008773 cubic 101.225 0.196 88 1460 20.300000 65535 18942078 18942077 1 12988 12986 0 0
2025-12-08T01:46:34.520580 537823.099008773 cubic 107.954 0.826 88 1460 11.400000 88 16340358 16404597 0 11240 11195 44 0
2025-12-08T01:46:34.520580 537823.099008773 cubic 100.866 0.180 88 1460 20.400000 65535 18939158 18939157 1 12986 12984 0 0
2025-12-08T01:46:34.520580 537823.099008773 cubic 115.012 34.831 10 1460 2.030000 65535 163 162 4 11 10 0 0
2025-12-08T01:46:34.520580 537823.099008773 cubic 101.428 0.368 88 1460 12.200000 88 18807758 18807757 1 12895 12893 0 0
2025-12-08T01:46:35.043873 537823.622301087 cubic 101.225 0.196 88 1460 20.300000 65535 18942078 18942077 1 12988 12986 0 0
2025-12-08T01:46:35.043873 537823.622301087 cubic 111.429 0.393 88 1460 11.100000 88 16668858 16731637 0 11464 11420 43 0
2025-12-08T01:46:35.043873 537823.622301087 cubic 100.866 0.180 88 1460 20.400000 65535 18939158 18939157 1 12986 12984 0 0
2025-12-08T01:46:35.043873 537823.622301087 cubic 115.012 34.831 10 1460 2.030000 65535 163 162 4 11 10 0 0
2025-12-08T01:46:35.043873 537823.622301087 cubic 101.428 0.368 88 1460 12.200000 88 18807758 18807757 1 12895 12893 0 0
2025-12-08T01:46:35.566538 537824.144967243 cubic 101.225 0.196 88 1460 20.300000 65535 18942078 18942077 1 12988 12986 0 0
2025-12-08T01:46:35.566538 537824.144967243 cubic 104.935 0.314 88 1460 11.800000 88 16988598 17052837 0 11684 11639 44 0
2025-12-08T01:46:35.566538 537824.144967243 cubic 100.866 0.180 88 1460 20.400000 65535 18939158 18939157 1 12986 12984 0 0
2025-12-08T01:46:35.566538 537824.144967243 cubic 115.012 34.831 10 1460 2.030000 65535 163 162 4 11 10 0 0
2025-12-08T01:46:35.566538 537824.144967243 cubic 101.428 0.368 88 1460 12.200000 88 18807758 18807757 1 12895 12893 0 0
2025-12-08T01:46:36.082039 537824.660574337 cubic 101.225 0.196 88 1460 20.300000 65535 18942078 18942077 1 12988 12986 0 0
2025-12-08T01:46:36.082039 537824.660574337 cubic 101.688 1.365 88 1460 12.100000 88 17309798 17374037 0 11904 11859 44 0
2025-12-08T01:46:36.082039 537824.660574337 cubic 100.866 0.180 88 1460 20.400000 65535 18939158 18939157 1 12986 12984 0 0
2025-12-08T01:46:36.082039 537824.660574337 cubic 115.012 34.831 10 1460 2.030000 65535 163 162 4 11 10 0 0
2025-12-08T01:46:36.082039 537824.660574337 cubic 101.428 0.368 88 1460 12.200000 88 18807758 18807757 1 12895 12893 0 0
2025-12-08T01:46:36.595257 537825.173684467 cubic 101.225 0.196 88 1460 20.300000 65535 18942078 18942077 1 12988 12986 0 0
2025-12-08T01:46:36.595257 537825.173684467 cubic 101.581 0.312 88 1460 12.100000 88 17630998 17695237 0 12124 12079 44 0
2025-12-08T01:46:36.595257 537825.173684467 cubic 100.866 0.180 88 1460 20.400000 65535 18939158 18939157 1 12986 12984 0 0
2025-12-08T01:46:36.595257 537825.173684467 cubic 115.012 34.831 10 1460 2.030000 65535 163 162 4 11 10 0 0
2025-12-08T01:46:36.595257 537825.173684467 cubic 101.428 0.368 88 1460 12.200000 88 18807758 18807757 1 12895 12893 0 0
2025-12-08T01:46:37.113360 537825.691796772 cubic 101.225 0.196 88 1460 20.300000 65535 18942078 18942077 1 12988 12986 0 0
2025-12-08T01:46:37.113360 537825.691796772 cubic 102.340 0.080 88 1460 12.100000 88 17952198 18016437 0 12344 12299 44 0
2025-12-08T01:46:37.113360 537825.691796772 cubic 100.866 0.180 88 1460 20.400000 65535 18939158 18939157 1 12986 12984 0 0
2025-12-08T01:46:37.113360 537825.691796772 cubic 115.012 34.831 10 1460 2.030000 65535 163 162 4 11 10 0 0
2025-12-08T01:46:37.113360 537825.691796772 cubic 101.428 0.368 88 1460 12.200000 88 18807758 18807757 1 12895 12893 0 0
2025-12-08T01:46:37.629749 537826.208189517 cubic 101.225 0.196 88 1460 20.300000 65535 18942078 18942077 1 12988 12986 0 0
2025-12-08T01:46:37.629749 537826.208189517 cubic 102.349 0.075 88 1460 12.100000 88 18273398 18337637 0 12564 12519 44 0
2025-12-08T01:46:37.629749 537826.208189517 cubic 100.866 0.180 88 1460 20.400000 65535 18939158 18939157 1 12986 12984 0 0
2025-12-08T01:46:37.629749 537826.208189517 cubic 115.012 34.831 10 1460 2.030000 65535 163 162 4 11 10 0 0
2025-12-08T01:46:37.629749 537826.208189517 cubic 101.428 0.368 88 1460 12.200000 88 18807758 18807757 1 12895 12893 0 0
2025-12-08T01:46:38.147106 537826.725523873 cubic 101.225 0.196 88 1460 20.300000 65535 18942078 18942077 1 12988 12986 0 0
2025-12-08T01:46:38.147106 537826.725523873 cubic 102.283 0.178 88 1460 12.100000 88 18594598 18658837 0 12784 12739 44 0
2025-12-08T01:46:38.147106 537826.725523873 cubic 100.866 0.180 88 1460 20.400000 65535 18939158 18939157 1 12986 12984 0 0
2025-12-08T01:46:38.147106 537826.725523873 cubic 115.012 34.831 10 1460 2.030000 65535 163 162 4 11 10 0 0
2025-12-08T01:46:38.147106 537826.725523873 cubic 101.428 0.368 88 1460 12.200000 88 18807758 18807757 1 12895 12893 0 0
2025-12-08T01:46:38.664239 537827.242652605 cubic 101.225 0.196 88 1460 20.300000 65535 18942078 18942077 1 12988 12986 0 0
2025-12-08T01:46:38.664239 537827.242652605 cubic 100.866 0.180 88 1460 20.400000 65535 18939158 18939157 1 12986 12984 0 0
2025-12-08T01:46:38.664239 537827.242652605 cubic 112.335 24.027 10 1460 2.080000 65535 168 454 5 16 14 1 0
2025-12-08T01:46:38.664239 537827.242652605 cubic 101.428 0.368 88 1460 12.200000 88 18807758 18807757 1 12895 12893 0 0
