wall_time monotonic algo rtt_ms rtt_var_ms cwnd mss pacing_mbps ssthresh bytes_acked bytes_sent bytes_received segs_out segs_in unacked retrans_total
2025-12-08T00:51:02.853916 534491.433186446 cubic 51.459 0.320 89 1460 24.200000 89 37352678 37352677 1 25594 25593 0 0
2025-12-08T00:51:02.853916 534491.433186446 cubic 50.897 0.705 96 1460 26.400000 96 37323478 37323477 1 25571 25575 0 0
2025-12-08T00:51:02.853916 534491.433186446 cubic 79.517 39.758 10 1460 2.910000 65535 1 37 0 3 1 1 0
2025-12-08T00:51:02.853916 534491.433186446 cubic 57.585 0.418 89 1460 21.700000 89 37025638 37025637 1 25371 25370 0 0
2025-12-08T00:51:03.373472 534491.951918411 cubic 51.459 0.320 89 1460 24.200000 89 37352678 37352677 1 25594 25593 0 0
2025-12-08T00:51:03.373472 534491.951918411 cubic 50.897 0.705 96 1460 26.400000 96 37323478 37323477 1 25571 25575 0 0
2025-12-08T00:51:03.373472 534491.951918411 cubic 70.517 30.323 10 1460 3.310000 65535 163 162 4 9 8 0 0
2025-12-08T00:51:03.373472 534491.951918411 cubic 53.948 1.122 40 1460 16.300000 65535 84718 148957 0 105 60 44 0
2025-12-08T00:51:03.373472 534491.951918411 cubic 57.585 0.418 89 1460 21.700000 89 37025638 37025637 1 25371 25370 0 0
2025-12-08T00:51:03.897741 534492.476640026 cubic 51.459 0.320 89 1460 24.200000 89 37352678 37352677 1 25594 25593 0 0
2025-12-08T00:51:03.897741 534492.476640026 cubic 50.897 0.705 96 1460 26.400000 96 37323478 37323477 1 25571 25575 0 0
2025-12-08T00:51:03.897741 534492.476640026 cubic 70.517 30.323 10 1460 3.310000 65535 163 162 4 9 8 0 0
2025-12-08T00:51:03.897741 534492.476640026 cubic 51.036 0.321 92 1460 42.100000 65535 744638 808877 0 557 512 44 0
2025-12-08T00:51:03.897741 534492.476640026 cubic 57.585 0.418 89 1460 21.700000 89 37025638 37025637 1 25371 25370 0 0
2025-12-08T00:51:04.419021 534492.997508524 cubic 51.459 0.320 89 1460 24.200000 89 37352678 37352677 1 25594 25593 0 0
2025-12-08T00:51:04.419021 534492.997508524 cubic 50.897 0.705 96 1460 26.400000 96 37323478 37323477 1 25571 25575 0 0
2025-12-08T00:51:04.419021 534492.997508524 cubic 70.517 30.323 10 1460 3.310000 65535 163 162 4 9 8 0 0
2025-12-08T00:51:04.419021 534492.997508524 cubic 50.738 0.091 92 1460 42.400000 65535 1387038 1451277 0 997 952 44 0
2025-12-08T00:51:04.419021 534492.997508524 cubic 57.585 0.418 89 1460 21.700000 89 37025638 37025637 1 25371 25370 0 0
2025-12-08T00:51:04.935467 534493.513899547 cubic 51.459 0.320 89 1460 24.200000 89 37352678 37352677 1 25594 25593 0 0
2025-12-08T00:51:04.935467 534493.513899547 cubic 50.897 0.705 96 1460 26.400000 96 37323478 37323477 1 25572 25576 0 0
2025-12-08T00:51:04.935467 534493.513899547 cubic 70.517 30.323 10 1460 3.310000 65535 163 162 4 9 8 0 0
2025-12-08T00:51:04.935467 534493.513899547 cubic 50.352 0.169 92 1460 42.700000 65535 2029438 2093677 0 1437 1392 44 0
2025-12-08T00:51:04.935467 534493.513899547 cubic 57.585 0.418 89 1460 21.700000 89 37025638 37025637 1 25371 25370 0 0
2025-12-08T00:51:05.442766 534494.021328826 cubic 51.459 0.320 89 1460 24.200000 89 37352678 37352677 1 25594 25593 0 0
2025-12-08T00:51:05.442766 534494.021328826 cubic 50.897 0.705 96 1460 26.400000 96 37323478 37323477 1 25572 25576 0 0
2025-12-08T00:51:05.442766 534494.021328826 cubic 70.517 30.323 10 1460 3.310000 65535 163 162 4 9 8 0 0
2025-12-08T00:51:05.442766 534494.021328826 cubic 56.962 0.117 92 1460 22.600000 92 2671838 2736077 0 1877 1832 44 0
2025-12-08T00:51:05.442766 534494.021328826 cubic 57.585 0.418 89 1460 21.700000 89 37025638 37025637 1 25371 25370 0 0
2025-12-08T00:51:05.956285 534494.534800294 cubic 51.459 0.320 89 1460 24.200000 89 37352678 37352677 1 25594 25593 0 0
2025-12-08T00:51:05.956285 534494.534800294 cubic 50.897 0.705 96 1460 26.400000 96 37323478 37323477 1 25572 25576 0 0
2025-12-08T00:51:05.956285 534494.534800294 cubic 70.517 30.323 10 1460 3.310000 65535 163 162 4 9 8 0 0
2025-12-08T00:51:05.956285 534494.534800294 cubic 50.469 0.100 92 1460 25.500000 92 3314238 3378477 0 2317 2272 44 0
2025-12-08T00:51:05.956285 534494.534800294 cubic 57.585 0.418 89 1460 21.700000 89 37025638 37025637 1 25371 25370 0 0
2025-12-08T00:51:06.469473 534495.047984895 cubic 51.459 0.320 89 1460 24.200000 89 37352678 37352677 1 25594 25593 0 0
2025-12-08T00:51:06.469473 534495.047984895 cubic 50.897 0.705 96 1460 26.400000 96 37323478 37323477 1 25572 25576 0 0
2025-12-08T00:51:06.469473 534495.047984895 cubic 70.517 30.323 10 1460 3.310000 65535 163 162 4 9 8 0 0
2025-12-08T00:51:06.469473 534495.047984895 cubic 51.220 0.344 92 1460 25.200000 92 3892398 3956637 0 2713 2668 44 0
2025-12-08T00:51:06.469473 534495.047984895 cubic 57.585 0.418 89 1460 21.700000 89 37025638 37025637 1 25371 25370 0 0
2025-12-08T00:51:06.980956 534495.559508410 cubic 51.459 0.320 89 1460 24.200000 89 37352678 37352677 1 25594 25593 0 0
2025-12-08T00:51:06.980956 534495.559508410 cubic 50.897 0.705 96 1460 26.400000 96 37323478 37323477 1 25572 25576 0 0
2025-12-08T00:51:06.980956 534495.559508410 cubic 70.517 30.323 10 1460 3.310000 65535 163 162 4 9 8 0 0
2025-12-08T00:51:06.980956 534495.559508410 cubic 51.152 0.110 92 1460 25.200000 92 4534798 4599037 0 3153 3108 44 0
2025-12-08T00:51:06.980956 534495.559508410 cubic 57.585 0.418 89 1460 21.700000 89 37025638 37025637 1 25371 25370 0 0
2025-12-08T00:51:07.488785 534496.067228642 cubic 51.459 0.320 89 1460 24.200000 89 37352678 37352677 1 25594 25593 0 0
2025-12-08T00:51:07.488785 534496.067228642 cubic 50.897 0.705 96 1460 26.400000 96 37323478 37323477 1 25572 25576 0 0
2025-12-08T00:51:07.488785 534496.067228642 cubic 70.517 30.323 10 1460 3.310000 65535 163 162 4 9 8 0 0
2025-12-08T00:51:07.488785 534496.067228642 cubic 50.941 0.047 92 1460 25.300000 92 5177198 5241437 0 3593 3548 44 0
2025-12-08T00:51:07.488785 534496.067228642 cubic 57.585 0.418 89 1460 21.700000 89 37025638 37025637 1 25371 25370 0 0
2025-12-08T00:51:08.003690 534496.582213242 cubic 51.459 0.320 89 1460 24.200000 89 37352678 37352677 1 25594 25593 0 0
2025-12-08T00:51:08.003690 534496.582213242 cubic 50.897 0.705 96 1460 26.400000 96 37323478 37323477 1 25572 25576 0 0
2025-12-08T00:51:08.003690 534496.582213242 cubic 70.517 30.323 10 1460 3.310000 65535 163 162 4 9 8 0 0
2025-12-08T00:51:08.003690 534496.582213242 cubic 50.999 0.091 92 1460 25.300000 92 5819598 5883837 0 4033 3988 44 0
2025-12-08T00:51:08.003690 534496.582213242 cubic 57.585 0.418 89 1460 21.700000 89 37025638 37025637 1 25371 25370 0 0
2025-12-08T00:51:08.520669 534497.099316459 cubic 51.459 0.320 89 1460 24.200000 89 37352678 37352677 1 25594 25593 0 0
2025-12-08T00:51:08.520669 534497.099316459 cubic 50.897 0.705 96 1460 26.400000 96 37323478 37323477 1 25572 25576 0 0
2025-12-08T00:51:08.520669 534497.099316459 cubic 70.517 30.323 10 1460 3.310000 65535 163 162 4 9 8 0 0
2025-12-08T00:51:08.520669 534497.099316459 cubic 50.819 0.707 92 1460 25.400000 92 6459078 6521857 0 4470 4426 43 0
2025-12-08T00:51:08.520669 534497.099316459 cubic 57.585 0.418 89 1460 21.700000 89 37025638 37025637 1 25371 25370 0 0
2025-12-08T00:51:09.039961 534497.618529459 cubic 51.459 0.320 89 1460 24.200000 89 37352678 37352677 1 25594 25593 0 0
2025-12-08T00:51:09.039961 534497.618529459 cubic 50.897 0.705 96 1460 26.400000 96 37323478 37323477 1 25573 25577 0 0
2025-12-08T00:51:09.039961 534497.618529459 cubic 70.517 30.323 10 1460 3.310000 65535 163 162 4 9 8 0 0
2025-12-08T00:51:09.039961 534497.618529459 cubic 52.815 2.646 92 1460 24.400000 92 7124838 7187617 0 4926 4882 43 0
2025-12-08T00:51:09.039961 534497.618529459 cubic 57.585 0.418 89 1460 21.700000 89 37025638 37025637 1 25371 25370 0 0
2025-12-08T00:51:09.560026 534498.138477108 cubic 51.459 0.320 89 1460 24.200000 89 37352678 37352677 1 25594 25593 0 0
2025-12-08T00:51:09.560026 534498.138477108 cubic 50.897 0.705 96 1460 26.400000 96 37323478 37323477 1 25573 25577 0 0
2025-12-08T00:51:09.560026 534498.138477108 cubic 70.517 30.323 10 1460 3.310000 65535 163 162 4 9 8 0 0
2025-12-08T00:51:09.560026 534498.138477108 cubic 51.083 0.193 92 1460 25.200000 92 7752638 7816877 0 5357 5312 44 0
2025-12-08T00:51:09.560026 534498.138477108 cubic 57.585 0.418 89 1460 21.700000 89 37025638 37025637 1 25371 25370 0 0
2025-12-08T00:51:10.078258 534498.656702757 cubic 51.459 0.320 89 1460 24.200000 89 37352678 37352677 1 25594 25593 0 0
2025-12-08T00:51:10.078258 534498.656702757 cubic 50.897 0.705 96 1460 26.400000 96 37323478 37323477 1 25573 25577 0 0
2025-12-08T00:51:10.078258 534498.656702757 cubic 70.517 30.323 10 1460 3.310000 65535 163 162 4 9 8 0 0
2025-12-08T00:51:10.078258 534498.656702757 cubic 51.338 0.070 92 1460 25.100000 92 8412558 8476797 0 5809 5764 44 0
2025-12-08T00:51:10.078258 534498.656702757 cubic 57.585 0.418 89 1460 21.700000 89 37025638 37025637 1 25371 25370 0 0
2025-12-08T00:51:10.593821 534499.172279387 cubic 51.459 0.320 89 1460 24.200000 89 37352678 37352677 1 25594 25593 0 0
2025-12-08T00:51:10.593821 534499.172279387 cubic 50.897 0.705 96 1460 26.400000 96 37323478 37323477 1 25573 25577 0 0
2025-12-08T00:51:10.593821 534499.172279387 cubic 70.517 30.323 10 1460 3.310000 65535 163 162 4 9 8 0 0
2025-12-08T00:51:10.593821 534499.172279387 cubic 51.460 0.044 92 1460 25.100000 92 9054958 9119197 0 6249 6204 44 0
2025-12-08T00:51:10.593821 534499.172279387 cubic 57.585 0.418 89 1460 21.700000 89 37025638 37025637 1 25371 25370 0 0
2025-12-08T00:51:11.105890 534499.684388225 cubic 51.459 0.320 89 1460 24.200000 89 37352678 37352677 1 25594 25593 0 0
2025-12-08T00:51:11.105890 534499.684388225 cubic 50.897 0.705 96 1460 26.400000 96 37323478 37323477 1 25573 25577 0 0
2025-12-08T00:51:11.105890 534499.684388225 cubic 70.517 30.323 10 1460 3.310000 65535 163 162 4 9 8 0 0
2025-12-08T00:51:11.105890 534499.684388225 cubic 50.975 0.095 92 1460 25.300000 92 9688598 9752837 0 6683 6638 44 0
2025-12-08T00:51:11.105890 534499.684388225 cubic 57.585 0.418 89 1460 21.700000 89 37025638 37025637 1 25371 25370 0 0
2025-12-08T00:51:11.622716 534500.201138619 cubic 51.459 0.320 89 1460 24.200000 89 37352678 37352677 1 25594 25593 0 0
2025-12-08T00:51:11.622716 534500.201138619 cubic 50.897 0.705 96 1460 26.400000 96 37323478 37323477 1 25573 25577 0 0
2025-12-08T00:51:11.622716 534500.201138619 cubic 70.517 30.323 10 1460 3.310000 65535 163 162 4 9 8 0 0
2025-12-08T00:51:11.622716 534500.201138619 cubic 50.911 0.152 92 1460 25.300000 92 10330998 10395237 0 7123 7078 44 0
2025-12-08T00:51:11.622716 534500.201138619 cubic 57.585 0.418 89 1460 21.700000 89 37025638 37025637 1 25371 25370 0 0
2025-12-08T00:51:12.130361 534500.708791314 cubic 51.459 0.320 89 1460 24.200000 89 37352678 37352677 1 25594 25593 0 0
2025-12-08T00:51:12.130361 534500.708791314 cubic 50.897 0.705 96 1460 26.400000 96 37323478 37323477 1 25573 25577 0 0
2025-12-08T00:51:12.130361 534500.708791314 cubic 70.517 30.323 10 1460 3.310000 65535 163 162 4 9 8 0 0
2025-12-08T00:51:12.130361 534500.708791314 cubic 50.884 0.068 92 1460 25.300000 92 10973398 11037637 0 7563 7518 44 0
2025-12-08T00:51:12.130361 534500.708791314 cubic 57.585 0.418 89 1460 21.700000 89 37025638 37025637 1 25371 25370 0 0
2025-12-08T00:51:12.640200 534501.218642790 cubic 51.459 0.320 89 1460 24.200000 89 37352678 37352677 1 25594 25593 0 0
2025-12-08T00:51:12.640200 534501.218642790 cubic 50.897 0.705 96 1460 26.400000 96 37323478 37323477 1 25573 25577 0 0
2025-12-08T00:51:12.640200 534501.218642790 cubic 70.517 30.323 10 1460 3.310000 65535 163 162 4 9 8 0 0
2025-12-08T00:51:12.640200 534501.218642790 cubic 50.272 0.033 92 1460 25.600000 92 11615798 11680037 0 8003 7958 44 0
2025-12-08T00:51:12.640200 534501.218642790 cubic 57.585 0.418 89 1460 21.700000 89 37025638 37025637 1 25371 25370 0 0
2025-12-08T00:51:13.148927 534501.727437376 cubic 51.459 0.320 89 1460 24.200000 89 37352678 37352677 1 25594 25593 0 0
2025-12-08T00:51:13.148927 534501.727437376 cubic 50.897 0.705 96 1460 26.400000 96 37323478 37323477 1 25573 25577 0 0
2025-12-08T00:51:13.148927 534501.727437376 cubic 70.517 30.323 10 1460 3.310000 65535 163 162 4 9 8 0 0
2025-12-08T00:51:13.148927 534501.727437376 cubic 50.823 0.146 92 1460 25.400000 92 12258198 12322437 0 8443 8398 44 0
2025-12-08T00:51:13.148927 534501.727437376 cubic 57.585 0.418 89 1460 21.700000 89 37025638 37025637 1 25371 25370 0 0
2025-12-08T00:51:13.666731 534502.245279203 cubic 51.459 0.320 89 1460 24.200000 89 37352678 37352677 1 25594 25593 0 0
2025-12-08T00:51:13.666731 534502.245279203 cubic 50.897 0.705 96 1460 26.400000 96 37323478 37323477 1 25573 25577 0 0
2025-12-08T00:51:13.666731 534502.245279203 cubic 70.517 30.323 10 1460 3.310000 65535 163 162 4 9 8 0 0
2025-12-08T00:51:13.666731 534502.245279203 cubic 50.958 0.084 92 1460 25.300000 92 12900598 12964837 0 8883 8838 44 0
2025-12-08T00:51:13.666731 534502.245279203 cubic 57.585 0.418 89 1460 21.700000 89 37025638 37025637 1 25371 25370 0 0
2025-12-08T00:51:14.185793 534502.764251129 cubic 51.459 0.320 89 1460 24.200000 89 37352678 37352677 1 25594 25593 0 0
2025-12-08T00:51:14.185793 534502.764251129 cubic 50.897 0.705 96 1460 26.400000 96 37323478 37323477 1 25573 25577 0 0
2025-12-08T00:51:14.185793 534502.764251129 cubic 70.517 30.323 10 1460 3.310000 65535 163 162 4 9 8 0 0
2025-12-08T00:51:14.185793 534502.764251129 cubic 51.609 0.293 92 1460 25.000000 92 13542998 13607237 0 9323 9278 44 0
2025-12-08T00:51:14.185793 534502.764251129 cubic 57.585 0.418 89 1460 21.700000 89 37025638 37025637 1 25371 25370 0 0
2025-12-08T00:51:14.701868 534503.280309834 cubic 51.459 0.320 89 1460 24.200000 89 37352678 37352677 1 25594 25593 0 0
2025-12-08T00:51:14.701868 534503.280309834 cubic 50.897 0.705 96 1460 26.400000 96 37323478 37323477 1 25573 25577 0 0
2025-12-08T00:51:14.701868 534503.280309834 cubic 70.517 30.323 10 1460 3.310000 65535 163 162 4 9 8 0 0
2025-12-08T00:51:14.701868 534503.280309834 cubic 50.514 0.163 92 1460 25.500000 92 14185398 14249637 0 9763 9718 44 0
2025-12-08T00:51:14.701868 534503.280309834 cubic 57.585 0.418 89 1460 21.700000 89 37025638 37025637 1 25371 25370 0 0
2025-12-08T00:51:15.216519 534503.794976738 cubic 51.459 0.320 89 1460 24.200000 89 37352678 37352677 1 25594 25593 0 0
2025-12-08T00:51:15.216519 534503.794976738 cubic 50.897 0.705 96 1460 26.400000 96 37323478 37323477 1 25573 25577 0 0
2025-12-08T00:51:15.216519 534503.794976738 cubic 70.517 30.323 10 1460 3.310000 65535 163 162 4 9 8 0 0
2025-12-08T00:51:15.216519 534503.794976738 cubic 51.454 0.453 92 1460 25.100000 92 14827798 14892037 0 10203 10158 44 0
2025-12-08T00:51:15.216519 534503.794976738 cubic 57.585 0.418 89 1460 21.700000 89 37025638 37025637 1 25371 25370 0 0
2025-12-08T00:51:15.731971 534504.310425541 cubic 51.459 0.320 89 1460 24.200000 89 37352678 37352677 1 25594 25593 0 0
2025-12-08T00:51:15.731971 534504.310425541 cubic 50.897 0.705 96 1460 26.400000 96 37323478 37323477 1 25573 25577 0 0
2025-12-08T00:51:15.731971 534504.310425541 cubic 70.517 30.323 10 1460 3.310000 65535 163 162 4 9 8 0 0
2025-12-08T00:51:15.731971 534504.310425541 cubic 51.464 0.055 92 1460 25.100000 92 15470198 15534437 0 10643 10598 44 0
2025-12-08T00:51:15.731971 534504.310425541 cubic 57.585 0.418 89 1460 21.700000 89 37025638 37025637 1 25371 25370 0 0
2025-12-08T00:51:16.243608 534504.822058228 cubic 51.459 0.320 89 1460 24.200000 89 37352678 37352677 1 25594 25593 0 0
2025-12-08T00:51:16.243608 534504.822058228 cubic 50.897 0.705 96 1460 26.400000 96 37323478 37323477 1 25573 25577 0 0
2025-12-08T00:51:16.243608 534504.822058228 cubic 70.517 30.323 10 1460 3.310000 65535 163 162 4 9 8 0 0
2025-12-08T00:51:16.243608 534504.822058228 cubic 51.935 0.089 92 1460 24.800000 92 16112598 16176837 0 11083 11038 44 0
2025-12-08T00:51:16.243608 534504.822058228 cubic 57.585 0.418 89 1460 21.700000 89 37025638 37025637 1 25371 25370 0 0
2025-12-08T00:51:16.757397 534505.335852904 cubic 51.459 0.320 89 1460 24.200000 89 37352678 37352677 1 25594 25593 0 0
2025-12-08T00:51:16.757397 534505.335852904 cubic 50.897 0.705 96 1460 26.400000 96 37323478 37323477 1 25573 25577 0 0
2025-12-08T00:51:16.757397 534505.335852904 cubic 70.517 30.323 10 1460 3.310000 65535 163 162 4 9 8 0 0
2025-12-08T00:51:16.757397 534505.335852904 cubic 51.287 0.196 92 1460 25.100000 92 16754998 16819237 0 11523 11478 44 0
2025-12-08T00:51:16.757397 534505.335852904 cubic 57.585 0.418 89 1460 21.700000 89 37025638 37025637 1 25371 25370 0 0
2025-12-08T00:51:17.275372 534505.853861022 cubic 51.459 0.320 89 1460 24.200000 89 37352678 37352677 1 25594 25593 0 0
2025-12-08T00:51:17.275372 534505.853861022 cubic 50.897 0.705 96 1460 26.400000 96 37323478 37323477 1 25574 25578 0 0
2025-12-08T00:51:17.275372 534505.853861022 cubic 70.517 30.323 10 1460 3.310000 65535 163 162 4 9 8 0 0
2025-12-08T00:51:17.275372 534505.853861022 cubic 51.023 0.379 92 1460 25.300000 92 17369658 17433897 0 11944 11899 44 0
2025-12-08T00:51:17.275372 534505.853861022 cubic 57.585 0.418 89 1460 21.700000 89 37025638 37025637 1 25371 25370 0 0
2025-12-08T00:51:17.794738 534506.373719305 cubic 51.459 0.320 89 1460 24.200000 89 37352678 37352677 1 25594 25593 0 0
2025-12-08T00:51:17.794738 534506.373719305 cubic 50.897 0.705 96 1460 26.400000 96 37323478 37323477 1 25574 25578 0 0
2025-12-08T00:51:17.794738 534506.373719305 cubic 70.517 30.323 10 1460 3.310000 65535 163 162 4 9 8 0 0
2025-12-08T00:51:17.794738 534506.373719305 cubic 51.427 0.218 92 1460 25.100000 92 18039798 18104037 0 12403 12358 44 0
2025-12-08T00:51:17.794738 534506.373719305 cubic 57.585 0.418 89 1460 21.700000 89 37025638 37025637 1 25371 25370 0 0
2025-12-08T00:51:18.324593 534506.903032111 cubic 51.459 0.320 89 1460 24.200000 89 37352678 37352677 1 25594 25593 0 0
2025-12-08T00:51:18.324593 534506.903032111 cubic 50.897 0.705 96 1460 26.400000 96 37323478 37323477 1 25574 25578 0 0
2025-12-08T00:51:18.324593 534506.903032111 cubic 70.517 30.323 10 1460 3.310000 65535 163 162 4 9 8 0 0
2025-12-08T00:51:18.324593 534506.903032111 cubic 50.504 0.087 92 1460 25.500000 92 18682198 18746437 0 12843 12798 44 0
2025-12-08T00:51:18.324593 534506.903032111 cubic 57.585 0.418 89 1460 21.700000 89 37025638 37025637 1 25371 25370 0 0
2025-12-08T00:51:18.837656 534507.416099765 cubic 51.459 0.320 89 1460 24.200000 89 37352678 37352677 1 25594 25593 0 0
2025-12-08T00:51:18.837656 534507.416099765 cubic 50.897 0.705 96 1460 26.400000 96 37323478 37323477 1 25574 25578 0 0
2025-12-08T00:51:18.837656 534507.416099765 cubic 70.517 30.323 10 1460 3.310000 65535 163 162 4 9 8 0 0
2025-12-08T00:51:18.837656 534507.416099765 cubic 51.290 0.187 92 1460 25.100000 92 19324598 19388837 0 13283 13238 44 0
2025-12-08T00:51:18.837656 534507.416099765 cubic 57.585 0.418 89 1460 21.700000 89 37025638 37025637 1 25371 25370 0 0
2025-12-08T00:51:19.364390 534507.943645073 cubic 51.459 0.320 89 1460 24.200000 89 37352678 37352677 1 25594 25593 0 0
2025-12-08T00:51:19.364390 534507.943645073 cubic 50.897 0.705 96 1460 26.400000 96 37323478 37323477 1 25574 25578 0 0
2025-12-08T00:51:19.364390 534507.943645073 cubic 70.517 30.323 10 1460 3.310000 65535 163 162 4 9 8 0 0
2025-12-08T00:51:19.364390 534507.943645073 cubic 70.955 14.071 92 1460 18.200000 92 19966998 20031237 0 13723 13678 44 0
2025-12-08T00:51:19.364390 534507.943645073 cubic 57.585 0.418 89 1460 21.700000 89 37025638 37025637 1 25371 25370 0 0
2025-12-08T00:51:19.892103 534508.471871324 cubic 51.459 0.320 89 1460 24.200000 89 37352678 37352677 1 25594 25593 0 0
2025-12-08T00:51:19.892103 534508.471871324 cubic 50.897 0.705 96 1460 26.400000 96 37323478 37323477 1 25574 25578 0 0
2025-12-08T00:51:19.892103 534508.471871324 cubic 70.517 30.323 10 1460 3.310000 65535 163 162 4 9 8 0 0
2025-12-08T00:51:19.892103 534508.471871324 cubic 51.240 0.509 92 1460 25.200000 92 20612318 20676557 0 14165 14120 44 0
2025-12-08T00:51:19.892103 534508.471871324 cubic 57.585 0.418 89 1460 21.700000 89 37025638 37025637 1 25371 25370 0 0
2025-12-08T00:51:20.432323 534509.010814235 cubic 51.459 0.320 89 1460 24.200000 89 37352678 37352677 1 25594 25593 0 0
2025-12-08T00:51:20.432323 534509.010814235 cubic 50.897 0.705 96 1460 26.400000 96 37323478 37323477 1 25574 25578 0 0
2025-12-08T00:51:20.432323 534509.010814235 cubic 70.517 30.323 10 1460 3.310000 65535 163 162 4 9 8 0 0
2025-12-08T00:51:20.432323 534509.010814235 cubic 50.361 0.079 92 1460 25.600000 92 21207998 21270777 0 14572 14528 43 0
2025-12-08T00:51:20.432323 534509.010814235 cubic 57.585 0.418 89 1460 21.700000 89 37025638 37025637 1 25371 25370 0 0
2025-12-08T00:51:20.946662 534509.525133486 cubic 51.459 0.320 89 1460 24.200000 89 37352678 37352677 1 25594 25593 0 0
2025-12-08T00:51:20.946662 534509.525133486 cubic 50.897 0.705 96 1460 26.400000 96 37323478 37323477 1 25574 25578 0 0
2025-12-08T00:51:20.946662 534509.525133486 cubic 70.517 30.323 10 1460 3.310000 65535 163 162 4 9 8 0 0
2025-12-08T00:51:20.946662 534509.525133486 cubic 50.833 0.140 92 1460 25.400000 92 21904418 21968657 0 15050 15005 44 0
2025-12-08T00:51:20.946662 534509.525133486 cubic 57.585 0.418 89 1460 21.700000 89 37025638 37025637 1 25371 25370 0 0
2025-12-08T00:51:21.466563 534510.045072810 cubic 51.459 0.320 89 1460 24.200000 89 37352678 37352677 1 25594 25593 0 0
2025-12-08T00:51:21.466563 534510.045072810 cubic 50.897 0.705 96 1460 26.400000 96 37323478 37323477 1 25574 25578 0 0
2025-12-08T00:51:21.466563 534510.045072810 cubic 70.517 30.323 10 1460 3.310000 65535 163 162 4 9 8 0 0
2025-12-08T00:51:21.466563 534510.045072810 cubic 50.435 0.060 92 1460 25.600000 92 22542438 22606677 0 15487 15442 44 0
2025-12-08T00:51:21.466563 534510.045072810 cubic 57.585 0.418 89 1460 21.700000 89 37025638 37025637 1 25371 25370 0 0
2025-12-08T00:51:21.974491 534510.552953632 cubic 51.459 0.320 89 1460 24.200000 89 37352678 37352677 1 25594 25593 0 0
2025-12-08T00:51:21.974491 534510.552953632 cubic 50.897 0.705 96 1460 26.400000 96 37323478 37323477 1 25574 25578 0 0
2025-12-08T00:51:21.974491 534510.552953632 cubic 70.517 30.323 10 1460 3.310000 65535 163 162 4 9 8 0 0
2025-12-08T00:51:21.974491 534510.552953632 cubic 51.239 0.106 92 1460 25.200000 92 23184838 23249077 0 15927 15882 44 0
2025-12-08T00:51:21.974491 534510.552953632 cubic 57.585 0.418 89 1460 21.700000 89 37025638 37025637 1 25371 25370 0 0
2025-12-08T00:51:22.490680 534511.069141131 cubic 51.459 0.320 89 1460 24.200000 89 37352678 37352677 1 25594 25593 0 0
2025-12-08T00:51:22.490680 534511.069141131 cubic 50.897 0.705 96 1460 26.400000 96 37323478 37323477 1 25574 25578 0 0
2025-12-08T00:51:22.490680 534511.069141131 cubic 70.517 30.323 10 1460 3.310000 65535 163 162 4 9 8 0 0
2025-12-08T00:51:22.490680 534511.069141131 cubic 50.948 0.184 92 1460 25.300000 92 23827238 23891477 0 16367 16322 44 0
2025-12-08T00:51:22.490680 534511.069141131 cubic 57.585 0.418 89 1460 21.700000 89 37025638 37025637 1 25371 25370 0 0
2025-12-08T00:51:23.005911 534511.584357194 cubic 51.459 0.320 89 1460 24.200000 89 37352678 37352677 1 25594 25593 0 0
2025-12-08T00:51:23.005911 534511.584357194 cubic 50.897 0.705 96 1460 26.400000 96 37323478 37323477 1 25574 25578 0 0
2025-12-08T00:51:23.005911 534511.584357194 cubic 70.517 30.323 10 1460 3.310000 65535 163 162 4 9 8 0 0
2025-12-08T00:51:23.005911 534511.584357194 cubic 50.669 0.177 92 1460 25.400000 92 24468178 24532417 0 16806 16761 44 0
2025-12-08T00:51:23.005911 534511.584357194 cubic 57.585 0.418 89 1460 21.700000 89 37025638 37025637 1 25371 25370 0 0
2025-12-08T00:51:23.520386 534512.098853900 cubic 51.459 0.320 89 1460 24.200000 89 37352678 37352677 1 25594 25593 0 0
2025-12-08T00:51:23.520386 534512.098853900 cubic 50.897 0.705 96 1460 26.400000 96 37323478 37323477 1 25574 25578 0 0
2025-12-08T00:51:23.520386 534512.098853900 cubic 70.517 30.323 10 1460 3.310000 65535 163 162 4 9 8 0 0
2025-12-08T00:51:23.520386 534512.098853900 cubic 50.790 0.183 92 1460 25.400000 92 25109118 25173357 0 17245 17200 44 0
2025-12-08T00:51:23.520386 534512.098853900 cubic 57.585 0.418 89 1460 21.700000 89 37025638 37025637 1 25371 25370 0 0
2025-12-08T00:51:24.037341 534512.615795090 cubic 51.459 0.320 89 1460 24.200000 89 37352678 37352677 1 25594 25593 0 0
2025-12-08T00:51:24.037341 534512.615795090 cubic 50.897 0.705 96 1460 26.400000 96 37323478 37323477 1 25574 25578 0 0
2025-12-08T00:51:24.037341 534512.615795090 cubic 70.517 30.323 10 1460 3.310000 65535 163 162 4 9 8 0 0
2025-12-08T00:51:24.037341 534512.615795090 cubic 51.601 0.651 92 1460 25.000000 92 25751518 25815757 0 17685 17640 44 0
2025-12-08T00:51:24.037341 534512.615795090 cubic 57.585 0.418 89 1460 21.700000 89 37025638 37025637 1 25371 25370 0 0
2025-12-08T00:51:24.547557 534513.126021358 cubic 51.459 0.320 89 1460 24.200000 89 37352678 37352677 1 25594 25593 0 0
2025-12-08T00:51:24.547557 534513.126021358 cubic 50.897 0.705 96 1460 26.400000 96 37323478 37323477 1 25574 25578 0 0
2025-12-08T00:51:24.547557 534513.126021358 cubic 70.517 30.323 10 1460 3.310000 65535 163 162 4 9 8 0 0
2025-12-08T00:51:24.547557 534513.126021358 cubic 57.891 1.481 92 1460 22.300000 92 26376398 26439177 0 18112 18068 43 0
2025-12-08T00:51:24.547557 534513.126021358 cubic 57.585 0.418 89 1460 21.700000 89 37025638 37025637 1 25371 25370 0 0
2025-12-08T00:51:25.057670 534513.636109545 cubic 51.459 0.320 89 1460 24.200000 89 37352678 37352677 1 25594 25593 0 0
2025-12-08T00:51:25.057670 534513.636109545 cubic 50.897 0.705 96 1460 26.400000 96 37323478 37323477 1 25574 25578 0 0
2025-12-08T00:51:25.057670 534513.636109545 cubic 70.517 30.323 10 1460 3.310000 65535 163 162 4 9 8 0 0
2025-12-08T00:51:25.057670 534513.636109545 cubic 51.017 0.150 92 1460 25.300000 92 27017338 27081577 0 18552 18507 44 0
2025-12-08T00:51:25.057670 534513.636109545 cubic 57.585 0.418 89 1460 21.700000 89 37025638 37025637 1 25371 25370 0 0
2025-12-08T00:51:25.573691 534514.152138633 cubic 51.459 0.320 89 1460 24.200000 89 37352678 37352677 1 25594 25593 0 0
2025-12-08T00:51:25.573691 534514.152138633 cubic 50.897 0.705 96 1460 26.400000 96 37323478 37323477 1 25574 25578 0 0
2025-12-08T00:51:25.573691 534514.152138633 cubic 70.517 30.323 10 1460 3.310000 65535 163 162 4 9 8 0 0
2025-12-08T00:51:25.573691 534514.152138633 cubic 50.998 0.159 92 1460 25.300000 92 27667038 27731277 0 18997 18952 44 0
2025-12-08T00:51:25.573691 534514.152138633 cubic 57.585 0.418 89 1460 21.700000 89 37025638 37025637 1 25371 25370 0 0
2025-12-08T00:51:26.092385 534514.672209000 cubic 51.459 0.320 89 1460 24.200000 89 37352678 37352677 1 25594 25593 0 0
2025-12-08T00:51:26.092385 534514.672209000 cubic 50.897 0.705 96 1460 26.400000 96 37323478 37323477 1 25574 25578 0 0
2025-12-08T00:51:26.092385 534514.672209000 cubic 70.517 30.323 10 1460 3.310000 65535 163 162 4 9 8 0 0
2025-12-08T00:51:26.092385 534514.672209000 cubic 52.433 0.444 92 1460 24.600000 92 28344478 28408717 0 19461 19416 44 0
2025-12-08T00:51:26.092385 534514.672209000 cubic 57.585 0.418 89 1460 21.700000 89 37025638 37025637 1 25371 25370 0 0
2025-12-08T00:51:26.628024 534515.206575275 cubic 51.459 0.320 89 1460 24.200000 89 37352678 37352677 1 25594 25593 0 0
2025-12-08T00:51:26.628024 534515.206575275 cubic 50.897 0.705 96 1460 26.400000 96 37323478 37323477 1 25574 25578 0 0
2025-12-08T00:51:26.628024 534515.206575275 cubic 70.517 30.323 10 1460 3.310000 65535 163 162 4 9 8 0 0
2025-12-08T00:51:26.628024 534515.206575275 cubic 50.689 0.147 92 1460 25.400000 92 28925558 28989797 0 19859 19814 44 0
2025-12-08T00:51:26.628024 534515.206575275 cubic 57.585 0.418 89 1460 21.700000 89 37025638 37025637 1 25371 25370 0 0
2025-12-08T00:51:27.139275 534515.717747521 cubic 51.459 0.320 89 1460 24.200000 89 37352678 37352677 1 25594 25593 0 0
2025-12-08T00:51:27.139275 534515.717747521 cubic 50.897 0.705 96 1460 26.400000 96 37323478 37323477 1 25574 25578 0 0
2025-12-08T00:51:27.139275 534515.717747521 cubic 70.517 30.323 10 1460 3.310000 65535 163 162 4 9 8 0 0
2025-12-08T00:51:27.139275 534515.717747521 cubic 50.923 0.181 92 1460 25.300000 92 29575258 29639497 0 20304 20259 44 0
2025-12-08T00:51:27.139275 534515.717747521 cubic 57.585 0.418 89 1460 21.700000 89 37025638 37025637 1 25371 25370 0 0
2025-12-08T00:51:27.658931 534516.237418482 cubic 51.459 0.320 89 1460 24.200000 89 37352678 37352677 1 25594 25593 0 0
2025-12-08T00:51:27.658931 534516.237418482 cubic 50.897 0.705 96 1460 26.400000 96 37323478 37323477 1 25574 25578 0 0
2025-12-08T00:51:27.658931 534516.237418482 cubic 70.517 30.323 10 1460 3.310000 65535 163 162 4 9 8 0 0
2025-12-08T00:51:27.658931 534516.237418482 cubic 50.761 0.103 92 1460 25.400000 92 30217658 30281897 0 20744 20699 44 0
2025-12-08T00:51:27.658931 534516.237418482 cubic 57.585 0.418 89 1460 21.700000 89 37025638 37025637 1 25371 25370 0 0
2025-12-08T00:51:28.169974 534516.748578688 cubic 51.459 0.320 89 1460 24.200000 89 37352678 37352677 1 25594 25593 0 0
2025-12-08T00:51:28.169974 534516.748578688 cubic 50.897 0.705 96 1460 26.400000 96 37323478 37323477 1 25574 25578 0 0
2025-12-08T00:51:28.169974 534516.748578688 cubic 70.517 30.323 10 1460 3.310000 65535 163 162 4 9 8 0 0
2025-12-08T00:51:28.169974 534516.748578688 cubic 50.659 0.110 92 1460 25.500000 92 30860058 30924297 0 21184 21139 44 0
2025-12-08T00:51:28.169974 534516.748578688 cubic 57.585 0.418 89 1460 21.700000 89 37025638 37025637 1 25371 25370 0 0
2025-12-08T00:51:28.681051 534517.259524441 cubic 51.459 0.320 89 1460 24.200000 89 37352678 37352677 1 25594 25593 0 0
2025-12-08T00:51:28.681051 534517.259524441 cubic 50.897 0.705 96 1460 26.400000 96 37323478 37323477 1 25574 25578 0 0
2025-12-08T00:51:28.681051 534517.259524441 cubic 70.517 30.323 10 1460 3.310000 65535 163 162 4 9 8 0 0
2025-12-08T00:51:28.681051 534517.259524441 cubic 50.648 0.087 92 1460 25.500000 92 31502458 31566697 0 21624 21579 44 0
2025-12-08T00:51:28.681051 534517.259524441 cubic 57.585 0.418 89 1460 21.700000 89 37025638 37025637 1 25371 25370 0 0
2025-12-08T00:51:29.191822 534517.770353405 cubic 51.459 0.320 89 1460 24.200000 89 37352678 37352677 1 25594 25593 0 0
2025-12-08T00:51:29.191822 534517.770353405 cubic 50.897 0.705 96 1460 26.400000 96 37323478 37323477 1 25574 25578 0 0
2025-12-08T00:51:29.191822 534517.770353405 cubic 70.517 30.323 10 1460 3.310000 65535 163 162 4 9 8 0 0
2025-12-08T00:51:29.191822 534517.770353405 cubic 51.068 0.079 92 1460 25.200000 92 32125878 32190117 0 22051 22006 44 0
2025-12-08T00:51:29.191822 534517.770353405 cubic 57.585 0.418 89 1460 21.700000 89 37025638 37025637 1 25371 25370 0 0
2025-12-08T00:51:29.704806 534518.283392692 cubic 51.459 0.320 89 1460 24.200000 89 37352678 37352677 1 25594 25593 0 0
2025-12-08T00:51:29.704806 534518.283392692 cubic 50.897 0.705 96 1460 26.400000 96 37323478 37323477 1 25574 25578 0 0
2025-12-08T00:51:29.704806 534518.283392692 cubic 70.517 30.323 10 1460 3.310000 65535 163 162 4 9 8 0 0
2025-12-08T00:51:29.704806 534518.283392692 cubic 50.375 0.052 92 1460 25.600000 92 32723018 32787257 0 22460 22415 44 0
2025-12-08T00:51:29.704806 534518.283392692 cubic 57.585 0.418 89 1460 21.700000 89 37025638 37025637 1 25371 25370 0 0
2025-12-08T00:51:30.217254 534518.795720913 cubic 51.459 0.320 89 1460 24.200000 89 37352678 37352677 1 25594 25593 0 0
2025-12-08T00:51:30.217254 534518.795720913 cubic 50.897 0.705 96 1460 26.400000 96 37323478 37323477 1 25574 25578 0 0
2025-12-08T00:51:30.217254 534518.795720913 cubic 70.517 30.323 10 1460 3.310000 65535 163 162 4 9 8 0 0
2025-12-08T00:51:30.217254 534518.795720913 cubic 50.520 0.076 92 1460 25.500000 92 33374178 33438417 0 22906 22861 44 0
2025-12-08T00:51:30.217254 534518.795720913 cubic 57.585 0.418 89 1460 21.700000 89 37025638 37025637 1 25371 25370 0 0
2025-12-08T00:51:30.741773 534519.320593127 cubic 51.459 0.320 89 1460 24.200000 89 37352678 37352677 1 25594 25593 0 0
2025-12-08T00:51:30.741773 534519.320593127 cubic 50.897 0.705 96 1460 26.400000 96 37323478 37323477 1 25574 25578 0 0
2025-12-08T00:51:30.741773 534519.320593127 cubic 70.517 30.323 10 1460 3.310000 65535 163 162 4 9 8 0 0
2025-12-08T00:51:30.741773 534519.320593127 cubic 50.638 0.163 92 1460 25.500000 92 34050158 34114397 0 23369 23324 44 0
2025-12-08T00:51:30.741773 534519.320593127 cubic 57.585 0.418 89 1460 21.700000 89 37025638 37025637 1 25371 25370 0 0
2025-12-08T00:51:31.287084 534519.865880936 cubic 51.459 0.320 89 1460 24.200000 89 37352678 37352677 1 25594 25593 0 0
2025-12-08T00:51:31.287084 534519.865880936 cubic 50.897 0.705 96 1460 26.400000 96 37323478 37323477 1 25574 25578 0 0
2025-12-08T00:51:31.287084 534519.865880936 cubic 70.517 30.323 10 1460 3.310000 65535 163 162 4 9 8 0 0
2025-12-08T00:51:31.287084 534519.865880936 cubic 96.646 1.023 92 1460 13.300000 92 34641458 34705697 0 23774 23729 44 0
2025-12-08T00:51:31.287084 534519.865880936 cubic 57.585 0.418 89 1460 21.700000 89 37025638 37025637 1 25371 25370 0 0
2025-12-08T00:51:31.809357 534520.387816762 cubic 51.459 0.320 89 1460 24.200000 89 37352678 37352677 1 25594 25593 0 0
2025-12-08T00:51:31.809357 534520.387816762 cubic 50.897 0.705 96 1460 26.400000 96 37323478 37323477 1 25574 25578 0 0
2025-12-08T00:51:31.809357 534520.387816762 cubic 70.517 30.323 10 1460 3.310000 65535 163 162 4 9 8 0 0
2025-12-08T00:51:31.809357 534520.387816762 cubic 50.629 0.185 92 1460 25.500000 92 35283858 35348097 0 24214 24169 44 0
2025-12-08T00:51:31.809357 534520.387816762 cubic 57.585 0.418 89 1460 21.700000 89 37025638 37025637 1 25371 25370 0 0
2025-12-08T00:51:32.318423 534520.896843522 cubic 51.459 0.320 89 1460 24.200000 89 37352678 37352677 1 25594 25593 0 0
2025-12-08T00:51:32.318423 534520.896843522 cubic 50.897 0.705 96 1460 26.400000 96 37323478 37323477 1 25574 25578 0 0
2025-12-08T00:51:32.318423 534520.896843522 cubic 70.517 30.323 10 1460 3.310000 65535 163 162 4 9 8 0 0
2025-12-08T00:51:32.318423 534520.896843522 cubic 51.104 0.102 92 1460 25.200000 92 35904358 35968597 0 24639 24594 44 0
2025-12-08T00:51:32.318423 534520.896843522 cubic 57.585 0.418 89 1460 21.700000 89 37025638 37025637 1 25371 25370 0 0
2025-12-08T00:51:32.830396 534521.408827920 cubic 51.459 0.320 89 1460 24.200000 89 37352678 37352677 1 25594 25593 0 0
2025-12-08T00:51:32.830396 534521.408827920 cubic 50.897 0.705 96 1460 26.400000 96 37323478 37323477 1 25574 25578 0 0
2025-12-08T00:51:32.830396 534521.408827920 cubic 70.517 30.323 10 1460 3.310000 65535 163 162 4 9 8 0 0
2025-12-08T00:51:32.830396 534521.408827920 cubic 50.608 0.180 92 1460 25.500000 92 36548218 36612457 0 25080 25035 44 0
2025-12-08T00:51:32.830396 534521.408827920 cubic 57.585 0.418 89 1460 21.700000 89 37025638 37025637 1 25371 25370 0 0
2025-12-08T00:51:33.342166 534521.920650030 cubic 51.459 0.320 89 1460 24.200000 89 37352678 37352677 1 25594 25593 0 0
2025-12-08T00:51:33.342166 534521.920650030 cubic 50.897 0.705 96 1460 26.400000 96 37323478 37323477 1 25574 25578 0 0
2025-12-08T00:51:33.342166 534521.920650030 cubic 65.838 25.167 10 1460 3.550000 65535 168 454 5 13 11 1 0
2025-12-08T00:51:33.342166 534521.920650030 cubic 51.075 0.186 92 1460 25.200000 92 37209598 37209597 1 25489 25489 0 0
2025-12-08T00:51:33.342166 534521.920650030 cubic 57.585 0.418 89 1460 21.700000 89 37025638 37025637 1 25371 25370 0 0
