wall_time monotonic algo rtt_ms rtt_var_ms cwnd mss pacing_mbps ssthresh bytes_acked bytes_sent bytes_received segs_out segs_in unacked retrans_total
2025-12-08T00:18:19.456698 532528.035504252 cubic 31.303 21.243 10 1460 7.460000 65535 163 162 1 6 5 0 0
2025-12-08T00:18:19.964412 532528.542839728 cubic 10.588 0.208 89 1460 118.000000 89 1984178 2044037 0 1403 1378 41 0
2025-12-08T00:18:19.964412 532528.542839728 cubic 31.303 21.243 10 1460 7.460000 65535 163 162 4 9 8 0 0
2025-12-08T00:18:20.478221 532529.056705877 cubic 11.295 0.110 89 1460 110.000000 89 4146438 4146437 0 2843 2860 0 0
2025-12-08T00:18:20.478221 532529.056705877 cubic 31.303 21.243 10 1460 7.460000 65535 163 162 4 9 8 0 0
2025-12-08T00:18:20.993503 532529.571951980 cubic 10.822 0.118 89 1460 115.000000 89 6761298 6824077 0 4677 4652 43 0
2025-12-08T00:18:20.993503 532529.571951980 cubic 31.303 21.243 10 1460 7.460000 65535 163 162 4 9 8 0 0
2025-12-08T00:18:21.505072 532530.083530482 cubic 10.552 0.027 89 1460 118.000000 89 9304618 9363017 0 6416 6437 40 0
2025-12-08T00:18:21.505072 532530.083530482 cubic 31.303 21.243 10 1460 7.460000 65535 163 162 4 9 8 0 0
2025-12-08T00:18:22.017484 532530.595927440 cubic 10.685 0.185 89 1460 117.000000 89 11620178 11684417 0 8006 8133 44 0
2025-12-08T00:18:22.017484 532530.595927440 cubic 31.303 21.243 10 1460 7.460000 65535 163 162 4 9 8 0 0
2025-12-08T00:18:22.529464 532531.108093968 cubic 11.630 0.724 89 1460 107.000000 89 14084658 14135757 0 9685 9854 35 0
2025-12-08T00:18:22.529464 532531.108093968 cubic 31.303 21.243 10 1460 7.460000 65535 163 162 4 9 8 0 0
2025-12-08T00:18:23.042113 532531.620581447 cubic 10.754 0.140 89 1460 116.000000 89 16541838 16588557 0 11365 11594 32 0
2025-12-08T00:18:23.042113 532531.620581447 cubic 31.303 21.243 10 1460 7.460000 65535 163 162 4 9 8 0 0
2025-12-08T00:18:23.558521 532532.137009966 cubic 10.361 0.010 89 1460 120.000000 89 19093918 19136257 0 13110 13524 29 0
2025-12-08T00:18:23.558521 532532.137009966 cubic 31.303 21.243 10 1460 7.460000 65535 163 162 4 9 8 0 0
2025-12-08T00:18:24.065944 532532.644456436 cubic 10.760 0.046 89 1460 116.000000 89 21517518 21567157 0 14775 15411 34 0
2025-12-08T00:18:24.065944 532532.644456436 cubic 31.303 21.243 10 1460 7.460000 65535 163 162 4 9 8 0 0
2025-12-08T00:18:24.584354 532533.162787649 cubic 10.439 0.024 89 1460 119.000000 89 23987838 24041857 0 16470 17306 37 0
2025-12-08T00:18:24.584354 532533.162787649 cubic 31.303 21.243 10 1460 7.460000 65535 163 162 4 9 8 0 0
2025-12-08T00:18:25.093038 532533.671454880 cubic 11.548 0.302 89 1460 108.000000 89 26226018 26290257 0 18010 18980 44 0
2025-12-08T00:18:25.093038 532533.671454880 cubic 31.303 21.243 10 1460 7.460000 65535 163 162 4 9 8 0 0
2025-12-08T00:18:25.599940 532534.178448524 cubic 11.918 0.701 89 1460 105.000000 89 28678818 28734297 0 19684 20757 38 0
2025-12-08T00:18:25.599940 532534.178448524 cubic 31.303 21.243 10 1460 7.460000 65535 163 162 4 9 8 0 0
2025-12-08T00:18:26.115915 532534.694470014 cubic 10.724 0.119 89 1460 116.000000 89 31125778 31178337 0 21358 22538 36 0
2025-12-08T00:18:26.115915 532534.694470014 cubic 31.303 21.243 10 1460 7.460000 65535 163 162 4 9 8 0 0
2025-12-08T00:18:26.628449 532535.207043819 cubic 12.798 0.617 89 1460 97.500000 89 33737718 33775677 0 23137 24542 26 0
2025-12-08T00:18:26.628449 532535.207043819 cubic 31.303 21.243 10 1460 7.460000 65535 163 162 4 9 8 0 0
2025-12-08T00:18:27.153543 532535.731979451 cubic 12.209 1.527 89 1460 102.000000 89 36137958 36202197 0 24799 26236 44 0
2025-12-08T00:18:27.153543 532535.731979451 cubic 31.303 21.243 10 1460 7.460000 65535 163 162 4 9 8 0 0
2025-12-08T00:18:27.662880 532536.241318462 cubic 10.396 0.087 89 1460 120.000000 89 38741138 38798077 0 26577 28289 39 0
2025-12-08T00:18:27.662880 532536.241318462 cubic 31.303 21.243 10 1460 7.460000 65535 163 162 4 9 8 0 0
2025-12-08T00:18:28.170337 532536.748782109 cubic 10.727 0.151 89 1460 116.000000 89 40482918 40491677 0 27737 29679 6 0
2025-12-08T00:18:28.170337 532536.748782109 cubic 31.303 21.243 10 1460 7.460000 65535 163 162 4 9 8 0 0
2025-12-08T00:18:28.681673 532537.260213868 cubic 10.818 0.140 89 1460 115.000000 89 41877218 41918097 0 28714 30839 28 0
2025-12-08T00:18:28.681673 532537.260213868 cubic 31.303 21.243 10 1460 7.460000 65535 163 162 4 9 8 0 0
2025-12-08T00:18:29.192658 532537.771107139 cubic 11.530 0.515 89 1460 108.000000 89 43318238 43382477 0 29717 31976 44 0
2025-12-08T00:18:29.192658 532537.771107139 cubic 31.303 21.243 10 1460 7.460000 65535 163 162 4 9 8 0 0
2025-12-08T00:18:29.708897 532538.287357927 cubic 10.990 0.108 89 1460 114.000000 89 45346178 45407497 0 31104 33536 42 0
2025-12-08T00:18:29.708897 532538.287357927 cubic 31.303 21.243 10 1460 7.460000 65535 163 162 4 9 8 0 0
2025-12-08T00:18:30.226087 532538.804628404 cubic 10.820 0.169 89 1460 115.000000 89 47625238 47680717 0 32661 35222 38 0
2025-12-08T00:18:30.226087 532538.804628404 cubic 31.303 21.243 10 1460 7.460000 65535 163 162 4 9 8 0 0
2025-12-08T00:18:30.742104 532539.320567441 cubic 10.769 0.143 89 1460 116.000000 89 50207978 50210897 0 34394 37179 2 0
2025-12-08T00:18:30.742104 532539.320567441 cubic 31.303 21.243 10 1460 7.460000 65535 163 162 4 9 8 0 0
2025-12-08T00:18:31.256733 532539.835245317 cubic 10.644 0.200 89 1460 117.000000 89 52641798 52703117 0 36101 38860 42 0
2025-12-08T00:18:31.256733 532539.835245317 cubic 31.303 21.243 10 1460 7.460000 65535 163 162 4 9 8 0 0
2025-12-08T00:18:31.771973 532540.350440253 cubic 10.894 0.071 89 1460 115.000000 89 55262498 55320897 0 37894 40887 40 0
2025-12-08T00:18:31.771973 532540.350440253 cubic 31.303 21.243 10 1460 7.460000 65535 163 162 4 9 8 0 0
2025-12-08T00:18:32.288074 532540.866549940 cubic 10.579 0.055 89 1460 118.000000 89 57862758 57915317 0 39671 42926 36 0
2025-12-08T00:18:32.288074 532540.866549940 cubic 31.303 21.243 10 1460 7.460000 65535 163 162 4 9 8 0 0
2025-12-08T00:18:32.800178 532541.378632562 cubic 11.067 0.228 89 1460 113.000000 89 60414838 60477617 0 41426 44821 43 0
2025-12-08T00:18:32.800178 532541.378632562 cubic 31.303 21.243 10 1460 7.460000 65535 163 162 4 9 8 0 0
2025-12-08T00:18:33.312354 532541.890786734 cubic 10.796 0.198 89 1460 116.000000 89 62895378 62947937 0 43118 46584 36 0
2025-12-08T00:18:33.312354 532541.890786734 cubic 31.303 21.243 10 1460 7.460000 65535 163 162 4 9 8 0 0
2025-12-08T00:18:33.824736 532542.403233790 cubic 10.996 0.130 89 1460 113.000000 89 65507318 65571557 0 44915 48502 44 0
2025-12-08T00:18:33.824736 532542.403233790 cubic 31.303 21.243 10 1460 7.460000 65535 163 162 4 9 8 0 0
2025-12-08T00:18:34.339542 532542.918032709 cubic 12.098 0.271 89 1460 103.000000 89 67671038 67735277 0 46397 50029 44 0
2025-12-08T00:18:34.339542 532542.918032709 cubic 31.303 21.243 10 1460 7.460000 65535 163 162 4 9 8 0 0
2025-12-08T00:18:34.867569 532543.446195890 cubic 10.763 0.438 89 1460 116.000000 89 69265358 69329597 0 47489 51121 44 0
2025-12-08T00:18:34.867569 532543.446195890 cubic 31.303 21.243 10 1460 7.460000 65535 163 162 4 9 8 0 0
2025-12-08T00:18:35.396508 532543.974951461 cubic 10.752 0.483 89 1460 116.000000 89 72224778 72287557 0 49515 53148 43 0
2025-12-08T00:18:35.396508 532543.974951461 cubic 31.303 21.243 10 1460 7.460000 65535 163 162 4 9 8 0 0
2025-12-08T00:18:35.907747 532544.486169983 cubic 10.381 0.108 89 1460 120.000000 89 74811898 74868837 0 51283 55169 39 0
2025-12-08T00:18:35.907747 532544.486169983 cubic 31.303 21.243 10 1460 7.460000 65535 163 162 4 9 8 0 0
2025-12-08T00:18:36.414771 532544.993277587 cubic 10.667 0.262 89 1460 117.000000 89 77231118 77295357 0 52945 56934 44 0
2025-12-08T00:18:36.414771 532544.993277587 cubic 31.303 21.243 10 1460 7.460000 65535 163 162 4 9 8 0 0
2025-12-08T00:18:36.926004 532545.504511180 cubic 11.102 0.367 89 1460 112.000000 89 79883938 79908757 0 54735 58846 17 0
2025-12-08T00:18:36.926004 532545.504511180 cubic 31.303 21.243 10 1460 7.460000 65535 163 162 4 9 8 0 0
2025-12-08T00:18:37.442344 532546.020803055 cubic 11.117 0.374 89 1460 112.000000 89 82306078 82370317 0 56421 60590 44 0
2025-12-08T00:18:37.442344 532546.020803055 cubic 31.303 21.243 10 1460 7.460000 65535 163 162 4 9 8 0 0
2025-12-08T00:18:37.961429 532546.539885167 cubic 10.986 0.086 89 1460 114.000000 89 84986638 85050877 0 58257 62427 44 0
2025-12-08T00:18:37.961429 532546.539885167 cubic 31.303 21.243 10 1460 7.460000 65535 163 162 4 9 8 0 0
2025-12-08T00:18:38.478289 532547.056713951 cubic 10.853 0.326 89 1460 115.000000 89 87480318 87543097 0 59964 64173 43 0
2025-12-08T00:18:38.478289 532547.056713951 cubic 31.303 21.243 10 1460 7.460000 65535 163 162 4 9 8 0 0
2025-12-08T00:18:38.991902 532547.570335779 cubic 10.818 0.169 89 1460 115.000000 89 90198838 90252857 0 61820 66226 37 0
2025-12-08T00:18:38.991902 532547.570335779 cubic 31.303 21.243 10 1460 7.460000 65535 163 162 4 9 8 0 0
2025-12-08T00:18:39.501311 532548.079799702 cubic 10.543 0.379 89 1460 118.000000 89 92530458 92594697 0 63424 68008 44 0
2025-12-08T00:18:39.501311 532548.079799702 cubic 31.303 21.243 10 1460 7.460000 65535 163 162 4 9 8 0 0
2025-12-08T00:18:40.011647 532548.590140615 cubic 11.176 0.526 89 1460 112.000000 89 95446078 95510317 0 65421 70005 44 0
2025-12-08T00:18:40.011647 532548.590140615 cubic 31.303 21.243 10 1460 7.460000 65535 163 162 4 9 8 0 0
2025-12-08T00:18:40.531994 532549.110428930 cubic 10.686 0.170 89 1460 117.000000 89 97675498 97675497 0 66904 71664 0 0
2025-12-08T00:18:40.531994 532549.110428930 cubic 31.303 21.243 10 1460 7.460000 65535 163 162 4 9 8 0 0
2025-12-08T00:18:41.046533 532549.625050045 cubic 11.396 0.392 89 1460 109.000000 89 99522398 99586637 0 68213 72936 44 0
2025-12-08T00:18:41.046533 532549.625050045 cubic 31.303 21.243 10 1460 7.460000 65535 163 162 4 9 8 0 0
2025-12-08T00:18:41.565741 532550.144387290 cubic 10.878 0.089 89 1460 115.000000 89 101963518 102027757 0 69885 74741 44 0
2025-12-08T00:18:41.565741 532550.144387290 cubic 31.303 21.243 10 1460 7.460000 65535 163 162 4 9 8 0 0
2025-12-08T00:18:42.081954 532550.660413430 cubic 12.936 0.514 89 1460 96.400000 89 103914078 103978317 0 71221 76168 44 0
2025-12-08T00:18:42.081954 532550.660413430 cubic 31.303 21.243 10 1460 7.460000 65535 163 162 4 9 8 0 0
2025-12-08T00:18:42.618121 532551.196697075 cubic 10.405 0.085 89 1460 120.000000 89 106139118 106185837 0 72733 77922 32 0
2025-12-08T00:18:42.618121 532551.196697075 cubic 31.303 21.243 10 1460 7.460000 65535 163 162 4 9 8 0 0
2025-12-08T00:18:43.129226 532551.707667828 cubic 10.717 0.029 89 1460 116.000000 89 108580238 108629877 0 74407 79846 34 0
2025-12-08T00:18:43.129226 532551.707667828 cubic 31.303 21.243 10 1460 7.460000 65535 163 162 4 9 8 0 0
2025-12-08T00:18:43.644595 532552.223054752 cubic 10.624 0.080 89 1460 117.000000 89 110955658 111002377 0 76032 81683 32 0
2025-12-08T00:18:43.644595 532552.223054752 cubic 31.303 21.243 10 1460 7.460000 65535 163 162 4 9 8 0 0
2025-12-08T00:18:44.168007 532552.746435570 cubic 15.486 0.528 89 1460 80.500000 89 113228878 113293117 0 77601 83378 44 0
2025-12-08T00:18:44.168007 532552.746435570 cubic 31.303 21.243 10 1460 7.460000 65535 163 162 4 9 8 0 0
2025-12-08T00:18:44.678574 532553.256997608 cubic 13.253 1.530 89 1460 94.100000 89 115595538 115659777 0 79222 85063 44 0
2025-12-08T00:18:44.678574 532553.256997608 cubic 31.303 21.243 10 1460 7.460000 65535 163 162 4 9 8 0 0
2025-12-08T00:18:45.202147 532553.780592178 cubic 11.712 0.732 89 1460 107.000000 89 118119878 118168057 0 80940 86973 33 0
2025-12-08T00:18:45.202147 532553.780592178 cubic 31.303 21.243 10 1460 7.460000 65535 163 162 4 9 8 0 0
2025-12-08T00:18:45.720286 532554.298730948 cubic 10.851 0.076 89 1460 115.000000 89 120530338 120577057 0 82590 88756 32 0
2025-12-08T00:18:45.720286 532554.298730948 cubic 31.303 21.243 10 1460 7.460000 65535 163 162 4 9 8 0 0
2025-12-08T00:18:46.234967 532554.813438390 cubic 11.158 0.164 89 1460 112.000000 89 122984598 123034237 0 84273 90607 34 0
2025-12-08T00:18:46.234967 532554.813438390 cubic 31.303 21.243 10 1460 7.460000 65535 163 162 4 9 8 0 0
2025-12-08T00:18:46.755119 532555.333779142 cubic 11.569 0.158 89 1460 108.000000 89 125202338 125262197 0 85799 92189 41 0
2025-12-08T00:18:46.755119 532555.333779142 cubic 31.303 21.243 10 1460 7.460000 65535 163 162 4 9 8 0 0
2025-12-08T00:18:47.271722 532555.850158109 cubic 12.471 0.480 89 1460 100.000000 89 127853698 127916477 0 87617 94169 43 0
2025-12-08T00:18:47.271722 532555.850158109 cubic 31.303 21.243 10 1460 7.460000 65535 163 162 4 9 8 0 0
2025-12-08T00:18:47.787201 532556.365623358 cubic 13.361 0.759 89 1460 93.400000 89 130126918 130189697 0 89174 95878 43 0
2025-12-08T00:18:47.787201 532556.365623358 cubic 31.303 21.243 10 1460 7.460000 65535 163 162 4 9 8 0 0
2025-12-08T00:18:48.296778 532556.875224368 cubic 11.511 0.585 89 1460 108.000000 89 132509638 132573877 0 90807 97599 44 0
2025-12-08T00:18:48.296778 532556.875224368 cubic 31.303 21.243 10 1460 7.460000 65535 163 162 4 9 8 0 0
2025-12-08T00:18:48.809262 532557.387740939 cubic 10.639 0.128 89 1460 117.000000 89 134950758 134950757 0 92435 99356 0 0
2025-12-08T00:18:48.809262 532557.387740939 cubic 31.303 21.243 10 1460 7.460000 65535 163 162 4 9 8 0 0
2025-12-08T00:18:49.331316 532557.909740436 cubic 20.555 0.813 89 1460 60.700000 89 137499918 137556857 0 94220 101321 39 0
2025-12-08T00:18:49.331316 532557.909740436 cubic 31.303 21.243 10 1460 7.460000 65535 163 162 4 9 8 0 0
