wall_time monotonic algo rtt_ms rtt_var_ms cwnd mss pacing_mbps ssthresh bytes_acked bytes_sent bytes_received segs_out segs_in unacked retrans_total
2025-12-08T02:19:16.620779 539785.199241615 cubic 200.745 0.063 88 1460 10.200000 65535 9606838 9606837 1 6594 6592 0 0
2025-12-08T02:19:16.620779 539785.199241615 cubic 200.688 0.028 88 1460 6.150000 88 9606838 9606837 1 6593 6592 0 0
2025-12-08T02:19:16.620779 539785.199241615 cubic 201.120 0.168 88 1460 10.200000 65535 9564498 9564497 1 6560 6558 0 0
2025-12-08T02:19:17.126465 539785.704913455 cubic 200.745 0.063 88 1460 10.200000 65535 9606838 9606837 1 6594 6592 0 0
2025-12-08T02:19:17.126465 539785.704913455 cubic 230.469 95.408 10 1460 1.010000 65535 38 41 1 7 6 1 0
2025-12-08T02:19:17.126465 539785.704913455 cubic 200.688 0.028 88 1460 6.150000 88 9606838 9606837 1 6593 6592 0 0
2025-12-08T02:19:17.126465 539785.704913455 cubic 201.120 0.168 88 1460 10.200000 65535 9564498 9564497 1 6560 6558 0 0
2025-12-08T02:19:17.639429 539786.217874682 cubic 200.745 0.063 88 1460 10.200000 65535 9606838 9606837 1 6594 6592 0 0
2025-12-08T02:19:17.639429 539786.217874682 cubic 223.472 65.782 10 1460 1.050000 65535 163 162 2 11 11 0 0
2025-12-08T02:19:17.639429 539786.217874682 cubic 200.688 0.028 88 1460 6.150000 88 9606838 9606837 1 6593 6592 0 0
2025-12-08T02:19:17.639429 539786.217874682 cubic 201.120 0.168 88 1460 10.200000 65535 9564498 9564497 1 6561 6559 0 0
2025-12-08T02:19:18.160274 539786.738875505 cubic 200.745 0.063 88 1460 10.200000 65535 9606838 9606837 1 6594 6592 0 0
2025-12-08T02:19:18.160274 539786.738875505 cubic 217.018 57.494 20 1460 2.150000 65535 14638 43837 0 34 14 20 0
2025-12-08T02:19:18.160274 539786.738875505 cubic 223.472 65.782 10 1460 1.050000 65535 163 162 4 14 14 0 0
2025-12-08T02:19:18.160274 539786.738875505 cubic 200.688 0.028 88 1460 6.150000 88 9606838 9606837 1 6593 6592 0 0
2025-12-08T02:19:18.160274 539786.738875505 cubic 201.120 0.168 88 1460 10.200000 65535 9564498 9564497 1 6561 6559 0 0
2025-12-08T02:19:18.677712 539787.256119502 cubic 200.745 0.063 88 1460 10.200000 65535 9606838 9606837 1 6594 6592 0 0
2025-12-08T02:19:18.677712 539787.256119502 cubic 204.681 1.010 80 1460 9.130000 65535 102238 166477 0 118 74 44 0
2025-12-08T02:19:18.677712 539787.256119502 cubic 223.472 65.782 10 1460 1.050000 65535 163 162 4 14 14 0 0
2025-12-08T02:19:18.677712 539787.256119502 cubic 200.688 0.028 88 1460 6.150000 88 9606838 9606837 1 6593 6592 0 0
2025-12-08T02:19:18.677712 539787.256119502 cubic 201.120 0.168 88 1460 10.200000 65535 9564498 9564497 1 6561 6559 0 0
2025-12-08T02:19:19.184889 539787.763328199 cubic 200.745 0.063 88 1460 10.200000 65535 9606838 9606837 1 6594 6592 0 0
2025-12-08T02:19:19.184889 539787.763328199 cubic 202.147 0.615 88 1460 10.200000 65535 294958 359197 0 250 206 44 0
2025-12-08T02:19:19.184889 539787.763328199 cubic 223.472 65.782 10 1460 1.050000 65535 163 162 4 14 14 0 0
2025-12-08T02:19:19.184889 539787.763328199 cubic 200.688 0.028 88 1460 6.150000 88 9606838 9606837 1 6593 6592 0 0
2025-12-08T02:19:19.184889 539787.763328199 cubic 201.120 0.168 88 1460 10.200000 65535 9564498 9564497 1 6561 6559 0 0
2025-12-08T02:19:19.705653 539788.284068345 cubic 200.745 0.063 88 1460 10.200000 65535 9606838 9606837 1 6594 6592 0 0
2025-12-08T02:19:19.705653 539788.284068345 cubic 202.278 0.620 88 1460 10.200000 65535 423438 487677 0 338 294 44 0
2025-12-08T02:19:19.705653 539788.284068345 cubic 223.472 65.782 10 1460 1.050000 65535 163 162 4 14 14 0 0
2025-12-08T02:19:19.705653 539788.284068345 cubic 200.688 0.028 88 1460 6.150000 88 9606838 9606837 1 6593 6592 0 0
2025-12-08T02:19:19.705653 539788.284068345 cubic 201.120 0.168 88 1460 10.200000 65535 9564498 9564497 1 6561 6559 0 0
2025-12-08T02:19:20.213877 539788.792316282 cubic 200.745 0.063 88 1460 10.200000 65535 9606838 9606837 1 6594 6592 0 0
2025-12-08T02:19:20.213877 539788.792316282 cubic 200.602 0.046 88 1460 10.200000 65535 616158 680397 0 470 426 44 0
2025-12-08T02:19:20.213877 539788.792316282 cubic 223.472 65.782 10 1460 1.050000 65535 163 162 4 14 14 0 0
2025-12-08T02:19:20.213877 539788.792316282 cubic 200.688 0.028 88 1460 6.150000 88 9606838 9606837 1 6593 6592 0 0
2025-12-08T02:19:20.213877 539788.792316282 cubic 201.120 0.168 88 1460 10.200000 65535 9564498 9564497 1 6561 6559 0 0
2025-12-08T02:19:20.732169 539789.310577263 cubic 200.745 0.063 88 1460 10.200000 65535 9606838 9606837 1 6594 6592 0 0
2025-12-08T02:19:20.732169 539789.310577263 cubic 201.154 0.219 88 1460 10.200000 65535 744638 808877 0 558 514 44 0
2025-12-08T02:19:20.732169 539789.310577263 cubic 223.472 65.782 10 1460 1.050000 65535 163 162 4 14 14 0 0
2025-12-08T02:19:20.732169 539789.310577263 cubic 200.688 0.028 88 1460 6.150000 88 9606838 9606837 1 6593 6592 0 0
2025-12-08T02:19:20.732169 539789.310577263 cubic 201.120 0.168 88 1460 10.200000 65535 9564498 9564497 1 6561 6559 0 0
2025-12-08T02:19:21.240103 539789.818536820 cubic 200.745 0.063 88 1460 10.200000 65535 9606838 9606837 1 6594 6592 0 0
2025-12-08T02:19:21.240103 539789.818536820 cubic 201.610 0.098 88 1460 10.200000 65535 937358 1001597 0 690 646 44 0
2025-12-08T02:19:21.240103 539789.818536820 cubic 223.472 65.782 10 1460 1.050000 65535 163 162 4 14 14 0 0
2025-12-08T02:19:21.240103 539789.818536820 cubic 200.688 0.028 88 1460 6.150000 88 9606838 9606837 1 6593 6592 0 0
2025-12-08T02:19:21.240103 539789.818536820 cubic 201.120 0.168 88 1460 10.200000 65535 9564498 9564497 1 6562 6560 0 0
2025-12-08T02:19:21.762321 539790.340733115 cubic 200.745 0.063 88 1460 10.200000 65535 9606838 9606837 1 6594 6592 0 0
2025-12-08T02:19:21.762321 539790.340733115 cubic 200.508 0.179 88 1460 10.300000 65535 1130078 1194317 0 822 778 44 0
2025-12-08T02:19:21.762321 539790.340733115 cubic 223.472 65.782 10 1460 1.050000 65535 163 162 4 14 14 0 0
2025-12-08T02:19:21.762321 539790.340733115 cubic 200.688 0.028 88 1460 6.150000 88 9606838 9606837 1 6593 6592 0 0
2025-12-08T02:19:21.762321 539790.340733115 cubic 201.120 0.168 88 1460 10.200000 65535 9564498 9564497 1 6562 6560 0 0
2025-12-08T02:19:22.273099 539790.851524196 cubic 200.745 0.063 88 1460 10.200000 65535 9606838 9606837 1 6594 6592 0 0
2025-12-08T02:19:22.273099 539790.851524196 cubic 201.128 0.370 88 1460 10.200000 65535 1258558 1322797 0 910 866 44 0
2025-12-08T02:19:22.273099 539790.851524196 cubic 223.472 65.782 10 1460 1.050000 65535 163 162 4 14 14 0 0
2025-12-08T02:19:22.273099 539790.851524196 cubic 200.688 0.028 88 1460 6.150000 88 9606838 9606837 1 6593 6592 0 0
2025-12-08T02:19:22.273099 539790.851524196 cubic 201.120 0.168 88 1460 10.200000 65535 9564498 9564497 1 6562 6560 0 0
2025-12-08T02:19:22.785861 539791.364298518 cubic 200.745 0.063 88 1460 10.200000 65535 9606838 9606837 1 6594 6592 0 0
2025-12-08T02:19:22.785861 539791.364298518 cubic 201.620 0.101 88 1460 10.200000 65535 1451278 1515517 0 1042 998 44 0
2025-12-08T02:19:22.785861 539791.364298518 cubic 223.472 65.782 10 1460 1.050000 65535 163 162 4 14 14 0 0
2025-12-08T02:19:22.785861 539791.364298518 cubic 200.688 0.028 88 1460 6.150000 88 9606838 9606837 1 6593 6592 0 0
2025-12-08T02:19:22.785861 539791.364298518 cubic 201.120 0.168 88 1460 10.200000 65535 9564498 9564497 1 6562 6560 0 0
2025-12-08T02:19:23.297500 539791.875936340 cubic 200.745 0.063 88 1460 10.200000 65535 9606838 9606837 1 6594 6592 0 0
2025-12-08T02:19:23.297500 539791.875936340 cubic 202.398 0.574 88 1460 10.200000 65535 1579758 1643997 0 1130 1086 44 0
2025-12-08T02:19:23.297500 539791.875936340 cubic 223.472 65.782 10 1460 1.050000 65535 163 162 4 14 14 0 0
2025-12-08T02:19:23.297500 539791.875936340 cubic 200.688 0.028 88 1460 6.150000 88 9606838 9606837 1 6593 6592 0 0
2025-12-08T02:19:23.297500 539791.875936340 cubic 201.120 0.168 88 1460 10.200000 65535 9564498 9564497 1 6562 6560 0 0
2025-12-08T02:19:23.812635 539792.391066689 cubic 200.745 0.063 88 1460 10.200000 65535 9606838 9606837 1 6594 6592 0 0
2025-12-08T02:19:23.812635 539792.391066689 cubic 201.887 0.238 88 1460 10.200000 65535 1772478 1836717 0 1262 1218 44 0
2025-12-08T02:19:23.812635 539792.391066689 cubic 223.472 65.782 10 1460 1.050000 65535 163 162 4 14 14 0 0
2025-12-08T02:19:23.812635 539792.391066689 cubic 200.688 0.028 88 1460 6.150000 88 9606838 9606837 1 6593 6592 0 0
2025-12-08T02:19:23.812635 539792.391066689 cubic 201.120 0.168 88 1460 10.200000 65535 9564498 9564497 1 6562 6560 0 0
2025-12-08T02:19:24.324384 539792.902804547 cubic 200.745 0.063 88 1460 10.200000 65535 9606838 9606837 1 6594 6592 0 0
2025-12-08T02:19:24.324384 539792.902804547 cubic 200.562 0.063 88 1460 10.200000 65535 1900958 1965197 0 1350 1306 44 0
2025-12-08T02:19:24.324384 539792.902804547 cubic 223.472 65.782 10 1460 1.050000 65535 163 162 4 14 14 0 0
2025-12-08T02:19:24.324384 539792.902804547 cubic 200.688 0.028 88 1460 6.150000 88 9606838 9606837 1 6593 6592 0 0
2025-12-08T02:19:24.324384 539792.902804547 cubic 201.120 0.168 88 1460 10.200000 65535 9564498 9564497 1 6562 6560 0 0
2025-12-08T02:19:24.838577 539793.417022643 cubic 200.745 0.063 88 1460 10.200000 65535 9606838 9606837 1 6594 6592 0 0
2025-12-08T02:19:24.838577 539793.417022643 cubic 201.249 0.251 88 1460 10.200000 65535 2093678 2157917 0 1482 1438 44 0
2025-12-08T02:19:24.838577 539793.417022643 cubic 223.472 65.782 10 1460 1.050000 65535 163 162 4 14 14 0 0
2025-12-08T02:19:24.838577 539793.417022643 cubic 200.688 0.028 88 1460 6.150000 88 9606838 9606837 1 6593 6592 0 0
2025-12-08T02:19:24.838577 539793.417022643 cubic 201.120 0.168 88 1460 10.200000 65535 9564498 9564497 1 6562 6560 0 0
2025-12-08T02:19:25.355625 539793.934199682 cubic 200.745 0.063 88 1460 10.200000 65535 9606838 9606837 1 6594 6592 0 0
2025-12-08T02:19:25.355625 539793.934199682 cubic 201.850 0.301 88 1460 10.200000 65535 2222158 2286397 0 1570 1526 44 0
2025-12-08T02:19:25.355625 539793.934199682 cubic 223.472 65.782 10 1460 1.050000 65535 163 162 4 14 14 0 0
2025-12-08T02:19:25.355625 539793.934199682 cubic 200.688 0.028 88 1460 6.150000 88 9606838 9606837 1 6593 6592 0 0
2025-12-08T02:19:25.355625 539793.934199682 cubic 201.120 0.168 88 1460 10.200000 65535 9564498 9564497 1 6562 6560 0 0
2025-12-08T02:19:25.885332 539794.463761968 cubic 200.745 0.063 88 1460 10.200000 65535 9606838 9606837 1 6594 6592 0 0
2025-12-08T02:19:25.885332 539794.463761968 cubic 201.319 0.122 88 1460 10.200000 65535 2414878 2479117 0 1702 1658 44 0
2025-12-08T02:19:25.885332 539794.463761968 cubic 223.472 65.782 10 1460 1.050000 65535 163 162 4 14 14 0 0
2025-12-08T02:19:25.885332 539794.463761968 cubic 200.688 0.028 88 1460 6.150000 88 9606838 9606837 1 6593 6592 0 0
2025-12-08T02:19:25.885332 539794.463761968 cubic 201.120 0.168 88 1460 10.200000 65535 9564498 9564497 1 6562 6560 0 0
2025-12-08T02:19:26.398666 539794.977127556 cubic 200.745 0.063 88 1460 10.200000 65535 9606838 9606837 1 6594 6592 0 0
2025-12-08T02:19:26.398666 539794.977127556 cubic 203.436 0.440 88 1460 10.100000 65535 2595918 2660157 0 1826 1782 44 0
2025-12-08T02:19:26.398666 539794.977127556 cubic 223.472 65.782 10 1460 1.050000 65535 163 162 4 14 14 0 0
2025-12-08T02:19:26.398666 539794.977127556 cubic 200.688 0.028 88 1460 6.150000 88 9606838 9606837 1 6593 6592 0 0
2025-12-08T02:19:26.398666 539794.977127556 cubic 201.120 0.168 88 1460 10.200000 65535 9564498 9564497 1 6562 6560 0 0
2025-12-08T02:19:26.910734 539795.489202898 cubic 200.745 0.063 88 1460 10.200000 65535 9606838 9606837 1 6594 6592 0 0
2025-12-08T02:19:26.910734 539795.489202898 cubic 200.838 0.246 88 1460 10.200000 65535 2736078 2800317 0 1922 1878 44 0
2025-12-08T02:19:26.910734 539795.489202898 cubic 223.472 65.782 10 1460 1.050000 65535 163 162 4 14 14 0 0
2025-12-08T02:19:26.910734 539795.489202898 cubic 200.688 0.028 88 1460 6.150000 88 9606838 9606837 1 6593 6592 0 0
2025-12-08T02:19:26.910734 539795.489202898 cubic 201.120 0.168 88 1460 10.200000 65535 9564498 9564497 1 6562 6560 0 0
2025-12-08T02:19:27.429907 539796.008332626 cubic 200.745 0.063 88 1460 10.200000 65535 9606838 9606837 1 6594 6592 0 0
2025-12-08T02:19:27.429907 539796.008332626 cubic 202.080 0.620 88 1460 10.200000 65535 2928798 2993037 0 2054 2010 44 0
2025-12-08T02:19:27.429907 539796.008332626 cubic 223.472 65.782 10 1460 1.050000 65535 163 162 4 14 14 0 0
2025-12-08T02:19:27.429907 539796.008332626 cubic 200.688 0.028 88 1460 6.150000 88 9606838 9606837 1 6593 6592 0 0
2025-12-08T02:19:27.429907 539796.008332626 cubic 201.120 0.168 88 1460 10.200000 65535 9564498 9564497 1 6562 6560 0 0
2025-12-08T02:19:27.940252 539796.518681759 cubic 200.745 0.063 88 1460 10.200000 65535 9606838 9606837 1 6594 6592 0 0
2025-12-08T02:19:27.940252 539796.518681759 cubic 200.917 0.155 88 1460 10.200000 65535 3057278 3121517 0 2142 2098 44 0
2025-12-08T02:19:27.940252 539796.518681759 cubic 223.472 65.782 10 1460 1.050000 65535 163 162 4 14 14 0 0
2025-12-08T02:19:27.940252 539796.518681759 cubic 200.688 0.028 88 1460 6.150000 88 9606838 9606837 1 6593 6592 0 0
2025-12-08T02:19:27.940252 539796.518681759 cubic 201.120 0.168 88 1460 10.200000 65535 9564498 9564497 1 6563 6560 0 0
2025-12-08T02:19:28.461818 539797.040290013 cubic 200.745 0.063 88 1460 10.200000 65535 9606838 9606837 1 6594 6592 0 0
2025-12-08T02:19:28.461818 539797.040290013 cubic 200.972 0.084 88 1460 10.200000 65535 3249998 3314237 0 2274 2230 44 0
2025-12-08T02:19:28.461818 539797.040290013 cubic 223.472 65.782 10 1460 1.050000 65535 163 162 4 14 14 0 0
2025-12-08T02:19:28.461818 539797.040290013 cubic 200.688 0.028 88 1460 6.150000 88 9606838 9606837 1 6593 6592 0 0
2025-12-08T02:19:28.461818 539797.040290013 cubic 201.120 0.168 88 1460 10.200000 65535 9564498 9564497 1 6563 6561 0 0
2025-12-08T02:19:28.994800 539797.573233309 cubic 200.745 0.063 88 1460 10.200000 65535 9606838 9606837 1 6594 6592 0 0
2025-12-08T02:19:28.994800 539797.573233309 cubic 200.829 0.105 88 1460 10.200000 65535 3378478 3442717 0 2362 2318 44 0
2025-12-08T02:19:28.994800 539797.573233309 cubic 223.472 65.782 10 1460 1.050000 65535 163 162 4 14 14 0 0
2025-12-08T02:19:28.994800 539797.573233309 cubic 200.688 0.028 88 1460 6.150000 88 9606838 9606837 1 6593 6592 0 0
2025-12-08T02:19:28.994800 539797.573233309 cubic 201.120 0.168 88 1460 10.200000 65535 9564498 9564497 1 6563 6561 0 0
2025-12-08T02:19:29.510381 539798.088799704 cubic 200.745 0.063 88 1460 10.200000 65535 9606838 9606837 1 6594 6592 0 0
2025-12-08T02:19:29.510381 539798.088799704 cubic 200.603 0.195 88 1460 10.200000 65535 3571198 3635437 0 2494 2450 44 0
2025-12-08T02:19:29.510381 539798.088799704 cubic 223.472 65.782 10 1460 1.050000 65535 163 162 4 14 14 0 0
2025-12-08T02:19:29.510381 539798.088799704 cubic 200.688 0.028 88 1460 6.150000 88 9606838 9606837 1 6593 6592 0 0
2025-12-08T02:19:29.510381 539798.088799704 cubic 201.120 0.168 88 1460 10.200000 65535 9564498 9564497 1 6563 6561 0 0
2025-12-08T02:19:30.026948 539798.605359761 cubic 200.745 0.063 88 1460 10.200000 65535 9606838 9606837 1 6594 6592 0 0
2025-12-08T02:19:30.026948 539798.605359761 cubic 200.797 0.070 88 1460 10.200000 65535 3763918 3828157 0 2626 2582 44 0
2025-12-08T02:19:30.026948 539798.605359761 cubic 223.472 65.782 10 1460 1.050000 65535 163 162 4 14 14 0 0
2025-12-08T02:19:30.026948 539798.605359761 cubic 200.688 0.028 88 1460 6.150000 88 9606838 9606837 1 6593 6592 0 0
2025-12-08T02:19:30.026948 539798.605359761 cubic 201.120 0.168 88 1460 10.200000 65535 9564498 9564497 1 6563 6561 0 0
2025-12-08T02:19:30.537038 539799.115477793 cubic 200.745 0.063 88 1460 10.200000 65535 9606838 9606837 1 6594 6592 0 0
2025-12-08T02:19:30.537038 539799.115477793 cubic 201.088 0.410 88 1460 10.200000 65535 3892398 3956637 0 2714 2670 44 0
2025-12-08T02:19:30.537038 539799.115477793 cubic 223.472 65.782 10 1460 1.050000 65535 163 162 4 14 14 0 0
2025-12-08T02:19:30.537038 539799.115477793 cubic 200.688 0.028 88 1460 6.150000 88 9606838 9606837 1 6593 6592 0 0
2025-12-08T02:19:30.537038 539799.115477793 cubic 201.120 0.168 88 1460 10.200000 65535 9564498 9564497 1 6563 6561 0 0
2025-12-08T02:19:31.054948 539799.633366297 cubic 200.745 0.063 88 1460 10.200000 65535 9606838 9606837 1 6594 6592 0 0
2025-12-08T02:19:31.054948 539799.633366297 cubic 203.974 0.358 88 1460 10.100000 65535 4085118 4149357 0 2846 2802 44 0
2025-12-08T02:19:31.054948 539799.633366297 cubic 223.472 65.782 10 1460 1.050000 65535 163 162 4 14 14 0 0
2025-12-08T02:19:31.054948 539799.633366297 cubic 200.688 0.028 88 1460 6.150000 88 9606838 9606837 1 6593 6592 0 0
2025-12-08T02:19:31.054948 539799.633366297 cubic 201.120 0.168 88 1460 10.200000 65535 9564498 9564497 1 6563 6561 0 0
2025-12-08T02:19:31.568964 539800.147380726 cubic 200.745 0.063 88 1460 10.200000 65535 9606838 9606837 1 6594 6592 0 0
2025-12-08T02:19:31.568964 539800.147380726 cubic 201.285 0.314 88 1460 10.200000 65535 4213598 4277837 0 2934 2890 44 0
2025-12-08T02:19:31.568964 539800.147380726 cubic 223.472 65.782 10 1460 1.050000 65535 163 162 4 14 14 0 0
2025-12-08T02:19:31.568964 539800.147380726 cubic 200.688 0.028 88 1460 6.150000 88 9606838 9606837 1 6593 6592 0 0
2025-12-08T02:19:31.568964 539800.147380726 cubic 201.120 0.168 88 1460 10.200000 65535 9564498 9564497 1 6563 6561 0 0
2025-12-08T02:19:32.080071 539800.658577248 cubic 200.745 0.063 88 1460 10.200000 65535 9606838 9606837 1 6594 6592 0 0
2025-12-08T02:19:32.080071 539800.658577248 cubic 201.057 0.106 88 1460 10.200000 65535 4406318 4470557 0 3066 3022 44 0
2025-12-08T02:19:32.080071 539800.658577248 cubic 223.472 65.782 10 1460 1.050000 65535 163 162 4 14 14 0 0
2025-12-08T02:19:32.080071 539800.658577248 cubic 200.688 0.028 88 1460 6.150000 88 9606838 9606837 1 6593 6592 0 0
2025-12-08T02:19:32.080071 539800.658577248 cubic 201.120 0.168 88 1460 10.200000 65535 9564498 9564497 1 6563 6561 0 0
2025-12-08T02:19:32.596642 539801.175082204 cubic 200.745 0.063 88 1460 10.200000 65535 9606838 9606837 1 6594 6592 0 0
2025-12-08T02:19:32.596642 539801.175082204 cubic 200.918 0.139 88 1460 10.200000 65535 4534798 4599037 0 3154 3110 44 0
2025-12-08T02:19:32.596642 539801.175082204 cubic 223.472 65.782 10 1460 1.050000 65535 163 162 4 14 14 0 0
2025-12-08T02:19:32.596642 539801.175082204 cubic 200.688 0.028 88 1460 6.150000 88 9606838 9606837 1 6593 6592 0 0
2025-12-08T02:19:32.596642 539801.175082204 cubic 201.120 0.168 88 1460 10.200000 65535 9564498 9564497 1 6563 6561 0 0
2025-12-08T02:19:33.114497 539801.692926404 cubic 200.745 0.063 88 1460 10.200000 65535 9606838 9606837 1 6594 6592 0 0
2025-12-08T02:19:33.114497 539801.692926404 cubic 201.729 0.095 88 1460 10.200000 65535 4727518 4791757 0 3286 3242 44 0
2025-12-08T02:19:33.114497 539801.692926404 cubic 223.472 65.782 10 1460 1.050000 65535 163 162 4 14 14 0 0
2025-12-08T02:19:33.114497 539801.692926404 cubic 200.688 0.028 88 1460 6.150000 88 9606838 9606837 1 6593 6592 0 0
2025-12-08T02:19:33.114497 539801.692926404 cubic 201.120 0.168 88 1460 10.200000 65535 9564498 9564497 1 6563 6561 0 0
2025-12-08T02:19:33.628414 539802.206847113 cubic 200.745 0.063 88 1460 10.200000 65535 9606838 9606837 1 6594 6592 0 0
2025-12-08T02:19:33.628414 539802.206847113 cubic 201.571 0.087 88 1460 10.200000 65535 4855998 4920237 0 3374 3330 44 0
2025-12-08T02:19:33.628414 539802.206847113 cubic 223.472 65.782 10 1460 1.050000 65535 163 162 4 14 14 0 0
2025-12-08T02:19:33.628414 539802.206847113 cubic 200.688 0.028 88 1460 6.150000 88 9606838 9606837 1 6593 6592 0 0
2025-12-08T02:19:33.628414 539802.206847113 cubic 201.120 0.168 88 1460 10.200000 65535 9564498 9564497 1 6563 6561 0 0
2025-12-08T02:19:34.153665 539802.732073696 cubic 200.745 0.063 88 1460 10.200000 65535 9606838 9606837 1 6594 6592 0 0
2025-12-08T02:19:34.153665 539802.732073696 cubic 201.409 0.127 88 1460 10.200000 65535 5048718 5112957 0 3506 3462 44 0
2025-12-08T02:19:34.153665 539802.732073696 cubic 223.472 65.782 10 1460 1.050000 65535 163 162 4 14 14 0 0
2025-12-08T02:19:34.153665 539802.732073696 cubic 200.688 0.028 88 1460 6.150000 88 9606838 9606837 1 6594 6592 0 0
2025-12-08T02:19:34.153665 539802.732073696 cubic 201.120 0.168 88 1460 10.200000 65535 9564498 9564497 1 6563 6561 0 0
2025-12-08T02:19:34.663389 539803.241818081 cubic 200.745 0.063 88 1460 10.200000 65535 9606838 9606837 1 6594 6592 0 0
2025-12-08T02:19:34.663389 539803.241818081 cubic 209.600 5.800 88 1460 9.810000 65535 5225378 5288157 0 3626 3583 43 0
2025-12-08T02:19:34.663389 539803.241818081 cubic 223.472 65.782 10 1460 1.050000 65535 163 162 4 14 14 0 0
2025-12-08T02:19:34.663389 539803.241818081 cubic 200.688 0.028 88 1460 6.150000 88 9606838 9606837 1 6594 6593 0 0
2025-12-08T02:19:34.663389 539803.241818081 cubic 201.120 0.168 88 1460 10.200000 65535 9564498 9564497 1 6563 6561 0 0
2025-12-08T02:19:35.179710 539803.758131107 cubic 200.745 0.063 88 1460 10.200000 65535 9606838 9606837 1 6594 6592 0 0
2025-12-08T02:19:35.179710 539803.758131107 cubic 200.864 0.332 88 1460 10.200000 65535 5369918 5434157 0 3726 3682 44 0
2025-12-08T02:19:35.179710 539803.758131107 cubic 223.472 65.782 10 1460 1.050000 65535 163 162 4 14 14 0 0
2025-12-08T02:19:35.179710 539803.758131107 cubic 200.688 0.028 88 1460 6.150000 88 9606838 9606837 1 6594 6593 0 0
2025-12-08T02:19:35.179710 539803.758131107 cubic 201.120 0.168 88 1460 10.200000 65535 9564498 9564497 1 6563 6561 0 0
2025-12-08T02:19:35.698617 539804.277039994 cubic 200.745 0.063 88 1460 10.200000 65535 9606838 9606837 1 6594 6592 0 0
2025-12-08T02:19:35.698617 539804.277039994 cubic 200.791 0.362 88 1460 10.200000 65535 5562638 5626877 0 3858 3814 44 0
2025-12-08T02:19:35.698617 539804.277039994 cubic 223.472 65.782 10 1460 1.050000 65535 163 162 4 14 14 0 0
2025-12-08T02:19:35.698617 539804.277039994 cubic 200.688 0.028 88 1460 6.150000 88 9606838 9606837 1 6594 6593 0 0
2025-12-08T02:19:35.698617 539804.277039994 cubic 201.120 0.168 88 1460 10.200000 65535 9564498 9564497 1 6563 6561 0 0
2025-12-08T02:19:36.218982 539804.797445540 cubic 200.745 0.063 88 1460 10.200000 65535 9606838 9606837 1 6594 6592 0 0
2025-12-08T02:19:36.218982 539804.797445540 cubic 202.808 0.228 88 1460 10.100000 65535 5691118 5755357 0 3946 3902 44 0
2025-12-08T02:19:36.218982 539804.797445540 cubic 223.472 65.782 10 1460 1.050000 65535 163 162 4 14 14 0 0
2025-12-08T02:19:36.218982 539804.797445540 cubic 200.688 0.028 88 1460 6.150000 88 9606838 9606837 1 6594 6593 0 0
2025-12-08T02:19:36.218982 539804.797445540 cubic 201.120 0.168 88 1460 10.200000 65535 9564498 9564497 1 6563 6561 0 0
2025-12-08T02:19:36.742433 539805.320865946 cubic 200.745 0.063 88 1460 10.200000 65535 9606838 9606837 1 6594 6592 0 0
2025-12-08T02:19:36.742433 539805.320865946 cubic 201.313 0.247 88 1460 10.200000 65535 5883838 5948077 0 4078 4034 44 0
2025-12-08T02:19:36.742433 539805.320865946 cubic 223.472 65.782 10 1460 1.050000 65535 163 162 4 14 14 0 0
2025-12-08T02:19:36.742433 539805.320865946 cubic 200.688 0.028 88 1460 6.150000 88 9606838 9606837 1 6594 6593 0 0
2025-12-08T02:19:36.742433 539805.320865946 cubic 201.120 0.168 88 1460 10.200000 65535 9564498 9564497 1 6563 6561 0 0
2025-12-08T02:19:37.263348 539805.841778983 cubic 200.745 0.063 88 1460 10.200000 65535 9606838 9606837 1 6594 6592 0 0
2025-12-08T02:19:37.263348 539805.841778983 cubic 201.276 0.770 88 1460 10.200000 65535 6032758 6096997 0 4180 4136 44 0
2025-12-08T02:19:37.263348 539805.841778983 cubic 223.472 65.782 10 1460 1.050000 65535 163 162 4 14 14 0 0
2025-12-08T02:19:37.263348 539805.841778983 cubic 200.688 0.028 88 1460 6.150000 88 9606838 9606837 1 6594 6593 0 0
2025-12-08T02:19:37.263348 539805.841778983 cubic 201.120 0.168 88 1460 10.200000 65535 9564498 9564497 1 6563 6561 0 0
2025-12-08T02:19:37.777146 539806.355567377 cubic 200.745 0.063 88 1460 10.200000 65535 9606838 9606837 1 6594 6592 0 0
2025-12-08T02:19:37.777146 539806.355567377 cubic 201.010 0.043 88 1460 10.200000 65535 6205038 6269277 0 4298 4254 44 0
2025-12-08T02:19:37.777146 539806.355567377 cubic 223.472 65.782 10 1460 1.050000 65535 163 162 4 14 14 0 0
2025-12-08T02:19:37.777146 539806.355567377 cubic 200.688 0.028 88 1460 6.150000 88 9606838 9606837 1 6594 6593 0 0
2025-12-08T02:19:37.777146 539806.355567377 cubic 201.120 0.168 88 1460 10.200000 65535 9564498 9564497 1 6563 6561 0 0
2025-12-08T02:19:38.289316 539806.867749107 cubic 200.745 0.063 88 1460 10.200000 65535 9606838 9606837 1 6594 6592 0 0
2025-12-08T02:19:38.289316 539806.867749107 cubic 203.427 2.910 88 1460 10.100000 65535 6362718 6425497 0 4405 4362 43 0
2025-12-08T02:19:38.289316 539806.867749107 cubic 223.472 65.782 10 1460 1.050000 65535 163 162 4 14 14 0 0
2025-12-08T02:19:38.289316 539806.867749107 cubic 200.688 0.028 88 1460 6.150000 88 9606838 9606837 1 6594 6593 0 0
2025-12-08T02:19:38.289316 539806.867749107 cubic 201.120 0.168 88 1460 10.200000 65535 9564498 9564497 1 6563 6561 0 0
2025-12-08T02:19:38.805729 539807.384161611 cubic 200.745 0.063 88 1460 10.200000 65535 9606838 9606837 1 6594 6592 0 0
2025-12-08T02:19:38.805729 539807.384161611 cubic 201.509 0.321 88 1460 10.200000 65535 6526238 6590477 0 4518 4474 44 0
2025-12-08T02:19:38.805729 539807.384161611 cubic 223.472 65.782 10 1460 1.050000 65535 163 162 4 14 14 0 0
2025-12-08T02:19:38.805729 539807.384161611 cubic 200.688 0.028 88 1460 6.150000 88 9606838 9606837 1 6594 6593 0 0
2025-12-08T02:19:38.805729 539807.384161611 cubic 201.120 0.168 88 1460 10.200000 65535 9564498 9564497 1 6563 6561 0 0
2025-12-08T02:19:39.324367 539807.902790686 cubic 200.745 0.063 88 1460 10.200000 65535 9606838 9606837 1 6594 6592 0 0
2025-12-08T02:19:39.324367 539807.902790686 cubic 200.676 0.139 88 1460 10.200000 65535 6718958 6783197 0 4650 4606 44 0
2025-12-08T02:19:39.324367 539807.902790686 cubic 223.472 65.782 10 1460 1.050000 65535 163 162 4 14 14 0 0
2025-12-08T02:19:39.324367 539807.902790686 cubic 200.688 0.028 88 1460 6.150000 88 9606838 9606837 1 6594 6593 0 0
2025-12-08T02:19:39.324367 539807.902790686 cubic 201.120 0.168 88 1460 10.200000 65535 9564498 9564497 1 6563 6561 0 0
2025-12-08T02:19:39.835199 539808.413624620 cubic 200.745 0.063 88 1460 10.200000 65535 9606838 9606837 1 6594 6592 0 0
2025-12-08T02:19:39.835199 539808.413624620 cubic 201.399 0.382 88 1460 10.200000 65535 6847438 6911677 0 4738 4694 44 0
2025-12-08T02:19:39.835199 539808.413624620 cubic 223.472 65.782 10 1460 1.050000 65535 163 162 4 14 14 0 0
2025-12-08T02:19:39.835199 539808.413624620 cubic 200.688 0.028 88 1460 6.150000 88 9606838 9606837 1 6594 6593 0 0
2025-12-08T02:19:39.835199 539808.413624620 cubic 201.120 0.168 88 1460 10.200000 65535 9564498 9564497 1 6563 6561 0 0
2025-12-08T02:19:40.349045 539808.927474373 cubic 200.745 0.063 88 1460 10.200000 65535 9606838 9606837 1 6594 6592 0 0
2025-12-08T02:19:40.349045 539808.927474373 cubic 201.648 0.033 88 1460 10.200000 65535 7040158 7104397 0 4870 4826 44 0
2025-12-08T02:19:40.349045 539808.927474373 cubic 223.472 65.782 10 1460 1.050000 65535 163 162 4 14 14 0 0
2025-12-08T02:19:40.349045 539808.927474373 cubic 200.688 0.028 88 1460 6.150000 88 9606838 9606837 1 6594 6593 0 0
2025-12-08T02:19:40.349045 539808.927474373 cubic 201.120 0.168 88 1460 10.200000 65535 9564498 9564497 1 6563 6561 0 0
2025-12-08T02:19:40.862343 539809.440870334 cubic 200.745 0.063 88 1460 10.200000 65535 9606838 9606837 1 6594 6592 0 0
2025-12-08T02:19:40.862343 539809.440870334 cubic 201.487 0.069 88 1460 10.200000 65535 7168638 7232877 0 4958 4914 44 0
2025-12-08T02:19:40.862343 539809.440870334 cubic 223.472 65.782 10 1460 1.050000 65535 163 162 4 14 14 0 0
2025-12-08T02:19:40.862343 539809.440870334 cubic 200.688 0.028 88 1460 6.150000 88 9606838 9606837 1 6594 6593 0 0
2025-12-08T02:19:40.862343 539809.440870334 cubic 201.120 0.168 88 1460 10.200000 65535 9564498 9564497 1 6563 6561 0 0
2025-12-08T02:19:41.380462 539809.958890107 cubic 200.745 0.063 88 1460 10.200000 65535 9606838 9606837 1 6594 6592 0 0
2025-12-08T02:19:41.380462 539809.958890107 cubic 201.126 0.045 88 1460 10.200000 65535 7361358 7425597 0 5090 5046 44 0
2025-12-08T02:19:41.380462 539809.958890107 cubic 223.472 65.782 10 1460 1.050000 65535 163 162 4 14 14 0 0
2025-12-08T02:19:41.380462 539809.958890107 cubic 200.688 0.028 88 1460 6.150000 88 9606838 9606837 1 6594 6593 0 0
2025-12-08T02:19:41.380462 539809.958890107 cubic 201.120 0.168 88 1460 10.200000 65535 9564498 9564497 1 6564 6562 0 0
2025-12-08T02:19:41.896714 539810.475135885 cubic 200.745 0.063 88 1460 10.200000 65535 9606838 9606837 1 6594 6592 0 0
2025-12-08T02:19:41.896714 539810.475135885 cubic 201.510 0.172 88 1460 10.200000 65535 7489838 7554077 0 5178 5134 44 0
2025-12-08T02:19:41.896714 539810.475135885 cubic 223.472 65.782 10 1460 1.050000 65535 163 162 4 14 14 0 0
2025-12-08T02:19:41.896714 539810.475135885 cubic 200.688 0.028 88 1460 6.150000 88 9606838 9606837 1 6594 6593 0 0
2025-12-08T02:19:41.896714 539810.475135885 cubic 201.120 0.168 88 1460 10.200000 65535 9564498 9564497 1 6564 6562 0 0
2025-12-08T02:19:42.411908 539810.990341203 cubic 200.745 0.063 88 1460 10.200000 65535 9606838 9606837 1 6594 6592 0 0
2025-12-08T02:19:42.411908 539810.990341203 cubic 201.778 0.050 88 1460 10.200000 65535 7682558 7746797 0 5310 5266 44 0
2025-12-08T02:19:42.411908 539810.990341203 cubic 223.472 65.782 10 1460 1.050000 65535 163 162 4 14 14 0 0
2025-12-08T02:19:42.411908 539810.990341203 cubic 200.688 0.028 88 1460 6.150000 88 9606838 9606837 1 6594 6593 0 0
2025-12-08T02:19:42.411908 539810.990341203 cubic 201.120 0.168 88 1460 10.200000 65535 9564498 9564497 1 6564 6562 0 0
2025-12-08T02:19:42.938971 539811.517407060 cubic 200.745 0.063 88 1460 10.200000 65535 9606838 9606837 1 6594 6592 0 0
2025-12-08T02:19:42.938971 539811.517407060 cubic 200.928 0.778 88 1460 10.200000 65535 7875278 7939517 0 5442 5398 44 0
2025-12-08T02:19:42.938971 539811.517407060 cubic 223.472 65.782 10 1460 1.050000 65535 163 162 4 14 14 0 0
2025-12-08T02:19:42.938971 539811.517407060 cubic 200.688 0.028 88 1460 6.150000 88 9606838 9606837 1 6594 6593 0 0
2025-12-08T02:19:42.938971 539811.517407060 cubic 201.120 0.168 88 1460 10.200000 65535 9564498 9564497 1 6564 6562 0 0
2025-12-08T02:19:43.452194 539812.030611463 cubic 200.745 0.063 88 1460 10.200000 65535 9606838 9606837 1 6594 6592 0 0
2025-12-08T02:19:43.452194 539812.030611463 cubic 201.166 0.085 88 1460 10.200000 65535 8003758 8067997 0 5530 5486 44 0
2025-12-08T02:19:43.452194 539812.030611463 cubic 223.472 65.782 10 1460 1.050000 65535 163 162 4 14 14 0 0
2025-12-08T02:19:43.452194 539812.030611463 cubic 200.688 0.028 88 1460 6.150000 88 9606838 9606837 1 6594 6593 0 0
2025-12-08T02:19:43.452194 539812.030611463 cubic 201.120 0.168 88 1460 10.200000 65535 9564498 9564497 1 6564 6562 0 0
2025-12-08T02:19:43.962678 539812.541097792 cubic 200.745 0.063 88 1460 10.200000 65535 9606838 9606837 1 6594 6592 0 0
2025-12-08T02:19:43.962678 539812.541097792 cubic 202.386 0.288 88 1460 10.200000 65535 8196478 8260717 0 5662 5618 44 0
2025-12-08T02:19:43.962678 539812.541097792 cubic 223.472 65.782 10 1460 1.050000 65535 163 162 4 14 14 0 0
2025-12-08T02:19:43.962678 539812.541097792 cubic 200.688 0.028 88 1460 6.150000 88 9606838 9606837 1 6594 6593 0 0
2025-12-08T02:19:43.962678 539812.541097792 cubic 201.120 0.168 88 1460 10.200000 65535 9564498 9564497 1 6564 6562 0 0
2025-12-08T02:19:44.477690 539813.056110723 cubic 200.745 0.063 88 1460 10.200000 65535 9606838 9606837 1 6594 6592 0 0
2025-12-08T02:19:44.477690 539813.056110723 cubic 200.934 0.110 88 1460 10.200000 65535 8324958 8389197 0 5750 5706 44 0
2025-12-08T02:19:44.477690 539813.056110723 cubic 223.472 65.782 10 1460 1.050000 65535 163 162 4 14 14 0 0
2025-12-08T02:19:44.477690 539813.056110723 cubic 200.688 0.028 88 1460 6.150000 88 9606838 9606837 1 6594 6593 0 0
2025-12-08T02:19:44.477690 539813.056110723 cubic 201.120 0.168 88 1460 10.200000 65535 9564498 9564497 1 6564 6562 0 0
2025-12-08T02:19:44.995557 539813.573984352 cubic 200.745 0.063 88 1460 10.200000 65535 9606838 9606837 1 6594 6592 0 0
2025-12-08T02:19:44.995557 539813.573984352 cubic 201.570 0.029 88 1460 10.200000 65535 8517678 8581917 0 5882 5838 44 0
2025-12-08T02:19:44.995557 539813.573984352 cubic 223.472 65.782 10 1460 1.050000 65535 163 162 4 14 14 0 0
2025-12-08T02:19:44.995557 539813.573984352 cubic 200.688 0.028 88 1460 6.150000 88 9606838 9606837 1 6594 6593 0 0
2025-12-08T02:19:44.995557 539813.573984352 cubic 201.120 0.168 88 1460 10.200000 65535 9564498 9564497 1 6564 6562 0 0
2025-12-08T02:19:45.518220 539814.096640415 cubic 200.745 0.063 88 1460 10.200000 65535 9606838 9606837 1 6594 6592 0 0
2025-12-08T02:19:45.518220 539814.096640415 cubic 201.672 0.025 88 1460 10.200000 65535 8646158 8710397 0 5970 5926 44 0
2025-12-08T02:19:45.518220 539814.096640415 cubic 223.472 65.782 10 1460 1.050000 65535 163 162 4 14 14 0 0
2025-12-08T02:19:45.518220 539814.096640415 cubic 200.688 0.028 88 1460 6.150000 88 9606838 9606837 1 6594 6593 0 0
2025-12-08T02:19:45.518220 539814.096640415 cubic 201.120 0.168 88 1460 10.200000 65535 9564498 9564497 1 6564 6562 0 0
2025-12-08T02:19:46.031761 539814.610177221 cubic 200.745 0.063 88 1460 10.200000 65535 9606838 9606837 1 6594 6592 0 0
2025-12-08T02:19:46.031761 539814.610177221 cubic 209.996 4.103 88 1460 9.790000 65535 8838878 8903117 0 6102 6058 44 0
2025-12-08T02:19:46.031761 539814.610177221 cubic 223.472 65.782 10 1460 1.050000 65535 163 162 4 14 14 0 0
2025-12-08T02:19:46.031761 539814.610177221 cubic 200.688 0.028 88 1460 6.150000 88 9606838 9606837 1 6594 6593 0 0
2025-12-08T02:19:46.031761 539814.610177221 cubic 201.120 0.168 88 1460 10.200000 65535 9564498 9564497 1 6564 6562 0 0
2025-12-08T02:19:46.547707 539815.126135053 cubic 200.745 0.063 88 1460 10.200000 65535 9606838 9606837 1 6594 6592 0 0
2025-12-08T02:19:46.547707 539815.126135053 cubic 203.936 3.754 88 1460 10.100000 65535 8974658 9038897 0 6195 6151 44 0
2025-12-08T02:19:46.547707 539815.126135053 cubic 223.472 65.782 10 1460 1.050000 65535 163 162 4 14 14 0 0
2025-12-08T02:19:46.547707 539815.126135053 cubic 200.688 0.028 88 1460 6.150000 88 9606838 9606837 1 6594 6593 0 0
2025-12-08T02:19:46.547707 539815.126135053 cubic 201.120 0.168 88 1460 10.200000 65535 9564498 9564497 1 6564 6562 0 0
2025-12-08T02:19:47.059356 539815.637778777 cubic 200.745 0.063 88 1460 10.200000 65535 9606838 9606837 1 6594 6592 0 0
2025-12-08T02:19:47.059356 539815.637778777 cubic 201.083 0.086 88 1460 10.200000 65535 9160078 9224317 0 6322 6278 44 0
2025-12-08T02:19:47.059356 539815.637778777 cubic 223.472 65.782 10 1460 1.050000 65535 163 162 4 14 14 0 0
2025-12-08T02:19:47.059356 539815.637778777 cubic 200.688 0.028 88 1460 6.150000 88 9606838 9606837 1 6594 6593 0 0
2025-12-08T02:19:47.059356 539815.637778777 cubic 201.120 0.168 88 1460 10.200000 65535 9564498 9564497 1 6564 6562 0 0
2025-12-08T02:19:47.588897 539816.167329677 cubic 200.745 0.063 88 1460 10.200000 65535 9606838 9606837 1 6594 6592 0 0
2025-12-08T02:19:47.588897 539816.167329677 cubic 204.336 1.671 88 1460 10.100000 65535 9352798 9417037 0 6454 6410 44 0
2025-12-08T02:19:47.588897 539816.167329677 cubic 223.472 65.782 10 1460 1.050000 65535 163 162 4 14 14 0 0
2025-12-08T02:19:47.588897 539816.167329677 cubic 200.688 0.028 88 1460 6.150000 88 9606838 9606837 1 6594 6593 0 0
2025-12-08T02:19:47.588897 539816.167329677 cubic 201.120 0.168 88 1460 10.200000 65535 9564498 9564497 1 6564 6562 0 0
2025-12-08T02:19:48.107403 539816.685809993 cubic 200.745 0.063 88 1460 10.200000 65535 9606838 9606837 1 6594 6592 0 0
2025-12-08T02:19:48.107403 539816.685809993 cubic 200.974 0.141 88 1460 10.200000 65535 9481278 9545517 0 6542 6498 44 0
2025-12-08T02:19:48.107403 539816.685809993 cubic 220.588 55.104 10 1460 1.060000 65535 164 163 4 15 15 0 0
2025-12-08T02:19:48.107403 539816.685809993 cubic 200.688 0.028 88 1460 6.150000 88 9606838 9606837 1 6594 6593 0 0
2025-12-08T02:19:48.107403 539816.685809993 cubic 201.120 0.168 88 1460 10.200000 65535 9564498 9564497 1 6564 6562 0 0
2025-12-08T02:19:48.615419 539817.193840677 cubic 200.745 0.063 88 1460 10.200000 65535 9606838 9606837 1 6594 6592 0 0
2025-12-08T02:19:48.615419 539817.193840677 cubic 201.412 0.035 88 1460 10.200000 65535 9609758 9609757 1 6589 6589 0 0
2025-12-08T02:19:48.615419 539817.193840677 cubic 216.093 38.747 10 1460 1.080000 65535 455 454 9 20 20 0 0
2025-12-08T02:19:48.615419 539817.193840677 cubic 200.688 0.028 88 1460 6.150000 88 9606838 9606837 1 6594 6593 0 0
2025-12-08T02:19:48.615419 539817.193840677 cubic 201.120 0.168 88 1460 10.200000 65535 9564498 9564497 1 6564 6562 0 0
