wall_time monotonic algo rtt_ms rtt_var_ms cwnd mss pacing_mbps ssthresh bytes_acked bytes_sent bytes_received segs_out segs_in unacked retrans_total
2025-12-08T02:44:53.928946 541322.507798386 reno 202.065 0.506 88 1460 10.200000 65535 9473978 9473977 1 6502 6500 0 0
2025-12-08T02:44:53.928946 541322.507798386 reno 203.106 0.042 88 1460 10.100000 65535 9539678 9539677 1 6548 6546 0 0
2025-12-08T02:44:53.928946 541322.507798386 reno 201.207 0.072 88 1460 10.200000 65535 9466678 9466677 1 6493 6492 0 0
2025-12-08T02:44:54.437055 541323.015498998 reno 202.065 0.506 88 1460 10.200000 65535 9473978 9473977 1 6502 6500 0 0
2025-12-08T02:44:54.437055 541323.015498998 reno 203.106 0.042 88 1460 10.100000 65535 9539678 9539677 1 6548 6546 0 0
2025-12-08T02:44:54.437055 541323.015498998 reno 201.207 0.072 88 1460 10.200000 65535 9466678 9466677 1 6493 6492 0 0
2025-12-08T02:44:54.950017 541323.528468783 reno 222.866 111.433 10 1460 1.040000 65535 1 37 0 3 1 1 0
2025-12-08T02:44:54.950017 541323.528468783 reno 202.065 0.506 88 1460 10.200000 65535 9473978 9473977 1 6502 6500 0 0
2025-12-08T02:44:54.950017 541323.528468783 reno 203.106 0.042 88 1460 10.100000 65535 9539678 9539677 1 6548 6546 0 0
2025-12-08T02:44:54.950017 541323.528468783 reno 201.207 0.072 88 1460 10.200000 65535 9466678 9466677 1 6494 6493 0 0
2025-12-08T02:44:55.467442 541324.045893415 reno 206.061 12.855 20 1460 2.270000 65535 14638 43837 0 34 14 20 0
2025-12-08T02:44:55.467442 541324.045893415 reno 202.065 0.506 88 1460 10.200000 65535 9473978 9473977 1 6502 6500 0 0
2025-12-08T02:44:55.467442 541324.045893415 reno 203.106 0.042 88 1460 10.100000 65535 9539678 9539677 1 6548 6546 0 0
2025-12-08T02:44:55.467442 541324.045893415 reno 201.207 0.072 88 1460 10.200000 65535 9466678 9466677 1 6494 6493 0 0
2025-12-08T02:44:55.977539 541324.556330852 reno 202.682 0.040 80 1460 9.220000 65535 102238 166477 0 118 74 44 0
2025-12-08T02:44:55.977539 541324.556330852 reno 202.065 0.506 88 1460 10.200000 65535 9473978 9473977 1 6502 6500 0 0
2025-12-08T02:44:55.977539 541324.556330852 reno 203.106 0.042 88 1460 10.100000 65535 9539678 9539677 1 6548 6546 0 0
2025-12-08T02:44:55.977539 541324.556330852 reno 201.207 0.072 88 1460 10.200000 65535 9466678 9466677 1 6494 6493 0 0
2025-12-08T02:44:56.498585 541325.077049248 reno 228.697 2.444 89 1460 9.090000 65535 294958 359197 0 250 206 44 0
2025-12-08T02:44:56.498585 541325.077049248 reno 202.065 0.506 88 1460 10.200000 65535 9473978 9473977 1 6502 6500 0 0
2025-12-08T02:44:56.498585 541325.077049248 reno 203.106 0.042 88 1460 10.100000 65535 9539678 9539677 1 6548 6546 0 0
2025-12-08T02:44:56.498585 541325.077049248 reno 201.207 0.072 88 1460 10.200000 65535 9466678 9466677 1 6494 6493 0 0
2025-12-08T02:44:57.075623 541325.658149750 reno 369.769 26.283 1 1460 2.720000 44 322698 388397 0 270 267 43 2920
2025-12-08T02:44:57.075623 541325.658149750 reno 202.065 0.506 88 1460 10.200000 65535 9473978 9473977 1 6502 6500 0 0
2025-12-08T02:44:57.075623 541325.658149750 reno 203.106 0.042 88 1460 10.100000 65535 9539678 9539677 1 6548 6546 0 0
2025-12-08T02:44:57.075623 541325.658149750 reno 201.207 0.072 88 1460 10.200000 65535 9466678 9466677 1 6494 6493 0 0
2025-12-08T02:44:57.725396 541326.303807401 reno 202.825 0.015 45 1460 3.110000 44 509578 576737 0 399 353 44 2920
2025-12-08T02:44:57.725396 541326.303807401 reno 202.065 0.506 88 1460 10.200000 65535 9473978 9473977 1 6502 6500 0 0
2025-12-08T02:44:57.725396 541326.303807401 reno 203.106 0.042 88 1460 10.100000 65535 9539678 9539677 1 6548 6546 0 0
2025-12-08T02:44:57.725396 541326.303807401 reno 201.207 0.072 88 1460 10.200000 65535 9466678 9466677 1 6494 6493 0 0
2025-12-08T02:44:58.240068 541326.818663230 reno 202.091 0.019 45 1460 3.120000 44 638058 705217 0 487 441 44 2920
2025-12-08T02:44:58.240068 541326.818663230 reno 202.065 0.506 88 1460 10.200000 65535 9473978 9473977 1 6502 6500 0 0
2025-12-08T02:44:58.240068 541326.818663230 reno 203.106 0.042 88 1460 10.100000 65535 9539678 9539677 1 6548 6546 0 0
2025-12-08T02:44:58.240068 541326.818663230 reno 201.207 0.072 88 1460 10.200000 65535 9466678 9466677 1 6495 6493 0 0
2025-12-08T02:44:58.750162 541327.328594888 reno 202.356 0.098 45 1460 3.120000 44 830778 897937 0 619 573 44 2920
2025-12-08T02:44:58.750162 541327.328594888 reno 202.065 0.506 88 1460 10.200000 65535 9473978 9473977 1 6502 6500 0 0
2025-12-08T02:44:58.750162 541327.328594888 reno 203.106 0.042 88 1460 10.100000 65535 9539678 9539677 1 6548 6546 0 0
2025-12-08T02:44:58.750162 541327.328594888 reno 201.207 0.072 88 1460 10.200000 65535 9466678 9466677 1 6495 6494 0 0
2025-12-08T02:44:59.263460 541327.841874638 reno 204.624 0.126 45 1460 3.080000 44 957798 1024957 0 706 660 44 2920
2025-12-08T02:44:59.263460 541327.841874638 reno 202.065 0.506 88 1460 10.200000 65535 9473978 9473977 1 6502 6500 0 0
2025-12-08T02:44:59.263460 541327.841874638 reno 203.106 0.042 88 1460 10.100000 65535 9539678 9539677 1 6548 6546 0 0
2025-12-08T02:44:59.263460 541327.841874638 reno 201.207 0.072 88 1460 10.200000 65535 9466678 9466677 1 6495 6494 0 0
2025-12-08T02:44:59.776519 541328.354943828 reno 203.356 0.306 45 1460 3.100000 44 1150518 1217677 0 838 792 44 2920
2025-12-08T02:44:59.776519 541328.354943828 reno 202.065 0.506 88 1460 10.200000 65535 9473978 9473977 1 6502 6500 0 0
2025-12-08T02:44:59.776519 541328.354943828 reno 203.106 0.042 88 1460 10.100000 65535 9539678 9539677 1 6548 6546 0 0
2025-12-08T02:44:59.776519 541328.354943828 reno 201.207 0.072 88 1460 10.200000 65535 9466678 9466677 1 6495 6494 0 0
2025-12-08T02:45:00.305740 541328.884623035 reno 208.303 0.282 45 1460 3.030000 44 1343238 1410397 0 970 924 44 2920
2025-12-08T02:45:00.305740 541328.884623035 reno 202.065 0.506 88 1460 10.200000 65535 9473978 9473977 1 6502 6500 0 0
2025-12-08T02:45:00.305740 541328.884623035 reno 203.106 0.042 88 1460 10.100000 65535 9539678 9539677 1 6548 6546 0 0
2025-12-08T02:45:00.305740 541328.884623035 reno 201.207 0.072 88 1460 10.200000 65535 9466678 9466677 1 6495 6494 0 0
2025-12-08T02:45:00.846726 541329.425142598 reno 241.839 0.596 45 1460 2.610000 44 1471718 1538877 0 1058 1012 44 2920
2025-12-08T02:45:00.846726 541329.425142598 reno 202.065 0.506 88 1460 10.200000 65535 9473978 9473977 1 6502 6500 0 0
2025-12-08T02:45:00.846726 541329.425142598 reno 203.106 0.042 88 1460 10.100000 65535 9539678 9539677 1 6548 6546 0 0
2025-12-08T02:45:00.846726 541329.425142598 reno 201.207 0.072 88 1460 10.200000 65535 9466678 9466677 1 6495 6494 0 0
2025-12-08T02:45:01.361096 541329.939687210 reno 201.474 0.874 45 1460 3.130000 44 1606038 1673197 0 1150 1104 44 2920
2025-12-08T02:45:01.361096 541329.939687210 reno 202.065 0.506 88 1460 10.200000 65535 9473978 9473977 1 6502 6500 0 0
2025-12-08T02:45:01.361096 541329.939687210 reno 203.106 0.042 88 1460 10.100000 65535 9539678 9539677 1 6548 6546 0 0
2025-12-08T02:45:01.361096 541329.939687210 reno 201.207 0.072 88 1460 10.200000 65535 9466678 9466677 1 6495 6494 0 0
2025-12-08T02:45:01.873726 541330.452150882 reno 202.715 0.396 45 1460 3.110000 44 1792918 1860077 0 1278 1232 44 2920
2025-12-08T02:45:01.873726 541330.452150882 reno 202.065 0.506 88 1460 10.200000 65535 9473978 9473977 1 6502 6500 0 0
2025-12-08T02:45:01.873726 541330.452150882 reno 203.106 0.042 88 1460 10.100000 65535 9539678 9539677 1 6548 6546 0 0
2025-12-08T02:45:01.873726 541330.452150882 reno 201.207 0.072 88 1460 10.200000 65535 9466678 9466677 1 6495 6494 0 0
2025-12-08T02:45:02.383474 541330.961910766 reno 201.433 0.635 45 1460 3.130000 44 1934538 2000237 0 1374 1329 43 2920
2025-12-08T02:45:02.383474 541330.961910766 reno 202.065 0.506 88 1460 10.200000 65535 9473978 9473977 1 6502 6500 0 0
2025-12-08T02:45:02.383474 541330.961910766 reno 203.106 0.042 88 1460 10.100000 65535 9539678 9539677 1 6548 6546 0 0
2025-12-08T02:45:02.383474 541330.961910766 reno 201.207 0.072 88 1460 10.200000 65535 9466678 9466677 1 6495 6494 0 0
2025-12-08T02:45:02.898025 541331.476440837 reno 201.495 0.253 45 1460 3.130000 44 2115578 2182737 0 1499 1453 44 2920
2025-12-08T02:45:02.898025 541331.476440837 reno 202.065 0.506 88 1460 10.200000 65535 9473978 9473977 1 6502 6500 0 0
2025-12-08T02:45:02.898025 541331.476440837 reno 203.106 0.042 88 1460 10.100000 65535 9539678 9539677 1 6548 6546 0 0
2025-12-08T02:45:02.898025 541331.476440837 reno 201.207 0.072 88 1460 10.200000 65535 9466678 9466677 1 6495 6494 0 0
2025-12-08T02:45:03.406375 541331.984801207 reno 206.150 7.233 45 1460 3.060000 44 2258658 2325817 0 1597 1551 44 2920
2025-12-08T02:45:03.406375 541331.984801207 reno 202.065 0.506 88 1460 10.200000 65535 9473978 9473977 1 6502 6500 0 0
2025-12-08T02:45:03.406375 541331.984801207 reno 203.106 0.042 88 1460 10.100000 65535 9539678 9539677 1 6548 6546 0 0
2025-12-08T02:45:03.406375 541331.984801207 reno 201.207 0.072 88 1460 10.200000 65535 9466678 9466677 1 6495 6494 0 0
2025-12-08T02:45:03.922949 541332.501528496 reno 201.970 0.325 45 1460 3.120000 44 2441158 2506857 0 1721 1676 43 2920
2025-12-08T02:45:03.922949 541332.501528496 reno 202.065 0.506 88 1460 10.200000 65535 9473978 9473977 1 6502 6500 0 0
2025-12-08T02:45:03.922949 541332.501528496 reno 203.106 0.042 88 1460 10.100000 65535 9539678 9539677 1 6548 6546 0 0
2025-12-08T02:45:03.922949 541332.501528496 reno 201.207 0.072 88 1460 10.200000 65535 9466678 9466677 1 6495 6494 0 0
2025-12-08T02:45:04.444703 541333.023132710 reno 204.625 0.024 45 1460 3.080000 44 2622198 2689357 0 1846 1800 44 2920
2025-12-08T02:45:04.444703 541333.023132710 reno 202.065 0.506 88 1460 10.200000 65535 9473978 9473977 1 6502 6500 0 0
2025-12-08T02:45:04.444703 541333.023132710 reno 203.106 0.042 88 1460 10.100000 65535 9539678 9539677 1 6548 6546 0 0
2025-12-08T02:45:04.444703 541333.023132710 reno 201.207 0.072 88 1460 10.200000 65535 9466678 9466677 1 6495 6494 0 0
2025-12-08T02:45:04.961989 541333.540413521 reno 202.815 0.390 45 1460 3.110000 44 2759438 2826597 0 1940 1894 44 2920
2025-12-08T02:45:04.961989 541333.540413521 reno 202.065 0.506 88 1460 10.200000 65535 9473978 9473977 1 6502 6500 0 0
2025-12-08T02:45:04.961989 541333.540413521 reno 203.106 0.042 88 1460 10.100000 65535 9539678 9539677 1 6548 6546 0 0
2025-12-08T02:45:04.961989 541333.540413521 reno 201.207 0.072 88 1460 10.200000 65535 9466678 9466677 1 6495 6494 0 0
2025-12-08T02:45:05.478554 541334.057006907 reno 202.272 0.075 45 1460 3.120000 44 2943398 3010557 0 2066 2020 44 2920
2025-12-08T02:45:05.478554 541334.057006907 reno 202.065 0.506 88 1460 10.200000 65535 9473978 9473977 1 6502 6500 0 0
2025-12-08T02:45:05.478554 541334.057006907 reno 203.106 0.042 88 1460 10.100000 65535 9539678 9539677 1 6548 6546 0 0
2025-12-08T02:45:05.478554 541334.057006907 reno 201.207 0.072 88 1460 10.200000 65535 9466678 9466677 1 6496 6495 0 0
2025-12-08T02:45:05.997699 541334.576117184 reno 201.900 0.408 45 1460 3.120000 44 3080638 3147797 0 2160 2114 44 2920
2025-12-08T02:45:05.997699 541334.576117184 reno 202.065 0.506 88 1460 10.200000 65535 9473978 9473977 1 6502 6500 0 0
2025-12-08T02:45:05.997699 541334.576117184 reno 203.106 0.042 88 1460 10.100000 65535 9539678 9539677 1 6548 6546 0 0
2025-12-08T02:45:05.997699 541334.576117184 reno 201.207 0.072 88 1460 10.200000 65535 9466678 9466677 1 6496 6495 0 0
2025-12-08T02:45:06.510384 541335.088952356 reno 201.275 0.177 45 1460 3.130000 44 3270438 3337597 0 2290 2244 44 2920
2025-12-08T02:45:06.510384 541335.088952356 reno 202.065 0.506 88 1460 10.200000 65535 9473978 9473977 1 6502 6500 0 0
2025-12-08T02:45:06.510384 541335.088952356 reno 203.106 0.042 88 1460 10.100000 65535 9539678 9539677 1 6548 6546 0 0
2025-12-08T02:45:06.510384 541335.088952356 reno 201.207 0.072 88 1460 10.200000 65535 9466678 9466677 1 6496 6495 0 0
2025-12-08T02:45:07.067765 541335.646175799 reno 202.108 1.634 45 1460 3.120000 44 3420818 3487977 0 2393 2347 44 2920
2025-12-08T02:45:07.067765 541335.646175799 reno 202.065 0.506 88 1460 10.200000 65535 9473978 9473977 1 6502 6500 0 0
2025-12-08T02:45:07.067765 541335.646175799 reno 203.106 0.042 88 1460 10.100000 65535 9539678 9539677 1 6548 6546 0 0
2025-12-08T02:45:07.067765 541335.646175799 reno 201.207 0.072 88 1460 10.200000 65535 9466678 9466677 1 6496 6495 0 0
2025-12-08T02:45:07.578913 541336.157462931 reno 201.067 0.502 45 1460 3.140000 44 3594558 3661717 0 2512 2466 44 2920
2025-12-08T02:45:07.578913 541336.157462931 reno 202.065 0.506 88 1460 10.200000 65535 9473978 9473977 1 6502 6500 0 0
2025-12-08T02:45:07.578913 541336.157462931 reno 203.106 0.042 88 1460 10.100000 65535 9539678 9539677 1 6548 6546 0 0
2025-12-08T02:45:07.578913 541336.157462931 reno 201.207 0.072 88 1460 10.200000 65535 9466678 9466677 1 6496 6495 0 0
2025-12-08T02:45:08.098410 541336.677205847 reno 202.106 0.477 45 1460 3.120000 44 3785818 3852977 0 2643 2597 44 2920
2025-12-08T02:45:08.098410 541336.677205847 reno 202.065 0.506 88 1460 10.200000 65535 9473978 9473977 1 6502 6500 0 0
2025-12-08T02:45:08.098410 541336.677205847 reno 203.106 0.042 88 1460 10.100000 65535 9539678 9539677 1 6548 6546 0 0
2025-12-08T02:45:08.098410 541336.677205847 reno 201.207 0.072 88 1460 10.200000 65535 9466678 9466677 1 6496 6495 0 0
2025-12-08T02:45:08.655553 541337.234179567 reno 202.045 0.417 45 1460 3.120000 44 3920138 3987297 0 2735 2689 44 2920
2025-12-08T02:45:08.655553 541337.234179567 reno 202.065 0.506 88 1460 10.200000 65535 9473978 9473977 1 6502 6500 0 0
2025-12-08T02:45:08.655553 541337.234179567 reno 203.106 0.042 88 1460 10.100000 65535 9539678 9539677 1 6548 6546 0 0
2025-12-08T02:45:08.655553 541337.234179567 reno 201.207 0.072 88 1460 10.200000 65535 9466678 9466677 1 6496 6495 0 0
2025-12-08T02:45:09.177692 541337.756119117 reno 201.248 0.090 45 1460 3.130000 44 4108478 4175637 0 2864 2818 44 2920
2025-12-08T02:45:09.177692 541337.756119117 reno 202.065 0.506 88 1460 10.200000 65535 9473978 9473977 1 6502 6500 0 0
2025-12-08T02:45:09.177692 541337.756119117 reno 203.106 0.042 88 1460 10.100000 65535 9539678 9539677 1 6548 6546 0 0
2025-12-08T02:45:09.177692 541337.756119117 reno 201.207 0.072 88 1460 10.200000 65535 9466678 9466677 1 6496 6495 0 0
2025-12-08T02:45:09.691861 541338.270295558 reno 201.921 0.993 45 1460 3.120000 44 4245718 4312877 0 2958 2912 44 2920
2025-12-08T02:45:09.691861 541338.270295558 reno 202.065 0.506 88 1460 10.200000 65535 9473978 9473977 1 6502 6500 0 0
2025-12-08T02:45:09.691861 541338.270295558 reno 203.106 0.042 88 1460 10.100000 65535 9539678 9539677 1 6548 6546 0 0
2025-12-08T02:45:09.691861 541338.270295558 reno 201.207 0.072 88 1460 10.200000 65535 9466678 9466677 1 6496 6495 0 0
2025-12-08T02:45:10.211542 541338.790209830 reno 200.956 0.327 45 1460 3.140000 44 4428218 4495377 0 3083 3037 44 2920
2025-12-08T02:45:10.211542 541338.790209830 reno 202.065 0.506 88 1460 10.200000 65535 9473978 9473977 1 6502 6500 0 0
2025-12-08T02:45:10.211542 541338.790209830 reno 203.106 0.042 88 1460 10.100000 65535 9539678 9539677 1 6548 6546 0 0
2025-12-08T02:45:10.211542 541338.790209830 reno 201.207 0.072 88 1460 10.200000 65535 9466678 9466677 1 6496 6495 0 0
2025-12-08T02:45:10.734831 541339.313254592 reno 201.534 0.062 45 1460 3.130000 44 4613638 4680797 0 3210 3164 44 2920
2025-12-08T02:45:10.734831 541339.313254592 reno 202.065 0.506 88 1460 10.200000 65535 9473978 9473977 1 6502 6500 0 0
2025-12-08T02:45:10.734831 541339.313254592 reno 203.106 0.042 88 1460 10.100000 65535 9539678 9539677 1 6548 6546 0 0
2025-12-08T02:45:10.734831 541339.313254592 reno 201.207 0.072 88 1460 10.200000 65535 9466678 9466677 1 6496 6495 0 0
2025-12-08T02:45:11.258055 541339.836484918 reno 201.494 0.803 45 1460 3.130000 44 4753798 4819497 0 3305 3260 43 2920
2025-12-08T02:45:11.258055 541339.836484918 reno 202.065 0.506 88 1460 10.200000 65535 9473978 9473977 1 6502 6500 0 0
2025-12-08T02:45:11.258055 541339.836484918 reno 203.106 0.042 88 1460 10.100000 65535 9539678 9539677 1 6548 6546 0 0
2025-12-08T02:45:11.258055 541339.836484918 reno 201.207 0.072 88 1460 10.200000 65535 9466678 9466677 1 6496 6495 0 0
2025-12-08T02:45:11.768642 541340.347104747 reno 203.875 0.837 45 1460 3.090000 44 4940678 5007837 0 3434 3388 44 2920
2025-12-08T02:45:11.768642 541340.347104747 reno 202.065 0.506 88 1460 10.200000 65535 9473978 9473977 1 6502 6500 0 0
2025-12-08T02:45:11.768642 541340.347104747 reno 203.106 0.042 88 1460 10.100000 65535 9539678 9539677 1 6548 6546 0 0
2025-12-08T02:45:11.768642 541340.347104747 reno 201.207 0.072 88 1460 10.200000 65535 9466678 9466677 1 6496 6495 0 0
2025-12-08T02:45:12.286345 541340.865694537 reno 201.891 0.425 45 1460 3.120000 44 5073538 5140697 0 3525 3479 44 2920
2025-12-08T02:45:12.286345 541340.865694537 reno 202.065 0.506 88 1460 10.200000 65535 9473978 9473977 1 6503 6501 0 0
2025-12-08T02:45:12.286345 541340.865694537 reno 203.106 0.042 88 1460 10.100000 65535 9539678 9539677 1 6548 6546 0 0
2025-12-08T02:45:12.286345 541340.865694537 reno 201.207 0.072 88 1460 10.200000 65535 9466678 9466677 1 6496 6495 0 0
2025-12-08T02:45:12.814669 541341.393138152 reno 201.536 0.186 45 1460 3.130000 44 5261878 5329037 0 3654 3608 44 2920
2025-12-08T02:45:12.814669 541341.393138152 reno 202.065 0.506 88 1460 10.200000 65535 9473978 9473977 1 6503 6501 0 0
2025-12-08T02:45:12.814669 541341.393138152 reno 203.106 0.042 88 1460 10.100000 65535 9539678 9539677 1 6548 6546 0 0
2025-12-08T02:45:12.814669 541341.393138152 reno 201.207 0.072 88 1460 10.200000 65535 9466678 9466677 1 6496 6495 0 0
2025-12-08T02:45:13.338079 541341.916514669 reno 201.842 0.472 45 1460 3.120000 44 5400578 5467737 0 3749 3703 44 2920
2025-12-08T02:45:13.338079 541341.916514669 reno 202.065 0.506 88 1460 10.200000 65535 9473978 9473977 1 6503 6501 0 0
2025-12-08T02:45:13.338079 541341.916514669 reno 203.106 0.042 88 1460 10.100000 65535 9539678 9539677 1 6548 6546 0 0
2025-12-08T02:45:13.338079 541341.916514669 reno 201.207 0.072 88 1460 10.200000 65535 9466678 9466677 1 6496 6495 0 0
2025-12-08T02:45:13.862809 541342.441332070 reno 201.713 0.401 45 1460 3.130000 44 5587458 5654617 0 3877 3831 44 2920
2025-12-08T02:45:13.862809 541342.441332070 reno 202.065 0.506 88 1460 10.200000 65535 9473978 9473977 1 6503 6501 0 0
2025-12-08T02:45:13.862809 541342.441332070 reno 203.106 0.042 88 1460 10.100000 65535 9539678 9539677 1 6548 6546 0 0
2025-12-08T02:45:13.862809 541342.441332070 reno 201.207 0.072 88 1460 10.200000 65535 9466678 9466677 1 6496 6495 0 0
2025-12-08T02:45:14.386847 541342.965299647 reno 202.505 0.164 45 1460 3.110000 44 5774338 5841497 0 4005 3959 44 2920
2025-12-08T02:45:14.386847 541342.965299647 reno 202.065 0.506 88 1460 10.200000 65535 9473978 9473977 1 6503 6501 0 0
2025-12-08T02:45:14.386847 541342.965299647 reno 203.106 0.042 88 1460 10.100000 65535 9539678 9539677 1 6548 6546 0 0
2025-12-08T02:45:14.386847 541342.965299647 reno 201.207 0.072 88 1460 10.200000 65535 9466678 9466677 1 6496 6495 0 0
2025-12-08T02:45:14.913523 541343.491959429 reno 203.017 0.510 45 1460 3.110000 44 5911578 5978737 0 4099 4053 44 2920
2025-12-08T02:45:14.913523 541343.491959429 reno 202.065 0.506 88 1460 10.200000 65535 9473978 9473977 1 6503 6501 0 0
2025-12-08T02:45:14.913523 541343.491959429 reno 203.106 0.042 88 1460 10.100000 65535 9539678 9539677 1 6548 6546 0 0
2025-12-08T02:45:14.913523 541343.491959429 reno 201.207 0.072 88 1460 10.200000 65535 9466678 9466677 1 6496 6495 0 0
2025-12-08T02:45:15.435563 541344.013997342 reno 203.360 0.035 45 1460 3.100000 44 6094078 6161237 0 4224 4178 44 2920
2025-12-08T02:45:15.435563 541344.013997342 reno 202.065 0.506 88 1460 10.200000 65535 9473978 9473977 1 6503 6501 0 0
2025-12-08T02:45:15.435563 541344.013997342 reno 203.106 0.042 88 1460 10.100000 65535 9539678 9539677 1 6548 6546 0 0
2025-12-08T02:45:15.435563 541344.013997342 reno 201.207 0.072 88 1460 10.200000 65535 9466678 9466677 1 6496 6495 0 0
2025-12-08T02:45:15.996102 541344.574602954 reno 225.955 0.354 45 1460 2.790000 44 6286798 6353957 0 4356 4310 44 2920
2025-12-08T02:45:15.996102 541344.574602954 reno 202.065 0.506 88 1460 10.200000 65535 9473978 9473977 1 6503 6501 0 0
2025-12-08T02:45:15.996102 541344.574602954 reno 203.106 0.042 88 1460 10.100000 65535 9539678 9539677 1 6548 6546 0 0
2025-12-08T02:45:15.996102 541344.574602954 reno 201.207 0.072 88 1460 10.200000 65535 9466678 9466677 1 6496 6495 0 0
2025-12-08T02:45:16.590155 541345.168602997 reno 201.117 0.142 45 1460 3.140000 44 6424038 6489737 0 4449 4404 43 2920
2025-12-08T02:45:16.590155 541345.168602997 reno 202.065 0.506 88 1460 10.200000 65535 9473978 9473977 1 6503 6501 0 0
2025-12-08T02:45:16.590155 541345.168602997 reno 203.106 0.042 88 1460 10.100000 65535 9539678 9539677 1 6548 6546 0 0
2025-12-08T02:45:16.590155 541345.168602997 reno 201.207 0.072 88 1460 10.200000 65535 9466678 9466677 1 6496 6495 0 0
2025-12-08T02:45:17.101003 541345.680162305 reno 200.731 0.194 45 1460 3.140000 44 6609458 6676617 0 4577 4531 44 2920
2025-12-08T02:45:17.101003 541345.680162305 reno 202.065 0.506 88 1460 10.200000 65535 9473978 9473977 1 6503 6501 0 0
2025-12-08T02:45:17.101003 541345.680162305 reno 203.106 0.042 88 1460 10.100000 65535 9539678 9539677 1 6548 6546 0 0
2025-12-08T02:45:17.101003 541345.680162305 reno 201.207 0.072 88 1460 10.200000 65535 9466678 9466677 1 6496 6495 0 0
2025-12-08T02:45:17.639405 541346.217841132 reno 202.666 0.218 45 1460 3.110000 44 6800718 6867877 0 4708 4662 44 2920
2025-12-08T02:45:17.639405 541346.217841132 reno 202.065 0.506 88 1460 10.200000 65535 9473978 9473977 1 6503 6501 0 0
2025-12-08T02:45:17.639405 541346.217841132 reno 203.106 0.042 88 1460 10.100000 65535 9539678 9539677 1 6548 6546 0 0
2025-12-08T02:45:17.639405 541346.217841132 reno 201.207 0.072 88 1460 10.200000 65535 9466678 9466677 1 6496 6495 0 0
2025-12-08T02:45:18.151668 541346.730265220 reno 202.163 0.130 45 1460 3.120000 44 6930658 6997817 0 4797 4751 44 2920
2025-12-08T02:45:18.151668 541346.730265220 reno 202.065 0.506 88 1460 10.200000 65535 9473978 9473977 1 6503 6501 0 0
2025-12-08T02:45:18.151668 541346.730265220 reno 203.106 0.042 88 1460 10.100000 65535 9539678 9539677 1 6548 6546 0 0
2025-12-08T02:45:18.151668 541346.730265220 reno 201.207 0.072 88 1460 10.200000 65535 9466678 9466677 1 6496 6495 0 0
2025-12-08T02:45:18.670388 541347.248812014 reno 201.005 0.070 45 1460 3.140000 44 7121918 7189077 0 4928 4882 44 2920
2025-12-08T02:45:18.670388 541347.248812014 reno 202.065 0.506 88 1460 10.200000 65535 9473978 9473977 1 6503 6501 0 0
2025-12-08T02:45:18.670388 541347.248812014 reno 203.106 0.042 88 1460 10.100000 65535 9539678 9539677 1 6548 6546 0 0
2025-12-08T02:45:18.670388 541347.248812014 reno 201.207 0.072 88 1460 10.200000 65535 9466678 9466677 1 6497 6496 0 0
2025-12-08T02:45:19.195536 541347.774025245 reno 201.767 0.180 45 1460 3.130000 44 7256238 7323397 0 5020 4974 44 2920
2025-12-08T02:45:19.195536 541347.774025245 reno 202.065 0.506 88 1460 10.200000 65535 9473978 9473977 1 6503 6501 0 0
2025-12-08T02:45:19.195536 541347.774025245 reno 203.106 0.042 88 1460 10.100000 65535 9539678 9539677 1 6548 6546 0 0
2025-12-08T02:45:19.195536 541347.774025245 reno 201.207 0.072 88 1460 10.200000 65535 9466678 9466677 1 6497 6496 0 0
2025-12-08T02:45:19.715388 541348.293904351 reno 201.162 0.411 45 1460 3.140000 44 7443118 7510277 0 5148 5102 44 2920
2025-12-08T02:45:19.715388 541348.293904351 reno 202.065 0.506 88 1460 10.200000 65535 9473978 9473977 1 6503 6501 0 0
2025-12-08T02:45:19.715388 541348.293904351 reno 203.106 0.042 88 1460 10.100000 65535 9539678 9539677 1 6548 6546 0 0
2025-12-08T02:45:19.715388 541348.293904351 reno 201.207 0.072 88 1460 10.200000 65535 9466678 9466677 1 6497 6496 0 0
2025-12-08T02:45:20.238986 541348.817430669 reno 201.756 0.234 45 1460 3.130000 44 7577438 7644597 0 5240 5194 44 2920
2025-12-08T02:45:20.238986 541348.817430669 reno 202.065 0.506 88 1460 10.200000 65535 9473978 9473977 1 6503 6501 0 0
2025-12-08T02:45:20.238986 541348.817430669 reno 203.106 0.042 88 1460 10.100000 65535 9539678 9539677 1 6548 6546 0 0
2025-12-08T02:45:20.238986 541348.817430669 reno 201.207 0.072 88 1460 10.200000 65535 9466678 9466677 1 6497 6496 0 0
2025-12-08T02:45:20.755366 541349.333804052 reno 201.771 0.269 45 1460 3.130000 44 7767238 7834397 0 5370 5324 44 2920
2025-12-08T02:45:20.755366 541349.333804052 reno 202.065 0.506 88 1460 10.200000 65535 9473978 9473977 1 6503 6501 0 0
2025-12-08T02:45:20.755366 541349.333804052 reno 203.106 0.042 88 1460 10.100000 65535 9539678 9539677 1 6548 6546 0 0
2025-12-08T02:45:20.755366 541349.333804052 reno 201.207 0.072 88 1460 10.200000 65535 9466678 9466677 1 6497 6496 0 0
2025-12-08T02:45:21.289958 541349.868412389 reno 201.453 0.031 45 1460 3.130000 44 7957038 8024197 0 5500 5454 44 2920
2025-12-08T02:45:21.289958 541349.868412389 reno 202.065 0.506 88 1460 10.200000 65535 9473978 9473977 1 6503 6501 0 0
2025-12-08T02:45:21.289958 541349.868412389 reno 203.106 0.042 88 1460 10.100000 65535 9539678 9539677 1 6548 6546 0 0
2025-12-08T02:45:21.289958 541349.868412389 reno 201.207 0.072 88 1460 10.200000 65535 9466678 9466677 1 6497 6496 0 0
2025-12-08T02:45:21.805955 541350.384368941 reno 201.862 0.185 45 1460 3.120000 44 8089898 8157057 0 5591 5545 44 2920
2025-12-08T02:45:21.805955 541350.384368941 reno 202.065 0.506 88 1460 10.200000 65535 9473978 9473977 1 6503 6501 0 0
2025-12-08T02:45:21.805955 541350.384368941 reno 203.106 0.042 88 1460 10.100000 65535 9539678 9539677 1 6548 6546 0 0
2025-12-08T02:45:21.805955 541350.384368941 reno 201.207 0.072 88 1460 10.200000 65535 9466678 9466677 1 6497 6496 0 0
2025-12-08T02:45:22.323485 541350.901959729 reno 202.015 0.085 45 1460 3.120000 44 8278238 8345397 0 5720 5674 44 2920
2025-12-08T02:45:22.323485 541350.901959729 reno 202.065 0.506 88 1460 10.200000 65535 9473978 9473977 1 6503 6501 0 0
2025-12-08T02:45:22.323485 541350.901959729 reno 203.106 0.042 88 1460 10.100000 65535 9539678 9539677 1 6548 6546 0 0
2025-12-08T02:45:22.323485 541350.901959729 reno 201.207 0.072 88 1460 10.200000 65535 9466678 9466677 1 6497 6496 0 0
2025-12-08T02:45:22.842694 541351.421119459 reno 201.205 0.396 45 1460 3.130000 44 8411098 8478257 0 5811 5765 44 2920
2025-12-08T02:45:22.842694 541351.421119459 reno 202.065 0.506 88 1460 10.200000 65535 9473978 9473977 1 6503 6501 0 0
2025-12-08T02:45:22.842694 541351.421119459 reno 203.106 0.042 88 1460 10.100000 65535 9539678 9539677 1 6548 6546 0 0
2025-12-08T02:45:22.842694 541351.421119459 reno 201.207 0.072 88 1460 10.200000 65535 9466678 9466677 1 6497 6496 0 0
2025-12-08T02:45:23.359765 541351.938177918 reno 201.902 0.222 45 1460 3.120000 44 8600898 8668057 0 5941 5895 44 2920
2025-12-08T02:45:23.359765 541351.938177918 reno 202.065 0.506 88 1460 10.200000 65535 9473978 9473977 1 6503 6501 0 0
2025-12-08T02:45:23.359765 541351.938177918 reno 203.106 0.042 88 1460 10.100000 65535 9539678 9539677 1 6548 6546 0 0
2025-12-08T02:45:23.359765 541351.938177918 reno 201.207 0.072 88 1460 10.200000 65535 9466678 9466677 1 6497 6496 0 0
2025-12-08T02:45:23.872054 541352.451028041 reno 203.842 1.499 45 1460 3.090000 44 8760038 8825737 0 6049 6004 43 2920
2025-12-08T02:45:23.872054 541352.451028041 reno 202.065 0.506 88 1460 10.200000 65535 9473978 9473977 1 6503 6501 0 0
2025-12-08T02:45:23.872054 541352.451028041 reno 203.106 0.042 88 1460 10.100000 65535 9539678 9539677 1 6548 6546 0 0
2025-12-08T02:45:23.872054 541352.451028041 reno 201.207 0.072 88 1460 10.200000 65535 9466678 9466677 1 6497 6496 0 0
2025-12-08T02:45:24.417726 541352.996141362 reno 201.224 0.185 45 1460 3.130000 44 8925018 8992177 0 6163 6117 44 2920
2025-12-08T02:45:24.417726 541352.996141362 reno 202.065 0.506 88 1460 10.200000 65535 9473978 9473977 1 6503 6501 0 0
2025-12-08T02:45:24.417726 541352.996141362 reno 203.106 0.042 88 1460 10.100000 65535 9539678 9539677 1 6548 6546 0 0
2025-12-08T02:45:24.417726 541352.996141362 reno 201.207 0.072 88 1460 10.200000 65535 9466678 9466677 1 6497 6496 0 0
2025-12-08T02:45:24.937833 541353.516331791 reno 201.674 0.022 45 1460 3.130000 44 9113358 9180517 0 6292 6246 44 2920
2025-12-08T02:45:24.937833 541353.516331791 reno 202.065 0.506 88 1460 10.200000 65535 9473978 9473977 1 6503 6501 0 0
2025-12-08T02:45:24.937833 541353.516331791 reno 203.106 0.042 88 1460 10.100000 65535 9539678 9539677 1 6548 6546 0 0
2025-12-08T02:45:24.937833 541353.516331791 reno 201.207 0.072 88 1460 10.200000 65535 9466678 9466677 1 6497 6496 0 0
2025-12-08T02:45:25.470491 541354.049048394 reno 202.030 0.189 45 1460 3.120000 44 9247678 9313377 1 6384 6339 43 2920
2025-12-08T02:45:25.470491 541354.049048394 reno 202.065 0.506 88 1460 10.200000 65535 9473978 9473977 1 6503 6501 0 0
2025-12-08T02:45:25.470491 541354.049048394 reno 203.106 0.042 88 1460 10.100000 65535 9539678 9539677 1 6548 6546 0 0
2025-12-08T02:45:25.470491 541354.049048394 reno 201.207 0.072 88 1460 10.200000 65535 9466678 9466677 1 6497 6496 0 0
