wall_time monotonic algo rtt_ms rtt_var_ms cwnd mss pacing_mbps ssthresh bytes_acked bytes_sent bytes_received segs_out segs_in unacked retrans_total
2025-12-08T01:46:42.015085 537830.593504874 reno 102.571 0.323 80 1460 18.200000 65535 102238 166477 0 118 73 44 0
2025-12-08T01:46:42.523793 537831.102384055 reno 102.696 0.252 88 1460 20.000000 65535 423438 487677 0 338 293 44 0
2025-12-08T01:46:43.040205 537831.618684833 reno 100.759 0.187 88 1460 20.400000 65535 744638 808877 0 558 513 44 0
2025-12-08T01:46:43.549806 537832.128272919 reno 105.047 0.361 88 1460 19.600000 65535 1065838 1130077 0 778 733 44 0
2025-12-08T01:46:44.063786 537832.642232730 reno 100.714 0.059 88 1460 20.400000 65535 1387038 1451277 0 998 953 44 0
2025-12-08T01:46:44.576848 537833.155323052 reno 100.818 0.103 88 1460 20.400000 65535 1708238 1772477 0 1218 1173 44 0
2025-12-08T01:46:45.089459 537833.667883882 reno 100.662 0.040 88 1460 20.400000 65535 2029438 2093677 0 1438 1393 44 0
2025-12-08T01:46:45.596518 537834.175026501 reno 100.745 0.130 88 1460 20.400000 65535 2350638 2414877 0 1658 1613 44 0
2025-12-08T01:46:46.110084 537834.688536273 reno 101.290 0.134 88 1460 20.300000 65535 2671838 2736077 0 1878 1833 44 0
2025-12-08T01:46:46.616928 537835.195362477 reno 100.572 0.164 88 1460 20.400000 65535 2993038 3057277 0 2098 2053 44 0
2025-12-08T01:46:47.125688 537835.704114652 reno 101.309 0.085 88 1460 20.300000 65535 3314238 3378477 0 2318 2273 44 0
2025-12-08T01:46:47.637319 537836.215767448 reno 102.043 0.123 88 1460 20.100000 65535 3635438 3699677 0 2538 2493 44 0
2025-12-08T01:46:48.149918 537836.728358813 reno 101.388 0.257 88 1460 20.300000 65535 3956638 4020877 0 2758 2713 44 0
2025-12-08T01:46:48.660937 537837.239423908 reno 101.145 0.329 88 1460 20.300000 65535 4277838 4342077 0 2978 2933 44 0
2025-12-08T01:46:49.170678 537837.749107773 reno 194.764 1.242 88 1460 10.600000 65535 4534798 4599037 0 3154 3109 44 0
2025-12-08T01:46:49.682951 537838.261369682 reno 100.657 0.410 88 1460 20.400000 65535 4855998 4920237 0 3374 3329 44 0
2025-12-08T01:46:50.190042 537838.768702497 reno 101.296 0.168 88 1460 20.300000 65535 5212238 5276477 0 3618 3573 44 0
2025-12-08T01:46:50.709764 537839.288203294 reno 102.769 2.997 88 1460 20.000000 65535 5502778 5567017 0 3817 3772 44 0
2025-12-08T01:46:51.228009 537839.806439943 reno 103.849 0.171 88 1460 19.800000 65535 5883838 5948077 0 4078 4033 44 0
2025-12-08T01:46:51.746055 537840.324518717 reno 103.065 0.236 88 1460 19.900000 65535 6205038 6269277 0 4298 4253 44 0
2025-12-08T01:46:52.259952 537840.838367055 reno 100.871 0.302 88 1460 20.400000 65535 6526238 6590477 0 4518 4473 44 0
2025-12-08T01:46:52.771498 537841.349951301 reno 100.875 0.623 88 1460 20.400000 65535 6847438 6911677 0 4738 4693 44 0
2025-12-08T01:46:53.284648 537841.863095856 reno 102.055 0.298 88 1460 20.100000 65535 7168638 7232877 0 4958 4913 44 0
2025-12-08T01:46:53.798367 537842.376807401 reno 102.773 0.272 88 1460 20.000000 65535 7489838 7554077 0 5178 5133 44 0
2025-12-08T01:46:54.313931 537842.892400791 reno 100.576 0.065 88 1460 20.400000 65535 7811038 7875277 0 5398 5353 44 0
2025-12-08T01:46:54.831899 537843.410315354 reno 100.515 0.090 88 1460 20.500000 65535 8132238 8196477 0 5618 5573 44 0
2025-12-08T01:46:55.339891 537843.918331607 reno 102.952 0.227 88 1460 20.000000 65535 8453438 8517677 0 5838 5793 44 0
2025-12-08T01:46:55.857698 537844.436173669 reno 101.389 0.114 88 1460 20.300000 65535 8774638 8838877 0 6058 6013 44 0
2025-12-08T01:46:56.374085 537844.952571002 reno 102.006 0.237 88 1460 20.200000 65535 9095838 9160077 0 6278 6233 44 0
2025-12-08T01:46:56.890880 537845.469327911 reno 101.089 0.230 88 1460 20.300000 65535 9417038 9481277 0 6498 6453 44 0
2025-12-08T01:46:57.401997 537845.980436405 reno 102.198 0.256 88 1460 20.100000 65535 9742618 9806857 0 6721 6676 44 0
2025-12-08T01:46:57.920067 537846.498510710 reno 101.295 0.251 88 1460 20.300000 65535 10060898 10125137 0 6939 6894 44 0
2025-12-08T01:46:58.437560 537847.016071312 reno 102.190 0.328 88 1460 20.100000 65535 10380638 10443417 0 7157 7113 43 0
2025-12-08T01:46:58.952628 537847.531078036 reno 101.782 0.718 88 1460 20.200000 65535 10700378 10764617 0 7377 7332 44 0
2025-12-08T01:46:59.468909 537848.047333156 reno 101.817 1.481 88 1460 20.200000 65535 11021578 11085817 0 7597 7552 44 0
2025-12-08T01:46:59.976219 537848.554805700 reno 100.838 0.364 88 1460 20.400000 65535 11341318 11405557 0 7816 7771 44 0
2025-12-08T01:47:00.491255 537849.069738880 reno 100.894 0.319 88 1460 20.400000 65535 11662518 11726757 0 8036 7991 44 0
2025-12-08T01:47:01.008377 537849.586801569 reno 101.276 0.423 88 1460 20.300000 65535 11988098 12050877 0 8258 8214 43 0
2025-12-08T01:47:01.521162 537850.099612529 reno 101.899 0.198 88 1460 20.200000 65535 12307838 12372077 0 8478 8433 44 0
2025-12-08T01:47:02.039252 537850.617699075 reno 103.194 0.371 88 1460 19.900000 65535 12658238 12721017 0 8717 8673 43 0
2025-12-08T01:47:02.556710 537851.135162254 reno 101.132 0.159 88 1460 20.300000 65535 12996958 13061197 0 8950 8905 44 0
2025-12-08T01:47:03.072561 537851.651004707 reno 100.707 0.082 88 1460 20.400000 65535 13318158 13382397 0 9170 9125 44 0
2025-12-08T01:47:03.586656 537852.165115144 reno 101.191 0.214 88 1460 20.300000 65535 13639358 13703597 0 9390 9345 44 0
2025-12-08T01:47:04.103785 537852.682236284 reno 102.979 0.610 88 1460 20.000000 65535 13960558 14024797 0 9610 9565 44 0
2025-12-08T01:47:04.619352 537853.197973152 reno 102.011 0.368 88 1460 20.200000 65535 14281758 14345997 0 9830 9785 44 0
2025-12-08T01:47:05.138412 537853.716876429 reno 100.288 0.070 88 1460 20.500000 65535 14602958 14667197 0 10050 10005 44 0
2025-12-08T01:47:05.648013 537854.226467513 reno 101.432 0.070 88 1460 20.300000 65535 14924158 14988397 0 10270 10225 44 0
2025-12-08T01:47:06.163603 537854.742030506 reno 101.864 0.162 88 1460 20.200000 65535 15245358 15309597 0 10490 10445 44 0
2025-12-08T01:47:06.673913 537855.252408035 reno 100.893 0.371 88 1460 20.400000 65535 15566558 15630797 0 10710 10665 44 0
2025-12-08T01:47:07.189597 537855.768044649 reno 100.788 0.293 88 1460 20.400000 65535 15887758 15951997 0 10930 10885 44 0
2025-12-08T01:47:07.702395 537856.280857806 reno 101.457 0.339 88 1460 20.300000 65535 16208958 16273197 0 11150 11105 44 0
2025-12-08T01:47:08.223974 537856.802682825 reno 103.410 0.585 88 1460 19.900000 65535 16530158 16594397 0 11370 11325 44 0
2025-12-08T01:47:08.742642 537857.321213559 reno 100.547 0.070 88 1460 20.400000 65535 16851358 16915597 0 11590 11545 44 0
2025-12-08T01:47:09.257681 537857.836111431 reno 102.729 2.320 88 1460 20.000000 65535 17172558 17236797 0 11810 11765 44 0
2025-12-08T01:47:09.767619 537858.346049002 reno 101.088 0.509 88 1460 20.300000 65535 17493758 17557997 0 12030 11985 44 0
2025-12-08T01:47:10.280999 537858.859419353 reno 105.649 4.733 88 1460 19.500000 65535 17814958 17879197 0 12250 12205 44 0
2025-12-08T01:47:10.789933 537859.368371771 reno 102.110 0.854 88 1460 20.100000 65535 18162438 18226677 0 12488 12443 44 0
2025-12-08T01:47:11.305705 537859.884135875 reno 100.566 0.107 88 1460 20.400000 65535 18501158 18565397 0 12720 12675 44 0
2025-12-08T01:47:11.821120 537860.399545860 reno 101.717 0.193 88 1460 20.200000 65535 18819438 18883677 1 12939 12894 44 0
