wall_time monotonic algo rtt_ms rtt_var_ms cwnd mss pacing_mbps ssthresh bytes_acked bytes_sent bytes_received segs_out segs_in unacked retrans_total
2025-12-08T01:48:54.679364 537963.258616352 reno 101.127 0.428 48 1460 6.650000 48 18601898 18604817 1 12754 12750 0 2920
2025-12-08T01:48:54.679364 537963.258616352 reno 100.659 0.186 88 1460 20.400000 65535 18901198 18901197 1 12960 12958 0 0
2025-12-08T01:48:54.679364 537963.258616352 reno 100.702 0.132 88 1460 20.400000 65535 18982958 18982957 1 13015 13013 0 0
2025-12-08T01:48:54.679364 537963.258616352 reno 102.449 0.751 45 1460 6.160000 44 18397498 18400417 1 12611 12607 0 2920
2025-12-08T01:48:55.190079 537963.768507951 reno 101.127 0.428 48 1460 6.650000 48 18601898 18604817 1 12754 12750 0 2920
2025-12-08T01:48:55.190079 537963.768507951 reno 100.659 0.186 88 1460 20.400000 65535 18901198 18901197 1 12960 12958 0 0
2025-12-08T01:48:55.190079 537963.768507951 reno 100.702 0.132 88 1460 20.400000 65535 18982958 18982957 1 13015 13013 0 0
2025-12-08T01:48:55.190079 537963.768507951 reno 124.390 62.195 10 1460 1.860000 65535 1 37 0 3 1 1 0
2025-12-08T01:48:55.190079 537963.768507951 reno 102.449 0.751 45 1460 6.160000 44 18397498 18400417 1 12612 12608 0 2920
2025-12-08T01:48:55.701871 537964.280442975 reno 101.127 0.428 48 1460 6.650000 48 18601898 18604817 1 12754 12750 0 2920
2025-12-08T01:48:55.701871 537964.280442975 reno 100.659 0.186 88 1460 20.400000 65535 18901198 18901197 1 12960 12958 0 0
2025-12-08T01:48:55.701871 537964.280442975 reno 100.702 0.132 88 1460 20.400000 65535 18982958 18982957 1 13015 13013 0 0
2025-12-08T01:48:55.701871 537964.280442975 reno 104.054 0.781 80 1460 18.000000 65535 102238 166477 0 118 73 44 0
2025-12-08T01:48:55.701871 537964.280442975 reno 102.449 0.751 45 1460 6.160000 44 18397498 18400417 1 12612 12608 0 2920
2025-12-08T01:48:56.211681 537964.790111658 reno 101.127 0.428 48 1460 6.650000 48 18601898 18604817 1 12754 12750 0 2920
2025-12-08T01:48:56.211681 537964.790111658 reno 100.659 0.186 88 1460 20.400000 65535 18901198 18901197 1 12960 12958 0 0
2025-12-08T01:48:56.211681 537964.790111658 reno 100.702 0.132 88 1460 20.400000 65535 18982958 18982957 1 13015 13013 0 0
2025-12-08T01:48:56.211681 537964.790111658 reno 103.142 0.617 88 1460 19.900000 65535 423438 487677 0 338 293 44 0
2025-12-08T01:48:56.211681 537964.790111658 reno 102.449 0.751 45 1460 6.160000 44 18397498 18400417 1 12612 12608 0 2920
2025-12-08T01:48:56.721513 537965.300984947 reno 101.127 0.428 48 1460 6.650000 48 18601898 18604817 1 12754 12750 0 2920
2025-12-08T01:48:56.721513 537965.300984947 reno 100.659 0.186 88 1460 20.400000 65535 18901198 18901197 1 12960 12958 0 0
2025-12-08T01:48:56.721513 537965.300984947 reno 100.702 0.132 88 1460 20.400000 65535 18982958 18982957 1 13015 13013 0 0
2025-12-08T01:48:56.721513 537965.300984947 reno 103.294 0.163 88 1460 19.900000 65535 744638 808877 0 558 513 44 0
2025-12-08T01:48:56.721513 537965.300984947 reno 102.449 0.751 45 1460 6.160000 44 18397498 18400417 1 12612 12608 0 2920
2025-12-08T01:48:57.245188 537965.823797675 reno 101.127 0.428 48 1460 6.650000 48 18601898 18604817 1 12754 12750 0 2920
2025-12-08T01:48:57.245188 537965.823797675 reno 100.659 0.186 88 1460 20.400000 65535 18901198 18901197 1 12960 12958 0 0
2025-12-08T01:48:57.245188 537965.823797675 reno 100.702 0.132 88 1460 20.400000 65535 18982958 18982957 1 13015 13013 0 0
2025-12-08T01:48:57.245188 537965.823797675 reno 103.953 1.671 88 1460 19.800000 65535 1065838 1130077 0 778 733 44 0
2025-12-08T01:48:57.245188 537965.823797675 reno 102.449 0.751 45 1460 6.160000 44 18397498 18400417 1 12612 12608 0 2920
2025-12-08T01:48:57.761059 537966.339490304 reno 101.127 0.428 48 1460 6.650000 48 18601898 18604817 1 12754 12750 0 2920
2025-12-08T01:48:57.761059 537966.339490304 reno 100.659 0.186 88 1460 20.400000 65535 18901198 18901197 1 12960 12958 0 0
2025-12-08T01:48:57.761059 537966.339490304 reno 100.702 0.132 88 1460 20.400000 65535 18982958 18982957 1 13015 13013 0 0
2025-12-08T01:48:57.761059 537966.339490304 reno 100.475 0.108 88 1460 20.500000 65535 1387038 1451277 0 998 953 44 0
2025-12-08T01:48:57.761059 537966.339490304 reno 102.449 0.751 45 1460 6.160000 44 18397498 18400417 1 12613 12609 0 2920
2025-12-08T01:48:58.271497 537966.849919764 reno 101.127 0.428 48 1460 6.650000 48 18601898 18604817 1 12754 12750 0 2920
2025-12-08T01:48:58.271497 537966.849919764 reno 100.659 0.186 88 1460 20.400000 65535 18901198 18901197 1 12960 12958 0 0
2025-12-08T01:48:58.271497 537966.849919764 reno 100.702 0.132 88 1460 20.400000 65535 18982958 18982957 1 13015 13013 0 0
2025-12-08T01:48:58.271497 537966.849919764 reno 101.354 0.415 88 1460 20.300000 65535 1708238 1772477 0 1218 1173 44 0
2025-12-08T01:48:58.271497 537966.849919764 reno 102.449 0.751 45 1460 6.160000 44 18397498 18400417 1 12613 12609 0 2920
2025-12-08T01:48:58.782222 537967.360728468 reno 101.127 0.428 48 1460 6.650000 48 18601898 18604817 1 12754 12750 0 2920
2025-12-08T01:48:58.782222 537967.360728468 reno 100.659 0.186 88 1460 20.400000 65535 18901198 18901197 1 12960 12958 0 0
2025-12-08T01:48:58.782222 537967.360728468 reno 100.702 0.132 88 1460 20.400000 65535 18982958 18982957 1 13015 13013 0 0
2025-12-08T01:48:58.782222 537967.360728468 reno 100.375 0.052 88 1460 20.500000 65535 2029438 2093677 0 1438 1393 44 0
2025-12-08T01:48:58.782222 537967.360728468 reno 102.449 0.751 45 1460 6.160000 44 18397498 18400417 1 12613 12609 0 2920
2025-12-08T01:48:59.291254 537967.869690157 reno 101.127 0.428 48 1460 6.650000 48 18601898 18604817 1 12755 12751 0 2920
2025-12-08T01:48:59.291254 537967.869690157 reno 100.659 0.186 88 1460 20.400000 65535 18901198 18901197 1 12960 12958 0 0
2025-12-08T01:48:59.291254 537967.869690157 reno 100.702 0.132 88 1460 20.400000 65535 18982958 18982957 1 13015 13013 0 0
2025-12-08T01:48:59.291254 537967.869690157 reno 104.567 0.256 88 1460 19.700000 65535 2350638 2414877 0 1658 1613 44 0
2025-12-08T01:48:59.291254 537967.869690157 reno 102.449 0.751 45 1460 6.160000 44 18397498 18400417 1 12613 12609 0 2920
2025-12-08T01:48:59.806136 537968.384550588 reno 101.127 0.428 48 1460 6.650000 48 18601898 18604817 1 12755 12751 0 2920
2025-12-08T01:48:59.806136 537968.384550588 reno 100.659 0.186 88 1460 20.400000 65535 18901198 18901197 1 12960 12958 0 0
2025-12-08T01:48:59.806136 537968.384550588 reno 100.702 0.132 88 1460 20.400000 65535 18982958 18982957 1 13015 13013 0 0
2025-12-08T01:48:59.806136 537968.384550588 reno 101.717 0.090 88 1460 20.200000 65535 2671838 2736077 0 1878 1833 44 0
2025-12-08T01:48:59.806136 537968.384550588 reno 102.449 0.751 45 1460 6.160000 44 18397498 18400417 1 12613 12609 0 2920
2025-12-08T01:49:00.318627 537968.897247968 reno 101.127 0.428 48 1460 6.650000 48 18601898 18604817 1 12755 12751 0 2920
2025-12-08T01:49:00.318627 537968.897247968 reno 100.659 0.186 88 1460 20.400000 65535 18901198 18901197 1 12960 12958 0 0
2025-12-08T01:49:00.318627 537968.897247968 reno 100.702 0.132 88 1460 20.400000 65535 18982958 18982957 1 13015 13013 0 0
2025-12-08T01:49:00.318627 537968.897247968 reno 105.882 0.292 88 1460 19.400000 65535 2991578 3055817 0 2097 2052 44 0
2025-12-08T01:49:00.318627 537968.897247968 reno 102.449 0.751 45 1460 6.160000 44 18397498 18400417 1 12613 12609 0 2920
2025-12-08T01:49:00.828618 537969.407045768 reno 101.127 0.428 48 1460 6.650000 48 18601898 18604817 1 12755 12751 0 2920
2025-12-08T01:49:00.828618 537969.407045768 reno 100.659 0.186 88 1460 20.400000 65535 18901198 18901197 1 12960 12958 0 0
2025-12-08T01:49:00.828618 537969.407045768 reno 100.702 0.132 88 1460 20.400000 65535 18982958 18982957 1 13015 13013 0 0
2025-12-08T01:49:00.828618 537969.407045768 reno 101.185 0.651 88 1460 20.300000 65535 3312778 3377017 0 2317 2272 44 0
2025-12-08T01:49:00.828618 537969.407045768 reno 102.449 0.751 45 1460 6.160000 44 18397498 18400417 1 12613 12609 0 2920
2025-12-08T01:49:01.338349 537969.916769650 reno 101.127 0.428 48 1460 6.650000 48 18601898 18604817 1 12755 12751 0 2920
2025-12-08T01:49:01.338349 537969.916769650 reno 100.659 0.186 88 1460 20.400000 65535 18901198 18901197 1 12960 12958 0 0
2025-12-08T01:49:01.338349 537969.916769650 reno 100.702 0.132 88 1460 20.400000 65535 18982958 18982957 1 13015 13013 0 0
2025-12-08T01:49:01.338349 537969.916769650 reno 101.818 0.132 88 1460 20.200000 65535 3633978 3698217 0 2537 2492 44 0
2025-12-08T01:49:01.338349 537969.916769650 reno 102.449 0.751 45 1460 6.160000 44 18397498 18400417 1 12613 12609 0 2920
2025-12-08T01:49:01.853577 537970.431998406 reno 101.127 0.428 48 1460 6.650000 48 18601898 18604817 1 12755 12751 0 2920
2025-12-08T01:49:01.853577 537970.431998406 reno 100.659 0.186 88 1460 20.400000 65535 18901198 18901197 1 12960 12958 0 0
2025-12-08T01:49:01.853577 537970.431998406 reno 100.702 0.132 88 1460 20.400000 65535 18982958 18982957 1 13015 13013 0 0
2025-12-08T01:49:01.853577 537970.431998406 reno 102.499 0.505 88 1460 20.100000 65535 3955178 4019417 0 2757 2712 44 0
2025-12-08T01:49:01.853577 537970.431998406 reno 102.449 0.751 45 1460 6.160000 44 18397498 18400417 1 12613 12609 0 2920
2025-12-08T01:49:02.369209 537970.947624029 reno 101.127 0.428 48 1460 6.650000 48 18601898 18604817 1 12755 12751 0 2920
2025-12-08T01:49:02.369209 537970.947624029 reno 100.659 0.186 88 1460 20.400000 65535 18901198 18901197 1 12960 12958 0 0
2025-12-08T01:49:02.369209 537970.947624029 reno 100.702 0.132 88 1460 20.400000 65535 18982958 18982957 1 13015 13013 0 0
2025-12-08T01:49:02.369209 537970.947624029 reno 101.667 0.388 88 1460 20.200000 65535 4276378 4340617 0 2977 2932 44 0
2025-12-08T01:49:02.369209 537970.947624029 reno 102.449 0.751 45 1460 6.160000 44 18397498 18400417 1 12613 12609 0 2920
2025-12-08T01:49:02.881363 537971.459968994 reno 101.127 0.428 48 1460 6.650000 48 18601898 18604817 1 12755 12751 0 2920
2025-12-08T01:49:02.881363 537971.459968994 reno 100.659 0.186 88 1460 20.400000 65535 18901198 18901197 1 12960 12958 0 0
2025-12-08T01:49:02.881363 537971.459968994 reno 100.702 0.132 88 1460 20.400000 65535 18982958 18982957 1 13015 13013 0 0
2025-12-08T01:49:02.881363 537971.459968994 reno 101.491 0.246 88 1460 20.300000 65535 4597578 4661817 0 3197 3152 44 0
2025-12-08T01:49:02.881363 537971.459968994 reno 102.449 0.751 45 1460 6.160000 44 18397498 18400417 1 12614 12610 0 2920
2025-12-08T01:49:03.403824 537971.982249012 reno 101.127 0.428 48 1460 6.650000 48 18601898 18604817 1 12755 12751 0 2920
2025-12-08T01:49:03.403824 537971.982249012 reno 100.659 0.186 88 1460 20.400000 65535 18901198 18901197 1 12960 12958 0 0
2025-12-08T01:49:03.403824 537971.982249012 reno 100.702 0.132 88 1460 20.400000 65535 18982958 18982957 1 13015 13013 0 0
2025-12-08T01:49:03.403824 537971.982249012 reno 100.649 0.062 88 1460 20.400000 65535 4918778 4983017 0 3417 3372 44 0
2025-12-08T01:49:03.403824 537971.982249012 reno 102.449 0.751 45 1460 6.160000 44 18397498 18400417 1 12614 12610 0 2920
2025-12-08T01:49:03.936750 537972.515161989 reno 101.127 0.428 48 1460 6.650000 48 18601898 18604817 1 12755 12751 0 2920
2025-12-08T01:49:03.936750 537972.515161989 reno 100.659 0.186 88 1460 20.400000 65535 18901198 18901197 1 12960 12958 0 0
2025-12-08T01:49:03.936750 537972.515161989 reno 100.702 0.132 88 1460 20.400000 65535 18982958 18982957 1 13015 13013 0 0
2025-12-08T01:49:03.936750 537972.515161989 reno 100.766 0.131 88 1460 20.400000 65535 5239978 5304217 0 3637 3592 44 0
2025-12-08T01:49:03.936750 537972.515161989 reno 102.449 0.751 45 1460 6.160000 44 18397498 18400417 1 12614 12610 0 2920
2025-12-08T01:49:04.445685 537973.024102130 reno 101.127 0.428 48 1460 6.650000 48 18601898 18604817 1 12755 12751 0 2920
2025-12-08T01:49:04.445685 537973.024102130 reno 100.659 0.186 88 1460 20.400000 65535 18901198 18901197 1 12960 12958 0 0
2025-12-08T01:49:04.445685 537973.024102130 reno 100.702 0.132 88 1460 20.400000 65535 18982958 18982957 1 13015 13013 0 0
2025-12-08T01:49:04.445685 537973.024102130 reno 101.850 0.212 88 1460 20.200000 65535 5561178 5625417 0 3857 3812 44 0
2025-12-08T01:49:04.445685 537973.024102130 reno 102.449 0.751 45 1460 6.160000 44 18397498 18400417 1 12614 12610 0 2920
2025-12-08T01:49:04.955866 537973.534276334 reno 101.127 0.428 48 1460 6.650000 48 18601898 18604817 1 12755 12751 0 2920
2025-12-08T01:49:04.955866 537973.534276334 reno 100.659 0.186 88 1460 20.400000 65535 18901198 18901197 1 12960 12958 0 0
2025-12-08T01:49:04.955866 537973.534276334 reno 100.702 0.132 88 1460 20.400000 65535 18982958 18982957 1 13015 13013 0 0
2025-12-08T01:49:04.955866 537973.534276334 reno 101.188 0.145 88 1460 20.300000 65535 5946618 6010857 0 4121 4076 44 0
2025-12-08T01:49:04.955866 537973.534276334 reno 102.449 0.751 45 1460 6.160000 44 18397498 18400417 1 12614 12610 0 2920
2025-12-08T01:49:05.474035 537974.052447370 reno 101.127 0.428 48 1460 6.650000 48 18601898 18604817 1 12755 12751 0 2920
2025-12-08T01:49:05.474035 537974.052447370 reno 100.659 0.186 88 1460 20.400000 65535 18901198 18901197 1 12960 12958 0 0
2025-12-08T01:49:05.474035 537974.052447370 reno 100.702 0.132 88 1460 20.400000 65535 18982958 18982957 1 13015 13013 0 0
2025-12-08T01:49:05.474035 537974.052447370 reno 100.473 0.050 88 1460 20.500000 65535 6267818 6332057 0 4341 4296 44 0
2025-12-08T01:49:05.474035 537974.052447370 reno 102.449 0.751 45 1460 6.160000 44 18397498 18400417 1 12614 12610 0 2920
2025-12-08T01:49:05.984987 537974.563577933 reno 101.127 0.428 48 1460 6.650000 48 18601898 18604817 1 12755 12751 0 2920
2025-12-08T01:49:05.984987 537974.563577933 reno 100.659 0.186 88 1460 20.400000 65535 18901198 18901197 1 12960 12958 0 0
2025-12-08T01:49:05.984987 537974.563577933 reno 100.702 0.132 88 1460 20.400000 65535 18982958 18982957 1 13015 13013 0 0
2025-12-08T01:49:05.984987 537974.563577933 reno 100.701 0.107 88 1460 20.400000 65535 6589018 6653257 0 4561 4516 44 0
2025-12-08T01:49:05.984987 537974.563577933 reno 102.449 0.751 45 1460 6.160000 44 18397498 18400417 1 12614 12610 0 2920
2025-12-08T01:49:06.502717 537975.081137978 reno 101.127 0.428 48 1460 6.650000 48 18601898 18604817 1 12755 12751 0 2920
2025-12-08T01:49:06.502717 537975.081137978 reno 100.659 0.186 88 1460 20.400000 65535 18901198 18901197 1 12960 12958 0 0
2025-12-08T01:49:06.502717 537975.081137978 reno 100.702 0.132 88 1460 20.400000 65535 18982958 18982957 1 13015 13013 0 0
2025-12-08T01:49:06.502717 537975.081137978 reno 103.590 0.078 88 1460 19.800000 65535 6910218 6974457 0 4781 4736 44 0
2025-12-08T01:49:06.502717 537975.081137978 reno 102.449 0.751 45 1460 6.160000 44 18397498 18400417 1 12614 12610 0 2920
2025-12-08T01:49:07.023182 537975.601689934 reno 101.127 0.428 48 1460 6.650000 48 18601898 18604817 1 12755 12751 0 2920
2025-12-08T01:49:07.023182 537975.601689934 reno 100.659 0.186 88 1460 20.400000 65535 18901198 18901197 1 12960 12958 0 0
2025-12-08T01:49:07.023182 537975.601689934 reno 100.702 0.132 88 1460 20.400000 65535 18982958 18982957 1 13015 13013 0 0
2025-12-08T01:49:07.023182 537975.601689934 reno 100.404 0.137 88 1460 20.500000 65535 7231418 7295657 0 5001 4956 44 0
2025-12-08T01:49:07.023182 537975.601689934 reno 102.449 0.751 45 1460 6.160000 44 18397498 18400417 1 12614 12610 0 2920
2025-12-08T01:49:07.539992 537976.118411782 reno 101.127 0.428 48 1460 6.650000 48 18601898 18604817 1 12755 12751 0 2920
2025-12-08T01:49:07.539992 537976.118411782 reno 100.659 0.186 88 1460 20.400000 65535 18901198 18901197 1 12960 12958 0 0
2025-12-08T01:49:07.539992 537976.118411782 reno 100.702 0.132 88 1460 20.400000 65535 18982958 18982957 1 13016 13014 0 0
2025-12-08T01:49:07.539992 537976.118411782 reno 101.253 0.043 88 1460 20.300000 65535 7552618 7616857 0 5221 5176 44 0
2025-12-08T01:49:07.539992 537976.118411782 reno 102.449 0.751 45 1460 6.160000 44 18397498 18400417 1 12614 12610 0 2920
2025-12-08T01:49:08.050716 537976.629130015 reno 101.127 0.428 48 1460 6.650000 48 18601898 18604817 1 12755 12751 0 2920
2025-12-08T01:49:08.050716 537976.629130015 reno 100.659 0.186 88 1460 20.400000 65535 18901198 18901197 1 12960 12958 0 0
2025-12-08T01:49:08.050716 537976.629130015 reno 100.702 0.132 88 1460 20.400000 65535 18982958 18982957 1 13016 13014 0 0
2025-12-08T01:49:08.050716 537976.629130015 reno 101.055 0.108 88 1460 20.300000 65535 7873818 7938057 0 5441 5396 44 0
2025-12-08T01:49:08.050716 537976.629130015 reno 102.449 0.751 45 1460 6.160000 44 18397498 18400417 1 12614 12610 0 2920
2025-12-08T01:49:08.570640 537977.149351848 reno 101.127 0.428 48 1460 6.650000 48 18601898 18604817 1 12755 12751 0 2920
2025-12-08T01:49:08.570640 537977.149351848 reno 100.659 0.186 88 1460 20.400000 65535 18901198 18901197 1 12960 12958 0 0
2025-12-08T01:49:08.570640 537977.149351848 reno 100.702 0.132 88 1460 20.400000 65535 18982958 18982957 1 13016 13014 0 0
2025-12-08T01:49:08.570640 537977.149351848 reno 104.165 3.501 88 1460 19.700000 65535 8195018 8259257 0 5661 5616 44 0
2025-12-08T01:49:08.570640 537977.149351848 reno 102.449 0.751 45 1460 6.160000 44 18397498 18400417 1 12614 12610 0 2920
2025-12-08T01:49:09.112413 537977.690838518 reno 101.127 0.428 48 1460 6.650000 48 18601898 18604817 1 12755 12751 0 2920
2025-12-08T01:49:09.112413 537977.690838518 reno 100.659 0.186 88 1460 20.400000 65535 18901198 18901197 1 12960 12958 0 0
2025-12-08T01:49:09.112413 537977.690838518 reno 100.702 0.132 88 1460 20.400000 65535 18982958 18982957 1 13016 13014 0 0
2025-12-08T01:49:09.112413 537977.690838518 reno 100.828 0.123 88 1460 20.400000 65535 8516218 8580457 0 5881 5836 44 0
2025-12-08T01:49:09.112413 537977.690838518 reno 102.449 0.751 45 1460 6.160000 44 18397498 18400417 1 12614 12610 0 2920
2025-12-08T01:49:09.634440 537978.212865905 reno 101.127 0.428 48 1460 6.650000 48 18601898 18604817 1 12755 12751 0 2920
2025-12-08T01:49:09.634440 537978.212865905 reno 100.659 0.186 88 1460 20.400000 65535 18901198 18901197 1 12960 12958 0 0
2025-12-08T01:49:09.634440 537978.212865905 reno 100.702 0.132 88 1460 20.400000 65535 18982958 18982957 1 13016 13014 0 0
2025-12-08T01:49:09.634440 537978.212865905 reno 102.347 0.402 88 1460 20.100000 65535 8841798 8906037 0 6104 6059 44 0
2025-12-08T01:49:09.634440 537978.212865905 reno 102.449 0.751 45 1460 6.160000 44 18397498 18400417 1 12614 12610 0 2920
2025-12-08T01:49:10.153694 537978.732482288 reno 101.127 0.428 48 1460 6.650000 48 18601898 18604817 1 12755 12751 0 2920
2025-12-08T01:49:10.153694 537978.732482288 reno 100.659 0.186 88 1460 20.400000 65535 18901198 18901197 1 12960 12958 0 0
2025-12-08T01:49:10.153694 537978.732482288 reno 100.702 0.132 88 1460 20.400000 65535 18982958 18982957 1 13016 13014 0 0
2025-12-08T01:49:10.153694 537978.732482288 reno 105.081 0.300 88 1460 19.600000 65535 9162998 9227237 0 6324 6279 44 0
2025-12-08T01:49:10.153694 537978.732482288 reno 102.449 0.751 45 1460 6.160000 44 18397498 18400417 1 12614 12610 0 2920
2025-12-08T01:49:10.756917 537979.335327126 reno 101.127 0.428 48 1460 6.650000 48 18601898 18604817 1 12755 12751 0 2920
2025-12-08T01:49:10.756917 537979.335327126 reno 100.659 0.186 88 1460 20.400000 65535 18901198 18901197 1 12960 12958 0 0
2025-12-08T01:49:10.756917 537979.335327126 reno 100.702 0.132 88 1460 20.400000 65535 18982958 18982957 1 13016 13014 0 0
2025-12-08T01:49:10.756917 537979.335327126 reno 102.259 1.173 88 1460 20.100000 65535 9484198 9548437 0 6544 6499 44 0
2025-12-08T01:49:10.756917 537979.335327126 reno 102.449 0.751 45 1460 6.160000 44 18397498 18400417 1 12614 12610 0 2920
2025-12-08T01:49:11.265409 537979.843822679 reno 101.127 0.428 48 1460 6.650000 48 18601898 18604817 1 12755 12751 0 2920
2025-12-08T01:49:11.265409 537979.843822679 reno 100.659 0.186 88 1460 20.400000 65535 18901198 18901197 1 12960 12958 0 0
2025-12-08T01:49:11.265409 537979.843822679 reno 100.702 0.132 88 1460 20.400000 65535 18982958 18982957 1 13016 13014 0 0
2025-12-08T01:49:11.265409 537979.843822679 reno 101.422 0.247 88 1460 20.300000 65535 9805398 9869637 0 6764 6719 44 0
2025-12-08T01:49:11.265409 537979.843822679 reno 102.449 0.751 45 1460 6.160000 44 18397498 18400417 1 12614 12610 0 2920
2025-12-08T01:49:11.773895 537980.352411481 reno 101.127 0.428 48 1460 6.650000 48 18601898 18604817 1 12755 12751 0 2920
2025-12-08T01:49:11.773895 537980.352411481 reno 100.659 0.186 88 1460 20.400000 65535 18901198 18901197 1 12960 12958 0 0
2025-12-08T01:49:11.773895 537980.352411481 reno 100.702 0.132 88 1460 20.400000 65535 18982958 18982957 1 13016 13014 0 0
2025-12-08T01:49:11.773895 537980.352411481 reno 100.939 0.314 88 1460 20.400000 65535 10141198 10205437 0 6994 6949 44 0
2025-12-08T01:49:11.773895 537980.352411481 reno 102.449 0.751 45 1460 6.160000 44 18397498 18400417 1 12614 12610 0 2920
2025-12-08T01:49:12.299897 537980.878323429 reno 101.127 0.428 48 1460 6.650000 48 18601898 18604817 1 12755 12751 0 2920
2025-12-08T01:49:12.299897 537980.878323429 reno 100.659 0.186 88 1460 20.400000 65535 18901198 18901197 1 12960 12958 0 0
2025-12-08T01:49:12.299897 537980.878323429 reno 100.702 0.132 88 1460 20.400000 65535 18982958 18982957 1 13016 13014 0 0
2025-12-08T01:49:12.299897 537980.878323429 reno 101.024 0.377 88 1460 20.300000 65535 10462398 10526637 0 7214 7169 44 0
2025-12-08T01:49:12.299897 537980.878323429 reno 102.449 0.751 45 1460 6.160000 44 18397498 18400417 1 12614 12610 0 2920
2025-12-08T01:49:12.815563 537981.393982160 reno 101.127 0.428 48 1460 6.650000 48 18601898 18604817 1 12755 12751 0 2920
2025-12-08T01:49:12.815563 537981.393982160 reno 100.659 0.186 88 1460 20.400000 65535 18901198 18901197 1 12960 12958 0 0
2025-12-08T01:49:12.815563 537981.393982160 reno 100.702 0.132 88 1460 20.400000 65535 18982958 18982957 1 13016 13014 0 0
2025-12-08T01:49:12.815563 537981.393982160 reno 102.016 0.108 88 1460 20.200000 65535 10783598 10847837 0 7434 7389 44 0
2025-12-08T01:49:12.815563 537981.393982160 reno 102.449 0.751 45 1460 6.160000 44 18397498 18400417 1 12615 12611 0 2920
2025-12-08T01:49:13.330852 537981.909260480 reno 101.127 0.428 48 1460 6.650000 48 18601898 18604817 1 12755 12751 0 2920
2025-12-08T01:49:13.330852 537981.909260480 reno 100.659 0.186 88 1460 20.400000 65535 18901198 18901197 1 12960 12958 0 0
2025-12-08T01:49:13.330852 537981.909260480 reno 100.702 0.132 88 1460 20.400000 65535 18982958 18982957 1 13016 13014 0 0
2025-12-08T01:49:13.330852 537981.909260480 reno 100.574 0.094 88 1460 20.400000 65535 11120858 11185097 0 7665 7620 44 0
2025-12-08T01:49:13.330852 537981.909260480 reno 102.449 0.751 45 1460 6.160000 44 18397498 18400417 1 12615 12611 0 2920
2025-12-08T01:49:13.848460 537982.427553545 reno 101.127 0.428 48 1460 6.650000 48 18601898 18604817 1 12755 12751 0 2920
2025-12-08T01:49:13.848460 537982.427553545 reno 100.659 0.186 88 1460 20.400000 65535 18901198 18901197 1 12960 12958 0 0
2025-12-08T01:49:13.848460 537982.427553545 reno 100.702 0.132 88 1460 20.400000 65535 18982958 18982957 1 13016 13014 0 0
2025-12-08T01:49:13.848460 537982.427553545 reno 101.131 0.275 88 1460 20.300000 65535 11475638 11539877 0 7908 7863 44 0
2025-12-08T01:49:13.848460 537982.427553545 reno 102.449 0.751 45 1460 6.160000 44 18397498 18400417 1 12615 12611 0 2920
2025-12-08T01:49:14.374661 537982.953070495 reno 101.127 0.428 48 1460 6.650000 48 18601898 18604817 1 12755 12751 0 2920
2025-12-08T01:49:14.374661 537982.953070495 reno 100.659 0.186 88 1460 20.400000 65535 18901198 18901197 1 12960 12958 0 0
2025-12-08T01:49:14.374661 537982.953070495 reno 100.702 0.132 88 1460 20.400000 65535 18982958 18982957 1 13016 13014 0 0
2025-12-08T01:49:14.374661 537982.953070495 reno 100.358 0.135 88 1460 20.500000 65535 11796838 11861077 0 8128 8083 44 0
2025-12-08T01:49:14.374661 537982.953070495 reno 102.449 0.751 45 1460 6.160000 44 18397498 18400417 1 12615 12611 0 2920
2025-12-08T01:49:14.883579 537983.462005245 reno 101.127 0.428 48 1460 6.650000 48 18601898 18604817 1 12755 12751 0 2920
2025-12-08T01:49:14.883579 537983.462005245 reno 100.659 0.186 88 1460 20.400000 65535 18901198 18901197 1 12960 12958 0 0
2025-12-08T01:49:14.883579 537983.462005245 reno 100.702 0.132 88 1460 20.400000 65535 18982958 18982957 1 13016 13014 0 0
2025-12-08T01:49:14.883579 537983.462005245 reno 104.199 3.441 88 1460 19.700000 65535 12118038 12180817 0 8347 8303 43 0
2025-12-08T01:49:14.883579 537983.462005245 reno 102.449 0.751 45 1460 6.160000 44 18397498 18400417 1 12615 12611 0 2920
2025-12-08T01:49:15.405640 537983.984979192 reno 101.127 0.428 48 1460 6.650000 48 18601898 18604817 1 12755 12751 0 2920
2025-12-08T01:49:15.405640 537983.984979192 reno 100.659 0.186 88 1460 20.400000 65535 18901198 18901197 1 12960 12958 0 0
2025-12-08T01:49:15.405640 537983.984979192 reno 100.702 0.132 88 1460 20.400000 65535 18982958 18982957 1 13016 13014 0 0
2025-12-08T01:49:15.405640 537983.984979192 reno 106.971 0.735 88 1460 19.200000 65535 12433398 12497637 0 8564 8519 44 0
2025-12-08T01:49:15.405640 537983.984979192 reno 102.449 0.751 45 1460 6.160000 44 18397498 18400417 1 12615 12611 0 2920
2025-12-08T01:49:15.928524 537984.506946530 reno 101.127 0.428 48 1460 6.650000 48 18601898 18604817 1 12755 12751 0 2920
2025-12-08T01:49:15.928524 537984.506946530 reno 100.659 0.186 88 1460 20.400000 65535 18901198 18901197 1 12960 12958 0 0
2025-12-08T01:49:15.928524 537984.506946530 reno 100.702 0.132 88 1460 20.400000 65535 18982958 18982957 1 13016 13014 0 0
2025-12-08T01:49:15.928524 537984.506946530 reno 101.334 0.142 88 1460 20.300000 65535 12754598 12818837 0 8784 8739 44 0
2025-12-08T01:49:15.928524 537984.506946530 reno 102.449 0.751 45 1460 6.160000 44 18397498 18400417 1 12615 12611 0 2920
2025-12-08T01:49:16.444539 537985.022972167 reno 101.127 0.428 48 1460 6.650000 48 18601898 18604817 1 12755 12751 0 2920
2025-12-08T01:49:16.444539 537985.022972167 reno 100.659 0.186 88 1460 20.400000 65535 18901198 18901197 1 12960 12958 0 0
2025-12-08T01:49:16.444539 537985.022972167 reno 100.702 0.132 88 1460 20.400000 65535 18982958 18982957 1 13016 13014 0 0
2025-12-08T01:49:16.444539 537985.022972167 reno 112.307 0.725 88 1460 18.300000 65535 13140038 13204277 0 9048 9003 44 0
2025-12-08T01:49:16.444539 537985.022972167 reno 102.449 0.751 45 1460 6.160000 44 18397498 18400417 1 12615 12611 0 2920
2025-12-08T01:49:17.058718 537985.637214566 reno 101.127 0.428 48 1460 6.650000 48 18601898 18604817 1 12755 12751 0 2920
2025-12-08T01:49:17.058718 537985.637214566 reno 100.659 0.186 88 1460 20.400000 65535 18901198 18901197 1 12960 12958 0 0
2025-12-08T01:49:17.058718 537985.637214566 reno 100.702 0.132 88 1460 20.400000 65535 18982958 18982957 1 13016 13014 0 0
2025-12-08T01:49:17.058718 537985.637214566 reno 103.078 0.211 88 1460 19.900000 65535 13461238 13525477 0 9268 9223 44 0
2025-12-08T01:49:17.058718 537985.637214566 reno 102.449 0.751 45 1460 6.160000 44 18397498 18400417 1 12615 12611 0 2920
2025-12-08T01:49:17.587629 537986.166052085 reno 101.127 0.428 48 1460 6.650000 48 18601898 18604817 1 12755 12751 0 2920
2025-12-08T01:49:17.587629 537986.166052085 reno 100.659 0.186 88 1460 20.400000 65535 18901198 18901197 1 12960 12958 0 0
2025-12-08T01:49:17.587629 537986.166052085 reno 100.702 0.132 88 1460 20.400000 65535 18982958 18982957 1 13016 13014 0 0
2025-12-08T01:49:17.587629 537986.166052085 reno 102.153 0.155 88 1460 20.100000 65535 13782438 13846677 0 9488 9443 44 0
2025-12-08T01:49:17.587629 537986.166052085 reno 102.449 0.751 45 1460 6.160000 44 18397498 18400417 1 12615 12611 0 2920
2025-12-08T01:49:18.099603 537986.678032992 reno 101.127 0.428 48 1460 6.650000 48 18601898 18604817 1 12755 12751 0 2920
2025-12-08T01:49:18.099603 537986.678032992 reno 100.659 0.186 88 1460 20.400000 65535 18901198 18901197 1 12960 12958 0 0
2025-12-08T01:49:18.099603 537986.678032992 reno 100.702 0.132 88 1460 20.400000 65535 18982958 18982957 1 13016 13014 0 0
2025-12-08T01:49:18.099603 537986.678032992 reno 101.218 0.089 88 1460 20.300000 65535 14103638 14167877 0 9708 9663 44 0
2025-12-08T01:49:18.099603 537986.678032992 reno 102.449 0.751 45 1460 6.160000 44 18397498 18400417 1 12615 12611 0 2920
2025-12-08T01:49:18.617216 537987.195746432 reno 101.127 0.428 48 1460 6.650000 48 18601898 18604817 1 12755 12751 0 2920
2025-12-08T01:49:18.617216 537987.195746432 reno 100.659 0.186 88 1460 20.400000 65535 18901198 18901197 1 12960 12958 0 0
2025-12-08T01:49:18.617216 537987.195746432 reno 100.702 0.132 88 1460 20.400000 65535 18982958 18982957 1 13016 13014 0 0
2025-12-08T01:49:18.617216 537987.195746432 reno 101.811 0.405 88 1460 20.200000 65535 14424838 14489077 0 9928 9883 44 0
2025-12-08T01:49:18.617216 537987.195746432 reno 102.449 0.751 45 1460 6.160000 44 18397498 18400417 1 12615 12611 0 2920
2025-12-08T01:49:19.133491 537987.711927646 reno 101.127 0.428 48 1460 6.650000 48 18601898 18604817 1 12755 12751 0 2920
2025-12-08T01:49:19.133491 537987.711927646 reno 100.659 0.186 88 1460 20.400000 65535 18901198 18901197 1 12960 12958 0 0
2025-12-08T01:49:19.133491 537987.711927646 reno 100.702 0.132 88 1460 20.400000 65535 18982958 18982957 1 13016 13014 0 0
2025-12-08T01:49:19.133491 537987.711927646 reno 103.117 0.271 88 1460 19.900000 65535 14746038 14810277 0 10148 10103 44 0
2025-12-08T01:49:19.133491 537987.711927646 reno 102.449 0.751 45 1460 6.160000 44 18397498 18400417 1 12615 12611 0 2920
2025-12-08T01:49:19.651022 537988.229485755 reno 101.127 0.428 48 1460 6.650000 48 18601898 18604817 1 12755 12751 0 2920
2025-12-08T01:49:19.651022 537988.229485755 reno 100.659 0.186 88 1460 20.400000 65535 18901198 18901197 1 12960 12958 0 0
2025-12-08T01:49:19.651022 537988.229485755 reno 100.702 0.132 88 1460 20.400000 65535 18982958 18982957 1 13016 13014 0 0
2025-12-08T01:49:19.651022 537988.229485755 reno 101.856 0.331 88 1460 20.200000 65535 15081838 15146077 0 10378 10333 44 0
2025-12-08T01:49:19.651022 537988.229485755 reno 102.449 0.751 45 1460 6.160000 44 18397498 18400417 1 12615 12611 0 2920
2025-12-08T01:49:20.172108 537988.750535433 reno 101.127 0.428 48 1460 6.650000 48 18601898 18604817 1 12755 12751 0 2920
2025-12-08T01:49:20.172108 537988.750535433 reno 100.659 0.186 88 1460 20.400000 65535 18901198 18901197 1 12960 12958 0 0
2025-12-08T01:49:20.172108 537988.750535433 reno 100.702 0.132 88 1460 20.400000 65535 18982958 18982957 1 13016 13014 0 0
2025-12-08T01:49:20.172108 537988.750535433 reno 103.086 0.146 88 1460 19.900000 65535 15403038 15467277 0 10598 10553 44 0
2025-12-08T01:49:20.172108 537988.750535433 reno 102.449 0.751 45 1460 6.160000 44 18397498 18400417 1 12615 12611 0 2920
2025-12-08T01:49:20.685713 537989.264949130 reno 101.127 0.428 48 1460 6.650000 48 18601898 18604817 1 12755 12751 0 2920
2025-12-08T01:49:20.685713 537989.264949130 reno 100.659 0.186 88 1460 20.400000 65535 18901198 18901197 1 12960 12958 0 0
2025-12-08T01:49:20.685713 537989.264949130 reno 100.702 0.132 88 1460 20.400000 65535 18982958 18982957 1 13016 13014 0 0
2025-12-08T01:49:20.685713 537989.264949130 reno 103.722 1.740 88 1460 19.800000 65535 15724238 15788477 0 10818 10773 44 0
2025-12-08T01:49:20.685713 537989.264949130 reno 102.449 0.751 45 1460 6.160000 44 18397498 18400417 1 12615 12611 0 2920
2025-12-08T01:49:21.237019 537989.815432599 reno 101.127 0.428 48 1460 6.650000 48 18601898 18604817 1 12755 12751 0 2920
2025-12-08T01:49:21.237019 537989.815432599 reno 100.659 0.186 88 1460 20.400000 65535 18901198 18901197 1 12960 12958 0 0
2025-12-08T01:49:21.237019 537989.815432599 reno 100.702 0.132 88 1460 20.400000 65535 18982958 18982957 1 13016 13014 0 0
2025-12-08T01:49:21.237019 537989.815432599 reno 101.161 1.205 88 1460 20.300000 65535 16045438 16109677 0 11038 10993 44 0
2025-12-08T01:49:21.237019 537989.815432599 reno 102.449 0.751 45 1460 6.160000 44 18397498 18400417 1 12615 12611 0 2920
2025-12-08T01:49:21.749754 537990.328176779 reno 101.127 0.428 48 1460 6.650000 48 18601898 18604817 1 12755 12751 0 2920
2025-12-08T01:49:21.749754 537990.328176779 reno 100.659 0.186 88 1460 20.400000 65535 18901198 18901197 1 12960 12958 0 0
2025-12-08T01:49:21.749754 537990.328176779 reno 100.702 0.132 88 1460 20.400000 65535 18982958 18982957 1 13016 13014 0 0
2025-12-08T01:49:21.749754 537990.328176779 reno 101.601 0.178 88 1460 20.200000 65535 16366638 16430877 0 11258 11213 44 0
2025-12-08T01:49:21.749754 537990.328176779 reno 102.449 0.751 45 1460 6.160000 44 18397498 18400417 1 12615 12611 0 2920
2025-12-08T01:49:22.262800 537990.841219329 reno 101.127 0.428 48 1460 6.650000 48 18601898 18604817 1 12755 12751 0 2920
2025-12-08T01:49:22.262800 537990.841219329 reno 100.659 0.186 88 1460 20.400000 65535 18901198 18901197 1 12960 12958 0 0
2025-12-08T01:49:22.262800 537990.841219329 reno 100.702 0.132 88 1460 20.400000 65535 18982958 18982957 1 13016 13014 0 0
2025-12-08T01:49:22.262800 537990.841219329 reno 101.878 0.782 88 1460 20.200000 65535 16687838 16752077 0 11478 11433 44 0
2025-12-08T01:49:22.262800 537990.841219329 reno 102.449 0.751 45 1460 6.160000 44 18397498 18400417 1 12615 12611 0 2920
2025-12-08T01:49:22.774486 537991.352916691 reno 101.127 0.428 48 1460 6.650000 48 18601898 18604817 1 12755 12751 0 2920
2025-12-08T01:49:22.774486 537991.352916691 reno 100.659 0.186 88 1460 20.400000 65535 18901198 18901197 1 12960 12958 0 0
2025-12-08T01:49:22.774486 537991.352916691 reno 100.702 0.132 88 1460 20.400000 65535 18982958 18982957 1 13016 13014 0 0
2025-12-08T01:49:22.774486 537991.352916691 reno 103.915 1.024 88 1460 19.800000 65535 17009038 17073277 0 11698 11653 44 0
2025-12-08T01:49:22.774486 537991.352916691 reno 102.449 0.751 45 1460 6.160000 44 18397498 18400417 1 12615 12611 0 2920
2025-12-08T01:49:23.287590 537991.866141778 reno 101.127 0.428 48 1460 6.650000 48 18601898 18604817 1 12755 12751 0 2920
2025-12-08T01:49:23.287590 537991.866141778 reno 100.659 0.186 88 1460 20.400000 65535 18901198 18901197 1 12960 12958 0 0
2025-12-08T01:49:23.287590 537991.866141778 reno 100.702 0.132 88 1460 20.400000 65535 18982958 18982957 1 13016 13014 0 0
2025-12-08T01:49:23.287590 537991.866141778 reno 101.191 0.267 88 1460 20.300000 65535 17331698 17395937 0 11919 11874 44 0
2025-12-08T01:49:23.287590 537991.866141778 reno 102.449 0.751 45 1460 6.160000 44 18397498 18400417 1 12615 12611 0 2920
2025-12-08T01:49:23.801673 537992.380098311 reno 101.127 0.428 48 1460 6.650000 48 18601898 18604817 1 12755 12751 0 2920
2025-12-08T01:49:23.801673 537992.380098311 reno 100.659 0.186 88 1460 20.400000 65535 18901198 18901197 1 12960 12958 0 0
2025-12-08T01:49:23.801673 537992.380098311 reno 100.702 0.132 88 1460 20.400000 65535 18982958 18982957 1 13016 13014 0 0
2025-12-08T01:49:23.801673 537992.380098311 reno 100.566 0.176 88 1460 20.400000 65535 17652898 17717137 0 12139 12094 44 0
2025-12-08T01:49:23.801673 537992.380098311 reno 102.449 0.751 45 1460 6.160000 44 18397498 18400417 1 12615 12611 0 2920
2025-12-08T01:49:24.318981 537992.897524706 reno 101.127 0.428 48 1460 6.650000 48 18601898 18604817 1 12755 12751 0 2920
2025-12-08T01:49:24.318981 537992.897524706 reno 100.659 0.186 88 1460 20.400000 65535 18901198 18901197 1 12960 12958 0 0
2025-12-08T01:49:24.318981 537992.897524706 reno 100.702 0.132 88 1460 20.400000 65535 18982958 18982957 1 13016 13014 0 0
2025-12-08T01:49:24.318981 537992.897524706 reno 101.310 0.261 88 1460 20.300000 65535 17974098 18038337 0 12359 12314 44 0
2025-12-08T01:49:24.318981 537992.897524706 reno 102.449 0.751 45 1460 6.160000 44 18397498 18400417 1 12615 12611 0 2920
2025-12-08T01:49:24.859661 537993.438107240 reno 101.127 0.428 48 1460 6.650000 48 18601898 18604817 1 12755 12751 0 2920
2025-12-08T01:49:24.859661 537993.438107240 reno 100.659 0.186 88 1460 20.400000 65535 18901198 18901197 1 12960 12958 0 0
2025-12-08T01:49:24.859661 537993.438107240 reno 100.702 0.132 88 1460 20.400000 65535 18982958 18982957 1 13016 13014 0 0
2025-12-08T01:49:24.859661 537993.438107240 reno 100.815 0.074 88 1460 20.400000 65535 18295298 18359537 0 12579 12534 44 0
2025-12-08T01:49:24.859661 537993.438107240 reno 102.449 0.751 45 1460 6.160000 44 18397498 18400417 1 12615 12611 0 2920
2025-12-08T01:49:25.376895 537993.955327303 reno 101.127 0.428 48 1460 6.650000 48 18601898 18604817 1 12755 12751 0 2920
2025-12-08T01:49:25.376895 537993.955327303 reno 100.659 0.186 88 1460 20.400000 65535 18901198 18901197 1 12960 12958 0 0
2025-12-08T01:49:25.376895 537993.955327303 reno 100.702 0.132 88 1460 20.400000 65535 18982958 18982957 1 13016 13014 0 0
2025-12-08T01:49:25.376895 537993.955327303 reno 100.925 0.214 88 1460 20.400000 65535 18616498 18680737 0 12799 12754 44 0
2025-12-08T01:49:25.376895 537993.955327303 reno 102.449 0.751 45 1460 6.160000 44 18397498 18400417 1 12615 12611 0 2920
