wall_time monotonic algo rtt_ms rtt_var_ms cwnd mss pacing_mbps ssthresh bytes_acked bytes_sent bytes_received segs_out segs_in unacked retrans_total
2025-12-08T01:02:32.946927 535181.525348889 reno 52.130 0.712 40 1460 17.900000 65535 43838 102237 0 73 32 40 0
2025-12-08T01:02:33.453211 535182.031640247 reno 53.189 0.215 89 1460 39.100000 65535 680398 744637 0 513 468 44 0
2025-12-08T01:02:33.963576 535182.542028951 reno 52.479 0.243 89 1460 39.600000 65535 1322798 1387037 0 953 908 44 0
2025-12-08T01:02:34.480071 535183.058544044 reno 50.462 0.112 89 1460 41.200000 65535 1941838 2006077 0 1377 1332 44 0
2025-12-08T01:02:34.988553 535183.567034735 reno 51.285 0.126 89 1460 40.500000 65535 2607598 2671837 0 1833 1788 44 0
2025-12-08T01:02:35.504691 535184.083130872 reno 62.449 0.529 89 1460 33.300000 65535 3184298 3248537 0 2228 2183 44 0
2025-12-08T01:02:36.014426 535184.592876912 reno 50.456 0.064 89 1460 41.200000 65535 3826698 3890937 0 2668 2623 44 0
2025-12-08T01:02:36.525104 535185.103654014 reno 50.436 0.087 89 1460 41.200000 65535 4469098 4533337 0 3108 3063 44 0
2025-12-08T01:02:37.033479 535185.611903575 reno 50.407 0.040 89 1460 41.200000 65535 5111498 5175737 0 3548 3503 44 0
2025-12-08T01:02:37.542344 535186.120768831 reno 53.909 0.852 89 1460 38.600000 65535 5753898 5818137 0 3988 3943 44 0
2025-12-08T01:02:38.052069 535186.630488238 reno 61.884 1.006 89 1460 33.600000 65535 6396298 6460537 0 4428 4383 44 0
2025-12-08T01:02:38.558423 535187.137043197 reno 50.713 0.213 89 1460 41.000000 65535 7002198 7066437 0 4843 4798 44 0
2025-12-08T01:02:39.069930 535187.648355822 reno 50.685 0.104 89 1460 41.000000 65535 7651898 7716137 0 5288 5243 44 0
2025-12-08T01:02:39.579934 535188.158361591 reno 50.431 0.068 89 1460 41.200000 65535 8301598 8365837 0 5733 5688 44 0
2025-12-08T01:02:40.090470 535188.668894684 reno 53.319 3.528 89 1460 39.000000 65535 8894358 8958597 0 6139 6094 44 0
2025-12-08T01:02:40.599170 535189.177655597 reno 50.681 0.211 89 1460 41.000000 65535 9535298 9599537 0 6578 6533 44 0
2025-12-08T01:02:41.107982 535189.686410133 reno 52.978 3.636 89 1460 39.200000 65535 10177698 10241937 0 7018 6973 44 0
2025-12-08T01:02:41.616483 535190.194899380 reno 50.844 0.339 89 1460 40.900000 65535 10818638 10882877 0 7457 7412 44 0
2025-12-08T01:02:42.126146 535190.705869665 reno 51.412 0.351 89 1460 40.400000 65535 11462498 11526737 0 7898 7853 44 0
2025-12-08T01:02:42.639540 535191.217958970 reno 55.519 3.018 89 1460 37.400000 65535 12101978 12166217 0 8336 8291 44 0
2025-12-08T01:02:43.147336 535191.725908304 reno 52.663 1.610 89 1460 39.500000 65535 12744378 12808617 0 8776 8731 44 0
2025-12-08T01:02:43.659037 535192.237459573 reno 57.250 5.089 89 1460 36.300000 65535 13386778 13451017 0 9216 9171 44 0
2025-12-08T01:02:44.184629 535192.763050886 reno 50.607 0.164 89 1460 41.100000 65535 14042318 14106557 0 9665 9620 44 0
2025-12-08T01:02:44.695651 535193.274069910 reno 52.014 0.171 89 1460 40.000000 65535 14710998 14775237 0 10123 10078 44 0
2025-12-08T01:02:45.209228 535193.787647346 reno 51.409 0.181 89 1460 40.400000 65535 15340258 15404497 0 10554 10509 44 0
2025-12-08T01:02:45.720707 535194.299130857 reno 57.554 1.065 89 1460 36.100000 65535 15968058 16029377 0 10982 10939 42 0
2025-12-08T01:02:46.241807 535194.820232074 reno 52.621 0.551 89 1460 39.500000 65535 16639658 16702437 0 11443 11399 43 0
2025-12-08T01:02:46.752379 535195.330796348 reno 51.961 0.318 89 1460 40.000000 65535 17230958 17295197 0 11849 11804 44 0
2025-12-08T01:02:47.262566 535195.841050126 reno 51.535 0.161 89 1460 40.300000 65535 17873358 17937597 0 12289 12244 44 0
2025-12-08T01:02:47.778728 535196.357234256 reno 50.313 0.032 89 1460 41.300000 65535 18515758 18579997 0 12729 12684 44 0
2025-12-08T01:02:48.287924 535196.866353340 reno 50.962 0.074 89 1460 40.800000 65535 19158158 19222397 0 13169 13124 44 0
2025-12-08T01:02:48.807149 535197.385587788 reno 55.745 0.154 89 1460 37.300000 65535 19845818 19910057 0 13640 13595 44 0
2025-12-08T01:02:49.345220 535197.923831525 reno 72.917 0.476 89 1460 28.500000 65535 20574358 20638597 0 14139 14094 44 0
2025-12-08T01:02:50.103516 535198.682721935 reno 58.868 1.026 89 1460 35.300000 65535 21155438 21219677 0 14537 14492 44 0
2025-12-08T01:02:50.627304 535199.205724351 reno 50.394 0.073 89 1460 41.300000 65535 21796378 21860617 0 14976 14931 44 0
2025-12-08T01:02:51.134443 535199.713038998 reno 50.655 0.117 89 1460 41.000000 65535 22434398 22498637 0 15413 15368 44 0
2025-12-08T01:02:51.647794 535200.226588534 reno 51.317 0.592 89 1460 40.500000 65535 23081178 23145417 0 15856 15811 44 0
2025-12-08T01:02:52.171452 535200.750031895 reno 50.427 0.253 89 1460 41.200000 65535 23722118 23786357 0 16295 16250 44 0
2025-12-08T01:02:52.689766 535201.268197303 reno 50.514 0.123 89 1460 41.200000 65535 24398098 24462337 0 16758 16713 44 0
2025-12-08T01:02:53.202292 535201.781463755 reno 56.352 0.402 89 1460 36.900000 65535 25044878 25109117 0 17201 17156 44 0
2025-12-08T01:02:53.721479 535202.299917030 reno 50.322 0.127 89 1460 41.300000 65535 25688738 25752977 0 17642 17597 44 0
2025-12-08T01:02:54.234093 535202.812799901 reno 51.515 0.092 89 1460 40.400000 65535 26393918 26458157 0 18125 18080 44 0
2025-12-08T01:02:54.783680 535203.362186587 reno 50.704 0.184 89 1460 41.000000 65535 27036318 27100557 0 18565 18520 44 0
2025-12-08T01:02:55.295595 535203.874018472 reno 50.517 0.057 89 1460 41.200000 65535 27668498 27732737 0 18998 18953 44 0
2025-12-08T01:02:55.804784 535204.383436398 reno 50.952 0.194 89 1460 40.800000 65535 28322578 28385357 0 19445 19401 43 0
2025-12-08T01:02:56.323947 535204.902471653 reno 50.752 0.084 89 1460 41.000000 65535 28963518 29027757 0 19885 19840 44 0
2025-12-08T01:02:56.838162 535205.416650533 reno 50.683 0.130 89 1460 41.000000 65535 29616138 29680377 0 20332 20287 44 0
2025-12-08T01:02:57.349517 535205.927928670 reno 50.602 0.089 89 1460 41.100000 65535 30214738 30277517 0 20741 20697 43 0
2025-12-08T01:02:57.861245 535206.439684630 reno 51.338 0.327 89 1460 40.500000 65535 30851298 30915537 0 21178 21133 44 0
2025-12-08T01:02:58.369953 535206.948435141 reno 50.337 0.057 89 1460 41.300000 65535 31493698 31557937 0 21618 21573 44 0
2025-12-08T01:02:58.905535 535207.483977887 reno 50.959 0.243 89 1460 40.800000 65535 32136098 32200337 0 22058 22013 44 0
2025-12-08T01:02:59.424060 535208.002480722 reno 51.947 0.417 89 1460 40.000000 65535 32778498 32842737 0 22498 22453 44 0
2025-12-08T01:02:59.936150 535208.514924704 reno 51.576 0.276 89 1460 40.300000 65535 33336218 33400457 0 22880 22835 44 0
2025-12-08T01:03:00.469093 535209.047509079 reno 51.078 0.156 89 1460 40.700000 65535 34006358 34070597 0 23339 23294 44 0
2025-12-08T01:03:00.979780 535209.558199880 reno 50.477 0.053 89 1460 41.200000 65535 34648758 34712997 0 23779 23734 44 0
2025-12-08T01:03:01.490365 535210.069034842 reno 52.241 0.475 89 1460 39.800000 65535 35226918 35291157 0 24175 24130 44 0
2025-12-08T01:03:02.003902 535210.582337385 reno 50.644 0.058 89 1460 41.100000 65535 35869318 35933557 0 24615 24570 44 0
2025-12-08T01:03:02.513127 535211.091542496 reno 50.512 0.121 89 1460 41.200000 65535 36511718 36575957 0 25055 25010 44 0
2025-12-08T01:03:03.023388 535211.601803797 reno 50.487 0.041 89 1460 41.200000 65535 37089878 37089877 1 25408 25407 0 0
