wall_time monotonic algo rtt_ms rtt_var_ms cwnd mss pacing_mbps ssthresh bytes_acked bytes_sent bytes_received segs_out segs_in unacked retrans_total
2025-12-08T01:58:20.030851 538528.609540616 reno 100.865 0.078 88 1460 20.400000 65535 18730378 18730377 1 12838 12835 0 0
2025-12-08T01:58:20.539104 538529.117559672 reno 100.865 0.078 88 1460 20.400000 65535 18730378 18730377 1 12838 12836 0 0
2025-12-08T01:58:21.053227 538529.631661502 reno 100.865 0.078 88 1460 20.400000 65535 18730378 18730377 1 12838 12836 0 0
2025-12-08T01:58:21.053227 538529.631661502 reno 103.159 0.104 80 1460 18.100000 65535 102238 166477 0 117 72 44 0
2025-12-08T01:58:21.562551 538530.141160867 reno 100.865 0.078 88 1460 20.400000 65535 18730378 18730377 1 12838 12836 0 0
2025-12-08T01:58:21.562551 538530.141160867 reno 111.242 0.257 88 1460 18.500000 65535 360658 424897 0 294 249 44 0
2025-12-08T01:58:22.074710 538530.653140482 reno 100.865 0.078 88 1460 20.400000 65535 18730378 18730377 1 12838 12836 0 0
2025-12-08T01:58:22.074710 538530.653140482 reno 101.911 0.053 88 1460 20.200000 65535 681858 746097 0 514 469 44 0
2025-12-08T01:58:22.596713 538531.175227971 reno 100.865 0.078 88 1460 20.400000 65535 18730378 18730377 1 12838 12836 0 0
2025-12-08T01:58:22.596713 538531.175227971 reno 100.308 0.016 88 1460 20.500000 65535 1003058 1067297 0 734 689 44 0
2025-12-08T01:58:23.122510 538531.700918734 reno 100.865 0.078 88 1460 20.400000 65535 18730378 18730377 1 12839 12837 0 0
2025-12-08T01:58:23.122510 538531.700918734 reno 100.712 0.159 88 1460 20.400000 65535 1324258 1388497 0 954 909 44 0
2025-12-08T01:58:23.634654 538532.213067970 reno 100.865 0.078 88 1460 20.400000 65535 18730378 18730377 1 12839 12837 0 0
2025-12-08T01:58:23.634654 538532.213067970 reno 100.357 0.061 88 1460 20.500000 65535 1645458 1709697 0 1174 1129 44 0
2025-12-08T01:58:24.143854 538532.722683331 reno 100.865 0.078 88 1460 20.400000 65535 18730378 18730377 1 12839 12837 0 0
2025-12-08T01:58:24.143854 538532.722683331 reno 108.836 13.558 88 1460 18.900000 65535 1972498 2036737 0 1398 1353 44 0
2025-12-08T01:58:24.667603 538533.246149005 reno 100.865 0.078 88 1460 20.400000 65535 18730378 18730377 1 12839 12837 0 0
2025-12-08T01:58:24.667603 538533.246149005 reno 101.840 0.060 88 1460 20.200000 65535 2318518 2382757 0 1635 1590 44 0
2025-12-08T01:58:25.182540 538533.761058278 reno 100.865 0.078 88 1460 20.400000 65535 18730378 18730377 1 12839 12837 0 0
2025-12-08T01:58:25.182540 538533.761058278 reno 101.218 0.053 88 1460 20.300000 65535 2639718 2703957 0 1855 1810 44 0
2025-12-08T01:58:25.693102 538534.271542457 reno 100.865 0.078 88 1460 20.400000 65535 18730378 18730377 1 12839 12837 0 0
2025-12-08T01:58:25.693102 538534.271542457 reno 102.582 0.829 88 1460 20.000000 65535 2960918 3025157 0 2075 2030 44 0
2025-12-08T01:58:26.206828 538534.785358957 reno 100.865 0.078 88 1460 20.400000 65535 18730378 18730377 1 12839 12837 0 0
2025-12-08T01:58:26.206828 538534.785358957 reno 101.216 0.070 88 1460 20.300000 65535 3282118 3346357 0 2295 2250 44 0
2025-12-08T01:58:26.718884 538535.297324153 reno 100.865 0.078 88 1460 20.400000 65535 18730378 18730377 1 12839 12837 0 0
2025-12-08T01:58:26.718884 538535.297324153 reno 102.174 0.098 88 1460 20.100000 65535 3603318 3667557 0 2515 2470 44 0
2025-12-08T01:58:27.228537 538535.807101176 reno 100.865 0.078 88 1460 20.400000 65535 18730378 18730377 1 12839 12837 0 0
2025-12-08T01:58:27.228537 538535.807101176 reno 105.770 0.744 88 1460 19.400000 65535 3953718 4017957 0 2755 2710 44 0
2025-12-08T01:58:27.759979 538536.338407927 reno 100.865 0.078 88 1460 20.400000 65535 18730378 18730377 1 12839 12837 0 0
2025-12-08T01:58:27.759979 538536.338407927 reno 101.862 0.052 88 1460 20.200000 65535 4274918 4339157 0 2975 2930 44 0
2025-12-08T01:58:28.268394 538536.846895263 reno 100.865 0.078 88 1460 20.400000 65535 18730378 18730377 1 12840 12838 0 0
2025-12-08T01:58:28.268394 538536.846895263 reno 101.314 0.121 88 1460 20.300000 65535 4596118 4660357 0 3195 3150 44 0
2025-12-08T01:58:28.778988 538537.357455440 reno 100.865 0.078 88 1460 20.400000 65535 18730378 18730377 1 12840 12838 0 0
2025-12-08T01:58:28.778988 538537.357455440 reno 100.364 0.079 88 1460 20.500000 65535 4917318 4981557 0 3415 3370 44 0
2025-12-08T01:58:29.290203 538537.868894268 reno 100.865 0.078 88 1460 20.400000 65535 18730378 18730377 1 12840 12838 0 0
2025-12-08T01:58:29.290203 538537.868894268 reno 107.459 2.100 88 1460 19.100000 65535 5235598 5299837 0 3633 3588 44 0
2025-12-08T01:58:29.819093 538538.397521771 reno 100.865 0.078 88 1460 20.400000 65535 18730378 18730377 1 12840 12838 0 0
2025-12-08T01:58:29.819093 538538.397521771 reno 100.621 0.092 88 1460 20.400000 65535 5556798 5621037 0 3853 3808 44 0
2025-12-08T01:58:30.329690 538538.908112779 reno 100.865 0.078 88 1460 20.400000 65535 18730378 18730377 1 12840 12838 0 0
2025-12-08T01:58:30.329690 538538.908112779 reno 102.395 0.343 88 1460 20.100000 65535 5876538 5940777 0 4072 4027 44 0
2025-12-08T01:58:30.840665 538539.419179447 reno 100.865 0.078 88 1460 20.400000 65535 18730378 18730377 1 12840 12838 0 0
2025-12-08T01:58:30.840665 538539.419179447 reno 100.902 0.054 88 1460 20.400000 65535 6197738 6261977 0 4292 4247 44 0
2025-12-08T01:58:31.354408 538539.932821154 reno 100.865 0.078 88 1460 20.400000 65535 18730378 18730377 1 12840 12838 0 0
2025-12-08T01:58:31.354408 538539.932821154 reno 100.746 0.212 88 1460 20.400000 65535 6518938 6583177 0 4512 4467 44 0
2025-12-08T01:58:31.869317 538540.447767715 reno 100.865 0.078 88 1460 20.400000 65535 18730378 18730377 1 12840 12838 0 0
2025-12-08T01:58:31.869317 538540.447767715 reno 102.315 0.198 88 1460 20.100000 65535 6840138 6904377 0 4732 4687 44 0
2025-12-08T01:58:32.386533 538540.964961572 reno 100.865 0.078 88 1460 20.400000 65535 18730378 18730377 1 12840 12838 0 0
2025-12-08T01:58:32.386533 538540.964961572 reno 102.280 0.273 88 1460 20.100000 65535 7161338 7225577 0 4952 4907 44 0
2025-12-08T01:58:32.898469 538541.476924515 reno 100.865 0.078 88 1460 20.400000 65535 18730378 18730377 1 12840 12838 0 0
2025-12-08T01:58:32.898469 538541.476924515 reno 102.014 0.148 88 1460 20.200000 65535 7482538 7546777 0 5172 5127 44 0
2025-12-08T01:58:33.415336 538541.993808626 reno 100.865 0.078 88 1460 20.400000 65535 18730378 18730377 1 12840 12838 0 0
2025-12-08T01:58:33.415336 538541.993808626 reno 101.439 0.235 88 1460 20.300000 65535 7805198 7869437 0 5393 5348 44 0
2025-12-08T01:58:33.940225 538542.518943809 reno 100.865 0.078 88 1460 20.400000 65535 18730378 18730377 1 12840 12838 0 0
2025-12-08T01:58:33.940225 538542.518943809 reno 102.036 0.205 88 1460 20.100000 65535 8164358 8228597 0 5639 5594 44 0
2025-12-08T01:58:34.463051 538543.041590158 reno 100.865 0.078 88 1460 20.400000 65535 18730378 18730377 1 12840 12838 0 0
2025-12-08T01:58:34.463051 538543.041590158 reno 111.612 0.791 88 1460 18.400000 65535 8508918 8573157 0 5875 5830 44 0
2025-12-08T01:58:34.990433 538543.568863721 reno 100.865 0.078 88 1460 20.400000 65535 18730378 18730377 1 12840 12838 0 0
2025-12-08T01:58:34.990433 538543.568863721 reno 101.883 0.188 88 1460 20.200000 65535 8831578 8895817 0 6096 6051 44 0
2025-12-08T01:58:35.502012 538544.080445419 reno 100.865 0.078 88 1460 20.400000 65535 18730378 18730377 1 12840 12838 0 0
2025-12-08T01:58:35.502012 538544.080445419 reno 105.555 7.267 88 1460 19.500000 65535 9098758 9162997 0 6279 6234 44 0
2025-12-08T01:58:36.025732 538544.604150250 reno 100.865 0.078 88 1460 20.400000 65535 18730378 18730377 1 12840 12838 0 0
2025-12-08T01:58:36.025732 538544.604150250 reno 102.478 0.381 88 1460 20.100000 65535 9469598 9533837 0 6533 6488 44 0
2025-12-08T01:58:36.543771 538545.122183090 reno 100.865 0.078 88 1460 20.400000 65535 18730378 18730377 1 12840 12838 0 0
2025-12-08T01:58:36.543771 538545.122183090 reno 100.537 0.045 88 1460 20.400000 65535 9790798 9855037 0 6753 6708 44 0
2025-12-08T01:58:37.054549 538545.633119465 reno 100.865 0.078 88 1460 20.400000 65535 18730378 18730377 1 12840 12838 0 0
2025-12-08T01:58:37.054549 538545.633119465 reno 103.459 0.033 88 1460 19.900000 65535 10109078 10173317 0 6971 6926 44 0
2025-12-08T01:58:37.572893 538546.151708171 reno 100.865 0.078 88 1460 20.400000 65535 18730378 18730377 1 12840 12838 0 0
2025-12-08T01:58:37.572893 538546.151708171 reno 104.827 0.498 88 1460 19.600000 65535 10430278 10494517 0 7191 7146 44 0
2025-12-08T01:58:38.089347 538546.667851542 reno 100.865 0.078 88 1460 20.400000 65535 18730378 18730377 1 12841 12839 0 0
2025-12-08T01:58:38.089347 538546.667851542 reno 102.664 0.050 88 1460 20.000000 65535 10751478 10815717 0 7411 7366 44 0
2025-12-08T01:58:38.613711 538547.192129904 reno 100.865 0.078 88 1460 20.400000 65535 18730378 18730377 1 12841 12839 0 0
2025-12-08T01:58:38.613711 538547.192129904 reno 101.011 0.338 88 1460 20.400000 65535 11082898 11147137 0 7638 7593 44 0
2025-12-08T01:58:39.134262 538547.713010904 reno 100.865 0.078 88 1460 20.400000 65535 18730378 18730377 1 12841 12839 0 0
2025-12-08T01:58:39.134262 538547.713010904 reno 102.950 0.060 88 1460 20.000000 65535 11404098 11468337 0 7858 7813 44 0
2025-12-08T01:58:39.659985 538548.238441662 reno 100.865 0.078 88 1460 20.400000 65535 18730378 18730377 1 12841 12839 0 0
2025-12-08T01:58:39.659985 538548.238441662 reno 101.074 0.307 88 1460 20.300000 65535 11725298 11789537 0 8078 8033 44 0
2025-12-08T01:58:40.177067 538548.755599433 reno 100.865 0.078 88 1460 20.400000 65535 18730378 18730377 1 12841 12839 0 0
2025-12-08T01:58:40.177067 538548.755599433 reno 105.093 0.107 88 1460 19.600000 65535 12046498 12110737 0 8298 8253 44 0
2025-12-08T01:58:40.693534 538549.271959132 reno 100.865 0.078 88 1460 20.400000 65535 18730378 18730377 1 12841 12839 0 0
2025-12-08T01:58:40.693534 538549.271959132 reno 104.433 0.257 88 1460 19.700000 65535 12367698 12431937 0 8518 8473 44 0
2025-12-08T01:58:41.216155 538549.794658727 reno 100.865 0.078 88 1460 20.400000 65535 18730378 18730377 1 12841 12839 0 0
2025-12-08T01:58:41.216155 538549.794658727 reno 100.735 0.075 88 1460 20.400000 65535 12690358 12754597 0 8739 8694 44 0
2025-12-08T01:58:41.735489 538550.313903670 reno 100.865 0.078 88 1460 20.400000 65535 18730378 18730377 1 12841 12839 0 0
2025-12-08T01:58:41.735489 538550.313903670 reno 101.449 0.114 88 1460 20.300000 65535 13011558 13075797 0 8959 8914 44 0
2025-12-08T01:58:42.246011 538550.824432507 reno 100.865 0.078 88 1460 20.400000 65535 18730378 18730377 1 12841 12839 0 0
2025-12-08T01:58:42.246011 538550.824432507 reno 101.960 0.083 88 1460 20.200000 65535 13331298 13395537 0 9178 9133 44 0
2025-12-08T01:58:42.760395 538551.338854279 reno 100.865 0.078 88 1460 20.400000 65535 18730378 18730377 1 12841 12839 0 0
2025-12-08T01:58:42.760395 538551.338854279 reno 101.467 0.268 88 1460 20.300000 65535 13656878 13721117 0 9401 9356 44 0
2025-12-08T01:58:43.277404 538551.855818301 reno 100.865 0.078 88 1460 20.400000 65535 18730378 18730377 1 12841 12839 0 0
2025-12-08T01:58:43.277404 538551.855818301 reno 101.672 0.972 88 1460 20.200000 65535 13986838 14051077 0 9627 9582 44 0
2025-12-08T01:58:43.791905 538552.370537110 reno 100.865 0.078 88 1460 20.400000 65535 18730378 18730377 1 12841 12839 0 0
2025-12-08T01:58:43.791905 538552.370537110 reno 102.240 0.504 88 1460 20.100000 65535 14324098 14386877 0 9857 9813 43 0
2025-12-08T01:58:44.317373 538552.895814243 reno 100.865 0.078 88 1460 20.400000 65535 18730378 18730377 1 12841 12839 0 0
2025-12-08T01:58:44.317373 538552.895814243 reno 100.805 0.232 88 1460 20.400000 65535 14642378 14706617 0 10076 10031 44 0
2025-12-08T01:58:44.829277 538553.407703931 reno 100.865 0.078 88 1460 20.400000 65535 18730378 18730377 1 12841 12839 0 0
2025-12-08T01:58:44.829277 538553.407703931 reno 100.789 0.057 88 1460 20.400000 65535 14963578 15027817 0 10296 10251 44 0
2025-12-08T01:58:45.344970 538553.923457389 reno 100.865 0.078 88 1460 20.400000 65535 18730378 18730377 1 12841 12839 0 0
2025-12-08T01:58:45.344970 538553.923457389 reno 101.969 2.740 88 1460 20.200000 65535 15284778 15349017 0 10516 10471 44 0
2025-12-08T01:58:45.858498 538554.436910592 reno 100.865 0.078 88 1460 20.400000 65535 18730378 18730377 1 12841 12839 0 0
2025-12-08T01:58:45.858498 538554.436910592 reno 100.834 0.095 88 1460 20.400000 65535 15605978 15670217 0 10736 10691 44 0
2025-12-08T01:58:46.382213 538554.960764540 reno 100.865 0.078 88 1460 20.400000 65535 18730378 18730377 1 12841 12839 0 0
2025-12-08T01:58:46.382213 538554.960764540 reno 106.332 4.655 88 1460 19.300000 65535 15928638 15992877 0 10957 10912 44 0
2025-12-08T01:58:46.933699 538555.512194614 reno 100.865 0.078 88 1460 20.400000 65535 18730378 18730377 1 12841 12839 0 0
2025-12-08T01:58:46.933699 538555.512194614 reno 101.149 0.187 88 1460 20.300000 65535 16311158 16375397 0 11219 11174 44 0
2025-12-08T01:58:47.450782 538556.029349422 reno 100.865 0.078 88 1460 20.400000 65535 18730378 18730377 1 12841 12839 0 0
2025-12-08T01:58:47.450782 538556.029349422 reno 102.411 0.511 88 1460 20.100000 65535 16633818 16698057 0 11440 11395 44 0
2025-12-08T01:58:47.963677 538556.542101886 reno 100.865 0.078 88 1460 20.400000 65535 18730378 18730377 1 12841 12839 0 0
2025-12-08T01:58:47.963677 538556.542101886 reno 101.617 0.411 88 1460 20.200000 65535 16955018 17019257 0 11660 11615 44 0
2025-12-08T01:58:48.473725 538557.052149353 reno 100.865 0.078 88 1460 20.400000 65535 18730378 18730377 1 12841 12839 0 0
2025-12-08T01:58:48.473725 538557.052149353 reno 100.986 0.217 88 1460 20.400000 65535 17276218 17340457 0 11880 11835 44 0
2025-12-08T01:58:48.981007 538557.559526864 reno 100.865 0.078 88 1460 20.400000 65535 18730378 18730377 1 12841 12839 0 0
2025-12-08T01:58:48.981007 538557.559526864 reno 102.633 0.043 88 1460 20.000000 65535 17597418 17661657 0 12100 12055 44 0
2025-12-08T01:58:49.494726 538558.073193563 reno 100.865 0.078 88 1460 20.400000 65535 18730378 18730377 1 12841 12839 0 0
2025-12-08T01:58:49.494726 538558.073193563 reno 101.602 0.128 88 1460 20.200000 65535 17917158 17981397 0 12319 12274 44 0
2025-12-08T01:58:50.014052 538558.592769871 reno 100.865 0.078 88 1460 20.400000 65535 18730378 18730377 1 12841 12839 0 0
2025-12-08T01:58:50.014052 538558.592769871 reno 101.951 0.014 88 1460 20.200000 65535 18238358 18302597 0 12539 12494 44 0
2025-12-08T01:58:50.539493 538559.117913712 reno 100.865 0.078 88 1460 20.400000 65535 18730378 18730377 1 12841 12839 0 0
2025-12-08T01:58:50.539493 538559.117913712 reno 102.198 0.117 88 1460 20.100000 65535 18559558 18623797 0 12759 12714 44 0
2025-12-08T01:58:51.049940 538559.628383921 reno 100.865 0.078 88 1460 20.400000 65535 18730378 18730377 1 12841 12839 0 0
2025-12-08T01:58:51.049940 538559.628383921 reno 100.754 0.053 88 1460 20.400000 65535 18816518 18816517 1 12892 12892 0 0
