wall_time monotonic algo rtt_ms rtt_var_ms cwnd mss pacing_mbps ssthresh bytes_acked bytes_sent bytes_received segs_out segs_in unacked retrans_total
2025-12-08T00:09:03.893358 531972.471792268 reno 11.941 0.526 88 1460 172.000000 65535 981158 1045397 0 719 689 44 0
2025-12-08T00:09:04.400776 531972.979283487 reno 11.333 0.298 88 1460 181.000000 65535 3013478 3071877 0 2107 2082 40 0
2025-12-08T00:09:04.920410 531973.498848123 reno 10.703 0.169 88 1460 192.000000 65535 5450218 5508617 0 3776 3770 40 0
2025-12-08T00:09:05.430327 531974.008940035 reno 11.918 0.530 88 1460 172.000000 65535 7943898 7990617 0 5476 5504 32 0
2025-12-08T00:09:05.967214 531974.545702277 reno 12.691 0.826 88 1460 162.000000 65535 10582118 10646357 0 7295 7340 44 0
2025-12-08T00:09:06.482085 531975.060549547 reno 11.151 0.218 88 1460 184.000000 65535 12988198 13034917 0 8931 8998 32 0
2025-12-08T00:09:06.994172 531975.572614893 reno 11.889 0.285 88 1460 173.000000 65535 15605978 15668757 0 10735 10795 43 0
2025-12-08T00:09:07.509399 531976.087997224 reno 11.470 0.261 88 1460 179.000000 65535 18033958 18098197 0 12399 12459 44 0
2025-12-08T00:09:08.018495 531976.596966223 reno 10.977 0.808 88 1460 187.000000 65535 20679478 20734957 0 14205 14309 38 0
2025-12-08T00:09:08.544473 531977.123644353 reno 16.789 6.838 88 1460 122.000000 65535 22613978 22630037 0 15503 15655 11 0
2025-12-08T00:09:09.107370 531977.685786446 reno 11.067 0.282 88 1460 186.000000 65535 23317698 23317697 0 15974 16215 0 0
2025-12-08T00:09:09.626765 531978.205179470 reno 10.725 0.172 88 1460 192.000000 65535 24040398 24054997 0 16479 16796 10 0
2025-12-08T00:09:10.313134 531978.891951607 reno 15.102 1.099 45 1460 41.800000 44 25811378 25878537 0 17728 18143 44 2920
2025-12-08T00:09:11.125493 531979.704217269 reno 11.045 0.386 45 1460 57.100000 44 27669958 27735657 0 19000 19587 43 2920
2025-12-08T00:09:11.644582 531980.222991405 reno 10.710 0.162 45 1460 58.900000 44 29937338 29998657 0 20550 21418 40 2920
2025-12-08T00:09:12.160150 531980.738591746 reno 10.348 0.209 45 1460 60.900000 44 32597458 32655857 0 22370 23411 38 2920
2025-12-08T00:09:12.668339 531981.246984098 reno 11.035 0.390 45 1460 57.200000 44 35057558 35124717 0 24061 25250 44 2920
2025-12-08T00:09:13.180917 531981.759382189 reno 12.126 0.664 45 1460 52.000000 44 37694318 37758557 0 25865 27269 42 2920
2025-12-08T00:09:13.715646 531982.294083828 reno 18.009 2.164 45 1460 35.000000 44 39122198 39189357 0 26845 28283 44 2920
2025-12-08T00:09:14.350022 531982.928664873 reno 15.524 1.497 45 1460 40.600000 44 40322318 40341297 0 27634 29201 11 2920
2025-12-08T00:09:14.862138 531983.440553104 reno 11.904 0.910 45 1460 53.000000 44 41589598 41652377 0 28532 30226 41 2920
2025-12-08T00:09:15.378367 531983.957034337 reno 11.854 0.746 45 1460 53.200000 44 43147418 43214577 0 29602 31450 44 2920
2025-12-08T00:09:15.907560 531984.485974525 reno 11.890 1.142 45 1460 53.000000 44 45214778 45281937 0 31018 33026 44 2920
2025-12-08T00:09:16.418562 531984.996970817 reno 11.485 0.724 45 1460 54.900000 44 47562458 47629617 0 32626 34783 44 2920
2025-12-08T00:09:16.924733 531985.503680653 reno 11.414 0.265 45 1460 55.300000 44 49755378 49822537 0 34128 36388 44 2920
2025-12-08T00:09:17.435812 531986.014222497 reno 10.512 0.099 45 1460 60.000000 44 52123498 52189197 0 35749 38024 43 2920
2025-12-08T00:09:17.943910 531986.522324794 reno 10.520 0.299 45 1460 60.000000 44 54754418 54821577 0 37552 39980 44 2920
2025-12-08T00:09:18.451256 531987.029679302 reno 11.412 0.234 45 1460 55.300000 44 57324018 57373657 0 39300 41883 32 2920
2025-12-08T00:09:18.964759 531987.543270079 reno 10.520 0.164 45 1460 60.000000 44 59922818 59950557 0 41065 43832 17 2920
2025-12-08T00:09:19.476830 531988.055240579 reno 10.462 0.234 45 1460 60.300000 44 62298238 62365397 0 42719 45612 44 2920
2025-12-08T00:09:19.986307 531988.564731374 reno 11.074 0.244 45 1460 57.000000 44 65022598 65070777 0 44572 47576 31 2920
2025-12-08T00:09:20.493666 531989.072075705 reno 14.412 2.206 45 1460 43.800000 44 67460798 67463717 0 46211 49453 0 2920
2025-12-08T00:09:21.004067 531989.582476775 reno 10.711 0.391 45 1460 58.900000 44 69769058 69836217 0 47836 51035 44 2920
2025-12-08T00:09:21.513166 531990.091647991 reno 10.621 0.248 45 1460 59.400000 44 72550358 72573717 0 49711 53046 14 2920
2025-12-08T00:09:22.023581 531990.601998685 reno 13.231 0.906 45 1460 47.700000 44 74871758 74938917 0 51331 54719 44 2920
2025-12-08T00:09:22.540132 531991.118547604 reno 10.480 0.139 45 1460 60.200000 44 77575678 77638457 0 53180 56633 41 2920
2025-12-08T00:09:23.050575 531991.628994129 reno 10.854 0.225 45 1460 58.100000 44 80045998 80113157 0 54875 58341 44 2920
2025-12-08T00:09:23.564031 531992.142456392 reno 10.476 0.208 45 1460 60.200000 44 82449158 82513397 0 56519 60091 42 2920
2025-12-08T00:09:24.074628 531992.653052830 reno 10.608 0.251 45 1460 59.500000 44 85015838 85071317 0 58271 61931 36 2920
2025-12-08T00:09:24.589693 531993.168105939 reno 12.947 0.617 45 1460 48.700000 44 87490538 87554777 0 59972 63867 42 2920
2025-12-08T00:09:25.099547 531993.677959139 reno 11.934 0.317 45 1460 52.900000 44 89462998 89527237 0 61323 65291 42 2920
2025-12-08T00:09:25.606784 531994.185205715 reno 10.909 0.102 45 1460 57.800000 44 92111438 92175677 0 63137 67109 42 2920
2025-12-08T00:09:26.121254 531994.699729332 reno 10.945 0.158 45 1460 57.600000 44 94406558 94472257 0 64710 68752 43 2920
2025-12-08T00:09:26.634790 531995.213213966 reno 10.525 0.102 45 1460 59.900000 44 97127998 97192237 0 66573 70710 42 2920
2025-12-08T00:09:27.141909 531995.720328960 reno 12.582 0.416 45 1460 50.100000 44 99707818 99729717 0 68311 72508 13 2920
2025-12-08T00:09:27.655252 531996.233746135 reno 16.569 1.592 45 1460 38.100000 44 102170838 102236537 0 70028 74472 43 2920
2025-12-08T00:09:28.168026 531996.746450740 reno 10.729 0.222 45 1460 58.800000 44 104817818 104870377 0 71832 76325 34 2920
2025-12-08T00:09:28.679992 531997.258474146 reno 10.494 0.252 45 1460 60.100000 44 107263318 107293977 0 73492 78117 19 2920
2025-12-08T00:09:29.193755 531997.772287646 reno 13.923 0.535 45 1460 45.300000 44 109554058 109619757 0 75085 79700 43 2920
2025-12-08T00:09:29.721129 531998.299547246 reno 14.172 2.051 45 1460 44.500000 44 112374778 112436097 0 77014 81699 40 2920
2025-12-08T00:09:30.246165 531998.824581466 reno 11.479 0.331 45 1460 54.900000 44 114891818 114956057 0 78740 83517 42 2920
2025-12-08T00:09:30.758235 531999.336649661 reno 10.960 0.405 45 1460 57.500000 44 117173798 117238037 0 80303 85089 42 2920
2025-12-08T00:09:31.271031 531999.849487218 reno 12.590 0.417 45 1460 50.100000 44 119985758 120049997 0 82229 87076 42 2920
2025-12-08T00:09:31.786132 532000.364543234 reno 13.576 0.344 45 1460 46.500000 44 122524698 122531997 0 83929 89042 3 2920
2025-12-08T00:09:32.309740 532000.888149352 reno 13.349 0.472 45 1460 47.200000 44 124997938 125065097 0 85664 90893 44 2920
2025-12-08T00:09:32.821594 532001.400028465 reno 13.963 1.623 45 1460 45.200000 44 127601118 127668277 0 87447 92809 44 2920
2025-12-08T00:09:33.332045 532001.910538392 reno 11.939 1.292 45 1460 52.800000 44 130159038 130226197 0 89199 94629 44 2920
