wall_time monotonic algo rtt_ms rtt_var_ms cwnd mss pacing_mbps ssthresh bytes_acked bytes_sent bytes_received segs_out segs_in unacked retrans_total
2025-12-08T02:45:28.193325 541356.772106019 reno 201.405 0.410 45 1460 3.130000 44 9310458 9313377 1 6388 6385 0 2920
2025-12-08T02:45:28.193325 541356.772106019 reno 202.065 0.506 88 1460 10.200000 65535 9473978 9473977 1 6503 6501 0 0
2025-12-08T02:45:28.193325 541356.772106019 reno 203.106 0.042 88 1460 10.100000 65535 9539678 9539677 1 6548 6546 0 0
2025-12-08T02:45:28.193325 541356.772106019 reno 201.207 0.072 88 1460 10.200000 65535 9466678 9466677 1 6497 6496 0 0
2025-12-08T02:45:28.700489 541357.278929072 reno 201.405 0.410 45 1460 3.130000 44 9310458 9313377 1 6389 6385 0 2920
2025-12-08T02:45:28.700489 541357.278929072 reno 202.065 0.506 88 1460 10.200000 65535 9473978 9473977 1 6503 6501 0 0
2025-12-08T02:45:28.700489 541357.278929072 reno 203.106 0.042 88 1460 10.100000 65535 9539678 9539677 1 6548 6546 0 0
2025-12-08T02:45:28.700489 541357.278929072 reno 201.207 0.072 88 1460 10.200000 65535 9466678 9466677 1 6497 6496 0 0
2025-12-08T02:45:29.209114 541357.787589774 reno 201.405 0.410 45 1460 3.130000 44 9310458 9313377 1 6389 6386 0 2920
2025-12-08T02:45:29.209114 541357.787589774 reno 202.065 0.506 88 1460 10.200000 65535 9473978 9473977 1 6503 6501 0 0
2025-12-08T02:45:29.209114 541357.787589774 reno 225.761 112.880 10 1460 1.030000 65535 1 37 0 3 1 1 0
2025-12-08T02:45:29.209114 541357.787589774 reno 203.106 0.042 88 1460 10.100000 65535 9539678 9539677 1 6548 6546 0 0
2025-12-08T02:45:29.209114 541357.787589774 reno 201.207 0.072 88 1460 10.200000 65535 9466678 9466677 1 6497 6496 0 0
2025-12-08T02:45:29.718345 541358.296800012 reno 201.405 0.410 45 1460 3.130000 44 9310458 9313377 1 6389 6386 0 2920
2025-12-08T02:45:29.718345 541358.296800012 reno 202.065 0.506 88 1460 10.200000 65535 9473978 9473977 1 6503 6501 0 0
2025-12-08T02:45:29.718345 541358.296800012 reno 219.918 73.618 20 1460 2.120000 65535 14638 43837 0 34 13 20 0
2025-12-08T02:45:29.718345 541358.296800012 reno 203.106 0.042 88 1460 10.100000 65535 9539678 9539677 1 6548 6546 0 0
2025-12-08T02:45:29.718345 541358.296800012 reno 201.207 0.072 88 1460 10.200000 65535 9466678 9466677 1 6497 6496 0 0
2025-12-08T02:45:30.242911 541358.821423940 reno 201.405 0.410 45 1460 3.130000 44 9310458 9313377 1 6389 6386 0 2920
2025-12-08T02:45:30.242911 541358.821423940 reno 202.065 0.506 88 1460 10.200000 65535 9473978 9473977 1 6503 6501 0 0
2025-12-08T02:45:30.242911 541358.821423940 reno 206.526 0.700 88 1460 9.950000 65535 166478 230717 0 162 117 44 0
2025-12-08T02:45:30.242911 541358.821423940 reno 203.106 0.042 88 1460 10.100000 65535 9539678 9539677 1 6548 6546 0 0
2025-12-08T02:45:30.242911 541358.821423940 reno 201.207 0.072 88 1460 10.200000 65535 9466678 9466677 1 6497 6496 0 0
2025-12-08T02:45:30.794096 541359.372530828 reno 201.405 0.410 45 1460 3.130000 44 9310458 9313377 1 6389 6386 0 2920
2025-12-08T02:45:30.794096 541359.372530828 reno 202.065 0.506 88 1460 10.200000 65535 9473978 9473977 1 6503 6501 0 0
2025-12-08T02:45:30.794096 541359.372530828 reno 202.125 0.255 88 1460 10.200000 65535 294958 359197 0 250 205 44 0
2025-12-08T02:45:30.794096 541359.372530828 reno 203.106 0.042 88 1460 10.100000 65535 9539678 9539677 1 6549 6547 0 0
2025-12-08T02:45:30.794096 541359.372530828 reno 201.207 0.072 88 1460 10.200000 65535 9466678 9466677 1 6497 6496 0 0
2025-12-08T02:45:31.314442 541359.893066293 reno 201.405 0.410 45 1460 3.130000 44 9310458 9313377 1 6389 6386 0 2920
2025-12-08T02:45:31.314442 541359.893066293 reno 202.065 0.506 88 1460 10.200000 65535 9473978 9473977 1 6503 6501 0 0
2025-12-08T02:45:31.314442 541359.893066293 reno 202.749 0.299 88 1460 10.100000 65535 487678 551917 0 382 337 44 0
2025-12-08T02:45:31.314442 541359.893066293 reno 203.106 0.042 88 1460 10.100000 65535 9539678 9539677 1 6549 6547 0 0
2025-12-08T02:45:31.314442 541359.893066293 reno 201.207 0.072 88 1460 10.200000 65535 9466678 9466677 1 6497 6496 0 0
2025-12-08T02:45:31.856611 541360.435049225 reno 201.405 0.410 45 1460 3.130000 44 9310458 9313377 1 6389 6386 0 2920
2025-12-08T02:45:31.856611 541360.435049225 reno 202.065 0.506 88 1460 10.200000 65535 9473978 9473977 1 6503 6501 0 0
2025-12-08T02:45:31.856611 541360.435049225 reno 202.646 0.138 88 1460 10.100000 65535 616158 680397 0 470 425 44 0
2025-12-08T02:45:31.856611 541360.435049225 reno 203.106 0.042 88 1460 10.100000 65535 9539678 9539677 1 6549 6547 0 0
2025-12-08T02:45:31.856611 541360.435049225 reno 201.207 0.072 88 1460 10.200000 65535 9466678 9466677 1 6497 6496 0 0
2025-12-08T02:45:32.370604 541360.949062417 reno 201.405 0.410 45 1460 3.130000 44 9310458 9313377 1 6390 6386 0 2920
2025-12-08T02:45:32.370604 541360.949062417 reno 202.065 0.506 88 1460 10.200000 65535 9473978 9473977 1 6503 6501 0 0
2025-12-08T02:45:32.370604 541360.949062417 reno 200.618 0.083 88 1460 10.200000 65535 808878 873117 0 602 557 44 0
2025-12-08T02:45:32.370604 541360.949062417 reno 203.106 0.042 88 1460 10.100000 65535 9539678 9539677 1 6549 6547 0 0
2025-12-08T02:45:32.370604 541360.949062417 reno 201.207 0.072 88 1460 10.200000 65535 9466678 9466677 1 6497 6496 0 0
2025-12-08T02:45:32.883386 541361.461800414 reno 201.405 0.410 45 1460 3.130000 44 9310458 9313377 1 6390 6387 0 2920
2025-12-08T02:45:32.883386 541361.461800414 reno 202.065 0.506 88 1460 10.200000 65535 9473978 9473977 1 6503 6501 0 0
2025-12-08T02:45:32.883386 541361.461800414 reno 202.347 0.039 88 1460 10.200000 65535 949038 1013277 0 698 653 44 0
2025-12-08T02:45:32.883386 541361.461800414 reno 203.106 0.042 88 1460 10.100000 65535 9539678 9539677 1 6549 6547 0 0
2025-12-08T02:45:32.883386 541361.461800414 reno 201.207 0.072 88 1460 10.200000 65535 9466678 9466677 1 6497 6496 0 0
2025-12-08T02:45:33.395444 541361.973881749 reno 201.405 0.410 45 1460 3.130000 44 9310458 9313377 1 6390 6387 0 2920
2025-12-08T02:45:33.395444 541361.973881749 reno 202.065 0.506 88 1460 10.200000 65535 9473978 9473977 1 6503 6501 0 0
2025-12-08T02:45:33.395444 541361.973881749 reno 200.707 0.358 88 1460 10.200000 65535 1127158 1191397 0 820 775 44 0
2025-12-08T02:45:33.395444 541361.973881749 reno 203.106 0.042 88 1460 10.100000 65535 9539678 9539677 1 6549 6547 0 0
2025-12-08T02:45:33.395444 541361.973881749 reno 201.207 0.072 88 1460 10.200000 65535 9466678 9466677 1 6497 6496 0 0
2025-12-08T02:45:33.908026 541362.486467038 reno 201.405 0.410 45 1460 3.130000 44 9310458 9313377 1 6390 6387 0 2920
2025-12-08T02:45:33.908026 541362.486467038 reno 202.065 0.506 88 1460 10.200000 65535 9473978 9473977 1 6503 6501 0 0
2025-12-08T02:45:33.908026 541362.486467038 reno 201.171 0.292 88 1460 10.200000 65535 1271698 1335937 0 919 874 44 0
2025-12-08T02:45:33.908026 541362.486467038 reno 203.106 0.042 88 1460 10.100000 65535 9539678 9539677 1 6549 6547 0 0
2025-12-08T02:45:33.908026 541362.486467038 reno 201.207 0.072 88 1460 10.200000 65535 9466678 9466677 1 6497 6496 0 0
2025-12-08T02:45:34.421559 541363.000149025 reno 201.405 0.410 45 1460 3.130000 44 9310458 9313377 1 6390 6387 0 2920
2025-12-08T02:45:34.421559 541363.000149025 reno 202.065 0.506 88 1460 10.200000 65535 9473978 9473977 1 6503 6501 0 0
2025-12-08T02:45:34.421559 541363.000149025 reno 201.575 0.185 88 1460 10.200000 65535 1448358 1512597 0 1040 995 44 0
2025-12-08T02:45:34.421559 541363.000149025 reno 203.106 0.042 88 1460 10.100000 65535 9539678 9539677 1 6549 6547 0 0
2025-12-08T02:45:34.421559 541363.000149025 reno 201.207 0.072 88 1460 10.200000 65535 9466678 9466677 1 6497 6496 0 0
2025-12-08T02:45:34.950872 541363.529389325 reno 201.405 0.410 45 1460 3.130000 44 9310458 9313377 1 6390 6387 0 2920
2025-12-08T02:45:34.950872 541363.529389325 reno 202.065 0.506 88 1460 10.200000 65535 9473978 9473977 1 6503 6501 0 0
2025-12-08T02:45:34.950872 541363.529389325 reno 206.476 4.665 88 1460 9.960000 65535 1603118 1667357 0 1146 1101 44 0
2025-12-08T02:45:34.950872 541363.529389325 reno 203.106 0.042 88 1460 10.100000 65535 9539678 9539677 1 6549 6547 0 0
2025-12-08T02:45:34.950872 541363.529389325 reno 201.207 0.072 88 1460 10.200000 65535 9466678 9466677 1 6497 6496 0 0
2025-12-08T02:45:35.471584 541364.050015039 reno 201.405 0.410 45 1460 3.130000 44 9310458 9313377 1 6390 6387 0 2920
2025-12-08T02:45:35.471584 541364.050015039 reno 202.065 0.506 88 1460 10.200000 65535 9473978 9473977 1 6503 6501 0 0
2025-12-08T02:45:35.471584 541364.050015039 reno 209.423 0.293 88 1460 9.820000 65535 1766638 1830877 0 1258 1213 44 0
2025-12-08T02:45:35.471584 541364.050015039 reno 203.106 0.042 88 1460 10.100000 65535 9539678 9539677 1 6549 6547 0 0
2025-12-08T02:45:35.471584 541364.050015039 reno 201.207 0.072 88 1460 10.200000 65535 9466678 9466677 1 6497 6496 0 0
2025-12-08T02:45:35.992277 541364.570735168 reno 201.405 0.410 45 1460 3.130000 44 9310458 9313377 1 6390 6387 0 2920
2025-12-08T02:45:35.992277 541364.570735168 reno 202.065 0.506 88 1460 10.200000 65535 9473978 9473977 1 6503 6501 0 0
2025-12-08T02:45:35.992277 541364.570735168 reno 202.588 0.169 88 1460 10.100000 65535 1959358 2023597 0 1390 1345 44 0
2025-12-08T02:45:35.992277 541364.570735168 reno 203.106 0.042 88 1460 10.100000 65535 9539678 9539677 1 6549 6547 0 0
2025-12-08T02:45:35.992277 541364.570735168 reno 201.207 0.072 88 1460 10.200000 65535 9466678 9466677 1 6497 6496 0 0
2025-12-08T02:45:36.504092 541365.082974459 reno 201.405 0.410 45 1460 3.130000 44 9310458 9313377 1 6390 6387 0 2920
2025-12-08T02:45:36.504092 541365.082974459 reno 202.065 0.506 88 1460 10.200000 65535 9473978 9473977 1 6503 6501 0 0
2025-12-08T02:45:36.504092 541365.082974459 reno 201.589 0.195 88 1460 10.200000 65535 2106818 2171057 0 1491 1446 44 0
2025-12-08T02:45:36.504092 541365.082974459 reno 203.106 0.042 88 1460 10.100000 65535 9539678 9539677 1 6549 6547 0 0
2025-12-08T02:45:36.504092 541365.082974459 reno 201.207 0.072 88 1460 10.200000 65535 9466678 9466677 1 6497 6496 0 0
2025-12-08T02:45:37.039701 541365.618131953 reno 201.405 0.410 45 1460 3.130000 44 9310458 9313377 1 6390 6387 0 2920
2025-12-08T02:45:37.039701 541365.618131953 reno 202.065 0.506 88 1460 10.200000 65535 9473978 9473977 1 6503 6501 0 0
2025-12-08T02:45:37.039701 541365.618131953 reno 201.119 0.137 88 1460 10.200000 65535 2280558 2344797 0 1610 1565 44 0
2025-12-08T02:45:37.039701 541365.618131953 reno 203.106 0.042 88 1460 10.100000 65535 9539678 9539677 1 6549 6547 0 0
2025-12-08T02:45:37.039701 541365.618131953 reno 201.207 0.072 88 1460 10.200000 65535 9466678 9466677 1 6497 6496 0 0
2025-12-08T02:45:37.557051 541366.135509363 reno 201.405 0.410 45 1460 3.130000 44 9310458 9313377 1 6390 6387 0 2920
2025-12-08T02:45:37.557051 541366.135509363 reno 202.065 0.506 88 1460 10.200000 65535 9473978 9473977 1 6503 6501 0 0
2025-12-08T02:45:37.557051 541366.135509363 reno 202.128 0.280 88 1460 10.200000 65535 2429478 2492257 0 1711 1667 43 0
2025-12-08T02:45:37.557051 541366.135509363 reno 203.106 0.042 88 1460 10.100000 65535 9539678 9539677 1 6549 6547 0 0
2025-12-08T02:45:37.557051 541366.135509363 reno 201.207 0.072 88 1460 10.200000 65535 9466678 9466677 1 6497 6496 0 0
2025-12-08T02:45:38.069547 541366.647969944 reno 201.405 0.410 45 1460 3.130000 44 9310458 9313377 1 6390 6387 0 2920
2025-12-08T02:45:38.069547 541366.647969944 reno 202.065 0.506 88 1460 10.200000 65535 9473978 9473977 1 6503 6501 0 0
2025-12-08T02:45:38.069547 541366.647969944 reno 202.312 0.125 88 1460 10.200000 65535 2601758 2665997 0 1830 1785 44 0
2025-12-08T02:45:38.069547 541366.647969944 reno 203.106 0.042 88 1460 10.100000 65535 9539678 9539677 1 6549 6547 0 0
2025-12-08T02:45:38.069547 541366.647969944 reno 201.207 0.072 88 1460 10.200000 65535 9466678 9466677 1 6497 6496 0 0
2025-12-08T02:45:38.583116 541367.161539680 reno 201.405 0.410 45 1460 3.130000 44 9310458 9313377 1 6390 6387 0 2920
2025-12-08T02:45:38.583116 541367.161539680 reno 202.065 0.506 88 1460 10.200000 65535 9473978 9473977 1 6503 6501 0 0
2025-12-08T02:45:38.583116 541367.161539680 reno 206.308 7.671 88 1460 9.960000 65535 2750678 2814917 0 1932 1887 44 0
2025-12-08T02:45:38.583116 541367.161539680 reno 203.106 0.042 88 1460 10.100000 65535 9539678 9539677 1 6549 6547 0 0
2025-12-08T02:45:38.583116 541367.161539680 reno 201.207 0.072 88 1460 10.200000 65535 9466678 9466677 1 6497 6496 0 0
2025-12-08T02:45:39.104635 541367.683396256 reno 201.405 0.410 45 1460 3.130000 44 9310458 9313377 1 6390 6387 0 2920
2025-12-08T02:45:39.104635 541367.683396256 reno 202.065 0.506 88 1460 10.200000 65535 9473978 9473977 1 6503 6501 0 0
2025-12-08T02:45:39.104635 541367.683396256 reno 202.235 0.125 88 1460 10.200000 65535 2920038 2984277 0 2048 2003 44 0
2025-12-08T02:45:39.104635 541367.683396256 reno 203.106 0.042 88 1460 10.100000 65535 9539678 9539677 1 6549 6547 0 0
2025-12-08T02:45:39.104635 541367.683396256 reno 201.207 0.072 88 1460 10.200000 65535 9466678 9466677 1 6497 6496 0 0
2025-12-08T02:45:39.619222 541368.197708986 reno 201.405 0.410 45 1460 3.130000 44 9310458 9313377 1 6391 6388 0 2920
2025-12-08T02:45:39.619222 541368.197708986 reno 202.065 0.506 88 1460 10.200000 65535 9473978 9473977 1 6503 6501 0 0
2025-12-08T02:45:39.619222 541368.197708986 reno 200.891 0.198 88 1460 10.200000 65535 3079178 3143417 0 2157 2112 44 0
2025-12-08T02:45:39.619222 541368.197708986 reno 203.106 0.042 88 1460 10.100000 65535 9539678 9539677 1 6549 6547 0 0
2025-12-08T02:45:39.619222 541368.197708986 reno 201.207 0.072 88 1460 10.200000 65535 9466678 9466677 1 6497 6496 0 0
2025-12-08T02:45:40.134752 541368.713199829 reno 201.405 0.410 45 1460 3.130000 44 9310458 9313377 1 6391 6388 0 2920
2025-12-08T02:45:40.134752 541368.713199829 reno 202.065 0.506 88 1460 10.200000 65535 9473978 9473977 1 6503 6501 0 0
2025-12-08T02:45:40.134752 541368.713199829 reno 202.257 0.137 88 1460 10.200000 65535 3241238 3305477 0 2268 2223 44 0
2025-12-08T02:45:40.134752 541368.713199829 reno 203.106 0.042 88 1460 10.100000 65535 9539678 9539677 1 6549 6547 0 0
2025-12-08T02:45:40.134752 541368.713199829 reno 201.207 0.072 88 1460 10.200000 65535 9466678 9466677 1 6497 6496 0 0
2025-12-08T02:45:40.656114 541369.234550535 reno 201.405 0.410 45 1460 3.130000 44 9310458 9313377 1 6391 6388 0 2920
2025-12-08T02:45:40.656114 541369.234550535 reno 202.065 0.506 88 1460 10.200000 65535 9473978 9473977 1 6503 6501 0 0
2025-12-08T02:45:40.656114 541369.234550535 reno 211.014 1.449 88 1460 9.740000 65535 3433958 3498197 0 2400 2355 44 0
2025-12-08T02:45:40.656114 541369.234550535 reno 203.106 0.042 88 1460 10.100000 65535 9539678 9539677 1 6549 6547 0 0
2025-12-08T02:45:40.656114 541369.234550535 reno 201.207 0.072 88 1460 10.200000 65535 9466678 9466677 1 6497 6496 0 0
2025-12-08T02:45:41.177159 541369.755584451 reno 201.405 0.410 45 1460 3.130000 44 9310458 9313377 1 6391 6388 0 2920
2025-12-08T02:45:41.177159 541369.755584451 reno 202.065 0.506 88 1460 10.200000 65535 9473978 9473977 1 6503 6501 0 0
2025-12-08T02:45:41.177159 541369.755584451 reno 201.492 0.320 88 1460 10.200000 65535 3582878 3647117 0 2502 2457 44 0
2025-12-08T02:45:41.177159 541369.755584451 reno 203.106 0.042 88 1460 10.100000 65535 9539678 9539677 1 6549 6547 0 0
2025-12-08T02:45:41.177159 541369.755584451 reno 201.207 0.072 88 1460 10.200000 65535 9466678 9466677 1 6497 6496 0 0
2025-12-08T02:45:41.694069 541370.272521447 reno 201.405 0.410 45 1460 3.130000 44 9310458 9313377 1 6391 6388 0 2920
2025-12-08T02:45:41.694069 541370.272521447 reno 202.065 0.506 88 1460 10.200000 65535 9473978 9473977 1 6503 6501 0 0
2025-12-08T02:45:41.694069 541370.272521447 reno 203.313 0.278 88 1460 10.100000 65535 3755158 3819397 0 2620 2575 44 0
2025-12-08T02:45:41.694069 541370.272521447 reno 203.106 0.042 88 1460 10.100000 65535 9539678 9539677 1 6549 6547 0 0
2025-12-08T02:45:41.694069 541370.272521447 reno 201.207 0.072 88 1460 10.200000 65535 9466678 9466677 1 6497 6496 0 0
2025-12-08T02:45:42.216927 541370.795404429 reno 201.405 0.410 45 1460 3.130000 44 9310458 9313377 1 6391 6388 0 2920
2025-12-08T02:45:42.216927 541370.795404429 reno 202.065 0.506 88 1460 10.200000 65535 9473978 9473977 1 6503 6501 0 0
2025-12-08T02:45:42.216927 541370.795404429 reno 201.851 0.302 88 1460 10.200000 65535 3905538 3969777 0 2723 2678 44 0
2025-12-08T02:45:42.216927 541370.795404429 reno 203.106 0.042 88 1460 10.100000 65535 9539678 9539677 1 6549 6547 0 0
2025-12-08T02:45:42.216927 541370.795404429 reno 201.207 0.072 88 1460 10.200000 65535 9466678 9466677 1 6497 6496 0 0
2025-12-08T02:45:42.749108 541371.327524408 reno 201.405 0.410 45 1460 3.130000 44 9310458 9313377 1 6391 6388 0 2920
2025-12-08T02:45:42.749108 541371.327524408 reno 202.065 0.506 88 1460 10.200000 65535 9473978 9473977 1 6503 6501 0 0
2025-12-08T02:45:42.749108 541371.327524408 reno 203.309 0.268 88 1460 10.100000 65535 4076358 4140597 0 2840 2795 44 0
2025-12-08T02:45:42.749108 541371.327524408 reno 203.106 0.042 88 1460 10.100000 65535 9539678 9539677 1 6549 6547 0 0
2025-12-08T02:45:42.749108 541371.327524408 reno 201.207 0.072 88 1460 10.200000 65535 9466678 9466677 1 6497 6496 0 0
2025-12-08T02:45:43.264543 541371.842956251 reno 201.405 0.410 45 1460 3.130000 44 9310458 9313377 1 6391 6388 0 2920
2025-12-08T02:45:43.264543 541371.842956251 reno 202.065 0.506 88 1460 10.200000 65535 9473978 9473977 1 6503 6501 0 0
2025-12-08T02:45:43.264543 541371.842956251 reno 200.873 0.146 88 1460 10.200000 65535 4231118 4295357 0 2946 2901 44 0
2025-12-08T02:45:43.264543 541371.842956251 reno 203.106 0.042 88 1460 10.100000 65535 9539678 9539677 1 6549 6547 0 0
2025-12-08T02:45:43.264543 541371.842956251 reno 201.207 0.072 88 1460 10.200000 65535 9466678 9466677 1 6497 6496 0 0
2025-12-08T02:45:43.778784 541372.357219730 reno 201.405 0.410 45 1460 3.130000 44 9310458 9313377 1 6391 6388 0 2920
2025-12-08T02:45:43.778784 541372.357219730 reno 202.065 0.506 88 1460 10.200000 65535 9473978 9473977 1 6503 6501 0 0
2025-12-08T02:45:43.778784 541372.357219730 reno 204.531 3.446 88 1460 10.100000 65535 4417998 4482237 0 3074 3029 44 0
2025-12-08T02:45:43.778784 541372.357219730 reno 203.106 0.042 88 1460 10.100000 65535 9539678 9539677 1 6549 6547 0 0
2025-12-08T02:45:43.778784 541372.357219730 reno 201.207 0.072 88 1460 10.200000 65535 9466678 9466677 1 6497 6496 0 0
2025-12-08T02:45:44.296858 541372.875284132 reno 201.405 0.410 45 1460 3.130000 44 9310458 9313377 1 6391 6388 0 2920
2025-12-08T02:45:44.296858 541372.875284132 reno 202.065 0.506 88 1460 10.200000 65535 9473978 9473977 1 6503 6501 0 0
2025-12-08T02:45:44.296858 541372.875284132 reno 202.881 1.296 88 1460 10.100000 65535 4556698 4620937 0 3169 3124 44 0
2025-12-08T02:45:44.296858 541372.875284132 reno 203.106 0.042 88 1460 10.100000 65535 9539678 9539677 1 6549 6547 0 0
2025-12-08T02:45:44.296858 541372.875284132 reno 201.207 0.072 88 1460 10.200000 65535 9466678 9466677 1 6497 6496 0 0
2025-12-08T02:45:44.813531 541373.391954463 reno 201.405 0.410 45 1460 3.130000 44 9310458 9313377 1 6391 6388 0 2920
2025-12-08T02:45:44.813531 541373.391954463 reno 202.065 0.506 88 1460 10.200000 65535 9473978 9473977 1 6503 6501 0 0
2025-12-08T02:45:44.813531 541373.391954463 reno 201.326 0.362 88 1460 10.200000 65535 4739198 4803437 0 3294 3249 44 0
2025-12-08T02:45:44.813531 541373.391954463 reno 203.106 0.042 88 1460 10.100000 65535 9539678 9539677 1 6549 6547 0 0
2025-12-08T02:45:44.813531 541373.391954463 reno 201.207 0.072 88 1460 10.200000 65535 9466678 9466677 1 6497 6496 0 0
2025-12-08T02:45:45.335475 541373.913897703 reno 201.405 0.410 45 1460 3.130000 44 9310458 9313377 1 6391 6388 0 2920
2025-12-08T02:45:45.335475 541373.913897703 reno 202.065 0.506 88 1460 10.200000 65535 9473978 9473977 1 6503 6501 0 0
2025-12-08T02:45:45.335475 541373.913897703 reno 207.252 3.854 88 1460 9.920000 65535 4911478 4974257 0 3411 3367 43 0
2025-12-08T02:45:45.335475 541373.913897703 reno 203.106 0.042 88 1460 10.100000 65535 9539678 9539677 1 6549 6547 0 0
2025-12-08T02:45:45.335475 541373.913897703 reno 201.207 0.072 88 1460 10.200000 65535 9466678 9466677 1 6498 6497 0 0
2025-12-08T02:45:45.853103 541374.431575774 reno 201.405 0.410 45 1460 3.130000 44 9310458 9313377 1 6391 6388 0 2920
2025-12-08T02:45:45.853103 541374.431575774 reno 202.065 0.506 88 1460 10.200000 65535 9473978 9473977 1 6503 6501 0 0
2025-12-08T02:45:45.853103 541374.431575774 reno 201.172 0.221 88 1460 10.200000 65535 5061858 5126097 0 3515 3470 44 0
2025-12-08T02:45:45.853103 541374.431575774 reno 203.106 0.042 88 1460 10.100000 65535 9539678 9539677 1 6549 6547 0 0
2025-12-08T02:45:45.853103 541374.431575774 reno 201.207 0.072 88 1460 10.200000 65535 9466678 9466677 1 6498 6497 0 0
2025-12-08T02:45:46.372720 541374.951156452 reno 201.405 0.410 45 1460 3.130000 44 9310458 9313377 1 6391 6388 0 2920
2025-12-08T02:45:46.372720 541374.951156452 reno 202.065 0.506 88 1460 10.200000 65535 9473978 9473977 1 6503 6501 0 0
2025-12-08T02:45:46.372720 541374.951156452 reno 201.526 0.057 88 1460 10.200000 65535 5253118 5317357 0 3646 3601 44 0
2025-12-08T02:45:46.372720 541374.951156452 reno 203.106 0.042 88 1460 10.100000 65535 9539678 9539677 1 6549 6547 0 0
2025-12-08T02:45:46.372720 541374.951156452 reno 201.207 0.072 88 1460 10.200000 65535 9466678 9466677 1 6498 6497 0 0
2025-12-08T02:45:46.907652 541375.486076737 reno 201.405 0.410 45 1460 3.130000 44 9310458 9313377 1 6391 6388 0 2920
2025-12-08T02:45:46.907652 541375.486076737 reno 202.065 0.506 88 1460 10.200000 65535 9473978 9473977 1 6503 6501 0 0
2025-12-08T02:45:46.907652 541375.486076737 reno 201.016 0.224 88 1460 10.200000 65535 5391818 5456057 0 3741 3696 44 0
2025-12-08T02:45:46.907652 541375.486076737 reno 203.106 0.042 88 1460 10.100000 65535 9539678 9539677 1 6549 6547 0 0
2025-12-08T02:45:46.907652 541375.486076737 reno 201.207 0.072 88 1460 10.200000 65535 9466678 9466677 1 6498 6497 0 0
2025-12-08T02:45:47.421860 541376.000276424 reno 201.405 0.410 45 1460 3.130000 44 9310458 9313377 1 6391 6388 0 2920
2025-12-08T02:45:47.421860 541376.000276424 reno 202.065 0.506 88 1460 10.200000 65535 9473978 9473977 1 6503 6501 0 0
2025-12-08T02:45:47.421860 541376.000276424 reno 201.027 0.206 88 1460 10.200000 65535 5574318 5638557 0 3866 3821 44 0
2025-12-08T02:45:47.421860 541376.000276424 reno 203.106 0.042 88 1460 10.100000 65535 9539678 9539677 1 6549 6547 0 0
2025-12-08T02:45:47.421860 541376.000276424 reno 201.207 0.072 88 1460 10.200000 65535 9466678 9466677 1 6498 6497 0 0
2025-12-08T02:45:47.937565 541376.515990888 reno 201.405 0.410 45 1460 3.130000 44 9310458 9313377 1 6391 6388 0 2920
2025-12-08T02:45:47.937565 541376.515990888 reno 202.065 0.506 88 1460 10.200000 65535 9473978 9473977 1 6503 6501 0 0
2025-12-08T02:45:47.937565 541376.515990888 reno 200.927 0.311 88 1460 10.200000 65535 5713018 5777257 0 3961 3916 44 0
2025-12-08T02:45:47.937565 541376.515990888 reno 203.106 0.042 88 1460 10.100000 65535 9539678 9539677 1 6549 6547 0 0
2025-12-08T02:45:47.937565 541376.515990888 reno 201.207 0.072 88 1460 10.200000 65535 9466678 9466677 1 6498 6497 0 0
2025-12-08T02:45:48.461414 541377.039866609 reno 201.405 0.410 45 1460 3.130000 44 9310458 9313377 1 6391 6388 0 2920
2025-12-08T02:45:48.461414 541377.039866609 reno 202.065 0.506 88 1460 10.200000 65535 9473978 9473977 1 6503 6501 0 0
2025-12-08T02:45:48.461414 541377.039866609 reno 202.816 2.773 88 1460 10.100000 65535 5896978 5961217 0 4087 4042 44 0
2025-12-08T02:45:48.461414 541377.039866609 reno 203.106 0.042 88 1460 10.100000 65535 9539678 9539677 1 6549 6547 0 0
2025-12-08T02:45:48.461414 541377.039866609 reno 201.207 0.072 88 1460 10.200000 65535 9466678 9466677 1 6498 6497 0 0
2025-12-08T02:45:48.975567 541377.553989130 reno 201.405 0.410 45 1460 3.130000 44 9310458 9313377 1 6391 6388 0 2920
2025-12-08T02:45:48.975567 541377.553989130 reno 202.065 0.506 88 1460 10.200000 65535 9473978 9473977 1 6503 6501 0 0
2025-12-08T02:45:48.975567 541377.553989130 reno 201.989 0.336 88 1460 10.200000 65535 6064878 6129117 0 4202 4157 44 0
2025-12-08T02:45:48.975567 541377.553989130 reno 203.106 0.042 88 1460 10.100000 65535 9539678 9539677 1 6549 6547 0 0
2025-12-08T02:45:48.975567 541377.553989130 reno 201.207 0.072 88 1460 10.200000 65535 9466678 9466677 1 6498 6497 0 0
2025-12-08T02:45:49.489569 541378.067999776 reno 201.405 0.410 45 1460 3.130000 44 9310458 9313377 1 6391 6388 0 2920
2025-12-08T02:45:49.489569 541378.067999776 reno 202.065 0.506 88 1460 10.200000 65535 9473978 9473977 1 6503 6501 0 0
2025-12-08T02:45:49.489569 541378.067999776 reno 202.249 1.011 88 1460 10.200000 65535 6222558 6286797 0 4310 4265 44 0
2025-12-08T02:45:49.489569 541378.067999776 reno 203.106 0.042 88 1460 10.100000 65535 9539678 9539677 1 6549 6547 0 0
2025-12-08T02:45:49.489569 541378.067999776 reno 201.207 0.072 88 1460 10.200000 65535 9466678 9466677 1 6498 6497 0 0
2025-12-08T02:45:50.005776 541378.584205527 reno 201.405 0.410 45 1460 3.130000 44 9310458 9313377 1 6391 6388 0 2920
2025-12-08T02:45:50.005776 541378.584205527 reno 202.065 0.506 88 1460 10.200000 65535 9473978 9473977 1 6503 6501 0 0
2025-12-08T02:45:50.005776 541378.584205527 reno 202.360 0.580 88 1460 10.200000 65535 6386078 6450317 0 4422 4377 44 0
2025-12-08T02:45:50.005776 541378.584205527 reno 203.106 0.042 88 1460 10.100000 65535 9539678 9539677 1 6549 6547 0 0
2025-12-08T02:45:50.005776 541378.584205527 reno 201.207 0.072 88 1460 10.200000 65535 9466678 9466677 1 6498 6497 0 0
2025-12-08T02:45:50.516641 541379.095062452 reno 201.405 0.410 45 1460 3.130000 44 9310458 9313377 1 6391 6388 0 2920
2025-12-08T02:45:50.516641 541379.095062452 reno 202.065 0.506 88 1460 10.200000 65535 9473978 9473977 1 6503 6501 0 0
2025-12-08T02:45:50.516641 541379.095062452 reno 201.870 0.285 88 1460 10.200000 65535 6543758 6607997 0 4530 4485 44 0
2025-12-08T02:45:50.516641 541379.095062452 reno 203.106 0.042 88 1460 10.100000 65535 9539678 9539677 1 6549 6547 0 0
2025-12-08T02:45:50.516641 541379.095062452 reno 201.207 0.072 88 1460 10.200000 65535 9466678 9466677 1 6498 6497 0 0
2025-12-08T02:45:51.029780 541379.608247689 reno 201.405 0.410 45 1460 3.130000 44 9310458 9313377 1 6391 6388 0 2920
2025-12-08T02:45:51.029780 541379.608247689 reno 202.065 0.506 88 1460 10.200000 65535 9473978 9473977 1 6503 6501 0 0
2025-12-08T02:45:51.029780 541379.608247689 reno 201.004 0.259 88 1460 10.200000 65535 6730638 6794877 0 4658 4613 44 0
2025-12-08T02:45:51.029780 541379.608247689 reno 203.106 0.042 88 1460 10.100000 65535 9539678 9539677 1 6549 6547 0 0
2025-12-08T02:45:51.029780 541379.608247689 reno 201.207 0.072 88 1460 10.200000 65535 9466678 9466677 1 6498 6497 0 0
2025-12-08T02:45:51.541339 541380.119755192 reno 201.405 0.410 45 1460 3.130000 44 9310458 9313377 1 6391 6388 0 2920
2025-12-08T02:45:51.541339 541380.119755192 reno 202.065 0.506 88 1460 10.200000 65535 9473978 9473977 1 6503 6501 0 0
2025-12-08T02:45:51.541339 541380.119755192 reno 201.127 0.673 88 1460 10.200000 65535 6869338 6933577 0 4753 4708 44 0
2025-12-08T02:45:51.541339 541380.119755192 reno 203.106 0.042 88 1460 10.100000 65535 9539678 9539677 1 6549 6547 0 0
2025-12-08T02:45:51.541339 541380.119755192 reno 201.207 0.072 88 1460 10.200000 65535 9466678 9466677 1 6498 6497 0 0
2025-12-08T02:45:52.055731 541380.634152376 reno 201.405 0.410 45 1460 3.130000 44 9310458 9313377 1 6391 6388 0 2920
2025-12-08T02:45:52.055731 541380.634152376 reno 202.065 0.506 88 1460 10.200000 65535 9473978 9473977 1 6503 6501 0 0
2025-12-08T02:45:52.055731 541380.634152376 reno 202.065 0.218 88 1460 10.200000 65535 7051838 7116077 0 4878 4833 44 0
2025-12-08T02:45:52.055731 541380.634152376 reno 203.106 0.042 88 1460 10.100000 65535 9539678 9539677 1 6549 6547 0 0
2025-12-08T02:45:52.055731 541380.634152376 reno 201.207 0.072 88 1460 10.200000 65535 9466678 9466677 1 6498 6497 0 0
2025-12-08T02:45:52.569782 541381.148192812 reno 201.405 0.410 45 1460 3.130000 44 9310458 9313377 1 6392 6388 0 2920
2025-12-08T02:45:52.569782 541381.148192812 reno 202.065 0.506 88 1460 10.200000 65535 9473978 9473977 1 6503 6501 0 0
2025-12-08T02:45:52.569782 541381.148192812 reno 201.377 0.344 88 1460 10.200000 65535 7190538 7254777 0 4973 4928 44 0
2025-12-08T02:45:52.569782 541381.148192812 reno 203.106 0.042 88 1460 10.100000 65535 9539678 9539677 1 6549 6547 0 0
2025-12-08T02:45:52.569782 541381.148192812 reno 201.207 0.072 88 1460 10.200000 65535 9466678 9466677 1 6498 6497 0 0
2025-12-08T02:45:53.088309 541381.666755749 reno 201.405 0.410 45 1460 3.130000 44 9310458 9313377 1 6392 6389 0 2920
2025-12-08T02:45:53.088309 541381.666755749 reno 202.065 0.506 88 1460 10.200000 65535 9473978 9473977 1 6503 6501 0 0
2025-12-08T02:45:53.088309 541381.666755749 reno 202.506 0.157 88 1460 10.200000 65535 7374498 7438737 0 5099 5054 44 0
2025-12-08T02:45:53.088309 541381.666755749 reno 203.106 0.042 88 1460 10.100000 65535 9539678 9539677 1 6549 6547 0 0
2025-12-08T02:45:53.088309 541381.666755749 reno 201.207 0.072 88 1460 10.200000 65535 9466678 9466677 1 6498 6497 0 0
2025-12-08T02:45:53.606064 541382.184494109 reno 201.405 0.410 45 1460 3.130000 44 9310458 9313377 1 6392 6389 0 2920
2025-12-08T02:45:53.606064 541382.184494109 reno 202.065 0.506 88 1460 10.200000 65535 9473978 9473977 1 6503 6501 0 0
2025-12-08T02:45:53.606064 541382.184494109 reno 201.552 0.220 88 1460 10.200000 65535 7511738 7575977 0 5193 5148 44 0
2025-12-08T02:45:53.606064 541382.184494109 reno 203.106 0.042 88 1460 10.100000 65535 9539678 9539677 1 6549 6547 0 0
2025-12-08T02:45:53.606064 541382.184494109 reno 201.207 0.072 88 1460 10.200000 65535 9466678 9466677 1 6498 6497 0 0
2025-12-08T02:45:54.128355 541382.706877426 reno 201.405 0.410 45 1460 3.130000 44 9310458 9313377 1 6392 6389 0 2920
2025-12-08T02:45:54.128355 541382.706877426 reno 202.065 0.506 88 1460 10.200000 65535 9473978 9473977 1 6503 6501 0 0
2025-12-08T02:45:54.128355 541382.706877426 reno 204.981 6.295 88 1460 10.000000 65535 7704458 7768697 0 5325 5280 44 0
2025-12-08T02:45:54.128355 541382.706877426 reno 203.106 0.042 88 1460 10.100000 65535 9539678 9539677 1 6549 6547 0 0
2025-12-08T02:45:54.128355 541382.706877426 reno 201.207 0.072 88 1460 10.200000 65535 9466678 9466677 1 6498 6497 0 0
2025-12-08T02:45:54.715028 541383.293464599 reno 201.405 0.410 45 1460 3.130000 44 9310458 9313377 1 6392 6389 0 2920
2025-12-08T02:45:54.715028 541383.293464599 reno 202.065 0.506 88 1460 10.200000 65535 9473978 9473977 1 6503 6501 0 0
2025-12-08T02:45:54.715028 541383.293464599 reno 202.354 0.816 88 1460 10.200000 65535 7888418 7952657 0 5451 5406 44 0
2025-12-08T02:45:54.715028 541383.293464599 reno 203.106 0.042 88 1460 10.100000 65535 9539678 9539677 1 6549 6547 0 0
2025-12-08T02:45:54.715028 541383.293464599 reno 201.207 0.072 88 1460 10.200000 65535 9466678 9466677 1 6498 6497 0 0
2025-12-08T02:45:55.229449 541383.807872199 reno 201.405 0.410 45 1460 3.130000 44 9310458 9313377 1 6392 6389 0 2920
2025-12-08T02:45:55.229449 541383.807872199 reno 202.065 0.506 88 1460 10.200000 65535 9473978 9473977 1 6503 6501 0 0
2025-12-08T02:45:55.229449 541383.807872199 reno 201.081 0.386 88 1460 10.200000 65535 8034418 8098657 0 5551 5506 44 0
2025-12-08T02:45:55.229449 541383.807872199 reno 203.106 0.042 88 1460 10.100000 65535 9539678 9539677 1 6549 6547 0 0
2025-12-08T02:45:55.229449 541383.807872199 reno 201.207 0.072 88 1460 10.200000 65535 9466678 9466677 1 6498 6497 0 0
2025-12-08T02:45:55.744669 541384.323090249 reno 201.405 0.410 45 1460 3.130000 44 9310458 9313377 1 6392 6389 0 2920
2025-12-08T02:45:55.744669 541384.323090249 reno 202.065 0.506 88 1460 10.200000 65535 9473978 9473977 1 6503 6501 0 0
2025-12-08T02:45:55.744669 541384.323090249 reno 201.359 0.058 88 1460 10.200000 65535 8209618 8273857 0 5671 5626 44 0
2025-12-08T02:45:55.744669 541384.323090249 reno 203.106 0.042 88 1460 10.100000 65535 9539678 9539677 1 6549 6547 0 0
2025-12-08T02:45:55.744669 541384.323090249 reno 201.207 0.072 88 1460 10.200000 65535 9466678 9466677 1 6498 6497 0 0
2025-12-08T02:45:56.260059 541384.838519088 reno 201.405 0.410 45 1460 3.130000 44 9310458 9313377 1 6392 6389 0 2920
2025-12-08T02:45:56.260059 541384.838519088 reno 202.065 0.506 88 1460 10.200000 65535 9473978 9473977 1 6503 6501 0 0
2025-12-08T02:45:56.260059 541384.838519088 reno 201.879 0.607 88 1460 10.200000 65535 8374598 8438837 0 5784 5739 44 0
2025-12-08T02:45:56.260059 541384.838519088 reno 203.106 0.042 88 1460 10.100000 65535 9539678 9539677 1 6549 6547 0 0
2025-12-08T02:45:56.260059 541384.838519088 reno 201.207 0.072 88 1460 10.200000 65535 9466678 9466677 1 6498 6497 0 0
2025-12-08T02:45:56.779969 541385.358390761 reno 201.405 0.410 45 1460 3.130000 44 9310458 9313377 1 6392 6389 0 2920
2025-12-08T02:45:56.779969 541385.358390761 reno 202.065 0.506 88 1460 10.200000 65535 9473978 9473977 1 6503 6501 0 0
2025-12-08T02:45:56.779969 541385.358390761 reno 203.158 2.596 88 1460 10.100000 65535 8539578 8603817 0 5897 5852 44 0
2025-12-08T02:45:56.779969 541385.358390761 reno 203.106 0.042 88 1460 10.100000 65535 9539678 9539677 1 6549 6547 0 0
2025-12-08T02:45:56.779969 541385.358390761 reno 201.207 0.072 88 1460 10.200000 65535 9466678 9466677 1 6498 6497 0 0
2025-12-08T02:45:57.295753 541385.874188222 reno 201.405 0.410 45 1460 3.130000 44 9310458 9313377 1 6392 6389 0 2920
2025-12-08T02:45:57.295753 541385.874188222 reno 202.065 0.506 88 1460 10.200000 65535 9473978 9473977 1 6503 6501 0 0
2025-12-08T02:45:57.295753 541385.874188222 reno 202.938 0.308 88 1460 10.100000 65535 8722078 8786317 0 6022 5977 44 0
2025-12-08T02:45:57.295753 541385.874188222 reno 203.106 0.042 88 1460 10.100000 65535 9539678 9539677 1 6549 6547 0 0
2025-12-08T02:45:57.295753 541385.874188222 reno 201.207 0.072 88 1460 10.200000 65535 9466678 9466677 1 6498 6497 0 0
2025-12-08T02:45:57.809904 541386.388452739 reno 201.405 0.410 45 1460 3.130000 44 9310458 9313377 1 6392 6389 0 2920
2025-12-08T02:45:57.809904 541386.388452739 reno 202.065 0.506 88 1460 10.200000 65535 9473978 9473977 1 6503 6501 0 0
2025-12-08T02:45:57.809904 541386.388452739 reno 201.207 0.230 88 1460 10.200000 65535 8860778 8925017 0 6117 6072 44 0
2025-12-08T02:45:57.809904 541386.388452739 reno 203.106 0.042 88 1460 10.100000 65535 9539678 9539677 1 6549 6547 0 0
2025-12-08T02:45:57.809904 541386.388452739 reno 201.207 0.072 88 1460 10.200000 65535 9466678 9466677 1 6498 6497 0 0
2025-12-08T02:45:58.342607 541386.921039667 reno 201.405 0.410 45 1460 3.130000 44 9310458 9313377 1 6392 6389 0 2920
2025-12-08T02:45:58.342607 541386.921039667 reno 202.065 0.506 88 1460 10.200000 65535 9473978 9473977 1 6503 6501 0 0
2025-12-08T02:45:58.342607 541386.921039667 reno 200.964 0.159 88 1460 10.200000 65535 9044738 9108977 0 6243 6198 44 0
2025-12-08T02:45:58.342607 541386.921039667 reno 203.106 0.042 88 1460 10.100000 65535 9539678 9539677 1 6549 6547 0 0
2025-12-08T02:45:58.342607 541386.921039667 reno 201.207 0.072 88 1460 10.200000 65535 9466678 9466677 1 6498 6497 0 0
2025-12-08T02:45:58.851801 541387.430215439 reno 201.405 0.410 45 1460 3.130000 44 9310458 9313377 1 6392 6389 0 2920
2025-12-08T02:45:58.851801 541387.430215439 reno 202.065 0.506 88 1460 10.200000 65535 9473978 9473977 1 6503 6501 0 0
2025-12-08T02:45:58.851801 541387.430215439 reno 201.343 0.286 88 1460 10.200000 65535 9187818 9252057 0 6341 6296 44 0
2025-12-08T02:45:58.851801 541387.430215439 reno 203.106 0.042 88 1460 10.100000 65535 9539678 9539677 1 6549 6547 0 0
2025-12-08T02:45:58.851801 541387.430215439 reno 201.207 0.072 88 1460 10.200000 65535 9466678 9466677 1 6498 6497 0 0
2025-12-08T02:45:59.365822 541387.944287957 reno 201.405 0.410 45 1460 3.130000 44 9310458 9313377 1 6392 6389 0 2920
2025-12-08T02:45:59.365822 541387.944287957 reno 202.065 0.506 88 1460 10.200000 65535 9473978 9473977 1 6503 6501 0 0
2025-12-08T02:45:59.365822 541387.944287957 reno 201.916 0.259 88 1460 10.200000 65535 9365938 9430177 0 6463 6418 44 0
2025-12-08T02:45:59.365822 541387.944287957 reno 203.106 0.042 88 1460 10.100000 65535 9539678 9539677 1 6549 6547 0 0
2025-12-08T02:45:59.365822 541387.944287957 reno 201.207 0.072 88 1460 10.200000 65535 9466678 9466677 1 6498 6497 0 0
2025-12-08T02:45:59.876329 541388.454756218 reno 201.405 0.410 45 1460 3.130000 44 9310458 9313377 1 6392 6389 0 2920
2025-12-08T02:45:59.876329 541388.454756218 reno 202.065 0.506 88 1460 10.200000 65535 9473978 9473977 1 6503 6501 0 0
2025-12-08T02:45:59.876329 541388.454756218 reno 203.201 0.676 88 1460 10.100000 65535 9530918 9530917 1 6534 6534 0 0
2025-12-08T02:45:59.876329 541388.454756218 reno 203.106 0.042 88 1460 10.100000 65535 9539678 9539677 1 6549 6547 0 0
2025-12-08T02:45:59.876329 541388.454756218 reno 201.207 0.072 88 1460 10.200000 65535 9466678 9466677 1 6498 6497 0 0
