wall_time monotonic algo rtt_ms rtt_var_ms cwnd mss pacing_mbps ssthresh bytes_acked bytes_sent bytes_received segs_out segs_in unacked retrans_total
2025-12-08T01:58:53.226443 538561.805083811 reno 100.865 0.078 88 1460 20.400000 65535 18730378 18730377 1 12841 12839 0 0
2025-12-08T01:58:53.226443 538561.805083811 reno 100.754 0.053 88 1460 20.400000 65535 18816518 18816517 1 12895 12893 0 0
2025-12-08T01:58:53.735782 538562.314232124 reno 100.865 0.078 88 1460 20.400000 65535 18730378 18730377 1 12841 12839 0 0
2025-12-08T01:58:53.735782 538562.314232124 reno 100.754 0.053 88 1460 20.400000 65535 18816518 18816517 1 12895 12894 0 0
2025-12-08T01:58:54.247650 538562.826068225 reno 100.865 0.078 88 1460 20.400000 65535 18730378 18730377 1 12841 12839 0 0
2025-12-08T01:58:54.247650 538562.826068225 reno 113.479 25.556 80 1460 16.500000 65535 102238 166477 0 118 73 44 0
2025-12-08T01:58:54.247650 538562.826068225 reno 100.754 0.053 88 1460 20.400000 65535 18816518 18816517 1 12895 12894 0 0
2025-12-08T01:58:54.763007 538563.341488600 reno 100.865 0.078 88 1460 20.400000 65535 18730378 18730377 1 12841 12839 0 0
2025-12-08T01:58:54.763007 538563.341488600 reno 101.361 0.034 88 1460 20.300000 65535 423438 487677 0 338 293 44 0
2025-12-08T01:58:54.763007 538563.341488600 reno 100.754 0.053 88 1460 20.400000 65535 18816518 18816517 1 12895 12894 0 0
2025-12-08T01:58:55.291127 538563.869627889 reno 100.865 0.078 88 1460 20.400000 65535 18730378 18730377 1 12841 12839 0 0
2025-12-08T01:58:55.291127 538563.869627889 reno 101.167 0.541 88 1460 20.300000 65535 746098 810337 0 559 514 44 0
2025-12-08T01:58:55.291127 538563.869627889 reno 100.754 0.053 88 1460 20.400000 65535 18816518 18816517 1 12895 12894 0 0
2025-12-08T01:58:55.826216 538564.404701104 reno 100.865 0.078 88 1460 20.400000 65535 18730378 18730377 1 12841 12839 0 0
2025-12-08T01:58:55.826216 538564.404701104 reno 101.363 0.195 88 1460 20.300000 65535 1083358 1147597 0 790 745 44 0
2025-12-08T01:58:55.826216 538564.404701104 reno 100.754 0.053 88 1460 20.400000 65535 18816518 18816517 1 12895 12894 0 0
2025-12-08T01:58:56.356109 538564.934529031 reno 100.865 0.078 88 1460 20.400000 65535 18730378 18730377 1 12841 12839 0 0
2025-12-08T01:58:56.356109 538564.934529031 reno 101.215 0.239 88 1460 20.300000 65535 1404558 1468797 0 1010 965 44 0
2025-12-08T01:58:56.356109 538564.934529031 reno 100.754 0.053 88 1460 20.400000 65535 18816518 18816517 1 12896 12895 0 0
2025-12-08T01:58:56.870167 538565.448581386 reno 100.865 0.078 88 1460 20.400000 65535 18730378 18730377 1 12841 12839 0 0
2025-12-08T01:58:56.870167 538565.448581386 reno 101.469 0.180 88 1460 20.300000 65535 1725758 1789997 0 1230 1185 44 0
2025-12-08T01:58:56.870167 538565.448581386 reno 100.754 0.053 88 1460 20.400000 65535 18816518 18816517 1 12896 12895 0 0
2025-12-08T01:58:57.386278 538565.964703831 reno 100.865 0.078 88 1460 20.400000 65535 18730378 18730377 1 12841 12839 0 0
2025-12-08T01:58:57.386278 538565.964703831 reno 100.966 0.098 88 1460 20.400000 65535 2048418 2112657 0 1451 1406 44 0
2025-12-08T01:58:57.386278 538565.964703831 reno 100.754 0.053 88 1460 20.400000 65535 18816518 18816517 1 12896 12895 0 0
2025-12-08T01:58:57.909978 538566.488464650 reno 100.865 0.078 88 1460 20.400000 65535 18730378 18730377 1 12841 12839 0 0
2025-12-08T01:58:57.909978 538566.488464650 reno 112.797 4.345 88 1460 18.200000 65535 2413418 2477657 0 1701 1656 44 0
2025-12-08T01:58:57.909978 538566.488464650 reno 100.754 0.053 88 1460 20.400000 65535 18816518 18816517 1 12896 12895 0 0
2025-12-08T01:58:58.445944 538567.024353059 reno 100.865 0.078 88 1460 20.400000 65535 18730378 18730377 1 12841 12839 0 0
2025-12-08T01:58:58.445944 538567.024353059 reno 100.503 0.097 88 1460 20.500000 65535 2734618 2797397 0 1920 1876 43 0
2025-12-08T01:58:58.445944 538567.024353059 reno 100.754 0.053 88 1460 20.400000 65535 18816518 18816517 1 12896 12895 0 0
2025-12-08T01:58:58.962191 538567.540631043 reno 100.865 0.078 88 1460 20.400000 65535 18730378 18730377 1 12841 12839 0 0
2025-12-08T01:58:58.962191 538567.540631043 reno 100.958 0.194 88 1460 20.400000 65535 3074798 3139037 0 2154 2109 44 0
2025-12-08T01:58:58.962191 538567.540631043 reno 100.754 0.053 88 1460 20.400000 65535 18816518 18816517 1 12896 12895 0 0
2025-12-08T01:58:59.483810 538568.062222271 reno 100.865 0.078 88 1460 20.400000 65535 18730378 18730377 1 12842 12840 0 0
2025-12-08T01:58:59.483810 538568.062222271 reno 101.589 0.255 88 1460 20.200000 65535 3395998 3460237 0 2374 2329 44 0
2025-12-08T01:58:59.483810 538568.062222271 reno 100.754 0.053 88 1460 20.400000 65535 18816518 18816517 1 12896 12895 0 0
2025-12-08T01:58:59.995238 538568.573733000 reno 100.865 0.078 88 1460 20.400000 65535 18730378 18730377 1 12842 12840 0 0
2025-12-08T01:58:59.995238 538568.573733000 reno 100.446 0.200 88 1460 20.500000 65535 3717198 3781437 0 2594 2549 44 0
2025-12-08T01:58:59.995238 538568.573733000 reno 100.754 0.053 88 1460 20.400000 65535 18816518 18816517 1 12896 12895 0 0
2025-12-08T01:59:00.505600 538569.084036666 reno 100.865 0.078 88 1460 20.400000 65535 18730378 18730377 1 12842 12840 0 0
2025-12-08T01:59:00.505600 538569.084036666 reno 101.192 0.179 88 1460 20.300000 65535 4038398 4102637 0 2814 2769 44 0
2025-12-08T01:59:00.505600 538569.084036666 reno 100.754 0.053 88 1460 20.400000 65535 18816518 18816517 1 12896 12895 0 0
2025-12-08T01:59:01.017724 538569.596143551 reno 100.865 0.078 88 1460 20.400000 65535 18730378 18730377 1 12842 12840 0 0
2025-12-08T01:59:01.017724 538569.596143551 reno 102.971 1.434 88 1460 20.000000 65535 4369818 4434057 0 3041 2996 44 0
2025-12-08T01:59:01.017724 538569.596143551 reno 100.754 0.053 88 1460 20.400000 65535 18816518 18816517 1 12896 12895 0 0
2025-12-08T01:59:01.540337 538570.118822302 reno 100.865 0.078 88 1460 20.400000 65535 18730378 18730377 1 12842 12840 0 0
2025-12-08T01:59:01.540337 538570.118822302 reno 100.736 0.046 88 1460 20.400000 65535 4691018 4755257 0 3261 3216 44 0
2025-12-08T01:59:01.540337 538570.118822302 reno 100.754 0.053 88 1460 20.400000 65535 18816518 18816517 1 12897 12896 0 0
2025-12-08T01:59:02.052621 538570.631035560 reno 100.865 0.078 88 1460 20.400000 65535 18730378 18730377 1 12842 12840 0 0
2025-12-08T01:59:02.052621 538570.631035560 reno 103.094 1.235 88 1460 19.900000 65535 5012218 5076457 0 3481 3436 44 0
2025-12-08T01:59:02.052621 538570.631035560 reno 100.754 0.053 88 1460 20.400000 65535 18816518 18816517 1 12897 12896 0 0
2025-12-08T01:59:02.577105 538571.155524989 reno 100.865 0.078 88 1460 20.400000 65535 18730378 18730377 1 12842 12840 0 0
2025-12-08T01:59:02.577105 538571.155524989 reno 107.062 4.671 88 1460 19.200000 65535 5333418 5397657 0 3701 3656 44 0
2025-12-08T01:59:02.577105 538571.155524989 reno 100.754 0.053 88 1460 20.400000 65535 18816518 18816517 1 12897 12896 0 0
2025-12-08T01:59:03.088580 538571.667093091 reno 100.865 0.078 88 1460 20.400000 65535 18730378 18730377 1 12842 12840 0 0
2025-12-08T01:59:03.088580 538571.667093091 reno 101.056 0.157 88 1460 20.300000 65535 5654618 5718857 0 3921 3876 44 0
2025-12-08T01:59:03.088580 538571.667093091 reno 100.754 0.053 88 1460 20.400000 65535 18816518 18816517 1 12897 12896 0 0
2025-12-08T01:59:03.599952 538572.178423654 reno 100.865 0.078 88 1460 20.400000 65535 18730378 18730377 1 12842 12840 0 0
2025-12-08T01:59:03.599952 538572.178423654 reno 101.917 0.313 88 1460 20.200000 65535 5971438 6035677 0 4138 4093 44 0
2025-12-08T01:59:03.599952 538572.178423654 reno 100.754 0.053 88 1460 20.400000 65535 18816518 18816517 1 12897 12896 0 0
2025-12-08T01:59:04.115558 538572.693976272 reno 100.865 0.078 88 1460 20.400000 65535 18730378 18730377 1 12842 12840 0 0
2025-12-08T01:59:04.115558 538572.693976272 reno 102.622 0.080 88 1460 20.000000 65535 6289718 6353957 0 4356 4311 44 0
2025-12-08T01:59:04.115558 538572.693976272 reno 100.754 0.053 88 1460 20.400000 65535 18816518 18816517 1 12897 12896 0 0
2025-12-08T01:59:04.630018 538573.208439075 reno 100.865 0.078 88 1460 20.400000 65535 18730378 18730377 1 12842 12840 0 0
2025-12-08T01:59:04.630018 538573.208439075 reno 101.518 0.276 88 1460 20.200000 65535 6610918 6675157 0 4576 4531 44 0
2025-12-08T01:59:04.630018 538573.208439075 reno 100.754 0.053 88 1460 20.400000 65535 18816518 18816517 1 12897 12896 0 0
2025-12-08T01:59:05.140916 538573.719347062 reno 100.865 0.078 88 1460 20.400000 65535 18730378 18730377 1 12842 12840 0 0
2025-12-08T01:59:05.140916 538573.719347062 reno 102.247 0.270 88 1460 20.100000 65535 6932118 6996357 0 4796 4751 44 0
2025-12-08T01:59:05.140916 538573.719347062 reno 100.754 0.053 88 1460 20.400000 65535 18816518 18816517 1 12897 12896 0 0
2025-12-08T01:59:05.653547 538574.231977436 reno 100.865 0.078 88 1460 20.400000 65535 18730378 18730377 1 12842 12840 0 0
2025-12-08T01:59:05.653547 538574.231977436 reno 101.577 0.041 88 1460 20.200000 65535 7253318 7317557 0 5016 4971 44 0
2025-12-08T01:59:05.653547 538574.231977436 reno 100.754 0.053 88 1460 20.400000 65535 18816518 18816517 1 12897 12896 0 0
2025-12-08T01:59:06.171458 538574.749989179 reno 100.865 0.078 88 1460 20.400000 65535 18730378 18730377 1 12842 12840 0 0
2025-12-08T01:59:06.171458 538574.749989179 reno 101.367 0.046 88 1460 20.300000 65535 7574518 7638757 0 5236 5191 44 0
2025-12-08T01:59:06.171458 538574.749989179 reno 100.754 0.053 88 1460 20.400000 65535 18816518 18816517 1 12897 12896 0 0
2025-12-08T01:59:06.689412 538575.267839341 reno 100.865 0.078 88 1460 20.400000 65535 18730378 18730377 1 12842 12840 0 0
2025-12-08T01:59:06.689412 538575.267839341 reno 100.882 0.122 88 1460 20.400000 65535 7895718 7959957 0 5456 5411 44 0
2025-12-08T01:59:06.689412 538575.267839341 reno 100.754 0.053 88 1460 20.400000 65535 18816518 18816517 1 12897 12896 0 0
2025-12-08T01:59:07.199732 538575.778163795 reno 100.865 0.078 88 1460 20.400000 65535 18730378 18730377 1 12842 12840 0 0
2025-12-08T01:59:07.199732 538575.778163795 reno 103.143 0.207 88 1460 19.900000 65535 8216918 8281157 0 5676 5631 44 0
2025-12-08T01:59:07.199732 538575.778163795 reno 100.754 0.053 88 1460 20.400000 65535 18816518 18816517 1 12897 12896 0 0
2025-12-08T01:59:07.716033 538576.294454441 reno 100.865 0.078 88 1460 20.400000 65535 18730378 18730377 1 12842 12840 0 0
2025-12-08T01:59:07.716033 538576.294454441 reno 102.768 0.051 88 1460 20.000000 65535 8538118 8602357 0 5896 5851 44 0
2025-12-08T01:59:07.716033 538576.294454441 reno 100.754 0.053 88 1460 20.400000 65535 18816518 18816517 1 12897 12896 0 0
2025-12-08T01:59:08.229110 538576.807704054 reno 100.865 0.078 88 1460 20.400000 65535 18730378 18730377 1 12842 12840 0 0
2025-12-08T01:59:08.229110 538576.807704054 reno 102.603 0.760 88 1460 20.000000 65535 8860778 8925017 0 6117 6072 44 0
2025-12-08T01:59:08.229110 538576.807704054 reno 100.754 0.053 88 1460 20.400000 65535 18816518 18816517 1 12897 12896 0 0
2025-12-08T01:59:08.814406 538577.392911348 reno 100.865 0.078 88 1460 20.400000 65535 18730378 18730377 1 12842 12840 0 0
2025-12-08T01:59:08.814406 538577.392911348 reno 122.507 2.467 88 1460 16.800000 65535 9244758 9308997 0 6380 6335 44 0
2025-12-08T01:59:08.814406 538577.392911348 reno 100.754 0.053 88 1460 20.400000 65535 18816518 18816517 1 12897 12896 0 0
2025-12-08T01:59:09.485471 538578.063881969 reno 100.865 0.078 88 1460 20.400000 65535 18730378 18730377 1 12842 12840 0 0
2025-12-08T01:59:09.485471 538578.063881969 reno 101.731 0.190 88 1460 20.200000 65535 9567418 9631657 0 6601 6556 44 0
2025-12-08T01:59:09.485471 538578.063881969 reno 100.754 0.053 88 1460 20.400000 65535 18816518 18816517 1 12897 12896 0 0
2025-12-08T01:59:09.993223 538578.571958959 reno 100.865 0.078 88 1460 20.400000 65535 18730378 18730377 1 12842 12840 0 0
2025-12-08T01:59:09.993223 538578.571958959 reno 103.961 0.026 88 1460 19.800000 65535 9951398 10015637 0 6864 6819 44 0
2025-12-08T01:59:09.993223 538578.571958959 reno 100.754 0.053 88 1460 20.400000 65535 18816518 18816517 1 12897 12896 0 0
2025-12-08T01:59:10.525093 538579.103505683 reno 100.865 0.078 88 1460 20.400000 65535 18730378 18730377 1 12842 12840 0 0
2025-12-08T01:59:10.525093 538579.103505683 reno 103.258 0.739 88 1460 19.900000 65535 10218578 10282817 0 7047 7002 44 0
2025-12-08T01:59:10.525093 538579.103505683 reno 100.754 0.053 88 1460 20.400000 65535 18816518 18816517 1 12897 12896 0 0
2025-12-08T01:59:11.044668 538579.623260812 reno 100.865 0.078 88 1460 20.400000 65535 18730378 18730377 1 12842 12840 0 0
2025-12-08T01:59:11.044668 538579.623260812 reno 107.583 0.201 88 1460 19.100000 65535 10535398 10599637 0 7264 7219 44 0
2025-12-08T01:59:11.044668 538579.623260812 reno 100.754 0.053 88 1460 20.400000 65535 18816518 18816517 1 12897 12896 0 0
2025-12-08T01:59:11.560659 538580.139066881 reno 100.865 0.078 88 1460 20.400000 65535 18730378 18730377 1 12842 12840 0 0
2025-12-08T01:59:11.560659 538580.139066881 reno 100.808 0.202 88 1460 20.400000 65535 10856598 10920837 0 7484 7439 44 0
2025-12-08T01:59:11.560659 538580.139066881 reno 100.754 0.053 88 1460 20.400000 65535 18816518 18816517 1 12898 12897 0 0
2025-12-08T01:59:12.067268 538580.645755809 reno 100.865 0.078 88 1460 20.400000 65535 18730378 18730377 1 12842 12840 0 0
2025-12-08T01:59:12.067268 538580.645755809 reno 101.054 0.273 88 1460 20.300000 65535 11177798 11242037 0 7704 7659 44 0
2025-12-08T01:59:12.067268 538580.645755809 reno 100.754 0.053 88 1460 20.400000 65535 18816518 18816517 1 12898 12897 0 0
2025-12-08T01:59:12.580178 538581.158620135 reno 100.865 0.078 88 1460 20.400000 65535 18730378 18730377 1 12842 12840 0 0
2025-12-08T01:59:12.580178 538581.158620135 reno 101.742 0.170 88 1460 20.200000 65535 11498998 11563237 0 7924 7879 44 0
2025-12-08T01:59:12.580178 538581.158620135 reno 100.754 0.053 88 1460 20.400000 65535 18816518 18816517 1 12898 12897 0 0
2025-12-08T01:59:13.101027 538581.679440661 reno 100.865 0.078 88 1460 20.400000 65535 18730378 18730377 1 12842 12840 0 0
2025-12-08T01:59:13.101027 538581.679440661 reno 101.516 0.314 88 1460 20.200000 65535 11820198 11884437 0 8144 8099 44 0
2025-12-08T01:59:13.101027 538581.679440661 reno 100.754 0.053 88 1460 20.400000 65535 18816518 18816517 1 12898 12897 0 0
2025-12-08T01:59:13.609846 538582.188335969 reno 100.865 0.078 88 1460 20.400000 65535 18730378 18730377 1 12842 12840 0 0
2025-12-08T01:59:13.609846 538582.188335969 reno 101.829 0.043 88 1460 20.200000 65535 12141398 12205637 0 8364 8319 44 0
2025-12-08T01:59:13.609846 538582.188335969 reno 100.754 0.053 88 1460 20.400000 65535 18816518 18816517 1 12898 12897 0 0
2025-12-08T01:59:14.124925 538582.703344841 reno 100.865 0.078 88 1460 20.400000 65535 18730378 18730377 1 12842 12840 0 0
2025-12-08T01:59:14.124925 538582.703344841 reno 101.185 0.105 88 1460 20.300000 65535 12462598 12526837 0 8584 8539 44 0
2025-12-08T01:59:14.124925 538582.703344841 reno 100.754 0.053 88 1460 20.400000 65535 18816518 18816517 1 12898 12897 0 0
2025-12-08T01:59:14.638776 538583.217226566 reno 100.865 0.078 88 1460 20.400000 65535 18730378 18730377 1 12842 12840 0 0
2025-12-08T01:59:14.638776 538583.217226566 reno 102.079 0.027 88 1460 20.100000 65535 12783798 12848037 0 8804 8759 44 0
2025-12-08T01:59:14.638776 538583.217226566 reno 100.754 0.053 88 1460 20.400000 65535 18816518 18816517 1 12898 12897 0 0
2025-12-08T01:59:15.150272 538583.728690997 reno 100.865 0.078 88 1460 20.400000 65535 18730378 18730377 1 12842 12840 0 0
2025-12-08T01:59:15.150272 538583.728690997 reno 101.525 0.115 88 1460 20.200000 65535 13102078 13166317 0 9022 8977 44 0
2025-12-08T01:59:15.150272 538583.728690997 reno 100.754 0.053 88 1460 20.400000 65535 18816518 18816517 1 12898 12897 0 0
2025-12-08T01:59:15.660867 538584.239282442 reno 100.865 0.078 88 1460 20.400000 65535 18730378 18730377 1 12842 12840 0 0
2025-12-08T01:59:15.660867 538584.239282442 reno 102.500 0.230 88 1460 20.100000 65535 13423278 13487517 0 9242 9197 44 0
2025-12-08T01:59:15.660867 538584.239282442 reno 100.754 0.053 88 1460 20.400000 65535 18816518 18816517 1 12898 12897 0 0
2025-12-08T01:59:16.181831 538584.760326630 reno 100.865 0.078 88 1460 20.400000 65535 18730378 18730377 1 12842 12840 0 0
2025-12-08T01:59:16.181831 538584.760326630 reno 101.743 0.306 88 1460 20.200000 65535 13773678 13837917 0 9482 9437 44 0
2025-12-08T01:59:16.181831 538584.760326630 reno 100.754 0.053 88 1460 20.400000 65535 18816518 18816517 1 12898 12897 0 0
2025-12-08T01:59:16.701300 538585.279713970 reno 100.865 0.078 88 1460 20.400000 65535 18730378 18730377 1 12842 12840 0 0
2025-12-08T01:59:16.701300 538585.279713970 reno 102.118 0.231 88 1460 20.100000 65535 14094878 14159117 0 9702 9657 44 0
2025-12-08T01:59:16.701300 538585.279713970 reno 100.754 0.053 88 1460 20.400000 65535 18816518 18816517 1 12898 12897 0 0
2025-12-08T01:59:17.213858 538585.792292382 reno 100.865 0.078 88 1460 20.400000 65535 18730378 18730377 1 12842 12840 0 0
2025-12-08T01:59:17.213858 538585.792292382 reno 102.271 0.666 88 1460 20.100000 65535 14416078 14480317 0 9922 9877 44 0
2025-12-08T01:59:17.213858 538585.792292382 reno 100.754 0.053 88 1460 20.400000 65535 18816518 18816517 1 12898 12897 0 0
2025-12-08T01:59:17.729771 538586.308222779 reno 100.865 0.078 88 1460 20.400000 65535 18730378 18730377 1 12842 12840 0 0
2025-12-08T01:59:17.729771 538586.308222779 reno 102.101 0.039 88 1460 20.100000 65535 14734358 14798597 0 10140 10095 44 0
2025-12-08T01:59:17.729771 538586.308222779 reno 100.754 0.053 88 1460 20.400000 65535 18816518 18816517 1 12898 12897 0 0
2025-12-08T01:59:18.248705 538586.827143460 reno 100.865 0.078 88 1460 20.400000 65535 18730378 18730377 1 12842 12840 0 0
2025-12-08T01:59:18.248705 538586.827143460 reno 102.275 0.489 88 1460 20.100000 65535 15057018 15121257 0 10361 10316 44 0
2025-12-08T01:59:18.248705 538586.827143460 reno 100.754 0.053 88 1460 20.400000 65535 18816518 18816517 1 12898 12897 0 0
2025-12-08T01:59:18.763884 538587.342306202 reno 100.865 0.078 88 1460 20.400000 65535 18730378 18730377 1 12842 12840 0 0
2025-12-08T01:59:18.763884 538587.342306202 reno 101.776 0.046 88 1460 20.200000 65535 15376758 15440997 0 10580 10535 44 0
2025-12-08T01:59:18.763884 538587.342306202 reno 100.754 0.053 88 1460 20.400000 65535 18816518 18816517 1 12898 12897 0 0
2025-12-08T01:59:19.278933 538587.857448112 reno 100.865 0.078 88 1460 20.400000 65535 18730378 18730377 1 12842 12840 0 0
2025-12-08T01:59:19.278933 538587.857448112 reno 102.543 0.676 88 1460 20.000000 65535 15699418 15763657 0 10801 10756 44 0
2025-12-08T01:59:19.278933 538587.857448112 reno 100.754 0.053 88 1460 20.400000 65535 18816518 18816517 1 12898 12897 0 0
2025-12-08T01:59:19.803498 538588.381920700 reno 100.865 0.078 88 1460 20.400000 65535 18730378 18730377 1 12842 12840 0 0
2025-12-08T01:59:19.803498 538588.381920700 reno 104.268 4.484 88 1460 19.700000 65535 16020618 16083397 0 11020 10976 43 0
2025-12-08T01:59:19.803498 538588.381920700 reno 100.754 0.053 88 1460 20.400000 65535 18816518 18816517 1 12898 12897 0 0
2025-12-08T01:59:20.324872 538588.903290797 reno 100.865 0.078 88 1460 20.400000 65535 18730378 18730377 1 12842 12840 0 0
2025-12-08T01:59:20.324872 538588.903290797 reno 101.508 0.944 88 1460 20.300000 65535 16338898 16403137 0 11239 11194 44 0
2025-12-08T01:59:20.324872 538588.903290797 reno 100.754 0.053 88 1460 20.400000 65535 18816518 18816517 1 12898 12897 0 0
2025-12-08T01:59:20.833998 538589.412418098 reno 100.865 0.078 88 1460 20.400000 65535 18730378 18730377 1 12842 12840 0 0
2025-12-08T01:59:20.833998 538589.412418098 reno 102.364 0.223 88 1460 20.100000 65535 16660098 16724337 0 11459 11414 44 0
2025-12-08T01:59:20.833998 538589.412418098 reno 100.754 0.053 88 1460 20.400000 65535 18816518 18816517 1 12898 12897 0 0
2025-12-08T01:59:21.345325 538589.923745861 reno 100.865 0.078 88 1460 20.400000 65535 18730378 18730377 1 12842 12840 0 0
2025-12-08T01:59:21.345325 538589.923745861 reno 101.188 0.212 88 1460 20.300000 65535 16988598 17051377 0 11683 11639 43 0
2025-12-08T01:59:21.345325 538589.923745861 reno 100.754 0.053 88 1460 20.400000 65535 18816518 18816517 1 12898 12897 0 0
2025-12-08T01:59:21.855008 538590.433494859 reno 100.865 0.078 88 1460 20.400000 65535 18730378 18730377 1 12842 12840 0 0
2025-12-08T01:59:21.855008 538590.433494859 reno 101.295 0.133 88 1460 20.300000 65535 17308338 17372577 0 11903 11858 44 0
2025-12-08T01:59:21.855008 538590.433494859 reno 100.754 0.053 88 1460 20.400000 65535 18816518 18816517 1 12898 12897 0 0
2025-12-08T01:59:22.367352 538590.945771065 reno 100.865 0.078 88 1460 20.400000 65535 18730378 18730377 1 12842 12840 0 0
2025-12-08T01:59:22.367352 538590.945771065 reno 101.271 0.490 88 1460 20.300000 65535 17629538 17693777 0 12123 12078 44 0
2025-12-08T01:59:22.367352 538590.945771065 reno 100.754 0.053 88 1460 20.400000 65535 18816518 18816517 1 12898 12897 0 0
2025-12-08T01:59:22.878021 538591.456476213 reno 100.865 0.078 88 1460 20.400000 65535 18730378 18730377 1 12842 12840 0 0
2025-12-08T01:59:22.878021 538591.456476213 reno 104.427 0.666 88 1460 19.700000 65535 17975558 18039797 0 12360 12315 44 0
2025-12-08T01:59:22.878021 538591.456476213 reno 100.754 0.053 88 1460 20.400000 65535 18816518 18816517 1 12898 12897 0 0
2025-12-08T01:59:23.392708 538591.971119212 reno 100.865 0.078 88 1460 20.400000 65535 18730378 18730377 1 12842 12840 0 0
2025-12-08T01:59:23.392708 538591.971119212 reno 101.469 0.078 88 1460 20.300000 65535 18296758 18360997 0 12580 12535 44 0
2025-12-08T01:59:23.392708 538591.971119212 reno 100.754 0.053 88 1460 20.400000 65535 18816518 18816517 1 12898 12897 0 0
2025-12-08T01:59:23.901305 538592.479722937 reno 100.865 0.078 88 1460 20.400000 65535 18730378 18730377 1 12842 12840 0 0
2025-12-08T01:59:23.901305 538592.479722937 reno 104.454 0.460 88 1460 19.700000 65535 18617958 18682197 0 12800 12755 44 0
2025-12-08T01:59:23.901305 538592.479722937 reno 100.754 0.053 88 1460 20.400000 65535 18816518 18816517 1 12898 12897 0 0
