wall_time monotonic algo rtt_ms rtt_var_ms cwnd mss pacing_mbps ssthresh bytes_acked bytes_sent bytes_received segs_out segs_in unacked retrans_total
2025-12-07T23:58:12.296439 531320.875076828 reno 11.191 0.748 11 1460 13.800000 5 35498478 35923337 1 24615 24323 0 254040
2025-12-07T23:58:12.802891 531321.381326767 reno 25.788 0.766 12 1460 18.500000 12 347518 407377 0 282 263 35 2920
2025-12-07T23:58:12.802891 531321.381326767 reno 11.191 0.748 11 1460 13.800000 5 35498478 35923337 1 24615 24323 0 254040
2025-12-07T23:58:13.330700 531321.910454261 reno 28.474 10.459 10 1460 14.300000 10 902318 962177 0 662 640 30 7300
2025-12-07T23:58:13.330700 531321.910454261 reno 11.191 0.748 11 1460 13.800000 5 35498478 35923337 1 24615 24323 0 254040
2025-12-07T23:58:13.857015 531322.435444019 reno 12.217 0.833 13 1460 14.900000 10 1549098 1588517 0 1091 1063 13 11680
2025-12-07T23:58:13.857015 531322.435444019 reno 11.191 0.748 11 1460 13.800000 5 35498478 35923337 1 24615 24323 0 254040
2025-12-07T23:58:14.370945 531322.949402051 reno 17.055 0.458 16 1460 13.100000 10 2165218 2211937 0 1518 1485 15 16060
2025-12-07T23:58:14.370945 531322.949402051 reno 11.191 0.748 11 1460 13.800000 5 35498478 35923337 1 24615 24323 0 254040
2025-12-07T23:58:14.879008 531323.457465122 reno 20.928 0.861 19 1460 12.700000 10 2776958 2830977 0 1942 1904 18 18980
2025-12-07T23:58:14.879008 531323.457465122 reno 11.191 0.748 11 1460 13.800000 5 35498478 35923337 1 24615 24323 0 254040
2025-12-07T23:58:15.389654 531323.968066154 reno 21.937 0.353 20 1460 12.800000 10 3390158 3451477 0 2367 2324 20 23360
2025-12-07T23:58:15.389654 531323.968066154 reno 11.191 0.748 11 1460 13.800000 5 35498478 35923337 1 24615 24323 0 254040
2025-12-07T23:58:15.897062 531324.475528271 reno 18.782 1.095 17 1460 12.700000 10 4015038 4080737 0 2798 2752 17 29200
2025-12-07T23:58:15.897062 531324.475528271 reno 11.191 0.748 11 1460 13.800000 5 35498478 35923337 1 24615 24323 0 254040
2025-12-07T23:58:16.418941 531324.997348767 reno 21.040 0.685 19 1460 12.700000 10 4628238 4698317 0 3221 3172 18 32120
2025-12-07T23:58:16.418941 531324.997348767 reno 11.191 0.748 11 1460 13.800000 5 35498478 35923337 1 24615 24323 0 254040
2025-12-07T23:58:16.924601 531325.503019070 reno 21.887 0.711 9 1460 22.400000 10 5190338 5292537 0 3628 3584 36 37960
2025-12-07T23:58:16.924601 531325.503019070 reno 11.191 0.748 11 1460 13.800000 5 35498478 35923337 1 24615 24323 0 254040
2025-12-07T23:58:17.432154 531326.010575427 reno 13.475 0.540 13 1460 13.500000 10 5794778 5866317 0 4021 3971 12 42340
2025-12-07T23:58:17.432154 531326.010575427 reno 11.191 0.748 11 1460 13.800000 5 35498478 35923337 1 24615 24323 0 254040
2025-12-07T23:58:17.937843 531326.516268642 reno 17.108 0.854 16 1460 13.100000 10 6407978 6488277 0 4447 4391 16 45260
2025-12-07T23:58:17.937843 531326.516268642 reno 11.191 0.748 11 1460 13.800000 5 35498478 35923337 1 24615 24323 0 254040
2025-12-07T23:58:18.449223 531327.027666815 reno 19.936 0.688 18 1460 12.700000 10 7018258 7105857 0 4870 4809 18 49640
2025-12-07T23:58:18.449223 531327.027666815 reno 11.191 0.748 11 1460 13.800000 5 35498478 35923337 1 24615 24323 0 254040
2025-12-07T23:58:18.960765 531327.539270359 reno 21.837 0.467 20 1460 13.500000 10 7629998 7727817 0 5296 5230 21 55480
2025-12-07T23:58:18.960765 531327.539270359 reno 11.191 0.748 11 1460 13.800000 5 35498478 35923337 1 24615 24323 0 254040
2025-12-07T23:58:19.471180 531328.049627126 reno 16.314 2.040 15 1460 12.900000 10 8241738 8338097 0 5714 5647 15 59860
2025-12-07T23:58:19.471180 531328.049627126 reno 11.191 0.748 11 1460 13.800000 5 35498478 35923337 1 24615 24323 0 254040
2025-12-07T23:58:19.984689 531328.563101223 reno 19.603 0.856 18 1460 12.900000 10 8854938 8958597 0 6139 6067 17 64240
2025-12-07T23:58:19.984689 531328.563101223 reno 11.191 0.748 11 1460 13.800000 5 35498478 35923337 1 24615 24323 0 254040
2025-12-07T23:58:20.493717 531329.072141877 reno 14.512 0.731 14 1460 13.500000 10 9466678 9570337 0 6558 6486 13 67160
2025-12-07T23:58:20.493717 531329.072141877 reno 11.191 0.748 11 1460 13.800000 5 35498478 35923337 1 24615 24323 0 254040
2025-12-07T23:58:21.005375 531329.583799704 reno 18.457 0.468 17 1460 12.900000 10 10075498 10189377 0 6982 6903 17 71540
2025-12-07T23:58:21.005375 531329.583799704 reno 11.191 0.748 11 1460 13.800000 5 35498478 35923337 1 24615 24323 0 254040
2025-12-07T23:58:21.517412 531330.095830145 reno 19.290 0.553 18 1460 13.100000 10 10694538 10811337 0 7408 7327 17 74460
2025-12-07T23:58:21.517412 531330.095830145 reno 11.191 0.748 11 1460 13.800000 5 35498478 35923337 1 24615 24323 0 254040
2025-12-07T23:58:22.027610 531330.606046945 reno 21.975 0.653 14 1460 15.300000 10 11285838 11417237 0 7823 7742 24 78840
2025-12-07T23:58:22.027610 531330.606046945 reno 11.191 0.748 11 1460 13.800000 5 35498478 35923337 1 24615 24323 0 254040
2025-12-07T23:58:22.539962 531331.118405793 reno 13.432 0.926 12 1460 12.500000 10 11918018 12036277 0 8247 8165 11 84680
2025-12-07T23:58:22.539962 531331.118405793 reno 11.191 0.748 11 1460 13.800000 5 35498478 35923337 1 24615 24323 0 254040
2025-12-07T23:58:23.050813 531331.629250496 reno 14.061 0.755 13 1460 13.000000 10 12529758 12655317 0 8671 8584 13 89060
2025-12-07T23:58:23.050813 531331.629250496 reno 11.191 0.748 11 1460 13.800000 5 35498478 35923337 1 24615 24323 0 254040
2025-12-07T23:58:23.562520 531332.140950641 reno 14.999 0.910 14 1460 13.100000 10 13128358 13258297 0 9084 8994 14 91980
2025-12-07T23:58:23.562520 531332.140950641 reno 11.191 0.748 11 1460 13.800000 5 35498478 35923337 1 24615 24323 0 254040
2025-12-07T23:58:24.073935 531332.652370414 reno 18.687 0.734 17 1460 12.800000 10 13747398 13886097 0 9514 9418 17 96360
2025-12-07T23:58:24.073935 531332.652370414 reno 11.191 0.748 11 1460 13.800000 5 35498478 35923337 1 24615 24323 0 254040
2025-12-07T23:58:24.585915 531333.164343009 reno 19.571 0.918 18 1460 12.900000 10 14354758 14497837 0 9933 9834 17 100740
2025-12-07T23:58:24.585915 531333.164343009 reno 11.191 0.748 11 1460 13.800000 5 35498478 35923337 1 24615 24323 0 254040
2025-12-07T23:58:25.105975 531333.684436531 reno 23.061 0.524 11 1460 17.600000 10 14934378 15102277 0 10347 10249 29 105120
2025-12-07T23:58:25.105975 531333.684436531 reno 11.191 0.748 11 1460 13.800000 5 35498478 35923337 1 24615 24323 0 254040
2025-12-07T23:58:25.624943 531334.203366608 reno 13.405 0.534 13 1460 13.600000 10 15575318 15724237 0 10773 10670 12 110960
2025-12-07T23:58:25.624943 531334.203366608 reno 11.191 0.748 11 1460 13.800000 5 35498478 35923337 1 24615 24323 0 254040
2025-12-07T23:58:26.138610 531334.717056881 reno 17.082 1.163 16 1460 13.100000 10 16189978 16349117 0 11201 11091 16 115340
2025-12-07T23:58:26.138610 531334.717056881 reno 11.191 0.748 11 1460 13.800000 5 35498478 35923337 1 24615 24323 0 254040
2025-12-07T23:58:26.651605 531335.230059869 reno 15.365 2.227 10 1460 9.120000 10 16806098 16963777 0 11622 11513 10 119720
2025-12-07T23:58:26.651605 531335.230059869 reno 11.191 0.748 11 1460 13.800000 5 35498478 35923337 1 24615 24323 0 254040
2025-12-07T23:58:27.158790 531335.737301311 reno 17.859 1.675 16 1460 12.600000 10 17419298 17588657 0 12050 11933 15 121180
2025-12-07T23:58:27.158790 531335.737301311 reno 11.191 0.748 11 1460 13.800000 5 35498478 35923337 1 24615 24323 0 254040
2025-12-07T23:58:27.676710 531336.255165767 reno 22.391 2.254 19 1460 11.900000 10 18048558 18228137 0 12488 12364 19 125560
2025-12-07T23:58:27.676710 531336.255165767 reno 11.191 0.748 11 1460 13.800000 5 35498478 35923337 1 24615 24323 0 254040
2025-12-07T23:58:28.196939 531336.775349523 reno 19.629 0.603 18 1460 12.900000 10 18657378 18838417 0 12906 12781 17 129940
2025-12-07T23:58:28.196939 531336.775349523 reno 11.191 0.748 11 1460 13.800000 5 35498478 35923337 1 24615 24323 0 254040
2025-12-07T23:58:28.712689 531337.291120338 reno 22.044 0.669 17 1460 14.600000 10 19260358 19457457 0 13330 13201 24 135780
2025-12-07T23:58:28.712689 531337.291120338 reno 11.191 0.748 11 1460 13.800000 5 35498478 35923337 1 24615 24323 0 254040
2025-12-07T23:58:29.225689 531337.804139273 reno 13.725 1.812 11 1460 11.200000 10 19889618 20072117 0 13751 13625 11 140160
2025-12-07T23:58:29.225689 531337.804139273 reno 11.191 0.748 11 1460 13.800000 5 35498478 35923337 1 24615 24323 0 254040
2025-12-07T23:58:29.742154 531338.320572324 reno 16.293 1.027 15 1460 12.900000 10 20502818 20695537 0 14178 14045 14 146000
2025-12-07T23:58:29.742154 531338.320572324 reno 11.191 0.748 11 1460 13.800000 5 35498478 35923337 1 24615 24323 0 254040
2025-12-07T23:58:30.258665 531338.837102121 reno 18.379 0.855 17 1460 13.000000 10 21114558 21314577 0 14602 14464 17 148920
2025-12-07T23:58:30.258665 531338.837102121 reno 11.191 0.748 11 1460 13.800000 5 35498478 35923337 1 24615 24323 0 254040
2025-12-07T23:58:30.773562 531339.352087062 reno 21.400 0.816 19 1460 12.400000 10 21733598 21939457 0 15030 14888 18 153300
2025-12-07T23:58:30.773562 531339.352087062 reno 11.191 0.748 11 1460 13.800000 5 35498478 35923337 1 24615 24323 0 254040
2025-12-07T23:58:31.293007 531339.871638312 reno 19.375 0.307 18 1460 13.000000 10 22351178 22559957 0 15455 15311 17 157680
2025-12-07T23:58:31.293007 531339.871638312 reno 11.191 0.748 11 1460 13.800000 5 35498478 35923337 1 24615 24323 0 254040
2025-12-07T23:58:31.811544 531340.389978202 reno 20.071 0.698 18 1460 12.600000 10 22970218 23184837 0 15883 15735 18 162060
2025-12-07T23:58:31.811544 531340.389978202 reno 11.191 0.748 11 1460 13.800000 5 35498478 35923337 1 24615 24323 0 254040
2025-12-07T23:58:32.325066 531340.903523531 reno 19.968 0.867 18 1460 12.600000 10 23581958 23803877 0 16307 16154 18 167900
2025-12-07T23:58:32.325066 531340.903523531 reno 11.191 0.748 11 1460 13.800000 5 35498478 35923337 1 24615 24323 0 254040
2025-12-07T23:58:32.840376 531341.418800876 reno 23.370 0.933 17 1460 15.000000 10 24189318 24428757 0 16735 16578 25 172280
2025-12-07T23:58:32.840376 531341.418800876 reno 11.191 0.748 11 1460 13.800000 5 35498478 35923337 1 24615 24323 0 254040
2025-12-07T23:58:33.355800 531341.934358464 reno 13.676 0.666 13 1460 13.300000 10 24818578 25044877 0 17157 17001 13 176660
2025-12-07T23:58:33.355800 531341.934358464 reno 11.191 0.748 11 1460 13.800000 5 35498478 35923337 1 24615 24323 0 254040
2025-12-07T23:58:33.871413 531342.449853759 reno 15.064 0.876 14 1460 13.000000 11 25436158 25666837 0 17583 17424 13 181040
2025-12-07T23:58:33.871413 531342.449853759 reno 11.191 0.748 11 1460 13.800000 5 35498478 35923337 1 24616 24324 0 254040
2025-12-07T23:58:34.389357 531342.967814933 reno 18.303 1.188 17 1460 13.000000 10 26062498 26303397 0 18019 17853 17 185420
2025-12-07T23:58:34.389357 531342.967814933 reno 11.191 0.748 11 1460 13.800000 5 35498478 35923337 1 24616 24324 0 254040
2025-12-07T23:58:34.908621 531343.487041505 reno 20.840 1.056 10 1460 6.730000 10 26684458 26920977 0 18442 18279 10 189800
2025-12-07T23:58:34.908621 531343.487041505 reno 11.191 0.748 11 1460 13.800000 5 35498478 35923337 1 24616 24324 0 254040
2025-12-07T23:58:35.423931 531344.002359211 reno 23.860 0.988 11 1460 6.460000 11 27288898 27529797 0 18859 18693 10 194180
2025-12-07T23:58:35.423931 531344.002359211 reno 11.191 0.748 11 1460 13.800000 5 35498478 35923337 1 24616 24324 0 254040
2025-12-07T23:58:35.939628 531344.518055953 reno 14.903 0.626 14 1460 13.200000 10 27900638 28150297 0 19284 19112 13 198560
2025-12-07T23:58:35.939628 531344.518055953 reno 11.191 0.748 11 1460 13.800000 5 35498478 35923337 1 24616 24324 0 254040
2025-12-07T23:58:36.456676 531345.035102630 reno 17.454 0.646 16 1460 12.800000 10 28518218 28776637 0 19713 19535 16 202940
2025-12-07T23:58:36.456676 531345.035102630 reno 11.191 0.748 11 1460 13.800000 5 35498478 35923337 1 24616 24324 0 254040
2025-12-07T23:58:36.964019 531345.542440652 reno 16.601 1.390 16 1460 13.500000 10 29116818 29382537 0 20128 19945 16 207320
2025-12-07T23:58:36.964019 531345.542440652 reno 11.191 0.748 11 1460 13.800000 5 35498478 35923337 1 24616 24324 0 254040
2025-12-07T23:58:37.475711 531346.054162983 reno 18.762 0.908 17 1460 12.700000 10 29731478 30001577 0 20552 20366 16 211700
2025-12-07T23:58:37.475711 531346.054162983 reno 11.191 0.748 11 1460 13.800000 5 35498478 35923337 1 24616 24324 0 254040
2025-12-07T23:58:37.990353 531346.568780814 reno 13.753 2.073 11 1460 11.200000 10 30356358 30623537 0 20978 20794 11 214620
2025-12-07T23:58:37.990353 531346.568780814 reno 11.191 0.748 11 1460 13.800000 5 35498478 35923337 1 24616 24324 0 254040
2025-12-07T23:58:38.504496 531347.083021063 reno 15.031 0.813 14 1460 13.100000 10 30972478 31248417 0 21406 21216 14 219000
2025-12-07T23:58:38.504496 531347.083021063 reno 11.191 0.748 11 1460 13.800000 5 35498478 35923337 1 24616 24324 0 254040
2025-12-07T23:58:39.017924 531347.596388865 reno 17.391 0.513 16 1460 12.900000 10 31582758 31863077 0 21827 21634 15 221920
2025-12-07T23:58:39.017924 531347.596388865 reno 11.191 0.748 11 1460 13.800000 5 35498478 35923337 1 24616 24324 0 254040
2025-12-07T23:58:39.536346 531348.114760009 reno 14.375 1.104 14 1460 13.600000 5 32179898 32461677 0 22237 22043 13 224840
2025-12-07T23:58:39.536346 531348.114760009 reno 11.191 0.748 11 1460 13.800000 5 35498478 35923337 1 24616 24324 0 254040
2025-12-07T23:58:40.043874 531348.622343222 reno 23.100 0.734 10 1460 17.600000 10 32765358 33079257 0 22660 22464 30 227760
2025-12-07T23:58:40.043874 531348.622343222 reno 11.191 0.748 11 1460 13.800000 5 35498478 35923337 1 24616 24324 0 254040
2025-12-07T23:58:40.561649 531349.140056287 reno 21.352 0.656 19 1460 12.500000 5 33387318 33692457 0 23080 22870 19 232140
2025-12-07T23:58:40.561649 531349.140056287 reno 11.191 0.748 11 1460 13.800000 5 35498478 35923337 1 24616 24324 0 254040
2025-12-07T23:58:41.073826 531349.652242222 reno 23.000 0.844 11 1460 17.700000 10 33972778 34298357 0 23495 23289 29 237980
2025-12-07T23:58:41.073826 531349.652242222 reno 11.191 0.748 11 1460 13.800000 5 35498478 35923337 1 24616 24324 0 254040
2025-12-07T23:58:41.584059 531350.162496805 reno 14.429 0.951 14 1460 13.600000 10 34612258 34917397 0 23919 23709 13 240900
2025-12-07T23:58:41.584059 531350.162496805 reno 11.191 0.748 11 1460 13.800000 5 35498478 35923337 1 24616 24324 0 254040
2025-12-07T23:58:42.094639 531350.673063800 reno 15.885 1.361 15 1460 13.200000 10 35212318 35526217 0 24336 24120 15 246740
2025-12-07T23:58:42.094639 531350.673063800 reno 11.191 0.748 11 1460 13.800000 5 35498478 35923337 1 24616 24324 0 254040
2025-12-07T23:58:42.610208 531351.188650969 reno 11.191 0.748 11 1460 13.800000 5 35498478 35923337 1 24616 24324 0 254040
