wall_time monotonic algo rtt_ms rtt_var_ms cwnd mss pacing_mbps ssthresh bytes_acked bytes_sent bytes_received segs_out segs_in unacked retrans_total
2025-12-08T00:55:25.919664 534754.498479634 vegas 51.072 0.214 731 1460 201.000000 568 36156938 36156937 1 24772 24782 0 0
2025-12-08T00:55:26.438912 534755.017333824 vegas 53.342 0.717 132 1460 57.800000 65535 176698 240937 0 168 123 44 0
2025-12-08T00:55:26.438912 534755.017333824 vegas 51.072 0.214 731 1460 201.000000 568 36156938 36156937 1 24772 24782 0 0
2025-12-08T00:55:27.003615 534755.582192078 vegas 51.714 0.507 260 1460 70.500000 255 754858 819097 0 564 519 44 0
2025-12-08T00:55:27.003615 534755.582192078 vegas 51.072 0.214 731 1460 201.000000 568 36156938 36156937 1 24772 24782 0 0
2025-12-08T00:55:27.527143 534756.105579202 vegas 52.299 0.390 270 1460 72.400000 255 1387038 1451277 0 997 952 44 0
2025-12-08T00:55:27.527143 534756.105579202 vegas 51.072 0.214 731 1460 201.000000 568 36156938 36156937 1 24772 24782 0 0
2025-12-08T00:55:28.041693 534756.620117309 vegas 53.575 0.863 280 1460 73.300000 255 2011918 2074697 0 1424 1380 43 0
2025-12-08T00:55:28.041693 534756.620117309 vegas 51.072 0.214 731 1460 201.000000 568 36156938 36156937 1 24773 24783 0 0
2025-12-08T00:55:28.551942 534757.130362751 vegas 51.609 0.561 287 1460 77.900000 255 2623658 2686437 0 1843 1799 43 0
2025-12-08T00:55:28.551942 534757.130362751 vegas 51.072 0.214 731 1460 201.000000 568 36156938 36156937 1 24773 24783 0 0
2025-12-08T00:55:29.063966 534757.642467377 vegas 54.548 0.643 293 1460 75.300000 255 3261678 3325917 0 2281 2236 44 0
2025-12-08T00:55:29.063966 534757.642467377 vegas 51.072 0.214 731 1460 201.000000 568 36156938 36156937 1 24773 24783 0 0
2025-12-08T00:55:29.578540 534758.156965299 vegas 51.140 0.364 303 1460 83.000000 255 3904078 3968317 0 2721 2676 44 0
2025-12-08T00:55:29.578540 534758.156965299 vegas 51.072 0.214 731 1460 201.000000 568 36156938 36156937 1 24773 24783 0 0
2025-12-08T00:55:30.088286 534758.666727070 vegas 50.963 0.597 313 1460 86.100000 255 4546478 4610717 0 3161 3116 44 0
2025-12-08T00:55:30.088286 534758.666727070 vegas 51.072 0.214 731 1460 201.000000 568 36156938 36156937 1 24773 24783 0 0
2025-12-08T00:55:30.600797 534759.179218507 vegas 51.894 1.008 322 1460 87.000000 255 5187418 5251657 0 3600 3555 44 0
2025-12-08T00:55:30.600797 534759.179218507 vegas 51.072 0.214 731 1460 201.000000 568 36156938 36156937 1 24773 24783 0 0
2025-12-08T00:55:31.116197 534759.694606199 vegas 50.867 0.561 333 1460 91.800000 255 5832738 5896977 0 4042 3997 44 0
2025-12-08T00:55:31.116197 534759.694606199 vegas 51.072 0.214 731 1460 201.000000 568 36156938 36156937 1 24773 24783 0 0
2025-12-08T00:55:31.638491 534760.216964090 vegas 52.415 0.468 343 1460 91.700000 256 6475138 6537917 0 4481 4437 43 0
2025-12-08T00:55:31.638491 534760.216964090 vegas 51.072 0.214 731 1460 201.000000 568 36156938 36156937 1 24773 24783 0 0
2025-12-08T00:55:32.156493 534760.734995323 vegas 50.886 0.304 352 1460 97.000000 264 7121918 7186157 0 4925 4880 44 0
2025-12-08T00:55:32.156493 534760.734995323 vegas 51.072 0.214 731 1460 201.000000 568 36156938 36156937 1 24774 24784 0 0
2025-12-08T00:55:32.693576 534761.272109357 vegas 50.568 0.060 362 1460 100.000000 271 7759938 7824177 0 5362 5317 44 0
2025-12-08T00:55:32.693576 534761.272109357 vegas 51.072 0.214 731 1460 201.000000 568 36156938 36156937 1 24774 24784 0 0
2025-12-08T00:55:33.207563 534761.785985047 vegas 55.063 1.764 369 1460 93.900000 276 8403798 8463657 0 5800 5758 41 0
2025-12-08T00:55:33.207563 534761.785985047 vegas 51.072 0.214 731 1460 201.000000 568 36156938 36156937 1 24774 24784 0 0
2025-12-08T00:55:33.724455 534762.302876028 vegas 50.688 0.250 378 1460 105.000000 283 9015538 9079777 0 6222 6177 44 0
2025-12-08T00:55:33.724455 534762.302876028 vegas 51.072 0.214 731 1460 201.000000 568 36156938 36156937 1 24774 24784 0 0
2025-12-08T00:55:34.240767 534762.819222303 vegas 59.699 1.164 386 1460 90.600000 289 9655018 9716337 0 6658 6615 42 0
2025-12-08T00:55:34.240767 534762.819222303 vegas 51.072 0.214 731 1460 201.000000 568 36156938 36156937 1 24774 24784 0 0
2025-12-08T00:55:34.753310 534763.331786537 vegas 50.814 0.565 395 1460 109.000000 295 10278438 10341217 0 7086 7042 43 0
2025-12-08T00:55:34.753310 534763.331786537 vegas 51.072 0.214 731 1460 201.000000 568 36156938 36156937 1 24774 24784 0 0
2025-12-08T00:55:35.266753 534763.845193047 vegas 51.020 0.525 403 1460 111.000000 301 10912078 10976317 0 7521 7476 44 0
2025-12-08T00:55:35.266753 534763.845193047 vegas 51.072 0.214 731 1460 201.000000 568 36156938 36156937 1 24774 24784 0 0
2025-12-08T00:55:35.780635 534764.359058338 vegas 55.331 1.862 409 1460 104.000000 306 11550098 11612877 0 7957 7913 43 0
2025-12-08T00:55:35.780635 534764.359058338 vegas 51.072 0.214 731 1460 201.000000 568 36156938 36156937 1 24774 24784 0 0
2025-12-08T00:55:36.293970 534764.872393131 vegas 50.569 0.116 418 1460 116.000000 313 12189578 12253817 0 8396 8351 44 0
2025-12-08T00:55:36.293970 534764.872393131 vegas 51.072 0.214 731 1460 201.000000 568 36156938 36156937 1 24774 24784 0 0
2025-12-08T00:55:36.808953 534765.387400275 vegas 51.262 0.615 421 1460 115.000000 315 12804238 12867017 0 8816 8772 43 0
2025-12-08T00:55:36.808953 534765.387400275 vegas 51.072 0.214 731 1460 201.000000 568 36156938 36156937 1 24774 24784 0 0
2025-12-08T00:55:37.322441 534765.901088304 vegas 54.739 1.418 430 1460 110.000000 322 13443718 13506497 0 9254 9210 43 0
2025-12-08T00:55:37.322441 534765.901088304 vegas 51.072 0.214 731 1460 201.000000 568 36156938 36156937 1 24774 24784 0 0
2025-12-08T00:55:37.855836 534766.434326880 vegas 58.833 4.830 438 1460 104.000000 328 14087578 14148897 0 9694 9651 42 0
2025-12-08T00:55:37.855836 534766.434326880 vegas 51.072 0.214 731 1460 201.000000 568 36156938 36156937 1 24774 24784 0 0
2025-12-08T00:55:38.373527 534766.951949058 vegas 53.009 1.721 439 1460 116.000000 328 14708078 14765017 0 10116 10076 39 0
2025-12-08T00:55:38.373527 534766.951949058 vegas 51.072 0.214 731 1460 201.000000 568 36156938 36156937 1 24774 24784 0 0
2025-12-08T00:55:38.890066 534767.468534122 vegas 51.343 0.684 446 1460 122.000000 334 15343178 15407417 0 10556 10511 44 0
2025-12-08T00:55:38.890066 534767.468534122 vegas 51.072 0.214 731 1460 201.000000 568 36156938 36156937 1 24774 24784 0 0
2025-12-08T00:55:39.407332 534767.985812629 vegas 52.504 2.130 453 1460 121.000000 339 15988498 16052737 0 10998 10953 44 0
2025-12-08T00:55:39.407332 534767.985812629 vegas 51.072 0.214 731 1460 201.000000 568 36156938 36156937 1 24774 24784 0 0
2025-12-08T00:55:39.939308 534768.517742285 vegas 52.116 1.612 458 1460 123.000000 343 16626518 16690757 0 11435 11390 44 0
2025-12-08T00:55:39.939308 534768.517742285 vegas 51.072 0.214 731 1460 201.000000 568 36156938 36156937 1 24774 24784 0 0
2025-12-08T00:55:40.467791 534769.046236226 vegas 50.989 0.407 461 1460 127.000000 345 17265998 17330237 0 11873 11828 44 0
2025-12-08T00:55:40.467791 534769.046236226 vegas 51.072 0.214 731 1460 201.000000 568 36156938 36156937 1 24775 24785 0 0
2025-12-08T00:55:40.981919 534769.560486509 vegas 50.938 0.267 462 1460 127.000000 346 17874818 17939057 0 12290 12245 44 0
2025-12-08T00:55:40.981919 534769.560486509 vegas 51.072 0.214 731 1460 201.000000 568 36156938 36156937 1 24775 24785 0 0
2025-12-08T00:55:41.501867 534770.080279465 vegas 50.893 0.283 467 1460 129.000000 349 18490938 18555177 0 12712 12667 44 0
2025-12-08T00:55:41.501867 534770.080279465 vegas 51.072 0.214 731 1460 201.000000 568 36156938 36156937 1 24775 24785 0 0
2025-12-08T00:55:42.010930 534770.589383761 vegas 50.815 0.204 472 1460 130.000000 354 19134798 19199037 0 13153 13108 44 0
2025-12-08T00:55:42.010930 534770.589383761 vegas 51.072 0.214 731 1460 201.000000 568 36156938 36156937 1 24775 24785 0 0
2025-12-08T00:55:42.530860 534771.109339580 vegas 51.596 0.392 477 1460 130.000000 357 19775738 19838517 0 13591 13547 43 0
2025-12-08T00:55:42.530860 534771.109339580 vegas 51.072 0.214 731 1460 201.000000 568 36156938 36156937 1 24775 24785 0 0
2025-12-08T00:55:43.047508 534771.625977481 vegas 51.159 0.423 480 1460 132.000000 360 20413758 20477997 0 14029 13984 44 0
2025-12-08T00:55:43.047508 534771.625977481 vegas 51.072 0.214 731 1460 201.000000 568 36156938 36156937 1 24775 24785 0 0
2025-12-08T00:55:43.562006 534772.140462359 vegas 50.536 0.139 486 1460 135.000000 364 21054698 21118937 0 14468 14423 44 0
2025-12-08T00:55:43.562006 534772.140462359 vegas 51.072 0.214 731 1460 201.000000 568 36156938 36156937 1 24775 24785 0 0
2025-12-08T00:55:44.071523 534772.650016589 vegas 50.900 0.190 496 1460 137.000000 372 21697098 21761337 0 14908 14863 44 0
2025-12-08T00:55:44.071523 534772.650016589 vegas 51.072 0.214 731 1460 201.000000 568 36156938 36156937 1 24775 24785 0 0
2025-12-08T00:55:44.586303 534773.164721664 vegas 51.130 0.957 501 1460 137.000000 375 22288398 22352637 0 15313 15268 44 0
2025-12-08T00:55:44.586303 534773.164721664 vegas 51.072 0.214 731 1460 201.000000 568 36156938 36156937 1 24775 24785 0 0
2025-12-08T00:55:45.099155 534773.677615218 vegas 51.618 0.718 504 1460 137.000000 378 22923498 22984817 0 15746 15703 42 0
2025-12-08T00:55:45.099155 534773.677615218 vegas 51.072 0.214 731 1460 201.000000 568 36156938 36156937 1 24775 24785 0 0
2025-12-08T00:55:45.616912 534774.195370621 vegas 51.053 0.406 506 1460 139.000000 379 23562978 23627217 0 16186 16141 44 0
2025-12-08T00:55:45.616912 534774.195370621 vegas 51.072 0.214 731 1460 201.000000 568 36156938 36156937 1 24775 24785 0 0
2025-12-08T00:55:46.134316 534774.712769984 vegas 51.171 0.308 507 1460 139.000000 379 24208298 24271077 0 16627 16583 43 0
2025-12-08T00:55:46.134316 534774.712769984 vegas 51.072 0.214 731 1460 201.000000 568 36156938 36156937 1 24775 24785 0 0
2025-12-08T00:55:46.647914 534775.226335680 vegas 50.597 0.063 510 1460 141.000000 382 24844858 24909097 0 17064 17019 44 0
2025-12-08T00:55:46.647914 534775.226335680 vegas 51.072 0.214 731 1460 201.000000 568 36156938 36156937 1 24775 24785 0 0
2025-12-08T00:55:47.161175 534775.739645334 vegas 51.797 0.955 514 1460 139.000000 385 25488718 25552957 0 17505 17460 44 0
2025-12-08T00:55:47.161175 534775.739645334 vegas 51.072 0.214 731 1460 201.000000 568 36156938 36156937 1 24775 24785 0 0
2025-12-08T00:55:47.677097 534776.255568200 vegas 51.664 0.478 515 1460 140.000000 385 26129658 26193897 0 17944 17899 44 0
2025-12-08T00:55:47.677097 534776.255568200 vegas 51.072 0.214 731 1460 201.000000 568 36156938 36156937 1 24775 24785 0 0
2025-12-08T00:55:48.195457 534776.773915741 vegas 53.981 1.700 515 1460 134.000000 385 26742858 26804177 0 18362 18319 42 0
2025-12-08T00:55:48.195457 534776.773915741 vegas 51.072 0.214 731 1460 201.000000 568 36156938 36156937 1 24775 24785 0 0
2025-12-08T00:55:48.712522 534777.290947126 vegas 51.245 0.552 515 1460 141.000000 385 27364818 27424677 0 18787 18745 41 0
2025-12-08T00:55:48.712522 534777.290947126 vegas 51.072 0.214 731 1460 201.000000 568 36156938 36156937 1 24775 24785 0 0
2025-12-08T00:55:49.228055 534777.806549858 vegas 50.470 0.115 519 1460 144.000000 388 28002838 28067077 0 19227 19182 44 0
2025-12-08T00:55:49.228055 534777.806549858 vegas 51.072 0.214 731 1460 201.000000 568 36156938 36156937 1 24775 24785 0 0
2025-12-08T00:55:49.737717 534778.316162243 vegas 50.950 0.312 527 1460 145.000000 394 28642318 28706557 0 19665 19620 44 0
2025-12-08T00:55:49.737717 534778.316162243 vegas 51.072 0.214 731 1460 201.000000 568 36156938 36156937 1 24775 24785 0 0
2025-12-08T00:55:50.271256 534778.849680657 vegas 50.745 0.332 531 1460 147.000000 397 29309538 29373777 0 20122 20077 44 0
2025-12-08T00:55:50.271256 534778.849680657 vegas 51.072 0.214 731 1460 201.000000 568 36156938 36156937 1 24775 24785 0 0
2025-12-08T00:55:50.781305 534779.359740737 vegas 51.614 0.934 533 1460 145.000000 399 29928578 29991357 0 20545 20501 43 0
2025-12-08T00:55:50.781305 534779.359740737 vegas 51.072 0.214 731 1460 201.000000 568 36156938 36156937 1 24775 24785 0 0
2025-12-08T00:55:51.292334 534779.870771883 vegas 51.431 0.361 533 1460 145.000000 399 30565138 30629377 0 20982 20937 44 0
2025-12-08T00:55:51.292334 534779.870771883 vegas 51.072 0.214 731 1460 201.000000 568 36156938 36156937 1 24775 24785 0 0
2025-12-08T00:55:51.803416 534780.381953731 vegas 51.926 0.852 535 1460 144.000000 400 31206078 31270317 0 21421 21376 44 0
2025-12-08T00:55:51.803416 534780.381953731 vegas 51.072 0.214 731 1460 201.000000 568 36156938 36156937 1 24775 24785 0 0
2025-12-08T00:55:52.318742 534780.897157023 vegas 50.758 0.388 541 1460 149.000000 405 31825118 31889357 0 21845 21800 44 0
2025-12-08T00:55:52.318742 534780.897157023 vegas 51.072 0.214 731 1460 201.000000 568 36156938 36156937 1 24775 24785 0 0
2025-12-08T00:55:52.830739 534781.409192894 vegas 51.260 0.671 546 1460 149.000000 409 32464598 32528837 0 22283 22238 44 0
2025-12-08T00:55:52.830739 534781.409192894 vegas 51.072 0.214 731 1460 201.000000 568 36156938 36156937 1 24775 24785 0 0
2025-12-08T00:55:53.347318 534781.925785201 vegas 51.310 0.509 547 1460 149.000000 409 33106998 33171237 0 22723 22678 44 0
2025-12-08T00:55:53.347318 534781.925785201 vegas 51.072 0.214 731 1460 201.000000 568 36156938 36156937 1 24775 24785 0 0
2025-12-08T00:55:53.864864 534782.443320451 vegas 51.005 0.516 549 1460 151.000000 411 33747938 33812177 0 23162 23117 44 0
2025-12-08T00:55:53.864864 534782.443320451 vegas 51.072 0.214 731 1460 201.000000 568 36156938 36156937 1 24775 24785 0 0
2025-12-08T00:55:54.380386 534782.958886137 vegas 52.062 0.325 547 1460 147.000000 411 34385958 34448737 0 23598 23554 43 0
2025-12-08T00:55:54.380386 534782.958886137 vegas 51.072 0.214 731 1460 201.000000 568 36156938 36156937 1 24775 24785 0 0
2025-12-08T00:55:54.896893 534783.475340767 vegas 50.926 0.211 547 1460 151.000000 411 35015218 35072157 0 24025 23985 39 0
2025-12-08T00:55:54.896893 534783.475340767 vegas 51.072 0.214 731 1460 201.000000 568 36156938 36156937 1 24775 24785 0 0
2025-12-08T00:55:55.411747 534783.990199244 vegas 51.292 0.653 548 1460 150.000000 411 35648858 35711637 0 24463 24419 43 0
2025-12-08T00:55:55.411747 534783.990199244 vegas 51.072 0.214 731 1460 201.000000 568 36156938 36156937 1 24775 24785 0 0
2025-12-08T00:55:55.929286 534784.507704185 vegas 51.572 0.811 550 1460 149.000000 412 36283958 36348197 0 24899 24854 44 0
2025-12-08T00:55:55.929286 534784.507704185 vegas 51.072 0.214 731 1460 201.000000 568 36156938 36156937 1 24775 24785 0 0
2025-12-08T00:55:56.444685 534785.023106437 vegas 51.072 0.214 731 1460 201.000000 568 36156938 36156937 1 24776 24785 0 0
