wall_time monotonic algo rtt_ms rtt_var_ms cwnd mss pacing_mbps ssthresh bytes_acked bytes_sent bytes_received segs_out segs_in unacked retrans_total
2025-12-08T00:01:59.698542 531548.277079057 vegas 13.639 0.564 12 1460 12.300000 11 35511618 35514537 1 24336 24333 0 2920
2025-12-08T00:02:00.205314 531548.783792083 vegas 14.940 0.687 13 1460 12.200000 9 299338 319777 0 222 207 12 2920
2025-12-08T00:02:00.205314 531548.783792083 vegas 13.639 0.564 12 1460 12.300000 11 35511618 35514537 1 24336 24333 0 2920
2025-12-08T00:02:00.711774 531549.290376193 vegas 14.069 0.399 12 1460 12.000000 9 911078 931517 0 641 626 12 2920
2025-12-08T00:02:00.711774 531549.290376193 vegas 13.639 0.564 12 1460 12.300000 11 35511618 35514537 1 24336 24333 0 2920
2025-12-08T00:02:01.224988 531549.803485033 vegas 13.324 0.188 12 1460 12.600000 10 1524278 1543257 0 1060 1046 11 2920
2025-12-08T00:02:01.224988 531549.803485033 vegas 13.639 0.564 12 1460 12.300000 11 35511618 35514537 1 24336 24333 0 2920
2025-12-08T00:02:01.732011 531550.310435300 vegas 15.230 0.336 12 1460 11.000000 10 2133098 2152077 0 1477 1463 11 2920
2025-12-08T00:02:01.732011 531550.310435300 vegas 13.639 0.564 12 1460 12.300000 11 35511618 35514537 1 24336 24333 0 2920
2025-12-08T00:02:02.241234 531550.819692239 vegas 13.639 0.292 12 1460 12.300000 10 2746298 2765277 0 1897 1883 11 2920
2025-12-08T00:02:02.241234 531550.819692239 vegas 13.639 0.564 12 1460 12.300000 11 35511618 35514537 1 24336 24333 0 2920
2025-12-08T00:02:02.757920 531551.336370977 vegas 13.481 0.185 12 1460 12.500000 10 3368258 3387237 0 2323 2309 11 2920
2025-12-08T00:02:02.757920 531551.336370977 vegas 13.639 0.564 12 1460 12.300000 11 35511618 35514537 1 24336 24333 0 2920
2025-12-08T00:02:03.273825 531551.852289683 vegas 14.091 0.755 12 1460 11.900000 10 3974158 3994597 0 2739 2724 12 2920
2025-12-08T00:02:03.273825 531551.852289683 vegas 13.639 0.564 12 1460 12.300000 11 35511618 35514537 1 24336 24333 0 2920
2025-12-08T00:02:03.789581 531552.367996558 vegas 13.513 0.411 12 1460 12.400000 10 4582978 4601957 0 3155 3141 11 2920
2025-12-08T00:02:03.789581 531552.367996558 vegas 13.639 0.564 12 1460 12.300000 11 35511618 35514537 1 24336 24333 0 2920
2025-12-08T00:02:04.295450 531552.873944958 vegas 16.692 4.079 12 1460 10.100000 10 5191798 5212237 0 3573 3558 12 2920
2025-12-08T00:02:04.295450 531552.873944958 vegas 13.639 0.564 12 1460 12.300000 11 35511618 35514537 1 24336 24333 0 2920
2025-12-08T00:02:04.814379 531553.392810281 vegas 13.545 0.722 12 1460 12.400000 10 5804998 5823977 0 3992 3978 11 2920
2025-12-08T00:02:04.814379 531553.392810281 vegas 13.639 0.564 12 1460 12.300000 11 35511618 35514537 1 24336 24333 0 2920
2025-12-08T00:02:05.323453 531553.902005586 vegas 14.062 0.602 12 1460 12.000000 10 6413818 6434257 0 4410 4395 12 2920
2025-12-08T00:02:05.323453 531553.902005586 vegas 13.639 0.564 12 1460 12.300000 11 35511618 35514537 1 24336 24333 0 2920
2025-12-08T00:02:05.837024 531554.415490114 vegas 13.893 0.689 12 1460 12.100000 10 7024098 7044537 0 4828 4813 12 2920
2025-12-08T00:02:05.837024 531554.415490114 vegas 13.639 0.564 12 1460 12.300000 11 35511618 35514537 1 24336 24333 0 2920
2025-12-08T00:02:06.351730 531554.930282079 vegas 15.153 0.758 12 1460 11.100000 10 7624158 7644597 0 5239 5224 12 2920
2025-12-08T00:02:06.351730 531554.930282079 vegas 13.639 0.564 12 1460 12.300000 11 35511618 35514537 1 24336 24333 0 2920
2025-12-08T00:02:06.867309 531555.445748157 vegas 13.849 1.692 12 1460 12.100000 10 8237358 8257797 0 5659 5644 12 2920
2025-12-08T00:02:06.867309 531555.445748157 vegas 13.639 0.564 12 1460 12.300000 11 35511618 35514537 1 24336 24333 0 2920
2025-12-08T00:02:07.380091 531555.958520150 vegas 13.835 0.428 12 1460 12.200000 10 8844718 8863697 0 6074 6060 11 2920
2025-12-08T00:02:07.380091 531555.958520150 vegas 13.639 0.564 12 1460 12.300000 11 35511618 35514537 1 24336 24333 0 2920
2025-12-08T00:02:07.893653 531556.472127837 vegas 14.050 0.380 12 1460 12.000000 10 9443318 9462297 0 6484 6470 11 2920
2025-12-08T00:02:07.893653 531556.472127837 vegas 13.639 0.564 12 1460 12.300000 11 35511618 35514537 1 24336 24333 0 2920
2025-12-08T00:02:08.411587 531556.990349033 vegas 15.185 0.467 13 1460 12.000000 10 10055058 10076957 0 6905 6889 13 2920
2025-12-08T00:02:08.411587 531556.990349033 vegas 13.639 0.564 12 1460 12.300000 11 35511618 35514537 1 24336 24333 0 2920
2025-12-08T00:02:08.937939 531557.516373523 vegas 14.977 0.530 12 1460 11.200000 10 10678478 10697457 0 7330 7316 11 2920
2025-12-08T00:02:08.937939 531557.516373523 vegas 13.639 0.564 12 1460 12.300000 11 35511618 35514537 1 24336 24333 0 2920
2025-12-08T00:02:09.448938 531558.027378037 vegas 14.578 0.331 12 1460 11.500000 10 11294598 11315037 0 7753 7738 12 2920
2025-12-08T00:02:09.448938 531558.027378037 vegas 13.639 0.564 12 1460 12.300000 11 35511618 35514537 1 24336 24333 0 2920
2025-12-08T00:02:09.961569 531558.540295396 vegas 13.736 0.706 12 1460 12.200000 10 11849398 11871297 0 8134 8118 11 2920
2025-12-08T00:02:09.961569 531558.540295396 vegas 13.639 0.564 12 1460 12.300000 11 35511618 35514537 1 24336 24333 0 2920
2025-12-08T00:02:10.475273 531559.054080488 vegas 15.247 1.002 13 1460 11.900000 10 12461138 12485957 0 8555 8537 13 2920
2025-12-08T00:02:10.475273 531559.054080488 vegas 13.639 0.564 12 1460 12.300000 11 35511618 35514537 1 24336 24333 0 2920
2025-12-08T00:02:10.988872 531559.567313172 vegas 13.442 0.118 12 1460 12.500000 10 13074338 13096237 0 8973 8957 11 2920
2025-12-08T00:02:10.988872 531559.567313172 vegas 13.639 0.564 12 1460 12.300000 11 35511618 35514537 1 24336 24333 0 2920
2025-12-08T00:02:11.500805 531560.079231916 vegas 13.500 0.231 12 1460 12.500000 10 13684618 13706517 0 9391 9375 11 2920
2025-12-08T00:02:11.500805 531560.079231916 vegas 13.639 0.564 12 1460 12.300000 11 35511618 35514537 1 24336 24333 0 2920
2025-12-08T00:02:12.010763 531560.589187064 vegas 13.830 0.324 12 1460 12.200000 10 14294898 14316797 0 9809 9793 11 2920
2025-12-08T00:02:12.010763 531560.589187064 vegas 13.639 0.564 12 1460 12.300000 11 35511618 35514537 1 24336 24333 0 2920
2025-12-08T00:02:12.519473 531561.097918105 vegas 13.988 0.652 12 1460 12.000000 10 14900798 14924157 0 10225 10208 12 2920
2025-12-08T00:02:12.519473 531561.097918105 vegas 13.639 0.564 12 1460 12.300000 11 35511618 35514537 1 24336 24333 0 2920
2025-12-08T00:02:13.028266 531561.606688352 vegas 13.950 0.705 12 1460 12.100000 10 15505238 15528597 0 10639 10622 12 2920
2025-12-08T00:02:13.028266 531561.606688352 vegas 13.639 0.564 12 1460 12.300000 11 35511618 35514537 1 24336 24333 0 2920
2025-12-08T00:02:13.538512 531562.116937616 vegas 13.621 0.447 12 1460 12.300000 10 16119898 16141797 0 11059 11043 11 2920
2025-12-08T00:02:13.538512 531562.116937616 vegas 13.639 0.564 12 1460 12.300000 11 35511618 35514537 1 24336 24333 0 2920
2025-12-08T00:02:14.047674 531562.626084521 vegas 14.441 0.530 12 1460 11.600000 10 16719958 16743317 0 11471 11454 12 2920
2025-12-08T00:02:14.047674 531562.626084521 vegas 13.639 0.564 12 1460 12.300000 11 35511618 35514537 1 24336 24333 0 2920
2025-12-08T00:02:14.553182 531563.131618397 vegas 14.978 0.855 13 1460 12.200000 10 17330238 17355057 0 11890 11872 13 2920
2025-12-08T00:02:14.553182 531563.131618397 vegas 13.639 0.564 12 1460 12.300000 11 35511618 35514537 1 24336 24333 0 2920
2025-12-08T00:02:15.063036 531563.641492580 vegas 13.368 1.658 12 1460 12.600000 10 17939058 17962417 0 12306 12289 12 2920
2025-12-08T00:02:15.063036 531563.641492580 vegas 13.639 0.564 12 1460 12.300000 11 35511618 35514537 1 24336 24333 0 2920
2025-12-08T00:02:15.573829 531564.152412494 vegas 13.731 2.112 13 1460 13.300000 10 18552258 18575617 0 12726 12709 12 2920
2025-12-08T00:02:15.573829 531564.152412494 vegas 13.639 0.564 12 1460 12.300000 11 35511618 35514537 1 24336 24333 0 2920
2025-12-08T00:02:16.087699 531564.666138446 vegas 15.084 1.439 13 1460 12.100000 10 19166918 19191737 0 13148 13130 13 2920
2025-12-08T00:02:16.087699 531564.666138446 vegas 13.639 0.564 12 1460 12.300000 11 35511618 35514537 1 24336 24333 0 2920
2025-12-08T00:02:16.600050 531565.178481502 vegas 14.113 1.620 12 1460 11.900000 10 19774278 19796177 0 13562 13546 11 2920
2025-12-08T00:02:16.600050 531565.178481502 vegas 13.639 0.564 12 1460 12.300000 11 35511618 35514537 1 24336 24333 0 2920
2025-12-08T00:02:17.110260 531565.688781213 vegas 23.628 1.376 11 1460 6.530000 10 20390398 20412297 0 13984 13968 11 2920
2025-12-08T00:02:17.110260 531565.688781213 vegas 13.639 0.564 12 1460 12.300000 11 35511618 35514537 1 24336 24333 0 2920
2025-12-08T00:02:17.653479 531566.231899825 vegas 13.421 0.181 12 1460 12.500000 10 21015278 21037177 0 14412 14396 11 2920
2025-12-08T00:02:17.653479 531566.231899825 vegas 13.639 0.564 12 1460 12.300000 11 35511618 35514537 1 24336 24333 0 2920
2025-12-08T00:02:18.165654 531566.744073420 vegas 13.742 0.522 13 1460 13.300000 10 21612418 21635777 0 14822 14805 12 2920
2025-12-08T00:02:18.165654 531566.744073420 vegas 13.639 0.564 12 1460 12.300000 11 35511618 35514537 1 24336 24333 0 2920
2025-12-08T00:02:18.675166 531567.253700595 vegas 14.554 0.979 12 1460 11.600000 10 22232918 22256277 0 15247 15230 12 2920
2025-12-08T00:02:18.675166 531567.253700595 vegas 13.639 0.564 12 1460 12.300000 11 35511618 35514537 1 24336 24333 0 2920
2025-12-08T00:02:19.189751 531567.768171818 vegas 16.055 1.248 12 1460 10.500000 10 22854878 22878237 0 15673 15656 12 2920
2025-12-08T00:02:19.189751 531567.768171818 vegas 13.639 0.564 12 1460 12.300000 11 35511618 35514537 1 24336 24333 0 2920
2025-12-08T00:02:19.712171 531568.290593582 vegas 16.515 0.972 13 1460 11.000000 10 23462238 23485597 0 16089 16072 12 2920
2025-12-08T00:02:19.712171 531568.290593582 vegas 13.639 0.564 12 1460 12.300000 11 35511618 35514537 1 24336 24333 0 2920
2025-12-08T00:02:20.224394 531568.802814337 vegas 17.026 2.910 12 1460 9.880000 10 24062298 24085657 0 16500 16483 12 2920
2025-12-08T00:02:20.224394 531568.802814337 vegas 13.639 0.564 12 1460 12.300000 11 35511618 35514537 1 24336 24333 0 2920
2025-12-08T00:02:20.738816 531569.317253014 vegas 17.175 2.165 12 1460 9.790000 10 24679878 24703237 0 16923 16906 12 2920
2025-12-08T00:02:20.738816 531569.317253014 vegas 13.639 0.564 12 1460 12.300000 11 35511618 35514537 1 24336 24333 0 2920
2025-12-08T00:02:21.259677 531569.838104422 vegas 18.314 2.689 12 1460 9.180000 10 25290158 25313517 0 17341 17324 12 2920
2025-12-08T00:02:21.259677 531569.838104422 vegas 13.639 0.564 12 1460 12.300000 11 35511618 35514537 1 24336 24333 0 2920
2025-12-08T00:02:21.772486 531570.350950455 vegas 16.046 1.883 12 1460 10.500000 10 25896058 25917957 0 17755 17739 11 2920
2025-12-08T00:02:21.772486 531570.350950455 vegas 13.639 0.564 12 1460 12.300000 11 35511618 35514537 1 24336 24333 0 2920
2025-12-08T00:02:22.286898 531570.865419377 vegas 17.008 2.028 12 1460 9.890000 10 26518018 26541377 0 18182 18165 12 2920
2025-12-08T00:02:22.286898 531570.865419377 vegas 13.639 0.564 12 1460 12.300000 11 35511618 35514537 1 24336 24333 0 2920
2025-12-08T00:02:22.815510 531571.393937036 vegas 12.599 1.219 13 1460 14.500000 10 27139978 27163337 0 18608 18591 12 2920
2025-12-08T00:02:22.815510 531571.393937036 vegas 13.639 0.564 12 1460 12.300000 11 35511618 35514537 1 24336 24333 0 2920
2025-12-08T00:02:23.329325 531571.907747715 vegas 14.512 1.105 12 1460 11.600000 9 27735658 27759017 0 19016 18999 11 2920
2025-12-08T00:02:23.329325 531571.907747715 vegas 13.639 0.564 12 1460 12.300000 11 35511618 35514537 1 24336 24333 0 2920
2025-12-08T00:02:23.841232 531572.419650506 vegas 15.575 1.468 14 1460 12.600000 10 28353238 28379517 0 19441 19422 13 2920
2025-12-08T00:02:23.841232 531572.419650506 vegas 13.639 0.564 12 1460 12.300000 11 35511618 35514537 1 24336 24333 0 2920
2025-12-08T00:02:24.350957 531572.929364580 vegas 13.466 0.572 12 1460 12.500000 10 28959138 28982497 0 19854 19837 11 2920
2025-12-08T00:02:24.350957 531572.929364580 vegas 13.639 0.564 12 1460 12.300000 11 35511618 35514537 1 24336 24333 0 2920
2025-12-08T00:02:24.859118 531573.437545261 vegas 15.596 1.258 12 1460 10.800000 10 29575258 29600077 0 20277 20259 12 2920
2025-12-08T00:02:24.859118 531573.437545261 vegas 13.639 0.564 12 1460 12.300000 11 35511618 35514537 1 24336 24333 0 2920
2025-12-08T00:02:25.375250 531573.953678731 vegas 15.033 1.800 12 1460 11.200000 10 30201598 30226417 0 20706 20688 12 2920
2025-12-08T00:02:25.375250 531573.953678731 vegas 13.639 0.564 12 1460 12.300000 11 35511618 35514537 1 24336 24333 0 2920
2025-12-08T00:02:25.899126 531574.477547537 vegas 16.514 2.396 12 1460 10.200000 10 30810418 30835237 0 21123 21105 12 2920
2025-12-08T00:02:25.899126 531574.477547537 vegas 13.639 0.564 12 1460 12.300000 11 35511618 35514537 1 24336 24333 0 2920
2025-12-08T00:02:26.412049 531574.990476012 vegas 15.577 1.059 12 1460 10.800000 10 31429458 31454277 0 21547 21529 12 2920
2025-12-08T00:02:26.412049 531574.990476012 vegas 13.639 0.564 12 1460 12.300000 11 35511618 35514537 1 24336 24333 0 2920
2025-12-08T00:02:26.933891 531575.512318889 vegas 14.862 3.142 13 1460 12.300000 10 32052878 32079157 0 21975 21956 13 2920
2025-12-08T00:02:26.933891 531575.512318889 vegas 13.639 0.564 12 1460 12.300000 11 35511618 35514537 1 24336 24333 0 2920
2025-12-08T00:02:27.447253 531576.025690521 vegas 15.134 0.719 12 1460 11.100000 10 32650018 32674837 0 22383 22365 12 2920
2025-12-08T00:02:27.447253 531576.025690521 vegas 13.639 0.564 12 1460 12.300000 11 35511618 35514537 1 24336 24333 0 2920
2025-12-08T00:02:27.958931 531576.537373012 vegas 14.146 1.981 12 1460 11.900000 10 33282198 33307017 0 22816 22798 12 2920
2025-12-08T00:02:27.958931 531576.537373012 vegas 13.639 0.564 12 1460 12.300000 11 35511618 35514537 1 24336 24333 0 2920
2025-12-08T00:02:28.481331 531577.059751708 vegas 16.924 1.464 12 1460 9.940000 10 33891018 33914377 0 23232 23215 11 2920
2025-12-08T00:02:28.481331 531577.059751708 vegas 13.639 0.564 12 1460 12.300000 11 35511618 35514537 1 24336 24333 0 2920
2025-12-08T00:02:28.996954 531577.575375385 vegas 16.367 0.978 12 1460 10.300000 10 34511518 34534877 0 23657 23640 11 2920
2025-12-08T00:02:28.996954 531577.575375385 vegas 13.639 0.564 12 1460 12.300000 11 35511618 35514537 1 24336 24333 0 2920
2025-12-08T00:02:29.513898 531578.092407162 vegas 14.918 1.168 12 1460 11.300000 10 35091138 35115957 0 24055 24037 12 2920
2025-12-08T00:02:29.513898 531578.092407162 vegas 13.639 0.564 12 1460 12.300000 11 35511618 35514537 1 24336 24333 0 2920
2025-12-08T00:02:30.027877 531578.606287738 vegas 13.639 0.564 12 1460 12.300000 11 35511618 35514537 1 24336 24333 0 2920
