wall_time monotonic algo rtt_ms rtt_var_ms cwnd mss pacing_mbps ssthresh bytes_acked bytes_sent bytes_received segs_out segs_in unacked retrans_total
2025-12-08T01:29:30.955446 536799.533881045 vegas 124.220 62.110 10 1460 1.870000 65535 1 37 0 3 1 1 0
2025-12-08T01:29:31.467112 536800.045575487 vegas 123.000 5.004 88 1460 16.700000 65535 112458 176697 0 125 80 44 0
2025-12-08T01:29:31.984572 536800.563007208 vegas 101.501 1.175 309 1460 71.100000 65535 435118 499357 0 346 301 44 0
2025-12-08T01:29:32.495709 536801.074349009 vegas 100.883 0.645 532 1460 123.000000 65535 760698 823477 0 568 524 43 0
2025-12-08T01:29:33.010290 536801.588731803 vegas 101.383 0.814 702 1460 97.000000 702 1080438 1144677 0 788 743 44 0
2025-12-08T01:29:33.522628 536802.101280420 vegas 101.684 1.103 707 1460 97.500000 702 1407478 1471717 0 1012 967 44 0
2025-12-08T01:29:34.043161 536802.621594145 vegas 101.556 1.100 712 1460 98.300000 702 1733058 1794377 0 1233 1190 42 0
2025-12-08T01:29:34.555009 536803.133436956 vegas 101.846 0.953 717 1460 98.700000 702 2046958 2108277 0 1448 1405 42 0
2025-12-08T01:29:35.061253 536803.639703693 vegas 101.051 0.248 721 1460 100.000000 702 2349178 2413417 0 1657 1612 44 0
2025-12-08T01:29:35.577243 536804.155669439 vegas 101.080 0.882 725 1460 101.000000 702 2668918 2733157 0 1876 1831 44 0
2025-12-08T01:29:36.085893 536804.664339197 vegas 101.251 0.513 730 1460 101.000000 702 2993038 3057277 0 2098 2053 44 0
2025-12-08T01:29:36.596578 536805.175032023 vegas 101.422 0.572 733 1460 101.000000 702 3311318 3375557 0 2316 2271 44 0
2025-12-08T01:29:37.114997 536805.693463453 vegas 100.925 0.541 737 1460 102.000000 702 3638358 3702597 0 2540 2495 44 0
2025-12-08T01:29:37.629718 536806.208163214 vegas 100.781 0.106 741 1460 103.000000 702 3969778 4034017 0 2767 2722 44 0
2025-12-08T01:29:38.146590 536806.725176006 vegas 101.647 0.512 745 1460 103.000000 702 4288058 4352297 0 2985 2940 44 0
2025-12-08T01:29:38.666045 536807.244460158 vegas 101.190 1.130 750 1460 104.000000 702 4609258 4673497 0 3205 3160 44 0
2025-12-08T01:29:39.173900 536807.752366996 vegas 101.106 0.403 756 1460 105.000000 702 4933378 4996157 0 3426 3382 43 0
2025-12-08T01:29:39.692035 536808.270627677 vegas 101.769 1.342 760 1460 105.000000 702 5253118 5317357 0 3646 3601 44 0
2025-12-08T01:29:40.208145 536808.786584440 vegas 101.101 0.280 763 1460 106.000000 702 5564098 5628337 0 3859 3814 44 0
2025-12-08T01:29:40.719638 536809.298238537 vegas 101.492 0.787 765 1460 106.000000 702 5891138 5953917 0 4082 4038 43 0
2025-12-08T01:29:41.236336 536809.814805616 vegas 101.234 0.328 767 1460 106.000000 702 6219638 6282417 0 4307 4263 43 0
2025-12-08T01:29:41.753964 536810.332413560 vegas 101.478 0.898 768 1460 106.000000 702 6540838 6605077 0 4528 4483 44 0
2025-12-08T01:29:42.270566 536810.849028456 vegas 102.190 1.340 769 1460 105.000000 702 6859118 6923357 0 4746 4701 44 0
2025-12-08T01:29:42.787909 536811.366343010 vegas 102.085 0.562 771 1460 106.000000 702 7174478 7235797 0 4960 4917 42 0
2025-12-08T01:29:43.300843 536811.879275733 vegas 101.406 0.754 772 1460 107.000000 702 7486918 7545317 0 5172 5131 40 0
2025-12-08T01:29:43.813138 536812.391587825 vegas 101.174 0.622 775 1460 107.000000 702 7802278 7866517 0 5392 5347 44 0
2025-12-08T01:29:44.327623 536812.906081111 vegas 101.050 0.216 777 1460 108.000000 702 8126398 8187717 0 5612 5569 42 0
2025-12-08T01:29:44.842645 536813.421162682 vegas 101.265 0.617 781 1460 108.000000 702 8447598 8510377 0 5833 5789 43 0
2025-12-08T01:29:45.354954 536813.933655874 vegas 105.135 4.265 786 1460 105.000000 702 8762958 8825737 0 6049 6005 43 0
2025-12-08T01:29:45.868819 536814.447237434 vegas 101.021 0.495 791 1460 110.000000 702 9085618 9146937 0 6269 6226 42 0
2025-12-08T01:29:46.376434 536814.954901997 vegas 102.465 0.941 796 1460 109.000000 702 9402438 9466677 0 6488 6443 44 0
2025-12-08T01:29:46.892583 536815.471042327 vegas 101.424 0.803 798 1460 110.000000 702 9720718 9782037 0 6704 6661 42 0
2025-12-08T01:29:47.408737 536815.987275021 vegas 110.874 4.044 799 1460 101.000000 702 10015638 10075497 0 6905 6863 41 0
2025-12-08T01:29:47.921276 536816.499728513 vegas 102.022 1.110 800 1460 110.000000 702 10312018 10373337 0 7109 7066 42 0
2025-12-08T01:29:48.437884 536817.016309107 vegas 100.964 0.934 800 1460 111.000000 702 10630298 10690157 0 7326 7284 41 0
2025-12-08T01:29:48.945292 536817.523900053 vegas 101.299 0.510 805 1460 111.000000 702 10947118 11011357 0 7546 7501 44 0
2025-12-08T01:29:49.463962 536818.042397710 vegas 101.534 0.771 808 1460 112.000000 702 11271238 11335477 0 7768 7723 44 0
2025-12-08T01:29:49.977929 536818.556375544 vegas 101.455 0.682 811 1460 112.000000 702 11582218 11646457 0 7981 7936 44 0
2025-12-08T01:29:50.497325 536819.075755641 vegas 101.112 0.685 814 1460 113.000000 702 11904878 11969117 0 8202 8157 44 0
2025-12-08T01:29:51.012053 536819.590495458 vegas 104.209 3.737 816 1460 110.000000 702 12230458 12294697 0 8425 8380 44 0
2025-12-08T01:29:51.550065 536820.128511785 vegas 101.382 1.045 818 1460 113.000000 702 12554578 12618817 0 8647 8602 44 0
2025-12-08T01:29:52.075703 536820.654199224 vegas 101.176 0.795 822 1460 114.000000 702 12871398 12935637 0 8864 8819 44 0
2025-12-08T01:29:52.584898 536821.163312526 vegas 100.903 0.748 827 1460 115.000000 702 13191138 13255377 0 9083 9038 44 0
2025-12-08T01:29:53.091480 536821.669935581 vegas 101.129 0.530 832 1460 115.000000 702 13513798 13578037 0 9304 9259 44 0
2025-12-08T01:29:53.607876 536822.186311766 vegas 100.964 0.129 836 1460 116.000000 702 13833538 13894857 0 9521 9478 42 0
2025-12-08T01:29:54.120746 536822.699538956 vegas 102.463 0.984 838 1460 115.000000 702 14157658 14220437 0 9744 9700 43 0
2025-12-08T01:29:54.648368 536823.226846099 vegas 101.895 1.674 839 1460 115.000000 702 14475938 14537257 0 9961 9918 42 0
2025-12-08T01:29:55.164018 536823.742701224 vegas 101.032 0.417 842 1460 117.000000 702 14804438 14864297 0 10185 10143 41 0
2025-12-08T01:29:55.686023 536824.264453741 vegas 101.318 0.603 844 1460 117.000000 702 15124178 15188417 0 10407 10362 44 0
2025-12-08T01:29:56.198775 536824.777254318 vegas 102.388 0.640 846 1460 116.000000 702 15448298 15512537 0 10629 10584 44 0
2025-12-08T01:29:56.716017 536825.294476165 vegas 101.058 0.328 849 1460 118.000000 702 15775338 15838117 0 10852 10808 43 0
2025-12-08T01:29:57.233434 536825.811898839 vegas 101.171 0.131 850 1460 118.000000 702 16097998 16162237 0 11074 11029 44 0
2025-12-08T01:29:57.751741 536826.330176044 vegas 104.336 0.396 851 1460 114.000000 702 16416278 16479057 0 11291 11247 43 0
2025-12-08T01:29:58.265765 536826.844253753 vegas 103.640 1.619 851 1460 115.000000 702 16725798 16788577 0 11503 11459 43 0
2025-12-08T01:29:58.782140 536827.360571366 vegas 101.812 0.839 854 1460 118.000000 702 17041158 17105397 0 11720 11675 44 0
2025-12-08T01:29:59.296126 536827.874562268 vegas 101.160 0.658 855 1460 118.000000 702 17368198 17430977 0 11943 11899 43 0
2025-12-08T01:29:59.812459 536828.391042824 vegas 102.113 0.966 855 1460 117.000000 702 17690858 17755097 0 12165 12120 44 0
2025-12-08T01:30:00.325825 536828.904429129 vegas 101.867 0.392 859 1460 118.000000 702 18014978 18077757 0 12386 12342 43 0
2025-12-08T01:30:00.840440 536829.418955593 vegas 102.207 0.822 864 1460 118.000000 702 18334718 18398957 0 12606 12561 44 0
