wall_time monotonic algo rtt_ms rtt_var_ms cwnd mss pacing_mbps ssthresh bytes_acked bytes_sent bytes_received segs_out segs_in unacked retrans_total
2025-12-08T02:02:12.606611 538761.185349758 vegas 100.806 0.183 569 1460 79.100000 426 18839878 18839877 1 12917 12915 0 0
2025-12-08T02:02:12.606611 538761.185349758 vegas 100.319 0.089 375 1460 52.400000 280 18822358 18822357 1 12901 12899 0 0
2025-12-08T02:02:13.114442 538761.692875580 vegas 127.022 63.511 10 1460 1.820000 65535 1 37 0 3 1 1 0
2025-12-08T02:02:13.114442 538761.692875580 vegas 100.806 0.183 569 1460 79.100000 426 18839878 18839877 1 12917 12915 0 0
2025-12-08T02:02:13.114442 538761.692875580 vegas 100.319 0.089 375 1460 52.400000 280 18822358 18822357 1 12901 12899 0 0
2025-12-08T02:02:13.622164 538762.200718470 vegas 100.911 0.012 132 1460 30.600000 65535 176698 240937 0 169 124 44 0
2025-12-08T02:02:13.622164 538762.200718470 vegas 100.806 0.183 569 1460 79.100000 426 18839878 18839877 1 12917 12915 0 0
2025-12-08T02:02:13.622164 538762.200718470 vegas 100.319 0.089 375 1460 52.400000 280 18822358 18822357 1 12901 12899 0 0
2025-12-08T02:02:14.135330 538762.713786597 vegas 101.874 0.069 352 1460 80.700000 65535 497898 562137 0 389 344 44 0
2025-12-08T02:02:14.135330 538762.713786597 vegas 100.806 0.183 569 1460 79.100000 426 18839878 18839877 1 12917 12915 0 0
2025-12-08T02:02:14.135330 538762.713786597 vegas 100.319 0.089 375 1460 52.400000 280 18822358 18822357 1 12901 12899 0 0
2025-12-08T02:02:14.644812 538763.223295376 vegas 100.765 0.167 572 1460 133.000000 65535 819098 883337 0 609 564 44 0
2025-12-08T02:02:14.644812 538763.223295376 vegas 100.806 0.183 569 1460 79.100000 426 18839878 18839877 1 12917 12915 0 0
2025-12-08T02:02:14.644812 538763.223295376 vegas 100.319 0.089 375 1460 52.400000 280 18822358 18822357 1 12901 12899 0 0
2025-12-08T02:02:15.155832 538763.734311213 vegas 100.727 0.056 792 1460 184.000000 65535 1140298 1204537 0 829 784 44 0
2025-12-08T02:02:15.155832 538763.734311213 vegas 100.806 0.183 569 1460 79.100000 426 18839878 18839877 1 12917 12915 0 0
2025-12-08T02:02:15.155832 538763.734311213 vegas 100.319 0.089 375 1460 52.400000 280 18822358 18822357 1 12901 12899 0 0
2025-12-08T02:02:15.667133 538764.245557252 vegas 101.630 0.381 879 1460 121.000000 877 1448358 1512597 0 1040 995 44 0
2025-12-08T02:02:15.667133 538764.245557252 vegas 100.806 0.183 569 1460 79.100000 426 18839878 18839877 1 12917 12915 0 0
2025-12-08T02:02:15.667133 538764.245557252 vegas 100.319 0.089 375 1460 52.400000 280 18822358 18822357 1 12902 12900 0 0
2025-12-08T02:02:16.178236 538764.756715115 vegas 102.120 0.102 881 1460 121.000000 877 1768098 1832337 0 1259 1214 44 0
2025-12-08T02:02:16.178236 538764.756715115 vegas 100.806 0.183 569 1460 79.100000 426 18839878 18839877 1 12917 12915 0 0
2025-12-08T02:02:16.178236 538764.756715115 vegas 100.319 0.089 375 1460 52.400000 280 18822358 18822357 1 12902 12900 0 0
2025-12-08T02:02:16.692900 538765.271470591 vegas 100.635 0.133 885 1460 123.000000 877 2089298 2153537 0 1479 1434 44 0
2025-12-08T02:02:16.692900 538765.271470591 vegas 100.806 0.183 569 1460 79.100000 426 18839878 18839877 1 12917 12915 0 0
2025-12-08T02:02:16.692900 538765.271470591 vegas 100.319 0.089 375 1460 52.400000 280 18822358 18822357 1 12902 12900 0 0
2025-12-08T02:02:17.200286 538765.778759322 vegas 101.066 0.045 890 1460 123.000000 877 2410498 2474737 0 1699 1654 44 0
2025-12-08T02:02:17.200286 538765.778759322 vegas 100.806 0.183 569 1460 79.100000 426 18839878 18839877 1 12917 12915 0 0
2025-12-08T02:02:17.200286 538765.778759322 vegas 100.319 0.089 375 1460 52.400000 280 18822358 18822357 1 12902 12900 0 0
2025-12-08T02:02:17.712498 538766.290943085 vegas 100.679 0.079 894 1460 124.000000 877 2731698 2795937 0 1919 1874 44 0
2025-12-08T02:02:17.712498 538766.290943085 vegas 100.806 0.183 569 1460 79.100000 426 18839878 18839877 1 12917 12915 0 0
2025-12-08T02:02:17.712498 538766.290943085 vegas 100.319 0.089 375 1460 52.400000 280 18822358 18822357 1 12902 12900 0 0
2025-12-08T02:02:18.222100 538766.800558119 vegas 100.982 0.189 896 1460 124.000000 877 3052898 3117137 0 2139 2094 44 0
2025-12-08T02:02:18.222100 538766.800558119 vegas 100.806 0.183 569 1460 79.100000 426 18839878 18839877 1 12917 12915 0 0
2025-12-08T02:02:18.222100 538766.800558119 vegas 100.319 0.089 375 1460 52.400000 280 18822358 18822357 1 12902 12900 0 0
2025-12-08T02:02:18.740065 538767.318526381 vegas 101.683 0.162 899 1460 124.000000 877 3375558 3439797 0 2360 2315 44 0
2025-12-08T02:02:18.740065 538767.318526381 vegas 100.806 0.183 569 1460 79.100000 426 18839878 18839877 1 12917 12915 0 0
2025-12-08T02:02:18.740065 538767.318526381 vegas 100.319 0.089 375 1460 52.400000 280 18822358 18822357 1 12902 12900 0 0
2025-12-08T02:02:19.255754 538767.834264391 vegas 102.410 0.167 901 1460 123.000000 877 3693838 3758077 0 2578 2533 44 0
2025-12-08T02:02:19.255754 538767.834264391 vegas 100.806 0.183 569 1460 79.100000 426 18839878 18839877 1 12917 12915 0 0
2025-12-08T02:02:19.255754 538767.834264391 vegas 100.319 0.089 375 1460 52.400000 280 18822358 18822357 1 12902 12900 0 0
2025-12-08T02:02:19.779672 538768.358130656 vegas 102.337 0.629 901 1460 123.000000 877 4032558 4096797 0 2810 2765 44 0
2025-12-08T02:02:19.779672 538768.358130656 vegas 100.806 0.183 569 1460 79.100000 426 18839878 18839877 1 12917 12915 0 0
2025-12-08T02:02:19.779672 538768.358130656 vegas 100.319 0.089 375 1460 52.400000 280 18822358 18822357 1 12902 12900 0 0
2025-12-08T02:02:20.291586 538768.870051180 vegas 100.805 0.212 903 1460 126.000000 877 4353758 4416537 0 3029 2985 43 0
2025-12-08T02:02:20.291586 538768.870051180 vegas 100.806 0.183 569 1460 79.100000 426 18839878 18839877 1 12917 12915 0 0
2025-12-08T02:02:20.291586 538768.870051180 vegas 100.319 0.089 375 1460 52.400000 280 18822358 18822357 1 12903 12900 0 0
2025-12-08T02:02:20.808030 538769.386476720 vegas 103.412 2.046 905 1460 123.000000 877 4666198 4723137 0 3239 3199 39 0
2025-12-08T02:02:20.808030 538769.386476720 vegas 100.806 0.183 569 1460 79.100000 426 18839878 18839877 1 12917 12915 0 0
2025-12-08T02:02:20.808030 538769.386476720 vegas 100.319 0.089 375 1460 52.400000 280 18822358 18822357 1 12903 12901 0 0
2025-12-08T02:02:21.323661 538769.902086578 vegas 101.150 0.104 905 1460 125.000000 877 4996158 5060397 0 3470 3425 44 0
2025-12-08T02:02:21.323661 538769.902086578 vegas 100.806 0.183 569 1460 79.100000 426 18839878 18839877 1 12917 12915 0 0
2025-12-08T02:02:21.323661 538769.902086578 vegas 100.319 0.089 375 1460 52.400000 280 18822358 18822357 1 12903 12901 0 0
2025-12-08T02:02:21.833472 538770.412046051 vegas 100.849 0.063 908 1460 126.000000 877 5315898 5380137 0 3689 3644 44 0
2025-12-08T02:02:21.833472 538770.412046051 vegas 100.806 0.183 569 1460 79.100000 426 18839878 18839877 1 12917 12915 0 0
2025-12-08T02:02:21.833472 538770.412046051 vegas 100.319 0.089 375 1460 52.400000 280 18822358 18822357 1 12903 12901 0 0
2025-12-08T02:02:22.344956 538770.923474838 vegas 101.141 0.217 911 1460 126.000000 877 5638558 5702797 0 3910 3865 44 0
2025-12-08T02:02:22.344956 538770.923474838 vegas 100.806 0.183 569 1460 79.100000 426 18839878 18839877 1 12917 12915 0 0
2025-12-08T02:02:22.344956 538770.923474838 vegas 100.319 0.089 375 1460 52.400000 280 18822358 18822357 1 12903 12901 0 0
2025-12-08T02:02:22.859644 538771.438078430 vegas 102.064 0.671 916 1460 126.000000 877 5990418 6054657 0 4151 4106 44 0
2025-12-08T02:02:22.859644 538771.438078430 vegas 100.806 0.183 569 1460 79.100000 426 18839878 18839877 1 12917 12915 0 0
2025-12-08T02:02:22.859644 538771.438078430 vegas 100.319 0.089 375 1460 52.400000 280 18822358 18822357 1 12903 12901 0 0
2025-12-08T02:02:23.374460 538771.952883914 vegas 100.438 0.032 918 1460 128.000000 877 6311618 6375857 0 4371 4326 44 0
2025-12-08T02:02:23.374460 538771.952883914 vegas 100.806 0.183 569 1460 79.100000 426 18839878 18839877 1 12917 12915 0 0
2025-12-08T02:02:23.374460 538771.952883914 vegas 100.319 0.089 375 1460 52.400000 280 18822358 18822357 1 12903 12901 0 0
2025-12-08T02:02:23.882277 538772.460749349 vegas 100.690 0.062 923 1460 128.000000 877 6632818 6697057 0 4591 4546 44 0
2025-12-08T02:02:23.882277 538772.460749349 vegas 100.806 0.183 569 1460 79.100000 426 18839878 18839877 1 12917 12915 0 0
2025-12-08T02:02:23.882277 538772.460749349 vegas 100.319 0.089 375 1460 52.400000 280 18822358 18822357 1 12903 12901 0 0
2025-12-08T02:02:24.397014 538772.975529535 vegas 101.015 0.216 928 1460 129.000000 877 6954018 7018257 0 4811 4766 44 0
2025-12-08T02:02:24.397014 538772.975529535 vegas 100.806 0.183 569 1460 79.100000 426 18839878 18839877 1 12917 12915 0 0
2025-12-08T02:02:24.397014 538772.975529535 vegas 100.319 0.089 375 1460 52.400000 280 18822358 18822357 1 12903 12901 0 0
2025-12-08T02:02:24.911541 538773.489992240 vegas 100.914 0.104 931 1460 129.000000 877 7275218 7339457 0 5031 4986 44 0
2025-12-08T02:02:24.911541 538773.489992240 vegas 100.806 0.183 569 1460 79.100000 426 18839878 18839877 1 12917 12915 0 0
2025-12-08T02:02:24.911541 538773.489992240 vegas 100.319 0.089 375 1460 52.400000 280 18822358 18822357 1 12903 12901 0 0
2025-12-08T02:02:25.425357 538774.003815847 vegas 101.805 0.348 934 1460 129.000000 877 7596418 7660657 0 5251 5206 44 0
2025-12-08T02:02:25.425357 538774.003815847 vegas 100.806 0.183 569 1460 79.100000 426 18839878 18839877 1 12917 12915 0 0
2025-12-08T02:02:25.425357 538774.003815847 vegas 100.319 0.089 375 1460 52.400000 280 18822358 18822357 1 12903 12901 0 0
2025-12-08T02:02:25.941774 538774.520194657 vegas 101.466 0.162 936 1460 129.000000 877 7917618 7981857 0 5471 5426 44 0
2025-12-08T02:02:25.941774 538774.520194657 vegas 100.806 0.183 569 1460 79.100000 426 18839878 18839877 1 12918 12915 0 0
2025-12-08T02:02:25.941774 538774.520194657 vegas 100.319 0.089 375 1460 52.400000 280 18822358 18822357 1 12903 12901 0 0
2025-12-08T02:02:26.460673 538775.039107184 vegas 105.284 0.662 938 1460 125.000000 877 8238818 8303057 0 5691 5646 44 0
2025-12-08T02:02:26.460673 538775.039107184 vegas 100.806 0.183 569 1460 79.100000 426 18839878 18839877 1 12918 12916 0 0
2025-12-08T02:02:26.460673 538775.039107184 vegas 100.319 0.089 375 1460 52.400000 280 18822358 18822357 1 12903 12901 0 0
2025-12-08T02:02:26.975700 538775.554161820 vegas 101.736 0.351 938 1460 129.000000 877 8560018 8624257 0 5911 5866 44 0
2025-12-08T02:02:26.975700 538775.554161820 vegas 100.806 0.183 569 1460 79.100000 426 18839878 18839877 1 12918 12916 0 0
2025-12-08T02:02:26.975700 538775.554161820 vegas 100.319 0.089 375 1460 52.400000 280 18822358 18822357 1 12903 12901 0 0
2025-12-08T02:02:27.490114 538776.068580558 vegas 102.150 0.177 938 1460 129.000000 877 8882678 8946917 0 6132 6087 44 0
2025-12-08T02:02:27.490114 538776.068580558 vegas 100.806 0.183 569 1460 79.100000 426 18839878 18839877 1 12918 12916 0 0
2025-12-08T02:02:27.490114 538776.068580558 vegas 100.319 0.089 375 1460 52.400000 280 18822358 18822357 1 12903 12901 0 0
2025-12-08T02:02:28.005771 538776.584364675 vegas 101.787 0.370 940 1460 129.000000 877 9205338 9269577 0 6353 6308 44 0
2025-12-08T02:02:28.005771 538776.584364675 vegas 100.806 0.183 569 1460 79.100000 426 18839878 18839877 1 12918 12916 0 0
2025-12-08T02:02:28.005771 538776.584364675 vegas 100.319 0.089 375 1460 52.400000 280 18822358 18822357 1 12903 12901 0 0
2025-12-08T02:02:28.517382 538777.095965767 vegas 101.208 0.401 944 1460 131.000000 877 9529458 9593697 0 6575 6530 44 0
2025-12-08T02:02:28.517382 538777.095965767 vegas 100.806 0.183 569 1460 79.100000 426 18839878 18839877 1 12918 12916 0 0
2025-12-08T02:02:28.517382 538777.095965767 vegas 100.319 0.089 375 1460 52.400000 280 18822358 18822357 1 12903 12901 0 0
2025-12-08T02:02:29.036697 538777.615125037 vegas 101.689 1.602 947 1460 131.000000 877 9850658 9914897 0 6795 6750 44 0
2025-12-08T02:02:29.036697 538777.615125037 vegas 100.806 0.183 569 1460 79.100000 426 18839878 18839877 1 12918 12916 0 0
2025-12-08T02:02:29.036697 538777.615125037 vegas 100.319 0.089 375 1460 52.400000 280 18822358 18822357 1 12903 12901 0 0
2025-12-08T02:02:29.546671 538778.125107863 vegas 100.970 0.142 951 1460 132.000000 877 10167478 10231717 0 7012 6967 44 0
2025-12-08T02:02:29.546671 538778.125107863 vegas 100.806 0.183 569 1460 79.100000 426 18839878 18839877 1 12918 12916 0 0
2025-12-08T02:02:29.546671 538778.125107863 vegas 100.319 0.089 375 1460 52.400000 280 18822358 18822357 1 12903 12901 0 0
2025-12-08T02:02:30.057920 538778.636418980 vegas 101.411 0.153 954 1460 132.000000 877 10488678 10552917 0 7232 7187 44 0
2025-12-08T02:02:30.057920 538778.636418980 vegas 100.806 0.183 569 1460 79.100000 426 18839878 18839877 1 12918 12916 0 0
2025-12-08T02:02:30.057920 538778.636418980 vegas 100.319 0.089 375 1460 52.400000 280 18822358 18822357 1 12903 12901 0 0
2025-12-08T02:02:30.568318 538779.146781858 vegas 101.531 0.268 958 1460 132.000000 877 10840538 10904777 0 7473 7428 44 0
2025-12-08T02:02:30.568318 538779.146781858 vegas 100.806 0.183 569 1460 79.100000 426 18839878 18839877 1 12918 12916 0 0
2025-12-08T02:02:30.568318 538779.146781858 vegas 100.319 0.089 375 1460 52.400000 280 18822358 18822357 1 12904 12902 0 0
2025-12-08T02:02:31.085668 538779.664100512 vegas 103.955 1.460 963 1460 130.000000 877 11163198 11227437 0 7694 7649 44 0
2025-12-08T02:02:31.085668 538779.664100512 vegas 100.806 0.183 569 1460 79.100000 426 18839878 18839877 1 12918 12916 0 0
2025-12-08T02:02:31.085668 538779.664100512 vegas 100.319 0.089 375 1460 52.400000 280 18822358 18822357 1 12904 12902 0 0
2025-12-08T02:02:31.598339 538780.176930764 vegas 100.584 0.089 968 1460 135.000000 877 11487318 11551557 0 7916 7871 44 0
2025-12-08T02:02:31.598339 538780.176930764 vegas 100.806 0.183 569 1460 79.100000 426 18839878 18839877 1 12918 12916 0 0
2025-12-08T02:02:31.598339 538780.176930764 vegas 100.319 0.089 375 1460 52.400000 280 18822358 18822357 1 12904 12902 0 0
2025-12-08T02:02:32.116213 538780.694837140 vegas 174.790 1.742 965 1460 77.400000 877 11904878 11969117 0 8202 8157 44 0
2025-12-08T02:02:32.116213 538780.694837140 vegas 100.806 0.183 569 1460 79.100000 426 18839878 18839877 1 12918 12916 0 0
2025-12-08T02:02:32.116213 538780.694837140 vegas 100.319 0.089 375 1460 52.400000 280 18822358 18822357 1 12904 12902 0 0
2025-12-08T02:02:32.920848 538781.499356897 vegas 101.470 0.058 966 1460 133.000000 877 12226078 12290317 0 8422 8377 44 0
2025-12-08T02:02:32.920848 538781.499356897 vegas 100.806 0.183 569 1460 79.100000 426 18839878 18839877 1 12918 12916 0 0
2025-12-08T02:02:32.920848 538781.499356897 vegas 100.319 0.089 375 1460 52.400000 280 18822358 18822357 1 12904 12902 0 0
2025-12-08T02:02:33.432090 538782.010502510 vegas 100.385 0.026 970 1460 135.000000 877 12547278 12611517 0 8642 8597 44 0
2025-12-08T02:02:33.432090 538782.010502510 vegas 100.806 0.183 569 1460 79.100000 426 18839878 18839877 1 12918 12916 0 0
2025-12-08T02:02:33.432090 538782.010502510 vegas 100.319 0.089 375 1460 52.400000 280 18822358 18822357 1 12904 12902 0 0
2025-12-08T02:02:33.939751 538782.518179914 vegas 102.297 0.094 974 1460 133.000000 877 12868478 12932717 0 8862 8817 44 0
2025-12-08T02:02:33.939751 538782.518179914 vegas 100.806 0.183 569 1460 79.100000 426 18839878 18839877 1 12918 12916 0 0
2025-12-08T02:02:33.939751 538782.518179914 vegas 100.319 0.089 375 1460 52.400000 280 18822358 18822357 1 12904 12902 0 0
2025-12-08T02:02:34.454989 538783.033401205 vegas 100.690 0.096 977 1460 136.000000 877 13189678 13253917 0 9082 9037 44 0
2025-12-08T02:02:34.454989 538783.033401205 vegas 100.806 0.183 569 1460 79.100000 426 18839878 18839877 1 12918 12916 0 0
2025-12-08T02:02:34.454989 538783.033401205 vegas 100.319 0.089 375 1460 52.400000 280 18822358 18822357 1 12904 12902 0 0
2025-12-08T02:02:34.966003 538783.544423972 vegas 101.906 0.130 979 1460 135.000000 877 13510878 13575117 0 9302 9257 44 0
2025-12-08T02:02:34.966003 538783.544423972 vegas 100.806 0.183 569 1460 79.100000 426 18839878 18839877 1 12918 12916 0 0
2025-12-08T02:02:34.966003 538783.544423972 vegas 100.319 0.089 375 1460 52.400000 280 18822358 18822357 1 12904 12902 0 0
2025-12-08T02:02:35.477767 538784.056195056 vegas 101.745 0.220 983 1460 135.000000 877 13832078 13896317 0 9522 9477 44 0
2025-12-08T02:02:35.477767 538784.056195056 vegas 100.806 0.183 569 1460 79.100000 426 18839878 18839877 1 12918 12916 0 0
2025-12-08T02:02:35.477767 538784.056195056 vegas 100.319 0.089 375 1460 52.400000 280 18822358 18822357 1 12904 12902 0 0
2025-12-08T02:02:35.992562 538784.571013784 vegas 101.948 0.513 983 1460 135.000000 877 14153278 14217517 0 9742 9697 44 0
2025-12-08T02:02:35.992562 538784.571013784 vegas 100.806 0.183 569 1460 79.100000 426 18839878 18839877 1 12918 12916 0 0
2025-12-08T02:02:35.992562 538784.571013784 vegas 100.319 0.089 375 1460 52.400000 280 18822358 18822357 1 12904 12902 0 0
2025-12-08T02:02:36.511839 538785.090262952 vegas 102.130 0.546 985 1460 135.000000 877 14474478 14538717 0 9962 9917 44 0
2025-12-08T02:02:36.511839 538785.090262952 vegas 100.806 0.183 569 1460 79.100000 426 18839878 18839877 1 12918 12916 0 0
2025-12-08T02:02:36.511839 538785.090262952 vegas 100.319 0.089 375 1460 52.400000 280 18822358 18822357 1 12904 12902 0 0
2025-12-08T02:02:37.023495 538785.601907276 vegas 100.867 0.133 987 1460 137.000000 877 14795678 14859917 0 10182 10137 44 0
2025-12-08T02:02:37.023495 538785.601907276 vegas 100.806 0.183 569 1460 79.100000 426 18839878 18839877 1 12918 12916 0 0
2025-12-08T02:02:37.023495 538785.601907276 vegas 100.319 0.089 375 1460 52.400000 280 18822358 18822357 1 12904 12902 0 0
2025-12-08T02:02:37.534464 538786.112913993 vegas 102.140 0.240 988 1460 136.000000 877 15116878 15181117 0 10402 10357 44 0
2025-12-08T02:02:37.534464 538786.112913993 vegas 100.806 0.183 569 1460 79.100000 426 18839878 18839877 1 12918 12916 0 0
2025-12-08T02:02:37.534464 538786.112913993 vegas 100.319 0.089 375 1460 52.400000 280 18822358 18822357 1 12904 12902 0 0
2025-12-08T02:02:38.051674 538786.630107169 vegas 101.851 0.287 988 1460 136.000000 877 15439538 15503777 0 10623 10578 44 0
2025-12-08T02:02:38.051674 538786.630107169 vegas 100.806 0.183 569 1460 79.100000 426 18839878 18839877 1 12918 12916 0 0
2025-12-08T02:02:38.051674 538786.630107169 vegas 100.319 0.089 375 1460 52.400000 280 18822358 18822357 1 12904 12902 0 0
2025-12-08T02:02:38.567862 538787.146282643 vegas 101.142 0.158 988 1460 137.000000 877 15762198 15824977 0 10843 10799 43 0
2025-12-08T02:02:38.567862 538787.146282643 vegas 100.806 0.183 569 1460 79.100000 426 18839878 18839877 1 12918 12916 0 0
2025-12-08T02:02:38.567862 538787.146282643 vegas 100.319 0.089 375 1460 52.400000 280 18822358 18822357 1 12904 12902 0 0
2025-12-08T02:02:39.078599 538787.657080054 vegas 101.922 0.390 990 1460 136.000000 877 16083398 16147637 0 11064 11019 44 0
2025-12-08T02:02:39.078599 538787.657080054 vegas 100.806 0.183 569 1460 79.100000 426 18839878 18839877 1 12918 12916 0 0
2025-12-08T02:02:39.078599 538787.657080054 vegas 100.319 0.089 375 1460 52.400000 280 18822358 18822357 1 12904 12902 0 0
2025-12-08T02:02:39.594292 538788.172749759 vegas 101.597 0.587 991 1460 137.000000 877 16407518 16471757 0 11286 11241 44 0
2025-12-08T02:02:39.594292 538788.172749759 vegas 100.806 0.183 569 1460 79.100000 426 18839878 18839877 1 12918 12916 0 0
2025-12-08T02:02:39.594292 538788.172749759 vegas 100.319 0.089 375 1460 52.400000 280 18822358 18822357 1 12904 12902 0 0
2025-12-08T02:02:40.108196 538788.686661146 vegas 100.890 0.142 992 1460 138.000000 877 16753538 16816317 0 11522 11478 43 0
2025-12-08T02:02:40.108196 538788.686661146 vegas 100.806 0.183 569 1460 79.100000 426 18839878 18839877 1 12918 12916 0 0
2025-12-08T02:02:40.108196 538788.686661146 vegas 100.319 0.089 375 1460 52.400000 280 18822358 18822357 1 12904 12902 0 0
2025-12-08T02:02:40.625003 538789.203455554 vegas 102.481 0.541 993 1460 136.000000 877 17071818 17136057 0 11741 11696 44 0
2025-12-08T02:02:40.625003 538789.203455554 vegas 100.806 0.183 569 1460 79.100000 426 18839878 18839877 1 12918 12916 0 0
2025-12-08T02:02:40.625003 538789.203455554 vegas 100.319 0.089 375 1460 52.400000 280 18822358 18822357 1 12904 12902 0 0
2025-12-08T02:02:41.142039 538789.720457999 vegas 102.293 0.355 994 1460 136.000000 877 17393018 17457257 0 11961 11916 44 0
2025-12-08T02:02:41.142039 538789.720457999 vegas 100.806 0.183 569 1460 79.100000 426 18839878 18839877 1 12918 12916 0 0
2025-12-08T02:02:41.142039 538789.720457999 vegas 100.319 0.089 375 1460 52.400000 280 18822358 18822357 1 12904 12902 0 0
2025-12-08T02:02:41.655807 538790.234231594 vegas 101.028 0.239 995 1460 138.000000 877 17720058 17784297 0 12185 12140 44 0
2025-12-08T02:02:41.655807 538790.234231594 vegas 100.806 0.183 569 1460 79.100000 426 18839878 18839877 1 12918 12916 0 0
2025-12-08T02:02:41.655807 538790.234231594 vegas 100.319 0.089 375 1460 52.400000 280 18822358 18822357 1 12904 12902 0 0
2025-12-08T02:02:42.168159 538790.746594003 vegas 102.315 0.526 997 1460 137.000000 877 18041258 18105497 0 12405 12360 44 0
2025-12-08T02:02:42.168159 538790.746594003 vegas 100.806 0.183 569 1460 79.100000 426 18839878 18839877 1 12918 12916 0 0
2025-12-08T02:02:42.168159 538790.746594003 vegas 100.319 0.089 375 1460 52.400000 280 18822358 18822357 1 12904 12902 0 0
2025-12-08T02:02:42.682318 538791.260795320 vegas 100.736 0.126 999 1460 139.000000 877 18356618 18420857 0 12621 12576 44 0
2025-12-08T02:02:42.682318 538791.260795320 vegas 100.806 0.183 569 1460 79.100000 426 18839878 18839877 1 12918 12916 0 0
2025-12-08T02:02:42.682318 538791.260795320 vegas 100.319 0.089 375 1460 52.400000 280 18822358 18822357 1 12904 12902 0 0
2025-12-08T02:02:43.199092 538791.777703836 vegas 102.060 0.272 1000 1460 137.000000 877 18709938 18774177 0 12863 12818 44 0
2025-12-08T02:02:43.199092 538791.777703836 vegas 100.806 0.183 569 1460 79.100000 426 18839878 18839877 1 12918 12916 0 0
2025-12-08T02:02:43.199092 538791.777703836 vegas 100.319 0.089 375 1460 52.400000 280 18822358 18822357 1 12904 12902 0 0
