wall_time monotonic algo rtt_ms rtt_var_ms cwnd mss pacing_mbps ssthresh bytes_acked bytes_sent bytes_received segs_out segs_in unacked retrans_total
2025-12-08T01:17:19.626840 536068.206290189 vegas 50.622 0.036 485 1460 134.000000 366 37079658 37079657 1 25408 25406 0 0
2025-12-08T01:17:20.153091 536068.731602772 vegas 50.622 0.036 485 1460 134.000000 366 37079658 37079657 1 25408 25406 0 0
2025-12-08T01:17:20.153091 536068.731602772 vegas 58.307 12.203 132 1460 52.900000 65535 176698 240937 0 168 123 44 0
2025-12-08T01:17:20.679758 536069.258268743 vegas 50.622 0.036 485 1460 134.000000 366 37079658 37079657 1 25408 25406 0 0
2025-12-08T01:17:20.679758 536069.258268743 vegas 51.004 0.147 478 1460 131.000000 477 819098 883337 0 608 563 44 0
2025-12-08T01:17:21.196302 536069.774855340 vegas 50.622 0.036 485 1460 134.000000 366 37079658 37079657 1 25408 25406 0 0
2025-12-08T01:17:21.196302 536069.774855340 vegas 51.106 0.053 484 1460 133.000000 477 1461498 1525737 0 1048 1003 44 0
2025-12-08T01:17:21.711972 536070.290428332 vegas 50.622 0.036 485 1460 134.000000 366 37079658 37079657 1 25408 25406 0 0
2025-12-08T01:17:21.711972 536070.290428332 vegas 54.027 0.229 488 1460 127.000000 477 2105358 2168137 0 1488 1444 43 0
2025-12-08T01:17:22.249017 536070.827457129 vegas 50.622 0.036 485 1460 134.000000 366 37079658 37079657 1 25408 25406 0 0
2025-12-08T01:17:22.249017 536070.827457129 vegas 50.824 0.111 496 1460 137.000000 477 2746298 2810537 0 1928 1883 44 0
2025-12-08T01:17:22.766803 536071.345411696 vegas 50.622 0.036 485 1460 134.000000 366 37079658 37079657 1 25408 25406 0 0
2025-12-08T01:17:22.766803 536071.345411696 vegas 50.920 0.051 503 1460 138.000000 477 3388698 3452937 0 2368 2323 44 0
2025-12-08T01:17:23.279055 536071.857523508 vegas 50.622 0.036 485 1460 134.000000 366 37079658 37079657 1 25408 25406 0 0
2025-12-08T01:17:23.279055 536071.857523508 vegas 51.236 0.196 513 1460 140.000000 477 4031098 4095337 0 2808 2763 44 0
2025-12-08T01:17:23.791671 536072.370196476 vegas 50.622 0.036 485 1460 134.000000 366 37079658 37079657 1 25408 25406 0 0
2025-12-08T01:17:23.791671 536072.370196476 vegas 50.492 0.101 522 1460 145.000000 477 4673498 4737737 0 3248 3203 44 0
2025-12-08T01:17:24.302848 536072.881378307 vegas 50.622 0.036 485 1460 134.000000 366 37079658 37079657 1 25408 25406 0 0
2025-12-08T01:17:24.302848 536072.881378307 vegas 52.801 0.311 533 1460 141.000000 477 5320278 5384517 0 3691 3646 44 0
2025-12-08T01:17:24.822740 536073.401227708 vegas 50.622 0.036 485 1460 134.000000 366 37079658 37079657 1 25408 25406 0 0
2025-12-08T01:17:24.822740 536073.401227708 vegas 51.274 0.171 538 1460 147.000000 477 5958298 6022537 0 4128 4083 44 0
2025-12-08T01:17:25.340125 536073.918667159 vegas 50.622 0.036 485 1460 134.000000 366 37079658 37079657 1 25408 25406 0 0
2025-12-08T01:17:25.340125 536073.918667159 vegas 50.864 0.117 547 1460 151.000000 477 6600698 6664937 0 4568 4523 44 0
2025-12-08T01:17:25.853790 536074.432227898 vegas 50.622 0.036 485 1460 134.000000 366 37079658 37079657 1 25408 25406 0 0
2025-12-08T01:17:25.853790 536074.432227898 vegas 52.139 1.608 552 1460 148.000000 477 7186158 7250397 0 4969 4924 44 0
2025-12-08T01:17:26.362756 536074.941295480 vegas 50.622 0.036 485 1460 134.000000 366 37079658 37079657 1 25408 25406 0 0
2025-12-08T01:17:26.362756 536074.941295480 vegas 50.787 0.109 558 1460 154.000000 477 7824178 7888417 0 5406 5361 44 0
2025-12-08T01:17:26.882262 536075.460730971 vegas 50.622 0.036 485 1460 134.000000 366 37079658 37079657 1 25408 25406 0 0
2025-12-08T01:17:26.882262 536075.460730971 vegas 51.630 0.272 562 1460 153.000000 477 8465118 8529357 0 5845 5800 44 0
2025-12-08T01:17:27.395580 536075.974050964 vegas 50.622 0.036 485 1460 134.000000 366 37079658 37079657 1 25408 25406 0 0
2025-12-08T01:17:27.395580 536075.974050964 vegas 51.307 0.020 564 1460 154.000000 477 9106058 9170297 0 6284 6239 44 0
2025-12-08T01:17:27.910538 536076.488962549 vegas 50.622 0.036 485 1460 134.000000 366 37079658 37079657 1 25408 25406 0 0
2025-12-08T01:17:27.910538 536076.488962549 vegas 50.665 0.058 570 1460 158.000000 477 9716338 9780577 0 6702 6657 44 0
2025-12-08T01:17:28.420374 536076.998937402 vegas 50.622 0.036 485 1460 134.000000 366 37079658 37079657 1 25408 25406 0 0
2025-12-08T01:17:28.420374 536076.998937402 vegas 51.540 0.471 579 1460 157.000000 477 10332458 10396697 0 7124 7079 44 0
2025-12-08T01:17:28.946179 536077.524626971 vegas 50.622 0.036 485 1460 134.000000 366 37079658 37079657 1 25408 25406 0 0
2025-12-08T01:17:28.946179 536077.524626971 vegas 50.601 0.153 590 1460 163.000000 477 11005518 11068297 0 7584 7540 43 0
2025-12-08T01:17:29.455837 536078.034259331 vegas 50.622 0.036 485 1460 134.000000 366 37079658 37079657 1 25408 25406 0 0
2025-12-08T01:17:29.455837 536078.034259331 vegas 50.688 0.152 594 1460 164.000000 477 11643538 11707777 0 8022 7977 44 0
2025-12-08T01:17:29.965263 536078.543807983 vegas 50.622 0.036 485 1460 134.000000 366 37079658 37079657 1 25408 25406 0 0
2025-12-08T01:17:29.965263 536078.543807983 vegas 50.786 0.133 603 1460 166.000000 477 12262578 12326817 0 8446 8401 44 0
2025-12-08T01:17:30.478327 536079.057339428 vegas 50.622 0.036 485 1460 134.000000 366 37079658 37079657 1 25408 25406 0 0
2025-12-08T01:17:30.478327 536079.057339428 vegas 51.225 0.052 607 1460 166.000000 477 12925418 12988197 0 8899 8855 43 0
2025-12-08T01:17:30.993653 536079.572107389 vegas 50.622 0.036 485 1460 134.000000 366 37079658 37079657 1 25408 25406 0 0
2025-12-08T01:17:30.993653 536079.572107389 vegas 50.634 0.097 609 1460 169.000000 477 13542998 13607237 0 9323 9278 44 0
2025-12-08T01:17:31.504106 536080.082551105 vegas 50.622 0.036 485 1460 134.000000 366 37079658 37079657 1 25408 25406 0 0
2025-12-08T01:17:31.504106 536080.082551105 vegas 50.761 0.035 618 1460 171.000000 477 14213138 14277377 0 9782 9737 44 0
2025-12-08T01:17:32.021074 536080.599504228 vegas 50.622 0.036 485 1460 134.000000 366 37079658 37079657 1 25408 25406 0 0
2025-12-08T01:17:32.021074 536080.599504228 vegas 52.936 0.520 622 1460 165.000000 477 14858458 14922697 0 10224 10179 44 0
2025-12-08T01:17:32.554293 536081.132923134 vegas 50.622 0.036 485 1460 134.000000 366 37079658 37079657 1 25408 25406 0 0
2025-12-08T01:17:32.554293 536081.132923134 vegas 50.804 0.044 623 1460 172.000000 477 15465818 15530057 0 10640 10595 44 0
2025-12-08T01:17:33.065207 536081.643661843 vegas 50.622 0.036 485 1460 134.000000 366 37079658 37079657 1 25408 25406 0 0
2025-12-08T01:17:33.065207 536081.643661843 vegas 50.784 0.417 629 1460 174.000000 477 16077558 16141797 0 11059 11014 44 0
2025-12-08T01:17:33.574832 536082.153270242 vegas 50.622 0.036 485 1460 134.000000 366 37079658 37079657 1 25408 25406 0 0
2025-12-08T01:17:33.574832 536082.153270242 vegas 52.890 0.383 633 1460 168.000000 477 16718498 16782737 0 11498 11453 44 0
2025-12-08T01:17:34.088091 536082.666518774 vegas 50.622 0.036 485 1460 134.000000 366 37079658 37079657 1 25408 25406 0 0
2025-12-08T01:17:34.088091 536082.666518774 vegas 51.239 0.341 634 1460 173.000000 477 17301038 17365277 0 11897 11852 44 0
2025-12-08T01:17:34.598743 536083.177391770 vegas 50.622 0.036 485 1460 134.000000 366 37079658 37079657 1 25408 25406 0 0
2025-12-08T01:17:34.598743 536083.177391770 vegas 51.090 0.101 640 1460 176.000000 480 17943438 18006217 0 12336 12292 43 0
2025-12-08T01:17:35.112493 536083.690973628 vegas 50.622 0.036 485 1460 134.000000 366 37079658 37079657 1 25408 25406 0 0
2025-12-08T01:17:35.112493 536083.690973628 vegas 54.777 1.193 642 1460 164.000000 481 18587298 18651537 0 12778 12733 44 0
2025-12-08T01:17:35.627637 536084.206088703 vegas 50.622 0.036 485 1460 134.000000 366 37079658 37079657 1 25408 25406 0 0
2025-12-08T01:17:35.627637 536084.206088703 vegas 52.717 0.458 644 1460 171.000000 483 19197578 19261817 0 13196 13151 44 0
2025-12-08T01:17:36.145120 536084.723588520 vegas 50.622 0.036 485 1460 134.000000 366 37079658 37079657 1 25408 25406 0 0
2025-12-08T01:17:36.145120 536084.723588520 vegas 52.081 0.446 644 1460 173.000000 483 19839978 19904217 0 13636 13591 44 0
2025-12-08T01:17:36.660801 536085.239264666 vegas 50.622 0.036 485 1460 134.000000 366 37079658 37079657 1 25408 25406 0 0
2025-12-08T01:17:36.660801 536085.239264666 vegas 52.231 0.345 644 1460 173.000000 483 20476538 20540777 0 14072 14027 44 0
2025-12-08T01:17:37.175208 536085.753654838 vegas 50.622 0.036 485 1460 134.000000 366 37079658 37079657 1 25408 25406 0 0
2025-12-08T01:17:37.175208 536085.753654838 vegas 51.885 0.055 643 1460 174.000000 483 21118938 21183177 0 14512 14467 44 0
2025-12-08T01:17:37.688810 536086.267251776 vegas 50.622 0.036 485 1460 134.000000 366 37079658 37079657 1 25408 25406 0 0
2025-12-08T01:17:37.688810 536086.267251776 vegas 50.907 0.483 642 1460 177.000000 483 21737978 21800757 0 14935 14891 43 0
2025-12-08T01:17:38.203558 536086.782003482 vegas 50.622 0.036 485 1460 134.000000 366 37079658 37079657 1 25408 25406 0 0
2025-12-08T01:17:38.203558 536086.782003482 vegas 51.726 0.289 643 1460 174.000000 483 22375998 22438777 0 15372 15328 43 0
2025-12-08T01:17:38.726947 536087.305536714 vegas 50.622 0.036 485 1460 134.000000 366 37079658 37079657 1 25408 25406 0 0
2025-12-08T01:17:38.726947 536087.305536714 vegas 51.589 0.294 641 1460 174.000000 483 23016938 23079717 0 15811 15767 43 0
2025-12-08T01:17:39.243781 536087.822496915 vegas 50.622 0.036 485 1460 134.000000 366 37079658 37079657 1 25408 25406 0 0
2025-12-08T01:17:39.243781 536087.822496915 vegas 50.919 0.086 641 1460 176.000000 483 23660798 23723577 0 16252 16208 43 0
2025-12-08T01:17:39.762573 536088.341087248 vegas 50.622 0.036 485 1460 134.000000 366 37079658 37079657 1 25408 25406 0 0
2025-12-08T01:17:39.762573 536088.341087248 vegas 51.751 0.373 646 1460 175.000000 484 24298818 24363057 0 16690 16645 44 0
2025-12-08T01:17:40.275962 536088.854440732 vegas 50.622 0.036 485 1460 134.000000 366 37079658 37079657 1 25408 25406 0 0
2025-12-08T01:17:40.275962 536088.854440732 vegas 51.833 0.469 646 1460 175.000000 484 24916398 24980637 0 17113 17068 44 0
2025-12-08T01:17:40.793532 536089.372020169 vegas 50.622 0.036 485 1460 134.000000 366 37079658 37079657 1 25408 25406 0 0
2025-12-08T01:17:40.793532 536089.372020169 vegas 50.464 0.063 653 1460 181.000000 489 25555878 25620117 0 17551 17506 44 0
2025-12-08T01:17:41.300670 536089.879179321 vegas 50.622 0.036 485 1460 134.000000 366 37079658 37079657 1 25408 25406 0 0
2025-12-08T01:17:41.300670 536089.879179321 vegas 51.262 0.548 661 1460 181.000000 495 26198278 26262517 0 17991 17946 44 0
2025-12-08T01:17:41.817749 536090.396170770 vegas 50.622 0.036 485 1460 134.000000 366 37079658 37079657 1 25408 25406 0 0
2025-12-08T01:17:41.817749 536090.396170770 vegas 50.675 0.070 667 1460 184.000000 499 26837758 26901997 0 18429 18384 44 0
2025-12-08T01:17:42.324094 536090.902569438 vegas 50.622 0.036 485 1460 134.000000 366 37079658 37079657 1 25408 25406 0 0
2025-12-08T01:17:42.324094 536090.902569438 vegas 51.686 0.610 677 1460 184.000000 507 27484538 27548777 0 18872 18827 44 0
2025-12-08T01:17:42.840290 536091.418723736 vegas 50.622 0.036 485 1460 134.000000 366 37079658 37079657 1 25408 25406 0 0
2025-12-08T01:17:42.840290 536091.418723736 vegas 50.807 0.267 681 1460 188.000000 510 28131318 28192637 0 19313 19270 42 0
2025-12-08T01:17:43.355044 536091.933480563 vegas 50.622 0.036 485 1460 134.000000 366 37079658 37079657 1 25408 25406 0 0
2025-12-08T01:17:43.355044 536091.933480563 vegas 51.185 0.307 686 1460 188.000000 514 28767878 28832117 0 19751 19706 44 0
2025-12-08T01:17:43.869045 536092.447591445 vegas 50.622 0.036 485 1460 134.000000 366 37079658 37079657 1 25408 25406 0 0
2025-12-08T01:17:43.869045 536092.447591445 vegas 51.086 0.102 688 1460 189.000000 516 29407358 29471597 0 20189 20144 44 0
2025-12-08T01:17:44.385261 536092.963702952 vegas 50.622 0.036 485 1460 134.000000 366 37079658 37079657 1 25408 25406 0 0
2025-12-08T01:17:44.385261 536092.963702952 vegas 53.692 0.549 691 1460 180.000000 517 30052678 30116917 0 20631 20586 44 0
2025-12-08T01:17:44.912050 536093.490476654 vegas 50.622 0.036 485 1460 134.000000 366 37079658 37079657 1 25408 25406 0 0
2025-12-08T01:17:44.912050 536093.490476654 vegas 51.134 0.258 695 1460 191.000000 520 30696538 30760777 0 21072 21027 44 0
2025-12-08T01:17:45.423254 536094.001807842 vegas 50.622 0.036 485 1460 134.000000 366 37079658 37079657 1 25408 25406 0 0
2025-12-08T01:17:45.423254 536094.001807842 vegas 50.420 0.166 696 1460 193.000000 522 31279078 31343317 0 21471 21426 44 0
2025-12-08T01:17:45.938724 536094.517215363 vegas 50.622 0.036 485 1460 134.000000 366 37079658 37079657 1 25408 25406 0 0
2025-12-08T01:17:45.938724 536094.517215363 vegas 50.670 0.110 703 1460 194.000000 526 31921478 31985717 0 21911 21866 44 0
2025-12-08T01:17:46.453368 536095.031846149 vegas 50.622 0.036 485 1460 134.000000 366 37079658 37079657 1 25408 25406 0 0
2025-12-08T01:17:46.453368 536095.031846149 vegas 51.026 0.348 709 1460 195.000000 531 32569718 32633957 0 22355 22310 44 0
2025-12-08T01:17:46.994021 536095.572447937 vegas 50.622 0.036 485 1460 134.000000 366 37079658 37079657 1 25408 25406 0 0
2025-12-08T01:17:46.994021 536095.572447937 vegas 92.313 0.257 708 1460 107.000000 532 33194598 33252997 0 22779 22738 40 0
2025-12-08T01:17:47.540163 536096.118951562 vegas 50.622 0.036 485 1460 134.000000 366 37079658 37079657 1 25408 25406 0 0
2025-12-08T01:17:47.540163 536096.118951562 vegas 50.392 0.044 707 1460 197.000000 532 33742098 33806337 0 23158 23113 44 0
2025-12-08T01:17:48.061545 536096.639967506 vegas 50.622 0.036 485 1460 134.000000 366 37079658 37079657 1 25408 25406 0 0
2025-12-08T01:17:48.061545 536096.639967506 vegas 52.418 0.131 711 1460 190.000000 534 34384498 34448737 0 23598 23553 44 0
2025-12-08T01:17:48.573699 536097.152118258 vegas 50.622 0.036 485 1460 134.000000 366 37079658 37079657 1 25408 25406 0 0
2025-12-08T01:17:48.573699 536097.152118258 vegas 51.701 0.201 711 1460 193.000000 534 34994778 35059017 0 24016 23971 44 0
2025-12-08T01:17:49.083239 536097.661657482 vegas 50.622 0.036 485 1460 134.000000 366 37079658 37079657 1 25408 25406 0 0
2025-12-08T01:17:49.083239 536097.661657482 vegas 55.754 0.613 706 1460 177.000000 534 35635718 35699957 0 24455 24410 44 0
2025-12-08T01:17:49.593216 536098.171692736 vegas 50.622 0.036 485 1460 134.000000 366 37079658 37079657 1 25408 25406 0 0
2025-12-08T01:17:49.593216 536098.171692736 vegas 50.455 0.050 706 1460 196.000000 534 36253298 36317537 0 24878 24833 44 0
2025-12-08T01:17:50.103832 536098.682249604 vegas 50.622 0.036 485 1460 134.000000 366 37079658 37079657 1 25408 25406 0 0
