wall_time monotonic algo rtt_ms rtt_var_ms cwnd mss pacing_mbps ssthresh bytes_acked bytes_sent bytes_received segs_out segs_in unacked retrans_total
2025-12-08T00:33:33.468107 533442.046961154 vegas 12.041 0.572 275 1460 320.000000 270 1080438 1144677 0 787 743 44 0
2025-12-08T00:33:33.989662 533442.568250835 vegas 10.464 0.102 281 1460 376.000000 270 3906998 3971237 0 2723 2679 44 0
2025-12-08T00:33:34.751620 533443.330603115 vegas 18.862 7.097 270 1460 253.000000 269 5604978 5669217 0 3886 3843 44 0
2025-12-08T00:33:35.846713 533444.425738607 vegas 11.036 0.187 290 1460 368.000000 261 8336638 8400877 0 5757 5714 44 0
2025-12-08T00:33:36.360609 533444.939128656 vegas 12.032 0.553 302 1460 352.000000 261 11388038 11450817 0 7846 7804 43 0
2025-12-08T00:33:36.892890 533445.471313206 vegas 10.398 0.076 327 1460 441.000000 261 14086118 14102177 0 9662 9676 11 0
2025-12-08T00:33:37.400325 533445.978982842 vegas 10.633 0.163 260 1460 343.000000 257 15054098 15118337 0 10359 10340 44 0
2025-12-08T00:33:37.937754 533446.516172338 vegas 10.716 0.185 289 1460 378.000000 257 17749258 17813497 0 12205 12187 44 0
2025-12-08T00:33:38.453234 533447.031680129 vegas 11.590 0.048 306 1460 370.000000 257 20188918 20251697 0 13875 13859 43 0
2025-12-08T00:33:38.969095 533447.547538619 vegas 11.708 0.286 292 1460 350.000000 257 22790638 22853417 0 15657 15757 43 0
2025-12-08T00:33:39.480887 533448.059315149 vegas 10.805 0.119 289 1460 375.000000 257 25258038 25258037 0 17304 17560 0 0
2025-12-08T00:33:39.989555 533448.568467088 vegas 10.820 0.179 302 1460 391.000000 257 27449498 27513737 0 18849 19088 44 0
2025-12-08T00:33:40.515632 533449.094053684 vegas 10.647 0.214 309 1460 407.000000 257 30022018 30068737 0 20599 21111 32 0
2025-12-08T00:33:41.029573 533449.608032657 vegas 10.402 0.078 330 1460 445.000000 257 32492338 32528837 0 22284 22921 25 0
2025-12-08T00:33:41.536720 533450.115271995 vegas 10.490 0.066 331 1460 442.000000 257 34949518 35013757 0 23986 24825 44 0
2025-12-08T00:33:42.050123 533450.628558327 vegas 10.680 0.040 329 1460 432.000000 257 37536638 37596497 0 25755 26673 41 0
2025-12-08T00:33:42.574664 533451.153226378 vegas 16.008 0.411 329 1460 288.000000 257 40104778 40166097 0 27515 28508 42 0
2025-12-08T00:33:43.105576 533451.684225915 vegas 15.948 0.346 333 1460 293.000000 257 42824758 42887537 0 29379 30401 43 0
2025-12-08T00:33:43.879961 533452.463317248 vegas 13.826 0.341 299 1460 303.000000 257 44994318 45058557 0 30866 31888 44 0
2025-12-08T00:33:44.762422 533453.341413747 vegas 57.958 0.446 263 1460 63.600000 257 47232498 47296737 0 32399 33421 44 0
2025-12-08T00:33:45.564941 533454.143581182 vegas 11.681 0.411 253 1460 320.000000 241 50123298 50158337 0 34359 35416 24 0
2025-12-08T00:33:46.092530 533454.670955548 vegas 10.529 0.105 280 1460 373.000000 241 52184818 52247597 0 35790 36905 43 0
2025-12-08T00:33:46.604036 533455.182453583 vegas 10.759 0.097 287 1460 374.000000 241 54568998 54633237 0 37424 38691 44 0
2025-12-08T00:33:47.111943 533455.690369347 vegas 11.064 0.813 304 1460 385.000000 241 56652418 56652417 0 38807 40200 0 0
2025-12-08T00:33:47.620596 533456.199096551 vegas 10.695 0.386 319 1460 418.000000 241 59065798 59115437 0 40494 42041 34 0
2025-12-08T00:33:48.131655 533456.710085690 vegas 10.941 0.186 333 1460 427.000000 250 61236818 61301057 0 41991 43662 44 0
2025-12-08T00:33:48.640425 533457.218847106 vegas 11.151 0.044 351 1460 441.000000 262 63410758 63463317 0 43472 45320 36 0
2025-12-08T00:33:49.148849 533457.727266784 vegas 11.109 0.174 363 1460 458.000000 273 65637258 65701497 0 45005 46968 44 0
2025-12-08T00:33:49.656298 533458.234717785 vegas 10.877 0.184 370 1460 477.000000 277 67862298 67926537 0 46529 48635 44 0
2025-12-08T00:33:50.167728 533458.746138507 vegas 11.921 0.112 370 1460 435.000000 280 70265458 70326777 0 48173 50335 42 0
2025-12-08T00:33:50.676456 533459.254891517 vegas 10.650 0.124 351 1460 462.000000 280 72875938 72922657 0 49951 52304 32 0
2025-12-08T00:33:51.191093 533459.769565193 vegas 10.316 0.065 373 1460 507.000000 280 75433858 75492257 0 51711 54281 40 0
2025-12-08T00:33:51.698382 533460.276799211 vegas 10.661 0.202 381 1460 501.000000 285 77746498 77810737 0 53299 56070 44 0
2025-12-08T00:33:52.208493 533460.786904774 vegas 10.529 0.048 400 1460 532.000000 300 80155498 80203677 0 54938 57864 33 0
2025-12-08T00:33:52.718016 533461.296509229 vegas 10.507 0.088 407 1460 543.000000 304 82444778 82482737 0 56499 59692 26 0
2025-12-08T00:33:53.234739 533461.813148194 vegas 10.402 0.059 417 1460 562.000000 312 84694638 84747197 0 58050 61510 36 0
2025-12-08T00:33:53.741376 533462.319808364 vegas 12.378 0.492 420 1460 476.000000 322 87255478 87302197 0 59800 63431 32 0
2025-12-08T00:33:54.257525 533462.835936765 vegas 12.023 1.154 400 1460 466.000000 322 89645498 89699517 0 61442 65127 37 0
2025-12-08T00:33:54.781298 533463.362686533 vegas 10.955 0.087 406 1460 519.000000 322 92232618 92293937 0 63219 67050 42 0
2025-12-08T00:33:55.305662 533463.884070332 vegas 12.820 0.409 419 1460 458.000000 322 94681038 94745277 0 64898 68828 44 0
2025-12-08T00:33:55.821648 533464.400058371 vegas 10.319 0.055 435 1460 591.000000 325 97088578 97152817 0 66547 70550 44 0
2025-12-08T00:33:56.333929 533464.912562929 vegas 13.802 0.409 448 1460 455.000000 336 99693218 99755997 0 68330 72409 43 0
2025-12-08T00:33:56.850450 533465.428860715 vegas 10.314 0.026 441 1460 599.000000 337 102309538 102363557 0 70116 74322 37 0
2025-12-08T00:33:57.358756 533465.937251313 vegas 11.571 0.524 445 1460 539.000000 337 104633858 104674737 0 71699 76057 28 0
2025-12-08T00:33:57.872585 533466.451011010 vegas 11.190 0.298 426 1460 534.000000 337 107158198 107222437 0 73444 78001 44 0
2025-12-08T00:33:58.383215 533466.961698174 vegas 10.912 0.050 424 1460 545.000000 337 109577418 109641657 0 75101 79786 44 0
2025-12-08T00:33:58.896828 533467.475350379 vegas 12.129 0.496 412 1460 476.000000 337 111990798 112053577 0 76753 81563 43 0
2025-12-08T00:33:59.410564 533467.988997797 vegas 11.235 0.182 409 1460 510.000000 337 114684498 114748737 0 78599 83415 44 0
2025-12-08T00:33:59.924280 533468.502712756 vegas 10.925 0.250 404 1460 518.000000 337 117264318 117328557 0 80366 85255 44 0
2025-12-08T00:34:00.442175 533469.020589725 vegas 10.974 0.145 414 1460 529.000000 337 119438258 119438257 0 81811 86764 0 0
2025-12-08T00:34:00.952956 533469.531489520 vegas 12.677 0.993 421 1460 465.000000 337 121968438 122006397 0 83570 88699 26 0
2025-12-08T00:34:01.470428 533470.048845718 vegas 10.452 0.036 425 1460 570.000000 337 124340938 124364297 0 85185 90386 16 0
2025-12-08T00:34:01.981459 533470.559876264 vegas 11.415 0.286 410 1460 503.000000 337 126922218 126968937 0 86969 92270 32 0
2025-12-08T00:34:02.496179 533471.074591419 vegas 11.153 0.107 392 1460 493.000000 337 129331218 129395457 0 88631 94042 44 0
2025-12-08T00:34:03.006794 533471.585202440 vegas 10.444 0.034 392 1460 526.000000 337 131655538 131719777 0 90223 95832 44 0
